                              1 ;--------------------------------------------------------
                              2 ; File Created by SDCC : free open source ANSI-C Compiler
                              3 ; Version 3.6.8 #9946 (Linux)
                              4 ;--------------------------------------------------------
                              5 	.module debug_background
                              6 	.optsdcc -mz80
                              7 	
                              8 ;--------------------------------------------------------
                              9 ; Public variables in this module
                             10 ;--------------------------------------------------------
                             11 	.globl _g_tilemap_debug_background
                             12 ;--------------------------------------------------------
                             13 ; special function registers
                             14 ;--------------------------------------------------------
                             15 ;--------------------------------------------------------
                             16 ; ram data
                             17 ;--------------------------------------------------------
                             18 	.area _DATA
                             19 ;--------------------------------------------------------
                             20 ; ram data
                             21 ;--------------------------------------------------------
                             22 	.area _INITIALIZED
                             23 ;--------------------------------------------------------
                             24 ; absolute external ram data
                             25 ;--------------------------------------------------------
                             26 	.area _DABS (ABS)
                             27 ;--------------------------------------------------------
                             28 ; global & static initialisations
                             29 ;--------------------------------------------------------
                             30 	.area _HOME
                             31 	.area _GSINIT
                             32 	.area _GSFINAL
                             33 	.area _GSINIT
                             34 ;--------------------------------------------------------
                             35 ; Home
                             36 ;--------------------------------------------------------
                             37 	.area _HOME
                             38 	.area _HOME
                             39 ;--------------------------------------------------------
                             40 ; code
                             41 ;--------------------------------------------------------
                             42 	.area _CODE
                             43 	.area _CODE
   0000                      44 _g_tilemap_debug_background:
   0000 60                   45 	.db #0x60	; 96
   0001 61                   46 	.db #0x61	; 97	'a'
   0002 60                   47 	.db #0x60	; 96
   0003 61                   48 	.db #0x61	; 97	'a'
   0004 60                   49 	.db #0x60	; 96
   0005 61                   50 	.db #0x61	; 97	'a'
   0006 60                   51 	.db #0x60	; 96
   0007 61                   52 	.db #0x61	; 97	'a'
   0008 60                   53 	.db #0x60	; 96
   0009 61                   54 	.db #0x61	; 97	'a'
   000A 60                   55 	.db #0x60	; 96
   000B 61                   56 	.db #0x61	; 97	'a'
   000C 60                   57 	.db #0x60	; 96
   000D 61                   58 	.db #0x61	; 97	'a'
   000E 60                   59 	.db #0x60	; 96
   000F 61                   60 	.db #0x61	; 97	'a'
   0010 60                   61 	.db #0x60	; 96
   0011 61                   62 	.db #0x61	; 97	'a'
   0012 60                   63 	.db #0x60	; 96
   0013 61                   64 	.db #0x61	; 97	'a'
   0014 60                   65 	.db #0x60	; 96
   0015 61                   66 	.db #0x61	; 97	'a'
   0016 60                   67 	.db #0x60	; 96
   0017 61                   68 	.db #0x61	; 97	'a'
   0018 60                   69 	.db #0x60	; 96
   0019 61                   70 	.db #0x61	; 97	'a'
   001A 60                   71 	.db #0x60	; 96
   001B 61                   72 	.db #0x61	; 97	'a'
   001C 60                   73 	.db #0x60	; 96
   001D 61                   74 	.db #0x61	; 97	'a'
   001E 74                   75 	.db #0x74	; 116	't'
   001F 75                   76 	.db #0x75	; 117	'u'
   0020 74                   77 	.db #0x74	; 116	't'
   0021 75                   78 	.db #0x75	; 117	'u'
   0022 74                   79 	.db #0x74	; 116	't'
   0023 75                   80 	.db #0x75	; 117	'u'
   0024 74                   81 	.db #0x74	; 116	't'
   0025 75                   82 	.db #0x75	; 117	'u'
   0026 74                   83 	.db #0x74	; 116	't'
   0027 75                   84 	.db #0x75	; 117	'u'
   0028 74                   85 	.db #0x74	; 116	't'
   0029 75                   86 	.db #0x75	; 117	'u'
   002A 74                   87 	.db #0x74	; 116	't'
   002B 75                   88 	.db #0x75	; 117	'u'
   002C 74                   89 	.db #0x74	; 116	't'
   002D 75                   90 	.db #0x75	; 117	'u'
   002E 74                   91 	.db #0x74	; 116	't'
   002F 75                   92 	.db #0x75	; 117	'u'
   0030 74                   93 	.db #0x74	; 116	't'
   0031 75                   94 	.db #0x75	; 117	'u'
   0032 74                   95 	.db #0x74	; 116	't'
   0033 75                   96 	.db #0x75	; 117	'u'
   0034 74                   97 	.db #0x74	; 116	't'
   0035 75                   98 	.db #0x75	; 117	'u'
   0036 74                   99 	.db #0x74	; 116	't'
   0037 75                  100 	.db #0x75	; 117	'u'
   0038 74                  101 	.db #0x74	; 116	't'
   0039 75                  102 	.db #0x75	; 117	'u'
   003A 74                  103 	.db #0x74	; 116	't'
   003B 75                  104 	.db #0x75	; 117	'u'
   003C 2F                  105 	.db #0x2f	; 47
   003D 30                  106 	.db #0x30	; 48	'0'
   003E 62                  107 	.db #0x62	; 98	'b'
   003F 63                  108 	.db #0x63	; 99	'c'
   0040 62                  109 	.db #0x62	; 98	'b'
   0041 63                  110 	.db #0x63	; 99	'c'
   0042 62                  111 	.db #0x62	; 98	'b'
   0043 63                  112 	.db #0x63	; 99	'c'
   0044 62                  113 	.db #0x62	; 98	'b'
   0045 63                  114 	.db #0x63	; 99	'c'
   0046 62                  115 	.db #0x62	; 98	'b'
   0047 63                  116 	.db #0x63	; 99	'c'
   0048 62                  117 	.db #0x62	; 98	'b'
   0049 63                  118 	.db #0x63	; 99	'c'
   004A 62                  119 	.db #0x62	; 98	'b'
   004B 63                  120 	.db #0x63	; 99	'c'
   004C 62                  121 	.db #0x62	; 98	'b'
   004D 63                  122 	.db #0x63	; 99	'c'
   004E 62                  123 	.db #0x62	; 98	'b'
   004F 63                  124 	.db #0x63	; 99	'c'
   0050 62                  125 	.db #0x62	; 98	'b'
   0051 63                  126 	.db #0x63	; 99	'c'
   0052 62                  127 	.db #0x62	; 98	'b'
   0053 63                  128 	.db #0x63	; 99	'c'
   0054 62                  129 	.db #0x62	; 98	'b'
   0055 63                  130 	.db #0x63	; 99	'c'
   0056 62                  131 	.db #0x62	; 98	'b'
   0057 63                  132 	.db #0x63	; 99	'c'
   0058 2F                  133 	.db #0x2f	; 47
   0059 30                  134 	.db #0x30	; 48	'0'
   005A 43                  135 	.db #0x43	; 67	'C'
   005B 44                  136 	.db #0x44	; 68	'D'
   005C 76                  137 	.db #0x76	; 118	'v'
   005D 77                  138 	.db #0x77	; 119	'w'
   005E 76                  139 	.db #0x76	; 118	'v'
   005F 77                  140 	.db #0x77	; 119	'w'
   0060 76                  141 	.db #0x76	; 118	'v'
   0061 77                  142 	.db #0x77	; 119	'w'
   0062 76                  143 	.db #0x76	; 118	'v'
   0063 77                  144 	.db #0x77	; 119	'w'
   0064 76                  145 	.db #0x76	; 118	'v'
   0065 77                  146 	.db #0x77	; 119	'w'
   0066 76                  147 	.db #0x76	; 118	'v'
   0067 77                  148 	.db #0x77	; 119	'w'
   0068 76                  149 	.db #0x76	; 118	'v'
   0069 77                  150 	.db #0x77	; 119	'w'
   006A 76                  151 	.db #0x76	; 118	'v'
   006B 77                  152 	.db #0x77	; 119	'w'
   006C 76                  153 	.db #0x76	; 118	'v'
   006D 77                  154 	.db #0x77	; 119	'w'
   006E 76                  155 	.db #0x76	; 118	'v'
   006F 77                  156 	.db #0x77	; 119	'w'
   0070 76                  157 	.db #0x76	; 118	'v'
   0071 77                  158 	.db #0x77	; 119	'w'
   0072 76                  159 	.db #0x76	; 118	'v'
   0073 77                  160 	.db #0x77	; 119	'w'
   0074 76                  161 	.db #0x76	; 118	'v'
   0075 77                  162 	.db #0x77	; 119	'w'
   0076 43                  163 	.db #0x43	; 67	'C'
   0077 44                  164 	.db #0x44	; 68	'D'
   0078 57                  165 	.db #0x57	; 87	'W'
   0079 58                  166 	.db #0x58	; 88	'X'
   007A 62                  167 	.db #0x62	; 98	'b'
   007B 63                  168 	.db #0x63	; 99	'c'
   007C 62                  169 	.db #0x62	; 98	'b'
   007D 63                  170 	.db #0x63	; 99	'c'
   007E 62                  171 	.db #0x62	; 98	'b'
   007F 63                  172 	.db #0x63	; 99	'c'
   0080 62                  173 	.db #0x62	; 98	'b'
   0081 63                  174 	.db #0x63	; 99	'c'
   0082 62                  175 	.db #0x62	; 98	'b'
   0083 63                  176 	.db #0x63	; 99	'c'
   0084 62                  177 	.db #0x62	; 98	'b'
   0085 63                  178 	.db #0x63	; 99	'c'
   0086 62                  179 	.db #0x62	; 98	'b'
   0087 63                  180 	.db #0x63	; 99	'c'
   0088 62                  181 	.db #0x62	; 98	'b'
   0089 63                  182 	.db #0x63	; 99	'c'
   008A 62                  183 	.db #0x62	; 98	'b'
   008B 63                  184 	.db #0x63	; 99	'c'
   008C 62                  185 	.db #0x62	; 98	'b'
   008D 63                  186 	.db #0x63	; 99	'c'
   008E 62                  187 	.db #0x62	; 98	'b'
   008F 63                  188 	.db #0x63	; 99	'c'
   0090 62                  189 	.db #0x62	; 98	'b'
   0091 63                  190 	.db #0x63	; 99	'c'
   0092 62                  191 	.db #0x62	; 98	'b'
   0093 63                  192 	.db #0x63	; 99	'c'
   0094 57                  193 	.db #0x57	; 87	'W'
   0095 58                  194 	.db #0x58	; 88	'X'
   0096 6B                  195 	.db #0x6b	; 107	'k'
   0097 6C                  196 	.db #0x6c	; 108	'l'
   0098 76                  197 	.db #0x76	; 118	'v'
   0099 77                  198 	.db #0x77	; 119	'w'
   009A 76                  199 	.db #0x76	; 118	'v'
   009B 77                  200 	.db #0x77	; 119	'w'
   009C 76                  201 	.db #0x76	; 118	'v'
   009D 77                  202 	.db #0x77	; 119	'w'
   009E 76                  203 	.db #0x76	; 118	'v'
   009F 77                  204 	.db #0x77	; 119	'w'
   00A0 76                  205 	.db #0x76	; 118	'v'
   00A1 77                  206 	.db #0x77	; 119	'w'
   00A2 76                  207 	.db #0x76	; 118	'v'
   00A3 77                  208 	.db #0x77	; 119	'w'
   00A4 76                  209 	.db #0x76	; 118	'v'
   00A5 77                  210 	.db #0x77	; 119	'w'
   00A6 76                  211 	.db #0x76	; 118	'v'
   00A7 77                  212 	.db #0x77	; 119	'w'
   00A8 76                  213 	.db #0x76	; 118	'v'
   00A9 77                  214 	.db #0x77	; 119	'w'
   00AA 76                  215 	.db #0x76	; 118	'v'
   00AB 77                  216 	.db #0x77	; 119	'w'
   00AC 76                  217 	.db #0x76	; 118	'v'
   00AD 77                  218 	.db #0x77	; 119	'w'
   00AE 76                  219 	.db #0x76	; 118	'v'
   00AF 77                  220 	.db #0x77	; 119	'w'
   00B0 76                  221 	.db #0x76	; 118	'v'
   00B1 77                  222 	.db #0x77	; 119	'w'
   00B2 6B                  223 	.db #0x6b	; 107	'k'
   00B3 6C                  224 	.db #0x6c	; 108	'l'
   00B4 2F                  225 	.db #0x2f	; 47
   00B5 30                  226 	.db #0x30	; 48	'0'
   00B6 62                  227 	.db #0x62	; 98	'b'
   00B7 63                  228 	.db #0x63	; 99	'c'
   00B8 62                  229 	.db #0x62	; 98	'b'
   00B9 63                  230 	.db #0x63	; 99	'c'
   00BA 62                  231 	.db #0x62	; 98	'b'
   00BB 63                  232 	.db #0x63	; 99	'c'
   00BC 62                  233 	.db #0x62	; 98	'b'
   00BD 63                  234 	.db #0x63	; 99	'c'
   00BE 62                  235 	.db #0x62	; 98	'b'
   00BF 63                  236 	.db #0x63	; 99	'c'
   00C0 62                  237 	.db #0x62	; 98	'b'
   00C1 63                  238 	.db #0x63	; 99	'c'
   00C2 62                  239 	.db #0x62	; 98	'b'
   00C3 63                  240 	.db #0x63	; 99	'c'
   00C4 62                  241 	.db #0x62	; 98	'b'
   00C5 63                  242 	.db #0x63	; 99	'c'
   00C6 62                  243 	.db #0x62	; 98	'b'
   00C7 63                  244 	.db #0x63	; 99	'c'
   00C8 62                  245 	.db #0x62	; 98	'b'
   00C9 63                  246 	.db #0x63	; 99	'c'
   00CA 62                  247 	.db #0x62	; 98	'b'
   00CB 63                  248 	.db #0x63	; 99	'c'
   00CC 62                  249 	.db #0x62	; 98	'b'
   00CD 63                  250 	.db #0x63	; 99	'c'
   00CE 62                  251 	.db #0x62	; 98	'b'
   00CF 63                  252 	.db #0x63	; 99	'c'
   00D0 2F                  253 	.db #0x2f	; 47
   00D1 30                  254 	.db #0x30	; 48	'0'
   00D2 43                  255 	.db #0x43	; 67	'C'
   00D3 44                  256 	.db #0x44	; 68	'D'
   00D4 76                  257 	.db #0x76	; 118	'v'
   00D5 77                  258 	.db #0x77	; 119	'w'
   00D6 76                  259 	.db #0x76	; 118	'v'
   00D7 77                  260 	.db #0x77	; 119	'w'
   00D8 76                  261 	.db #0x76	; 118	'v'
   00D9 77                  262 	.db #0x77	; 119	'w'
   00DA 76                  263 	.db #0x76	; 118	'v'
   00DB 77                  264 	.db #0x77	; 119	'w'
   00DC 76                  265 	.db #0x76	; 118	'v'
   00DD 77                  266 	.db #0x77	; 119	'w'
   00DE 76                  267 	.db #0x76	; 118	'v'
   00DF 77                  268 	.db #0x77	; 119	'w'
   00E0 76                  269 	.db #0x76	; 118	'v'
   00E1 77                  270 	.db #0x77	; 119	'w'
   00E2 76                  271 	.db #0x76	; 118	'v'
   00E3 77                  272 	.db #0x77	; 119	'w'
   00E4 76                  273 	.db #0x76	; 118	'v'
   00E5 77                  274 	.db #0x77	; 119	'w'
   00E6 76                  275 	.db #0x76	; 118	'v'
   00E7 77                  276 	.db #0x77	; 119	'w'
   00E8 76                  277 	.db #0x76	; 118	'v'
   00E9 77                  278 	.db #0x77	; 119	'w'
   00EA 76                  279 	.db #0x76	; 118	'v'
   00EB 77                  280 	.db #0x77	; 119	'w'
   00EC 76                  281 	.db #0x76	; 118	'v'
   00ED 77                  282 	.db #0x77	; 119	'w'
   00EE 43                  283 	.db #0x43	; 67	'C'
   00EF 44                  284 	.db #0x44	; 68	'D'
   00F0 57                  285 	.db #0x57	; 87	'W'
   00F1 58                  286 	.db #0x58	; 88	'X'
   00F2 62                  287 	.db #0x62	; 98	'b'
   00F3 63                  288 	.db #0x63	; 99	'c'
   00F4 62                  289 	.db #0x62	; 98	'b'
   00F5 63                  290 	.db #0x63	; 99	'c'
   00F6 62                  291 	.db #0x62	; 98	'b'
   00F7 63                  292 	.db #0x63	; 99	'c'
   00F8 62                  293 	.db #0x62	; 98	'b'
   00F9 63                  294 	.db #0x63	; 99	'c'
   00FA 62                  295 	.db #0x62	; 98	'b'
   00FB 63                  296 	.db #0x63	; 99	'c'
   00FC 62                  297 	.db #0x62	; 98	'b'
   00FD 63                  298 	.db #0x63	; 99	'c'
   00FE 62                  299 	.db #0x62	; 98	'b'
   00FF 63                  300 	.db #0x63	; 99	'c'
   0100 62                  301 	.db #0x62	; 98	'b'
   0101 63                  302 	.db #0x63	; 99	'c'
   0102 62                  303 	.db #0x62	; 98	'b'
   0103 63                  304 	.db #0x63	; 99	'c'
   0104 62                  305 	.db #0x62	; 98	'b'
   0105 63                  306 	.db #0x63	; 99	'c'
   0106 62                  307 	.db #0x62	; 98	'b'
   0107 63                  308 	.db #0x63	; 99	'c'
   0108 62                  309 	.db #0x62	; 98	'b'
   0109 63                  310 	.db #0x63	; 99	'c'
   010A 62                  311 	.db #0x62	; 98	'b'
   010B 63                  312 	.db #0x63	; 99	'c'
   010C 57                  313 	.db #0x57	; 87	'W'
   010D 58                  314 	.db #0x58	; 88	'X'
   010E 6B                  315 	.db #0x6b	; 107	'k'
   010F 6C                  316 	.db #0x6c	; 108	'l'
   0110 76                  317 	.db #0x76	; 118	'v'
   0111 77                  318 	.db #0x77	; 119	'w'
   0112 76                  319 	.db #0x76	; 118	'v'
   0113 77                  320 	.db #0x77	; 119	'w'
   0114 76                  321 	.db #0x76	; 118	'v'
   0115 77                  322 	.db #0x77	; 119	'w'
   0116 76                  323 	.db #0x76	; 118	'v'
   0117 77                  324 	.db #0x77	; 119	'w'
   0118 76                  325 	.db #0x76	; 118	'v'
   0119 77                  326 	.db #0x77	; 119	'w'
   011A 76                  327 	.db #0x76	; 118	'v'
   011B 77                  328 	.db #0x77	; 119	'w'
   011C 76                  329 	.db #0x76	; 118	'v'
   011D 77                  330 	.db #0x77	; 119	'w'
   011E 76                  331 	.db #0x76	; 118	'v'
   011F 77                  332 	.db #0x77	; 119	'w'
   0120 76                  333 	.db #0x76	; 118	'v'
   0121 77                  334 	.db #0x77	; 119	'w'
   0122 76                  335 	.db #0x76	; 118	'v'
   0123 77                  336 	.db #0x77	; 119	'w'
   0124 76                  337 	.db #0x76	; 118	'v'
   0125 77                  338 	.db #0x77	; 119	'w'
   0126 76                  339 	.db #0x76	; 118	'v'
   0127 77                  340 	.db #0x77	; 119	'w'
   0128 76                  341 	.db #0x76	; 118	'v'
   0129 77                  342 	.db #0x77	; 119	'w'
   012A 6B                  343 	.db #0x6b	; 107	'k'
   012B 6C                  344 	.db #0x6c	; 108	'l'
   012C 2F                  345 	.db #0x2f	; 47
   012D 30                  346 	.db #0x30	; 48	'0'
   012E 62                  347 	.db #0x62	; 98	'b'
   012F 63                  348 	.db #0x63	; 99	'c'
   0130 62                  349 	.db #0x62	; 98	'b'
   0131 63                  350 	.db #0x63	; 99	'c'
   0132 62                  351 	.db #0x62	; 98	'b'
   0133 63                  352 	.db #0x63	; 99	'c'
   0134 62                  353 	.db #0x62	; 98	'b'
   0135 63                  354 	.db #0x63	; 99	'c'
   0136 62                  355 	.db #0x62	; 98	'b'
   0137 63                  356 	.db #0x63	; 99	'c'
   0138 62                  357 	.db #0x62	; 98	'b'
   0139 63                  358 	.db #0x63	; 99	'c'
   013A 62                  359 	.db #0x62	; 98	'b'
   013B 63                  360 	.db #0x63	; 99	'c'
   013C 62                  361 	.db #0x62	; 98	'b'
   013D 63                  362 	.db #0x63	; 99	'c'
   013E 62                  363 	.db #0x62	; 98	'b'
   013F 63                  364 	.db #0x63	; 99	'c'
   0140 62                  365 	.db #0x62	; 98	'b'
   0141 63                  366 	.db #0x63	; 99	'c'
   0142 62                  367 	.db #0x62	; 98	'b'
   0143 63                  368 	.db #0x63	; 99	'c'
   0144 62                  369 	.db #0x62	; 98	'b'
   0145 63                  370 	.db #0x63	; 99	'c'
   0146 62                  371 	.db #0x62	; 98	'b'
   0147 63                  372 	.db #0x63	; 99	'c'
   0148 2F                  373 	.db #0x2f	; 47
   0149 30                  374 	.db #0x30	; 48	'0'
   014A 43                  375 	.db #0x43	; 67	'C'
   014B 44                  376 	.db #0x44	; 68	'D'
   014C 76                  377 	.db #0x76	; 118	'v'
   014D 77                  378 	.db #0x77	; 119	'w'
   014E 76                  379 	.db #0x76	; 118	'v'
   014F 77                  380 	.db #0x77	; 119	'w'
   0150 76                  381 	.db #0x76	; 118	'v'
   0151 77                  382 	.db #0x77	; 119	'w'
   0152 76                  383 	.db #0x76	; 118	'v'
   0153 77                  384 	.db #0x77	; 119	'w'
   0154 76                  385 	.db #0x76	; 118	'v'
   0155 77                  386 	.db #0x77	; 119	'w'
   0156 76                  387 	.db #0x76	; 118	'v'
   0157 77                  388 	.db #0x77	; 119	'w'
   0158 76                  389 	.db #0x76	; 118	'v'
   0159 77                  390 	.db #0x77	; 119	'w'
   015A 76                  391 	.db #0x76	; 118	'v'
   015B 77                  392 	.db #0x77	; 119	'w'
   015C 76                  393 	.db #0x76	; 118	'v'
   015D 77                  394 	.db #0x77	; 119	'w'
   015E 76                  395 	.db #0x76	; 118	'v'
   015F 77                  396 	.db #0x77	; 119	'w'
   0160 76                  397 	.db #0x76	; 118	'v'
   0161 77                  398 	.db #0x77	; 119	'w'
   0162 76                  399 	.db #0x76	; 118	'v'
   0163 77                  400 	.db #0x77	; 119	'w'
   0164 76                  401 	.db #0x76	; 118	'v'
   0165 77                  402 	.db #0x77	; 119	'w'
   0166 43                  403 	.db #0x43	; 67	'C'
   0167 44                  404 	.db #0x44	; 68	'D'
   0168 57                  405 	.db #0x57	; 87	'W'
   0169 58                  406 	.db #0x58	; 88	'X'
   016A 62                  407 	.db #0x62	; 98	'b'
   016B 63                  408 	.db #0x63	; 99	'c'
   016C 62                  409 	.db #0x62	; 98	'b'
   016D 63                  410 	.db #0x63	; 99	'c'
   016E 62                  411 	.db #0x62	; 98	'b'
   016F 63                  412 	.db #0x63	; 99	'c'
   0170 62                  413 	.db #0x62	; 98	'b'
   0171 63                  414 	.db #0x63	; 99	'c'
   0172 62                  415 	.db #0x62	; 98	'b'
   0173 63                  416 	.db #0x63	; 99	'c'
   0174 62                  417 	.db #0x62	; 98	'b'
   0175 63                  418 	.db #0x63	; 99	'c'
   0176 62                  419 	.db #0x62	; 98	'b'
   0177 63                  420 	.db #0x63	; 99	'c'
   0178 62                  421 	.db #0x62	; 98	'b'
   0179 63                  422 	.db #0x63	; 99	'c'
   017A 62                  423 	.db #0x62	; 98	'b'
   017B 63                  424 	.db #0x63	; 99	'c'
   017C 62                  425 	.db #0x62	; 98	'b'
   017D 63                  426 	.db #0x63	; 99	'c'
   017E 62                  427 	.db #0x62	; 98	'b'
   017F 63                  428 	.db #0x63	; 99	'c'
   0180 62                  429 	.db #0x62	; 98	'b'
   0181 63                  430 	.db #0x63	; 99	'c'
   0182 62                  431 	.db #0x62	; 98	'b'
   0183 63                  432 	.db #0x63	; 99	'c'
   0184 57                  433 	.db #0x57	; 87	'W'
   0185 58                  434 	.db #0x58	; 88	'X'
   0186 6B                  435 	.db #0x6b	; 107	'k'
   0187 6C                  436 	.db #0x6c	; 108	'l'
   0188 76                  437 	.db #0x76	; 118	'v'
   0189 77                  438 	.db #0x77	; 119	'w'
   018A 76                  439 	.db #0x76	; 118	'v'
   018B 77                  440 	.db #0x77	; 119	'w'
   018C 76                  441 	.db #0x76	; 118	'v'
   018D 77                  442 	.db #0x77	; 119	'w'
   018E 76                  443 	.db #0x76	; 118	'v'
   018F 77                  444 	.db #0x77	; 119	'w'
   0190 76                  445 	.db #0x76	; 118	'v'
   0191 77                  446 	.db #0x77	; 119	'w'
   0192 76                  447 	.db #0x76	; 118	'v'
   0193 77                  448 	.db #0x77	; 119	'w'
   0194 76                  449 	.db #0x76	; 118	'v'
   0195 77                  450 	.db #0x77	; 119	'w'
   0196 76                  451 	.db #0x76	; 118	'v'
   0197 77                  452 	.db #0x77	; 119	'w'
   0198 76                  453 	.db #0x76	; 118	'v'
   0199 77                  454 	.db #0x77	; 119	'w'
   019A 76                  455 	.db #0x76	; 118	'v'
   019B 77                  456 	.db #0x77	; 119	'w'
   019C 76                  457 	.db #0x76	; 118	'v'
   019D 77                  458 	.db #0x77	; 119	'w'
   019E 76                  459 	.db #0x76	; 118	'v'
   019F 77                  460 	.db #0x77	; 119	'w'
   01A0 76                  461 	.db #0x76	; 118	'v'
   01A1 77                  462 	.db #0x77	; 119	'w'
   01A2 6B                  463 	.db #0x6b	; 107	'k'
   01A3 6C                  464 	.db #0x6c	; 108	'l'
   01A4 2F                  465 	.db #0x2f	; 47
   01A5 30                  466 	.db #0x30	; 48	'0'
   01A6 62                  467 	.db #0x62	; 98	'b'
   01A7 63                  468 	.db #0x63	; 99	'c'
   01A8 62                  469 	.db #0x62	; 98	'b'
   01A9 63                  470 	.db #0x63	; 99	'c'
   01AA 62                  471 	.db #0x62	; 98	'b'
   01AB 63                  472 	.db #0x63	; 99	'c'
   01AC 62                  473 	.db #0x62	; 98	'b'
   01AD 63                  474 	.db #0x63	; 99	'c'
   01AE 62                  475 	.db #0x62	; 98	'b'
   01AF 63                  476 	.db #0x63	; 99	'c'
   01B0 62                  477 	.db #0x62	; 98	'b'
   01B1 63                  478 	.db #0x63	; 99	'c'
   01B2 62                  479 	.db #0x62	; 98	'b'
   01B3 63                  480 	.db #0x63	; 99	'c'
   01B4 62                  481 	.db #0x62	; 98	'b'
   01B5 63                  482 	.db #0x63	; 99	'c'
   01B6 62                  483 	.db #0x62	; 98	'b'
   01B7 63                  484 	.db #0x63	; 99	'c'
   01B8 62                  485 	.db #0x62	; 98	'b'
   01B9 63                  486 	.db #0x63	; 99	'c'
   01BA 62                  487 	.db #0x62	; 98	'b'
   01BB 63                  488 	.db #0x63	; 99	'c'
   01BC 62                  489 	.db #0x62	; 98	'b'
   01BD 63                  490 	.db #0x63	; 99	'c'
   01BE 62                  491 	.db #0x62	; 98	'b'
   01BF 63                  492 	.db #0x63	; 99	'c'
   01C0 2F                  493 	.db #0x2f	; 47
   01C1 30                  494 	.db #0x30	; 48	'0'
   01C2 43                  495 	.db #0x43	; 67	'C'
   01C3 44                  496 	.db #0x44	; 68	'D'
   01C4 76                  497 	.db #0x76	; 118	'v'
   01C5 77                  498 	.db #0x77	; 119	'w'
   01C6 76                  499 	.db #0x76	; 118	'v'
   01C7 77                  500 	.db #0x77	; 119	'w'
   01C8 76                  501 	.db #0x76	; 118	'v'
   01C9 77                  502 	.db #0x77	; 119	'w'
   01CA 76                  503 	.db #0x76	; 118	'v'
   01CB 77                  504 	.db #0x77	; 119	'w'
   01CC 76                  505 	.db #0x76	; 118	'v'
   01CD 77                  506 	.db #0x77	; 119	'w'
   01CE 76                  507 	.db #0x76	; 118	'v'
   01CF 77                  508 	.db #0x77	; 119	'w'
   01D0 76                  509 	.db #0x76	; 118	'v'
   01D1 77                  510 	.db #0x77	; 119	'w'
   01D2 76                  511 	.db #0x76	; 118	'v'
   01D3 77                  512 	.db #0x77	; 119	'w'
   01D4 76                  513 	.db #0x76	; 118	'v'
   01D5 77                  514 	.db #0x77	; 119	'w'
   01D6 76                  515 	.db #0x76	; 118	'v'
   01D7 77                  516 	.db #0x77	; 119	'w'
   01D8 76                  517 	.db #0x76	; 118	'v'
   01D9 77                  518 	.db #0x77	; 119	'w'
   01DA 76                  519 	.db #0x76	; 118	'v'
   01DB 77                  520 	.db #0x77	; 119	'w'
   01DC 76                  521 	.db #0x76	; 118	'v'
   01DD 77                  522 	.db #0x77	; 119	'w'
   01DE 43                  523 	.db #0x43	; 67	'C'
   01DF 44                  524 	.db #0x44	; 68	'D'
   01E0 57                  525 	.db #0x57	; 87	'W'
   01E1 58                  526 	.db #0x58	; 88	'X'
   01E2 62                  527 	.db #0x62	; 98	'b'
   01E3 63                  528 	.db #0x63	; 99	'c'
   01E4 62                  529 	.db #0x62	; 98	'b'
   01E5 63                  530 	.db #0x63	; 99	'c'
   01E6 62                  531 	.db #0x62	; 98	'b'
   01E7 63                  532 	.db #0x63	; 99	'c'
   01E8 62                  533 	.db #0x62	; 98	'b'
   01E9 63                  534 	.db #0x63	; 99	'c'
   01EA 62                  535 	.db #0x62	; 98	'b'
   01EB 63                  536 	.db #0x63	; 99	'c'
   01EC 62                  537 	.db #0x62	; 98	'b'
   01ED 63                  538 	.db #0x63	; 99	'c'
   01EE 62                  539 	.db #0x62	; 98	'b'
   01EF 63                  540 	.db #0x63	; 99	'c'
   01F0 62                  541 	.db #0x62	; 98	'b'
   01F1 63                  542 	.db #0x63	; 99	'c'
   01F2 62                  543 	.db #0x62	; 98	'b'
   01F3 63                  544 	.db #0x63	; 99	'c'
   01F4 62                  545 	.db #0x62	; 98	'b'
   01F5 63                  546 	.db #0x63	; 99	'c'
   01F6 62                  547 	.db #0x62	; 98	'b'
   01F7 63                  548 	.db #0x63	; 99	'c'
   01F8 62                  549 	.db #0x62	; 98	'b'
   01F9 63                  550 	.db #0x63	; 99	'c'
   01FA 62                  551 	.db #0x62	; 98	'b'
   01FB 63                  552 	.db #0x63	; 99	'c'
   01FC 57                  553 	.db #0x57	; 87	'W'
   01FD 58                  554 	.db #0x58	; 88	'X'
   01FE 6B                  555 	.db #0x6b	; 107	'k'
   01FF 6C                  556 	.db #0x6c	; 108	'l'
   0200 76                  557 	.db #0x76	; 118	'v'
   0201 77                  558 	.db #0x77	; 119	'w'
   0202 76                  559 	.db #0x76	; 118	'v'
   0203 77                  560 	.db #0x77	; 119	'w'
   0204 76                  561 	.db #0x76	; 118	'v'
   0205 77                  562 	.db #0x77	; 119	'w'
   0206 76                  563 	.db #0x76	; 118	'v'
   0207 77                  564 	.db #0x77	; 119	'w'
   0208 76                  565 	.db #0x76	; 118	'v'
   0209 77                  566 	.db #0x77	; 119	'w'
   020A 76                  567 	.db #0x76	; 118	'v'
   020B 77                  568 	.db #0x77	; 119	'w'
   020C 76                  569 	.db #0x76	; 118	'v'
   020D 77                  570 	.db #0x77	; 119	'w'
   020E 76                  571 	.db #0x76	; 118	'v'
   020F 77                  572 	.db #0x77	; 119	'w'
   0210 76                  573 	.db #0x76	; 118	'v'
   0211 77                  574 	.db #0x77	; 119	'w'
   0212 76                  575 	.db #0x76	; 118	'v'
   0213 77                  576 	.db #0x77	; 119	'w'
   0214 76                  577 	.db #0x76	; 118	'v'
   0215 77                  578 	.db #0x77	; 119	'w'
   0216 76                  579 	.db #0x76	; 118	'v'
   0217 77                  580 	.db #0x77	; 119	'w'
   0218 76                  581 	.db #0x76	; 118	'v'
   0219 77                  582 	.db #0x77	; 119	'w'
   021A 6B                  583 	.db #0x6b	; 107	'k'
   021B 6C                  584 	.db #0x6c	; 108	'l'
   021C 2F                  585 	.db #0x2f	; 47
   021D 30                  586 	.db #0x30	; 48	'0'
   021E 62                  587 	.db #0x62	; 98	'b'
   021F 63                  588 	.db #0x63	; 99	'c'
   0220 62                  589 	.db #0x62	; 98	'b'
   0221 63                  590 	.db #0x63	; 99	'c'
   0222 62                  591 	.db #0x62	; 98	'b'
   0223 63                  592 	.db #0x63	; 99	'c'
   0224 62                  593 	.db #0x62	; 98	'b'
   0225 63                  594 	.db #0x63	; 99	'c'
   0226 62                  595 	.db #0x62	; 98	'b'
   0227 63                  596 	.db #0x63	; 99	'c'
   0228 62                  597 	.db #0x62	; 98	'b'
   0229 63                  598 	.db #0x63	; 99	'c'
   022A 62                  599 	.db #0x62	; 98	'b'
   022B 63                  600 	.db #0x63	; 99	'c'
   022C 62                  601 	.db #0x62	; 98	'b'
   022D 63                  602 	.db #0x63	; 99	'c'
   022E 62                  603 	.db #0x62	; 98	'b'
   022F 63                  604 	.db #0x63	; 99	'c'
   0230 62                  605 	.db #0x62	; 98	'b'
   0231 63                  606 	.db #0x63	; 99	'c'
   0232 62                  607 	.db #0x62	; 98	'b'
   0233 63                  608 	.db #0x63	; 99	'c'
   0234 62                  609 	.db #0x62	; 98	'b'
   0235 63                  610 	.db #0x63	; 99	'c'
   0236 62                  611 	.db #0x62	; 98	'b'
   0237 63                  612 	.db #0x63	; 99	'c'
   0238 2F                  613 	.db #0x2f	; 47
   0239 30                  614 	.db #0x30	; 48	'0'
   023A 43                  615 	.db #0x43	; 67	'C'
   023B 44                  616 	.db #0x44	; 68	'D'
   023C 76                  617 	.db #0x76	; 118	'v'
   023D 77                  618 	.db #0x77	; 119	'w'
   023E 76                  619 	.db #0x76	; 118	'v'
   023F 77                  620 	.db #0x77	; 119	'w'
   0240 76                  621 	.db #0x76	; 118	'v'
   0241 77                  622 	.db #0x77	; 119	'w'
   0242 76                  623 	.db #0x76	; 118	'v'
   0243 77                  624 	.db #0x77	; 119	'w'
   0244 76                  625 	.db #0x76	; 118	'v'
   0245 77                  626 	.db #0x77	; 119	'w'
   0246 76                  627 	.db #0x76	; 118	'v'
   0247 77                  628 	.db #0x77	; 119	'w'
   0248 76                  629 	.db #0x76	; 118	'v'
   0249 77                  630 	.db #0x77	; 119	'w'
   024A 76                  631 	.db #0x76	; 118	'v'
   024B 77                  632 	.db #0x77	; 119	'w'
   024C 76                  633 	.db #0x76	; 118	'v'
   024D 77                  634 	.db #0x77	; 119	'w'
   024E 76                  635 	.db #0x76	; 118	'v'
   024F 77                  636 	.db #0x77	; 119	'w'
   0250 76                  637 	.db #0x76	; 118	'v'
   0251 77                  638 	.db #0x77	; 119	'w'
   0252 76                  639 	.db #0x76	; 118	'v'
   0253 77                  640 	.db #0x77	; 119	'w'
   0254 76                  641 	.db #0x76	; 118	'v'
   0255 77                  642 	.db #0x77	; 119	'w'
   0256 43                  643 	.db #0x43	; 67	'C'
   0257 44                  644 	.db #0x44	; 68	'D'
   0258 57                  645 	.db #0x57	; 87	'W'
   0259 58                  646 	.db #0x58	; 88	'X'
   025A 62                  647 	.db #0x62	; 98	'b'
   025B 63                  648 	.db #0x63	; 99	'c'
   025C 62                  649 	.db #0x62	; 98	'b'
   025D 63                  650 	.db #0x63	; 99	'c'
   025E 62                  651 	.db #0x62	; 98	'b'
   025F 63                  652 	.db #0x63	; 99	'c'
   0260 62                  653 	.db #0x62	; 98	'b'
   0261 63                  654 	.db #0x63	; 99	'c'
   0262 62                  655 	.db #0x62	; 98	'b'
   0263 63                  656 	.db #0x63	; 99	'c'
   0264 62                  657 	.db #0x62	; 98	'b'
   0265 63                  658 	.db #0x63	; 99	'c'
   0266 62                  659 	.db #0x62	; 98	'b'
   0267 63                  660 	.db #0x63	; 99	'c'
   0268 62                  661 	.db #0x62	; 98	'b'
   0269 63                  662 	.db #0x63	; 99	'c'
   026A 62                  663 	.db #0x62	; 98	'b'
   026B 63                  664 	.db #0x63	; 99	'c'
   026C 62                  665 	.db #0x62	; 98	'b'
   026D 63                  666 	.db #0x63	; 99	'c'
   026E 62                  667 	.db #0x62	; 98	'b'
   026F 63                  668 	.db #0x63	; 99	'c'
   0270 62                  669 	.db #0x62	; 98	'b'
   0271 63                  670 	.db #0x63	; 99	'c'
   0272 62                  671 	.db #0x62	; 98	'b'
   0273 63                  672 	.db #0x63	; 99	'c'
   0274 57                  673 	.db #0x57	; 87	'W'
   0275 58                  674 	.db #0x58	; 88	'X'
   0276 6B                  675 	.db #0x6b	; 107	'k'
   0277 6C                  676 	.db #0x6c	; 108	'l'
   0278 76                  677 	.db #0x76	; 118	'v'
   0279 77                  678 	.db #0x77	; 119	'w'
   027A 76                  679 	.db #0x76	; 118	'v'
   027B 77                  680 	.db #0x77	; 119	'w'
   027C 76                  681 	.db #0x76	; 118	'v'
   027D 77                  682 	.db #0x77	; 119	'w'
   027E 76                  683 	.db #0x76	; 118	'v'
   027F 77                  684 	.db #0x77	; 119	'w'
   0280 76                  685 	.db #0x76	; 118	'v'
   0281 77                  686 	.db #0x77	; 119	'w'
   0282 76                  687 	.db #0x76	; 118	'v'
   0283 77                  688 	.db #0x77	; 119	'w'
   0284 76                  689 	.db #0x76	; 118	'v'
   0285 77                  690 	.db #0x77	; 119	'w'
   0286 76                  691 	.db #0x76	; 118	'v'
   0287 77                  692 	.db #0x77	; 119	'w'
   0288 76                  693 	.db #0x76	; 118	'v'
   0289 77                  694 	.db #0x77	; 119	'w'
   028A 76                  695 	.db #0x76	; 118	'v'
   028B 77                  696 	.db #0x77	; 119	'w'
   028C 76                  697 	.db #0x76	; 118	'v'
   028D 77                  698 	.db #0x77	; 119	'w'
   028E 76                  699 	.db #0x76	; 118	'v'
   028F 77                  700 	.db #0x77	; 119	'w'
   0290 76                  701 	.db #0x76	; 118	'v'
   0291 77                  702 	.db #0x77	; 119	'w'
   0292 6B                  703 	.db #0x6b	; 107	'k'
   0293 6C                  704 	.db #0x6c	; 108	'l'
   0294 2F                  705 	.db #0x2f	; 47
   0295 30                  706 	.db #0x30	; 48	'0'
   0296 62                  707 	.db #0x62	; 98	'b'
   0297 63                  708 	.db #0x63	; 99	'c'
   0298 62                  709 	.db #0x62	; 98	'b'
   0299 63                  710 	.db #0x63	; 99	'c'
   029A 62                  711 	.db #0x62	; 98	'b'
   029B 63                  712 	.db #0x63	; 99	'c'
   029C 62                  713 	.db #0x62	; 98	'b'
   029D 63                  714 	.db #0x63	; 99	'c'
   029E 62                  715 	.db #0x62	; 98	'b'
   029F 63                  716 	.db #0x63	; 99	'c'
   02A0 62                  717 	.db #0x62	; 98	'b'
   02A1 63                  718 	.db #0x63	; 99	'c'
   02A2 62                  719 	.db #0x62	; 98	'b'
   02A3 63                  720 	.db #0x63	; 99	'c'
   02A4 62                  721 	.db #0x62	; 98	'b'
   02A5 63                  722 	.db #0x63	; 99	'c'
   02A6 62                  723 	.db #0x62	; 98	'b'
   02A7 63                  724 	.db #0x63	; 99	'c'
   02A8 62                  725 	.db #0x62	; 98	'b'
   02A9 63                  726 	.db #0x63	; 99	'c'
   02AA 62                  727 	.db #0x62	; 98	'b'
   02AB 63                  728 	.db #0x63	; 99	'c'
   02AC 62                  729 	.db #0x62	; 98	'b'
   02AD 63                  730 	.db #0x63	; 99	'c'
   02AE 62                  731 	.db #0x62	; 98	'b'
   02AF 63                  732 	.db #0x63	; 99	'c'
   02B0 2F                  733 	.db #0x2f	; 47
   02B1 30                  734 	.db #0x30	; 48	'0'
   02B2 43                  735 	.db #0x43	; 67	'C'
   02B3 44                  736 	.db #0x44	; 68	'D'
   02B4 76                  737 	.db #0x76	; 118	'v'
   02B5 77                  738 	.db #0x77	; 119	'w'
   02B6 76                  739 	.db #0x76	; 118	'v'
   02B7 77                  740 	.db #0x77	; 119	'w'
   02B8 76                  741 	.db #0x76	; 118	'v'
   02B9 77                  742 	.db #0x77	; 119	'w'
   02BA 76                  743 	.db #0x76	; 118	'v'
   02BB 77                  744 	.db #0x77	; 119	'w'
   02BC 76                  745 	.db #0x76	; 118	'v'
   02BD 77                  746 	.db #0x77	; 119	'w'
   02BE 76                  747 	.db #0x76	; 118	'v'
   02BF 77                  748 	.db #0x77	; 119	'w'
   02C0 76                  749 	.db #0x76	; 118	'v'
   02C1 77                  750 	.db #0x77	; 119	'w'
   02C2 76                  751 	.db #0x76	; 118	'v'
   02C3 77                  752 	.db #0x77	; 119	'w'
   02C4 76                  753 	.db #0x76	; 118	'v'
   02C5 77                  754 	.db #0x77	; 119	'w'
   02C6 76                  755 	.db #0x76	; 118	'v'
   02C7 77                  756 	.db #0x77	; 119	'w'
   02C8 76                  757 	.db #0x76	; 118	'v'
   02C9 77                  758 	.db #0x77	; 119	'w'
   02CA 76                  759 	.db #0x76	; 118	'v'
   02CB 77                  760 	.db #0x77	; 119	'w'
   02CC 76                  761 	.db #0x76	; 118	'v'
   02CD 77                  762 	.db #0x77	; 119	'w'
   02CE 43                  763 	.db #0x43	; 67	'C'
   02CF 44                  764 	.db #0x44	; 68	'D'
   02D0 57                  765 	.db #0x57	; 87	'W'
   02D1 58                  766 	.db #0x58	; 88	'X'
   02D2 62                  767 	.db #0x62	; 98	'b'
   02D3 63                  768 	.db #0x63	; 99	'c'
   02D4 62                  769 	.db #0x62	; 98	'b'
   02D5 63                  770 	.db #0x63	; 99	'c'
   02D6 62                  771 	.db #0x62	; 98	'b'
   02D7 63                  772 	.db #0x63	; 99	'c'
   02D8 62                  773 	.db #0x62	; 98	'b'
   02D9 63                  774 	.db #0x63	; 99	'c'
   02DA 62                  775 	.db #0x62	; 98	'b'
   02DB 63                  776 	.db #0x63	; 99	'c'
   02DC 62                  777 	.db #0x62	; 98	'b'
   02DD 63                  778 	.db #0x63	; 99	'c'
   02DE 62                  779 	.db #0x62	; 98	'b'
   02DF 63                  780 	.db #0x63	; 99	'c'
   02E0 62                  781 	.db #0x62	; 98	'b'
   02E1 63                  782 	.db #0x63	; 99	'c'
   02E2 62                  783 	.db #0x62	; 98	'b'
   02E3 63                  784 	.db #0x63	; 99	'c'
   02E4 62                  785 	.db #0x62	; 98	'b'
   02E5 63                  786 	.db #0x63	; 99	'c'
   02E6 62                  787 	.db #0x62	; 98	'b'
   02E7 63                  788 	.db #0x63	; 99	'c'
   02E8 62                  789 	.db #0x62	; 98	'b'
   02E9 63                  790 	.db #0x63	; 99	'c'
   02EA 62                  791 	.db #0x62	; 98	'b'
   02EB 63                  792 	.db #0x63	; 99	'c'
   02EC 57                  793 	.db #0x57	; 87	'W'
   02ED 58                  794 	.db #0x58	; 88	'X'
   02EE 6B                  795 	.db #0x6b	; 107	'k'
   02EF 6C                  796 	.db #0x6c	; 108	'l'
   02F0 76                  797 	.db #0x76	; 118	'v'
   02F1 77                  798 	.db #0x77	; 119	'w'
   02F2 76                  799 	.db #0x76	; 118	'v'
   02F3 77                  800 	.db #0x77	; 119	'w'
   02F4 76                  801 	.db #0x76	; 118	'v'
   02F5 77                  802 	.db #0x77	; 119	'w'
   02F6 76                  803 	.db #0x76	; 118	'v'
   02F7 77                  804 	.db #0x77	; 119	'w'
   02F8 76                  805 	.db #0x76	; 118	'v'
   02F9 77                  806 	.db #0x77	; 119	'w'
   02FA 76                  807 	.db #0x76	; 118	'v'
   02FB 77                  808 	.db #0x77	; 119	'w'
   02FC 76                  809 	.db #0x76	; 118	'v'
   02FD 77                  810 	.db #0x77	; 119	'w'
   02FE 76                  811 	.db #0x76	; 118	'v'
   02FF 77                  812 	.db #0x77	; 119	'w'
   0300 76                  813 	.db #0x76	; 118	'v'
   0301 77                  814 	.db #0x77	; 119	'w'
   0302 76                  815 	.db #0x76	; 118	'v'
   0303 77                  816 	.db #0x77	; 119	'w'
   0304 76                  817 	.db #0x76	; 118	'v'
   0305 77                  818 	.db #0x77	; 119	'w'
   0306 76                  819 	.db #0x76	; 118	'v'
   0307 77                  820 	.db #0x77	; 119	'w'
   0308 76                  821 	.db #0x76	; 118	'v'
   0309 77                  822 	.db #0x77	; 119	'w'
   030A 6B                  823 	.db #0x6b	; 107	'k'
   030B 6C                  824 	.db #0x6c	; 108	'l'
   030C 2F                  825 	.db #0x2f	; 47
   030D 30                  826 	.db #0x30	; 48	'0'
   030E 62                  827 	.db #0x62	; 98	'b'
   030F 63                  828 	.db #0x63	; 99	'c'
   0310 62                  829 	.db #0x62	; 98	'b'
   0311 63                  830 	.db #0x63	; 99	'c'
   0312 62                  831 	.db #0x62	; 98	'b'
   0313 63                  832 	.db #0x63	; 99	'c'
   0314 62                  833 	.db #0x62	; 98	'b'
   0315 63                  834 	.db #0x63	; 99	'c'
   0316 62                  835 	.db #0x62	; 98	'b'
   0317 63                  836 	.db #0x63	; 99	'c'
   0318 62                  837 	.db #0x62	; 98	'b'
   0319 63                  838 	.db #0x63	; 99	'c'
   031A 62                  839 	.db #0x62	; 98	'b'
   031B 63                  840 	.db #0x63	; 99	'c'
   031C 62                  841 	.db #0x62	; 98	'b'
   031D 63                  842 	.db #0x63	; 99	'c'
   031E 62                  843 	.db #0x62	; 98	'b'
   031F 63                  844 	.db #0x63	; 99	'c'
   0320 62                  845 	.db #0x62	; 98	'b'
   0321 63                  846 	.db #0x63	; 99	'c'
   0322 62                  847 	.db #0x62	; 98	'b'
   0323 63                  848 	.db #0x63	; 99	'c'
   0324 62                  849 	.db #0x62	; 98	'b'
   0325 63                  850 	.db #0x63	; 99	'c'
   0326 62                  851 	.db #0x62	; 98	'b'
   0327 63                  852 	.db #0x63	; 99	'c'
   0328 2F                  853 	.db #0x2f	; 47
   0329 30                  854 	.db #0x30	; 48	'0'
   032A 43                  855 	.db #0x43	; 67	'C'
   032B 44                  856 	.db #0x44	; 68	'D'
   032C 76                  857 	.db #0x76	; 118	'v'
   032D 77                  858 	.db #0x77	; 119	'w'
   032E 76                  859 	.db #0x76	; 118	'v'
   032F 77                  860 	.db #0x77	; 119	'w'
   0330 76                  861 	.db #0x76	; 118	'v'
   0331 77                  862 	.db #0x77	; 119	'w'
   0332 76                  863 	.db #0x76	; 118	'v'
   0333 77                  864 	.db #0x77	; 119	'w'
   0334 76                  865 	.db #0x76	; 118	'v'
   0335 77                  866 	.db #0x77	; 119	'w'
   0336 76                  867 	.db #0x76	; 118	'v'
   0337 77                  868 	.db #0x77	; 119	'w'
   0338 76                  869 	.db #0x76	; 118	'v'
   0339 77                  870 	.db #0x77	; 119	'w'
   033A 76                  871 	.db #0x76	; 118	'v'
   033B 77                  872 	.db #0x77	; 119	'w'
   033C 76                  873 	.db #0x76	; 118	'v'
   033D 77                  874 	.db #0x77	; 119	'w'
   033E 76                  875 	.db #0x76	; 118	'v'
   033F 77                  876 	.db #0x77	; 119	'w'
   0340 76                  877 	.db #0x76	; 118	'v'
   0341 77                  878 	.db #0x77	; 119	'w'
   0342 76                  879 	.db #0x76	; 118	'v'
   0343 77                  880 	.db #0x77	; 119	'w'
   0344 76                  881 	.db #0x76	; 118	'v'
   0345 77                  882 	.db #0x77	; 119	'w'
   0346 43                  883 	.db #0x43	; 67	'C'
   0347 44                  884 	.db #0x44	; 68	'D'
   0348 57                  885 	.db #0x57	; 87	'W'
   0349 58                  886 	.db #0x58	; 88	'X'
   034A 62                  887 	.db #0x62	; 98	'b'
   034B 63                  888 	.db #0x63	; 99	'c'
   034C 62                  889 	.db #0x62	; 98	'b'
   034D 63                  890 	.db #0x63	; 99	'c'
   034E 62                  891 	.db #0x62	; 98	'b'
   034F 63                  892 	.db #0x63	; 99	'c'
   0350 62                  893 	.db #0x62	; 98	'b'
   0351 63                  894 	.db #0x63	; 99	'c'
   0352 62                  895 	.db #0x62	; 98	'b'
   0353 63                  896 	.db #0x63	; 99	'c'
   0354 62                  897 	.db #0x62	; 98	'b'
   0355 63                  898 	.db #0x63	; 99	'c'
   0356 62                  899 	.db #0x62	; 98	'b'
   0357 63                  900 	.db #0x63	; 99	'c'
   0358 62                  901 	.db #0x62	; 98	'b'
   0359 63                  902 	.db #0x63	; 99	'c'
   035A 62                  903 	.db #0x62	; 98	'b'
   035B 63                  904 	.db #0x63	; 99	'c'
   035C 62                  905 	.db #0x62	; 98	'b'
   035D 63                  906 	.db #0x63	; 99	'c'
   035E 62                  907 	.db #0x62	; 98	'b'
   035F 63                  908 	.db #0x63	; 99	'c'
   0360 62                  909 	.db #0x62	; 98	'b'
   0361 63                  910 	.db #0x63	; 99	'c'
   0362 62                  911 	.db #0x62	; 98	'b'
   0363 63                  912 	.db #0x63	; 99	'c'
   0364 57                  913 	.db #0x57	; 87	'W'
   0365 58                  914 	.db #0x58	; 88	'X'
   0366 6B                  915 	.db #0x6b	; 107	'k'
   0367 6C                  916 	.db #0x6c	; 108	'l'
   0368 76                  917 	.db #0x76	; 118	'v'
   0369 77                  918 	.db #0x77	; 119	'w'
   036A 76                  919 	.db #0x76	; 118	'v'
   036B 77                  920 	.db #0x77	; 119	'w'
   036C 76                  921 	.db #0x76	; 118	'v'
   036D 77                  922 	.db #0x77	; 119	'w'
   036E 76                  923 	.db #0x76	; 118	'v'
   036F 77                  924 	.db #0x77	; 119	'w'
   0370 76                  925 	.db #0x76	; 118	'v'
   0371 77                  926 	.db #0x77	; 119	'w'
   0372 76                  927 	.db #0x76	; 118	'v'
   0373 77                  928 	.db #0x77	; 119	'w'
   0374 76                  929 	.db #0x76	; 118	'v'
   0375 77                  930 	.db #0x77	; 119	'w'
   0376 76                  931 	.db #0x76	; 118	'v'
   0377 77                  932 	.db #0x77	; 119	'w'
   0378 76                  933 	.db #0x76	; 118	'v'
   0379 77                  934 	.db #0x77	; 119	'w'
   037A 76                  935 	.db #0x76	; 118	'v'
   037B 77                  936 	.db #0x77	; 119	'w'
   037C 76                  937 	.db #0x76	; 118	'v'
   037D 77                  938 	.db #0x77	; 119	'w'
   037E 76                  939 	.db #0x76	; 118	'v'
   037F 77                  940 	.db #0x77	; 119	'w'
   0380 76                  941 	.db #0x76	; 118	'v'
   0381 77                  942 	.db #0x77	; 119	'w'
   0382 6B                  943 	.db #0x6b	; 107	'k'
   0383 6C                  944 	.db #0x6c	; 108	'l'
   0384 2F                  945 	.db #0x2f	; 47
   0385 30                  946 	.db #0x30	; 48	'0'
   0386 62                  947 	.db #0x62	; 98	'b'
   0387 63                  948 	.db #0x63	; 99	'c'
   0388 62                  949 	.db #0x62	; 98	'b'
   0389 63                  950 	.db #0x63	; 99	'c'
   038A 62                  951 	.db #0x62	; 98	'b'
   038B 63                  952 	.db #0x63	; 99	'c'
   038C 62                  953 	.db #0x62	; 98	'b'
   038D 63                  954 	.db #0x63	; 99	'c'
   038E 62                  955 	.db #0x62	; 98	'b'
   038F 63                  956 	.db #0x63	; 99	'c'
   0390 62                  957 	.db #0x62	; 98	'b'
   0391 63                  958 	.db #0x63	; 99	'c'
   0392 62                  959 	.db #0x62	; 98	'b'
   0393 63                  960 	.db #0x63	; 99	'c'
   0394 62                  961 	.db #0x62	; 98	'b'
   0395 63                  962 	.db #0x63	; 99	'c'
   0396 62                  963 	.db #0x62	; 98	'b'
   0397 63                  964 	.db #0x63	; 99	'c'
   0398 62                  965 	.db #0x62	; 98	'b'
   0399 63                  966 	.db #0x63	; 99	'c'
   039A 62                  967 	.db #0x62	; 98	'b'
   039B 63                  968 	.db #0x63	; 99	'c'
   039C 62                  969 	.db #0x62	; 98	'b'
   039D 63                  970 	.db #0x63	; 99	'c'
   039E 62                  971 	.db #0x62	; 98	'b'
   039F 63                  972 	.db #0x63	; 99	'c'
   03A0 2F                  973 	.db #0x2f	; 47
   03A1 30                  974 	.db #0x30	; 48	'0'
   03A2 43                  975 	.db #0x43	; 67	'C'
   03A3 44                  976 	.db #0x44	; 68	'D'
   03A4 76                  977 	.db #0x76	; 118	'v'
   03A5 77                  978 	.db #0x77	; 119	'w'
   03A6 76                  979 	.db #0x76	; 118	'v'
   03A7 77                  980 	.db #0x77	; 119	'w'
   03A8 76                  981 	.db #0x76	; 118	'v'
   03A9 77                  982 	.db #0x77	; 119	'w'
   03AA 76                  983 	.db #0x76	; 118	'v'
   03AB 77                  984 	.db #0x77	; 119	'w'
   03AC 76                  985 	.db #0x76	; 118	'v'
   03AD 77                  986 	.db #0x77	; 119	'w'
   03AE 76                  987 	.db #0x76	; 118	'v'
   03AF 77                  988 	.db #0x77	; 119	'w'
   03B0 76                  989 	.db #0x76	; 118	'v'
   03B1 77                  990 	.db #0x77	; 119	'w'
   03B2 76                  991 	.db #0x76	; 118	'v'
   03B3 77                  992 	.db #0x77	; 119	'w'
   03B4 76                  993 	.db #0x76	; 118	'v'
   03B5 77                  994 	.db #0x77	; 119	'w'
   03B6 76                  995 	.db #0x76	; 118	'v'
   03B7 77                  996 	.db #0x77	; 119	'w'
   03B8 76                  997 	.db #0x76	; 118	'v'
   03B9 77                  998 	.db #0x77	; 119	'w'
   03BA 76                  999 	.db #0x76	; 118	'v'
   03BB 77                 1000 	.db #0x77	; 119	'w'
   03BC 76                 1001 	.db #0x76	; 118	'v'
   03BD 77                 1002 	.db #0x77	; 119	'w'
   03BE 43                 1003 	.db #0x43	; 67	'C'
   03BF 44                 1004 	.db #0x44	; 68	'D'
   03C0 57                 1005 	.db #0x57	; 87	'W'
   03C1 58                 1006 	.db #0x58	; 88	'X'
   03C2 62                 1007 	.db #0x62	; 98	'b'
   03C3 63                 1008 	.db #0x63	; 99	'c'
   03C4 62                 1009 	.db #0x62	; 98	'b'
   03C5 63                 1010 	.db #0x63	; 99	'c'
   03C6 62                 1011 	.db #0x62	; 98	'b'
   03C7 63                 1012 	.db #0x63	; 99	'c'
   03C8 62                 1013 	.db #0x62	; 98	'b'
   03C9 63                 1014 	.db #0x63	; 99	'c'
   03CA 62                 1015 	.db #0x62	; 98	'b'
   03CB 63                 1016 	.db #0x63	; 99	'c'
   03CC 62                 1017 	.db #0x62	; 98	'b'
   03CD 63                 1018 	.db #0x63	; 99	'c'
   03CE 62                 1019 	.db #0x62	; 98	'b'
   03CF 63                 1020 	.db #0x63	; 99	'c'
   03D0 62                 1021 	.db #0x62	; 98	'b'
   03D1 63                 1022 	.db #0x63	; 99	'c'
   03D2 62                 1023 	.db #0x62	; 98	'b'
   03D3 63                 1024 	.db #0x63	; 99	'c'
   03D4 62                 1025 	.db #0x62	; 98	'b'
   03D5 63                 1026 	.db #0x63	; 99	'c'
   03D6 62                 1027 	.db #0x62	; 98	'b'
   03D7 63                 1028 	.db #0x63	; 99	'c'
   03D8 62                 1029 	.db #0x62	; 98	'b'
   03D9 63                 1030 	.db #0x63	; 99	'c'
   03DA 62                 1031 	.db #0x62	; 98	'b'
   03DB 63                 1032 	.db #0x63	; 99	'c'
   03DC 57                 1033 	.db #0x57	; 87	'W'
   03DD 58                 1034 	.db #0x58	; 88	'X'
   03DE 6B                 1035 	.db #0x6b	; 107	'k'
   03DF 6C                 1036 	.db #0x6c	; 108	'l'
   03E0 76                 1037 	.db #0x76	; 118	'v'
   03E1 77                 1038 	.db #0x77	; 119	'w'
   03E2 76                 1039 	.db #0x76	; 118	'v'
   03E3 77                 1040 	.db #0x77	; 119	'w'
   03E4 76                 1041 	.db #0x76	; 118	'v'
   03E5 77                 1042 	.db #0x77	; 119	'w'
   03E6 76                 1043 	.db #0x76	; 118	'v'
   03E7 77                 1044 	.db #0x77	; 119	'w'
   03E8 76                 1045 	.db #0x76	; 118	'v'
   03E9 77                 1046 	.db #0x77	; 119	'w'
   03EA 76                 1047 	.db #0x76	; 118	'v'
   03EB 77                 1048 	.db #0x77	; 119	'w'
   03EC 76                 1049 	.db #0x76	; 118	'v'
   03ED 77                 1050 	.db #0x77	; 119	'w'
   03EE 76                 1051 	.db #0x76	; 118	'v'
   03EF 77                 1052 	.db #0x77	; 119	'w'
   03F0 76                 1053 	.db #0x76	; 118	'v'
   03F1 77                 1054 	.db #0x77	; 119	'w'
   03F2 76                 1055 	.db #0x76	; 118	'v'
   03F3 77                 1056 	.db #0x77	; 119	'w'
   03F4 76                 1057 	.db #0x76	; 118	'v'
   03F5 77                 1058 	.db #0x77	; 119	'w'
   03F6 76                 1059 	.db #0x76	; 118	'v'
   03F7 77                 1060 	.db #0x77	; 119	'w'
   03F8 76                 1061 	.db #0x76	; 118	'v'
   03F9 77                 1062 	.db #0x77	; 119	'w'
   03FA 6B                 1063 	.db #0x6b	; 107	'k'
   03FB 6C                 1064 	.db #0x6c	; 108	'l'
   03FC 2F                 1065 	.db #0x2f	; 47
   03FD 30                 1066 	.db #0x30	; 48	'0'
   03FE 62                 1067 	.db #0x62	; 98	'b'
   03FF 63                 1068 	.db #0x63	; 99	'c'
   0400 62                 1069 	.db #0x62	; 98	'b'
   0401 63                 1070 	.db #0x63	; 99	'c'
   0402 62                 1071 	.db #0x62	; 98	'b'
   0403 63                 1072 	.db #0x63	; 99	'c'
   0404 62                 1073 	.db #0x62	; 98	'b'
   0405 63                 1074 	.db #0x63	; 99	'c'
   0406 62                 1075 	.db #0x62	; 98	'b'
   0407 63                 1076 	.db #0x63	; 99	'c'
   0408 62                 1077 	.db #0x62	; 98	'b'
   0409 63                 1078 	.db #0x63	; 99	'c'
   040A 62                 1079 	.db #0x62	; 98	'b'
   040B 63                 1080 	.db #0x63	; 99	'c'
   040C 62                 1081 	.db #0x62	; 98	'b'
   040D 63                 1082 	.db #0x63	; 99	'c'
   040E 62                 1083 	.db #0x62	; 98	'b'
   040F 63                 1084 	.db #0x63	; 99	'c'
   0410 62                 1085 	.db #0x62	; 98	'b'
   0411 63                 1086 	.db #0x63	; 99	'c'
   0412 62                 1087 	.db #0x62	; 98	'b'
   0413 63                 1088 	.db #0x63	; 99	'c'
   0414 62                 1089 	.db #0x62	; 98	'b'
   0415 63                 1090 	.db #0x63	; 99	'c'
   0416 62                 1091 	.db #0x62	; 98	'b'
   0417 63                 1092 	.db #0x63	; 99	'c'
   0418 2F                 1093 	.db #0x2f	; 47
   0419 30                 1094 	.db #0x30	; 48	'0'
   041A 43                 1095 	.db #0x43	; 67	'C'
   041B 44                 1096 	.db #0x44	; 68	'D'
   041C 76                 1097 	.db #0x76	; 118	'v'
   041D 77                 1098 	.db #0x77	; 119	'w'
   041E 76                 1099 	.db #0x76	; 118	'v'
   041F 77                 1100 	.db #0x77	; 119	'w'
   0420 76                 1101 	.db #0x76	; 118	'v'
   0421 77                 1102 	.db #0x77	; 119	'w'
   0422 76                 1103 	.db #0x76	; 118	'v'
   0423 77                 1104 	.db #0x77	; 119	'w'
   0424 76                 1105 	.db #0x76	; 118	'v'
   0425 77                 1106 	.db #0x77	; 119	'w'
   0426 76                 1107 	.db #0x76	; 118	'v'
   0427 77                 1108 	.db #0x77	; 119	'w'
   0428 76                 1109 	.db #0x76	; 118	'v'
   0429 77                 1110 	.db #0x77	; 119	'w'
   042A 76                 1111 	.db #0x76	; 118	'v'
   042B 77                 1112 	.db #0x77	; 119	'w'
   042C 76                 1113 	.db #0x76	; 118	'v'
   042D 77                 1114 	.db #0x77	; 119	'w'
   042E 76                 1115 	.db #0x76	; 118	'v'
   042F 77                 1116 	.db #0x77	; 119	'w'
   0430 76                 1117 	.db #0x76	; 118	'v'
   0431 77                 1118 	.db #0x77	; 119	'w'
   0432 76                 1119 	.db #0x76	; 118	'v'
   0433 77                 1120 	.db #0x77	; 119	'w'
   0434 76                 1121 	.db #0x76	; 118	'v'
   0435 77                 1122 	.db #0x77	; 119	'w'
   0436 43                 1123 	.db #0x43	; 67	'C'
   0437 44                 1124 	.db #0x44	; 68	'D'
   0438 57                 1125 	.db #0x57	; 87	'W'
   0439 58                 1126 	.db #0x58	; 88	'X'
   043A 62                 1127 	.db #0x62	; 98	'b'
   043B 63                 1128 	.db #0x63	; 99	'c'
   043C 62                 1129 	.db #0x62	; 98	'b'
   043D 63                 1130 	.db #0x63	; 99	'c'
   043E 62                 1131 	.db #0x62	; 98	'b'
   043F 63                 1132 	.db #0x63	; 99	'c'
   0440 62                 1133 	.db #0x62	; 98	'b'
   0441 63                 1134 	.db #0x63	; 99	'c'
   0442 62                 1135 	.db #0x62	; 98	'b'
   0443 63                 1136 	.db #0x63	; 99	'c'
   0444 62                 1137 	.db #0x62	; 98	'b'
   0445 63                 1138 	.db #0x63	; 99	'c'
   0446 62                 1139 	.db #0x62	; 98	'b'
   0447 63                 1140 	.db #0x63	; 99	'c'
   0448 62                 1141 	.db #0x62	; 98	'b'
   0449 63                 1142 	.db #0x63	; 99	'c'
   044A 62                 1143 	.db #0x62	; 98	'b'
   044B 63                 1144 	.db #0x63	; 99	'c'
   044C 62                 1145 	.db #0x62	; 98	'b'
   044D 63                 1146 	.db #0x63	; 99	'c'
   044E 62                 1147 	.db #0x62	; 98	'b'
   044F 63                 1148 	.db #0x63	; 99	'c'
   0450 62                 1149 	.db #0x62	; 98	'b'
   0451 63                 1150 	.db #0x63	; 99	'c'
   0452 62                 1151 	.db #0x62	; 98	'b'
   0453 63                 1152 	.db #0x63	; 99	'c'
   0454 57                 1153 	.db #0x57	; 87	'W'
   0455 58                 1154 	.db #0x58	; 88	'X'
   0456 6B                 1155 	.db #0x6b	; 107	'k'
   0457 6C                 1156 	.db #0x6c	; 108	'l'
   0458 76                 1157 	.db #0x76	; 118	'v'
   0459 77                 1158 	.db #0x77	; 119	'w'
   045A 76                 1159 	.db #0x76	; 118	'v'
   045B 77                 1160 	.db #0x77	; 119	'w'
   045C 76                 1161 	.db #0x76	; 118	'v'
   045D 77                 1162 	.db #0x77	; 119	'w'
   045E 76                 1163 	.db #0x76	; 118	'v'
   045F 77                 1164 	.db #0x77	; 119	'w'
   0460 76                 1165 	.db #0x76	; 118	'v'
   0461 77                 1166 	.db #0x77	; 119	'w'
   0462 76                 1167 	.db #0x76	; 118	'v'
   0463 77                 1168 	.db #0x77	; 119	'w'
   0464 76                 1169 	.db #0x76	; 118	'v'
   0465 77                 1170 	.db #0x77	; 119	'w'
   0466 76                 1171 	.db #0x76	; 118	'v'
   0467 77                 1172 	.db #0x77	; 119	'w'
   0468 76                 1173 	.db #0x76	; 118	'v'
   0469 77                 1174 	.db #0x77	; 119	'w'
   046A 76                 1175 	.db #0x76	; 118	'v'
   046B 77                 1176 	.db #0x77	; 119	'w'
   046C 76                 1177 	.db #0x76	; 118	'v'
   046D 77                 1178 	.db #0x77	; 119	'w'
   046E 76                 1179 	.db #0x76	; 118	'v'
   046F 77                 1180 	.db #0x77	; 119	'w'
   0470 76                 1181 	.db #0x76	; 118	'v'
   0471 77                 1182 	.db #0x77	; 119	'w'
   0472 6B                 1183 	.db #0x6b	; 107	'k'
   0473 6C                 1184 	.db #0x6c	; 108	'l'
   0474 2F                 1185 	.db #0x2f	; 47
   0475 30                 1186 	.db #0x30	; 48	'0'
   0476 62                 1187 	.db #0x62	; 98	'b'
   0477 63                 1188 	.db #0x63	; 99	'c'
   0478 62                 1189 	.db #0x62	; 98	'b'
   0479 63                 1190 	.db #0x63	; 99	'c'
   047A 62                 1191 	.db #0x62	; 98	'b'
   047B 63                 1192 	.db #0x63	; 99	'c'
   047C 62                 1193 	.db #0x62	; 98	'b'
   047D 63                 1194 	.db #0x63	; 99	'c'
   047E 62                 1195 	.db #0x62	; 98	'b'
   047F 63                 1196 	.db #0x63	; 99	'c'
   0480 62                 1197 	.db #0x62	; 98	'b'
   0481 63                 1198 	.db #0x63	; 99	'c'
   0482 62                 1199 	.db #0x62	; 98	'b'
   0483 63                 1200 	.db #0x63	; 99	'c'
   0484 62                 1201 	.db #0x62	; 98	'b'
   0485 63                 1202 	.db #0x63	; 99	'c'
   0486 62                 1203 	.db #0x62	; 98	'b'
   0487 63                 1204 	.db #0x63	; 99	'c'
   0488 62                 1205 	.db #0x62	; 98	'b'
   0489 63                 1206 	.db #0x63	; 99	'c'
   048A 62                 1207 	.db #0x62	; 98	'b'
   048B 63                 1208 	.db #0x63	; 99	'c'
   048C 62                 1209 	.db #0x62	; 98	'b'
   048D 63                 1210 	.db #0x63	; 99	'c'
   048E 62                 1211 	.db #0x62	; 98	'b'
   048F 63                 1212 	.db #0x63	; 99	'c'
   0490 2F                 1213 	.db #0x2f	; 47
   0491 30                 1214 	.db #0x30	; 48	'0'
   0492 43                 1215 	.db #0x43	; 67	'C'
   0493 44                 1216 	.db #0x44	; 68	'D'
   0494 76                 1217 	.db #0x76	; 118	'v'
   0495 77                 1218 	.db #0x77	; 119	'w'
   0496 76                 1219 	.db #0x76	; 118	'v'
   0497 77                 1220 	.db #0x77	; 119	'w'
   0498 76                 1221 	.db #0x76	; 118	'v'
   0499 77                 1222 	.db #0x77	; 119	'w'
   049A 76                 1223 	.db #0x76	; 118	'v'
   049B 77                 1224 	.db #0x77	; 119	'w'
   049C 76                 1225 	.db #0x76	; 118	'v'
   049D 77                 1226 	.db #0x77	; 119	'w'
   049E 76                 1227 	.db #0x76	; 118	'v'
   049F 77                 1228 	.db #0x77	; 119	'w'
   04A0 76                 1229 	.db #0x76	; 118	'v'
   04A1 77                 1230 	.db #0x77	; 119	'w'
   04A2 76                 1231 	.db #0x76	; 118	'v'
   04A3 77                 1232 	.db #0x77	; 119	'w'
   04A4 76                 1233 	.db #0x76	; 118	'v'
   04A5 77                 1234 	.db #0x77	; 119	'w'
   04A6 76                 1235 	.db #0x76	; 118	'v'
   04A7 77                 1236 	.db #0x77	; 119	'w'
   04A8 76                 1237 	.db #0x76	; 118	'v'
   04A9 77                 1238 	.db #0x77	; 119	'w'
   04AA 76                 1239 	.db #0x76	; 118	'v'
   04AB 77                 1240 	.db #0x77	; 119	'w'
   04AC 76                 1241 	.db #0x76	; 118	'v'
   04AD 77                 1242 	.db #0x77	; 119	'w'
   04AE 43                 1243 	.db #0x43	; 67	'C'
   04AF 44                 1244 	.db #0x44	; 68	'D'
   04B0 57                 1245 	.db #0x57	; 87	'W'
   04B1 58                 1246 	.db #0x58	; 88	'X'
   04B2 62                 1247 	.db #0x62	; 98	'b'
   04B3 63                 1248 	.db #0x63	; 99	'c'
   04B4 62                 1249 	.db #0x62	; 98	'b'
   04B5 63                 1250 	.db #0x63	; 99	'c'
   04B6 62                 1251 	.db #0x62	; 98	'b'
   04B7 63                 1252 	.db #0x63	; 99	'c'
   04B8 62                 1253 	.db #0x62	; 98	'b'
   04B9 63                 1254 	.db #0x63	; 99	'c'
   04BA 62                 1255 	.db #0x62	; 98	'b'
   04BB 63                 1256 	.db #0x63	; 99	'c'
   04BC 62                 1257 	.db #0x62	; 98	'b'
   04BD 63                 1258 	.db #0x63	; 99	'c'
   04BE 62                 1259 	.db #0x62	; 98	'b'
   04BF 63                 1260 	.db #0x63	; 99	'c'
   04C0 62                 1261 	.db #0x62	; 98	'b'
   04C1 63                 1262 	.db #0x63	; 99	'c'
   04C2 62                 1263 	.db #0x62	; 98	'b'
   04C3 63                 1264 	.db #0x63	; 99	'c'
   04C4 62                 1265 	.db #0x62	; 98	'b'
   04C5 63                 1266 	.db #0x63	; 99	'c'
   04C6 62                 1267 	.db #0x62	; 98	'b'
   04C7 63                 1268 	.db #0x63	; 99	'c'
   04C8 62                 1269 	.db #0x62	; 98	'b'
   04C9 63                 1270 	.db #0x63	; 99	'c'
   04CA 62                 1271 	.db #0x62	; 98	'b'
   04CB 63                 1272 	.db #0x63	; 99	'c'
   04CC 57                 1273 	.db #0x57	; 87	'W'
   04CD 58                 1274 	.db #0x58	; 88	'X'
   04CE 6B                 1275 	.db #0x6b	; 107	'k'
   04CF 6C                 1276 	.db #0x6c	; 108	'l'
   04D0 76                 1277 	.db #0x76	; 118	'v'
   04D1 77                 1278 	.db #0x77	; 119	'w'
   04D2 76                 1279 	.db #0x76	; 118	'v'
   04D3 77                 1280 	.db #0x77	; 119	'w'
   04D4 76                 1281 	.db #0x76	; 118	'v'
   04D5 77                 1282 	.db #0x77	; 119	'w'
   04D6 76                 1283 	.db #0x76	; 118	'v'
   04D7 77                 1284 	.db #0x77	; 119	'w'
   04D8 76                 1285 	.db #0x76	; 118	'v'
   04D9 77                 1286 	.db #0x77	; 119	'w'
   04DA 76                 1287 	.db #0x76	; 118	'v'
   04DB 77                 1288 	.db #0x77	; 119	'w'
   04DC 76                 1289 	.db #0x76	; 118	'v'
   04DD 77                 1290 	.db #0x77	; 119	'w'
   04DE 76                 1291 	.db #0x76	; 118	'v'
   04DF 77                 1292 	.db #0x77	; 119	'w'
   04E0 76                 1293 	.db #0x76	; 118	'v'
   04E1 77                 1294 	.db #0x77	; 119	'w'
   04E2 76                 1295 	.db #0x76	; 118	'v'
   04E3 77                 1296 	.db #0x77	; 119	'w'
   04E4 76                 1297 	.db #0x76	; 118	'v'
   04E5 77                 1298 	.db #0x77	; 119	'w'
   04E6 76                 1299 	.db #0x76	; 118	'v'
   04E7 77                 1300 	.db #0x77	; 119	'w'
   04E8 76                 1301 	.db #0x76	; 118	'v'
   04E9 77                 1302 	.db #0x77	; 119	'w'
   04EA 6B                 1303 	.db #0x6b	; 107	'k'
   04EB 6C                 1304 	.db #0x6c	; 108	'l'
   04EC 2F                 1305 	.db #0x2f	; 47
   04ED 30                 1306 	.db #0x30	; 48	'0'
   04EE 62                 1307 	.db #0x62	; 98	'b'
   04EF 63                 1308 	.db #0x63	; 99	'c'
   04F0 62                 1309 	.db #0x62	; 98	'b'
   04F1 63                 1310 	.db #0x63	; 99	'c'
   04F2 62                 1311 	.db #0x62	; 98	'b'
   04F3 63                 1312 	.db #0x63	; 99	'c'
   04F4 62                 1313 	.db #0x62	; 98	'b'
   04F5 63                 1314 	.db #0x63	; 99	'c'
   04F6 62                 1315 	.db #0x62	; 98	'b'
   04F7 63                 1316 	.db #0x63	; 99	'c'
   04F8 62                 1317 	.db #0x62	; 98	'b'
   04F9 63                 1318 	.db #0x63	; 99	'c'
   04FA 62                 1319 	.db #0x62	; 98	'b'
   04FB 63                 1320 	.db #0x63	; 99	'c'
   04FC 62                 1321 	.db #0x62	; 98	'b'
   04FD 63                 1322 	.db #0x63	; 99	'c'
   04FE 62                 1323 	.db #0x62	; 98	'b'
   04FF 63                 1324 	.db #0x63	; 99	'c'
   0500 62                 1325 	.db #0x62	; 98	'b'
   0501 63                 1326 	.db #0x63	; 99	'c'
   0502 62                 1327 	.db #0x62	; 98	'b'
   0503 63                 1328 	.db #0x63	; 99	'c'
   0504 62                 1329 	.db #0x62	; 98	'b'
   0505 63                 1330 	.db #0x63	; 99	'c'
   0506 62                 1331 	.db #0x62	; 98	'b'
   0507 63                 1332 	.db #0x63	; 99	'c'
   0508 2F                 1333 	.db #0x2f	; 47
   0509 30                 1334 	.db #0x30	; 48	'0'
   050A 43                 1335 	.db #0x43	; 67	'C'
   050B 44                 1336 	.db #0x44	; 68	'D'
   050C 76                 1337 	.db #0x76	; 118	'v'
   050D 77                 1338 	.db #0x77	; 119	'w'
   050E 76                 1339 	.db #0x76	; 118	'v'
   050F 77                 1340 	.db #0x77	; 119	'w'
   0510 76                 1341 	.db #0x76	; 118	'v'
   0511 77                 1342 	.db #0x77	; 119	'w'
   0512 76                 1343 	.db #0x76	; 118	'v'
   0513 77                 1344 	.db #0x77	; 119	'w'
   0514 76                 1345 	.db #0x76	; 118	'v'
   0515 77                 1346 	.db #0x77	; 119	'w'
   0516 76                 1347 	.db #0x76	; 118	'v'
   0517 77                 1348 	.db #0x77	; 119	'w'
   0518 76                 1349 	.db #0x76	; 118	'v'
   0519 77                 1350 	.db #0x77	; 119	'w'
   051A 76                 1351 	.db #0x76	; 118	'v'
   051B 77                 1352 	.db #0x77	; 119	'w'
   051C 76                 1353 	.db #0x76	; 118	'v'
   051D 77                 1354 	.db #0x77	; 119	'w'
   051E 76                 1355 	.db #0x76	; 118	'v'
   051F 77                 1356 	.db #0x77	; 119	'w'
   0520 76                 1357 	.db #0x76	; 118	'v'
   0521 77                 1358 	.db #0x77	; 119	'w'
   0522 76                 1359 	.db #0x76	; 118	'v'
   0523 77                 1360 	.db #0x77	; 119	'w'
   0524 76                 1361 	.db #0x76	; 118	'v'
   0525 77                 1362 	.db #0x77	; 119	'w'
   0526 43                 1363 	.db #0x43	; 67	'C'
   0527 44                 1364 	.db #0x44	; 68	'D'
   0528 57                 1365 	.db #0x57	; 87	'W'
   0529 58                 1366 	.db #0x58	; 88	'X'
   052A 62                 1367 	.db #0x62	; 98	'b'
   052B 63                 1368 	.db #0x63	; 99	'c'
   052C 62                 1369 	.db #0x62	; 98	'b'
   052D 63                 1370 	.db #0x63	; 99	'c'
   052E 62                 1371 	.db #0x62	; 98	'b'
   052F 63                 1372 	.db #0x63	; 99	'c'
   0530 62                 1373 	.db #0x62	; 98	'b'
   0531 63                 1374 	.db #0x63	; 99	'c'
   0532 62                 1375 	.db #0x62	; 98	'b'
   0533 63                 1376 	.db #0x63	; 99	'c'
   0534 62                 1377 	.db #0x62	; 98	'b'
   0535 63                 1378 	.db #0x63	; 99	'c'
   0536 62                 1379 	.db #0x62	; 98	'b'
   0537 63                 1380 	.db #0x63	; 99	'c'
   0538 62                 1381 	.db #0x62	; 98	'b'
   0539 63                 1382 	.db #0x63	; 99	'c'
   053A 62                 1383 	.db #0x62	; 98	'b'
   053B 63                 1384 	.db #0x63	; 99	'c'
   053C 62                 1385 	.db #0x62	; 98	'b'
   053D 63                 1386 	.db #0x63	; 99	'c'
   053E 62                 1387 	.db #0x62	; 98	'b'
   053F 63                 1388 	.db #0x63	; 99	'c'
   0540 62                 1389 	.db #0x62	; 98	'b'
   0541 63                 1390 	.db #0x63	; 99	'c'
   0542 62                 1391 	.db #0x62	; 98	'b'
   0543 63                 1392 	.db #0x63	; 99	'c'
   0544 57                 1393 	.db #0x57	; 87	'W'
   0545 58                 1394 	.db #0x58	; 88	'X'
   0546 6B                 1395 	.db #0x6b	; 107	'k'
   0547 6C                 1396 	.db #0x6c	; 108	'l'
   0548 76                 1397 	.db #0x76	; 118	'v'
   0549 77                 1398 	.db #0x77	; 119	'w'
   054A 76                 1399 	.db #0x76	; 118	'v'
   054B 77                 1400 	.db #0x77	; 119	'w'
   054C 76                 1401 	.db #0x76	; 118	'v'
   054D 77                 1402 	.db #0x77	; 119	'w'
   054E 76                 1403 	.db #0x76	; 118	'v'
   054F 77                 1404 	.db #0x77	; 119	'w'
   0550 76                 1405 	.db #0x76	; 118	'v'
   0551 77                 1406 	.db #0x77	; 119	'w'
   0552 76                 1407 	.db #0x76	; 118	'v'
   0553 77                 1408 	.db #0x77	; 119	'w'
   0554 76                 1409 	.db #0x76	; 118	'v'
   0555 77                 1410 	.db #0x77	; 119	'w'
   0556 76                 1411 	.db #0x76	; 118	'v'
   0557 77                 1412 	.db #0x77	; 119	'w'
   0558 76                 1413 	.db #0x76	; 118	'v'
   0559 77                 1414 	.db #0x77	; 119	'w'
   055A 76                 1415 	.db #0x76	; 118	'v'
   055B 77                 1416 	.db #0x77	; 119	'w'
   055C 76                 1417 	.db #0x76	; 118	'v'
   055D 77                 1418 	.db #0x77	; 119	'w'
   055E 76                 1419 	.db #0x76	; 118	'v'
   055F 77                 1420 	.db #0x77	; 119	'w'
   0560 76                 1421 	.db #0x76	; 118	'v'
   0561 77                 1422 	.db #0x77	; 119	'w'
   0562 6B                 1423 	.db #0x6b	; 107	'k'
   0563 6C                 1424 	.db #0x6c	; 108	'l'
   0564 2F                 1425 	.db #0x2f	; 47
   0565 30                 1426 	.db #0x30	; 48	'0'
   0566 62                 1427 	.db #0x62	; 98	'b'
   0567 63                 1428 	.db #0x63	; 99	'c'
   0568 62                 1429 	.db #0x62	; 98	'b'
   0569 63                 1430 	.db #0x63	; 99	'c'
   056A 62                 1431 	.db #0x62	; 98	'b'
   056B 63                 1432 	.db #0x63	; 99	'c'
   056C 62                 1433 	.db #0x62	; 98	'b'
   056D 63                 1434 	.db #0x63	; 99	'c'
   056E 62                 1435 	.db #0x62	; 98	'b'
   056F 63                 1436 	.db #0x63	; 99	'c'
   0570 62                 1437 	.db #0x62	; 98	'b'
   0571 63                 1438 	.db #0x63	; 99	'c'
   0572 62                 1439 	.db #0x62	; 98	'b'
   0573 63                 1440 	.db #0x63	; 99	'c'
   0574 62                 1441 	.db #0x62	; 98	'b'
   0575 63                 1442 	.db #0x63	; 99	'c'
   0576 62                 1443 	.db #0x62	; 98	'b'
   0577 63                 1444 	.db #0x63	; 99	'c'
   0578 62                 1445 	.db #0x62	; 98	'b'
   0579 63                 1446 	.db #0x63	; 99	'c'
   057A 62                 1447 	.db #0x62	; 98	'b'
   057B 63                 1448 	.db #0x63	; 99	'c'
   057C 62                 1449 	.db #0x62	; 98	'b'
   057D 63                 1450 	.db #0x63	; 99	'c'
   057E 62                 1451 	.db #0x62	; 98	'b'
   057F 63                 1452 	.db #0x63	; 99	'c'
   0580 2F                 1453 	.db #0x2f	; 47
   0581 30                 1454 	.db #0x30	; 48	'0'
   0582 43                 1455 	.db #0x43	; 67	'C'
   0583 44                 1456 	.db #0x44	; 68	'D'
   0584 76                 1457 	.db #0x76	; 118	'v'
   0585 77                 1458 	.db #0x77	; 119	'w'
   0586 76                 1459 	.db #0x76	; 118	'v'
   0587 77                 1460 	.db #0x77	; 119	'w'
   0588 76                 1461 	.db #0x76	; 118	'v'
   0589 77                 1462 	.db #0x77	; 119	'w'
   058A 76                 1463 	.db #0x76	; 118	'v'
   058B 77                 1464 	.db #0x77	; 119	'w'
   058C 76                 1465 	.db #0x76	; 118	'v'
   058D 77                 1466 	.db #0x77	; 119	'w'
   058E 76                 1467 	.db #0x76	; 118	'v'
   058F 77                 1468 	.db #0x77	; 119	'w'
   0590 76                 1469 	.db #0x76	; 118	'v'
   0591 77                 1470 	.db #0x77	; 119	'w'
   0592 76                 1471 	.db #0x76	; 118	'v'
   0593 77                 1472 	.db #0x77	; 119	'w'
   0594 76                 1473 	.db #0x76	; 118	'v'
   0595 77                 1474 	.db #0x77	; 119	'w'
   0596 76                 1475 	.db #0x76	; 118	'v'
   0597 77                 1476 	.db #0x77	; 119	'w'
   0598 76                 1477 	.db #0x76	; 118	'v'
   0599 77                 1478 	.db #0x77	; 119	'w'
   059A 76                 1479 	.db #0x76	; 118	'v'
   059B 77                 1480 	.db #0x77	; 119	'w'
   059C 76                 1481 	.db #0x76	; 118	'v'
   059D 77                 1482 	.db #0x77	; 119	'w'
   059E 43                 1483 	.db #0x43	; 67	'C'
   059F 44                 1484 	.db #0x44	; 68	'D'
   05A0 57                 1485 	.db #0x57	; 87	'W'
   05A1 58                 1486 	.db #0x58	; 88	'X'
   05A2 62                 1487 	.db #0x62	; 98	'b'
   05A3 63                 1488 	.db #0x63	; 99	'c'
   05A4 62                 1489 	.db #0x62	; 98	'b'
   05A5 63                 1490 	.db #0x63	; 99	'c'
   05A6 62                 1491 	.db #0x62	; 98	'b'
   05A7 63                 1492 	.db #0x63	; 99	'c'
   05A8 62                 1493 	.db #0x62	; 98	'b'
   05A9 63                 1494 	.db #0x63	; 99	'c'
   05AA 62                 1495 	.db #0x62	; 98	'b'
   05AB 63                 1496 	.db #0x63	; 99	'c'
   05AC 62                 1497 	.db #0x62	; 98	'b'
   05AD 63                 1498 	.db #0x63	; 99	'c'
   05AE 62                 1499 	.db #0x62	; 98	'b'
   05AF 63                 1500 	.db #0x63	; 99	'c'
   05B0 62                 1501 	.db #0x62	; 98	'b'
   05B1 63                 1502 	.db #0x63	; 99	'c'
   05B2 62                 1503 	.db #0x62	; 98	'b'
   05B3 63                 1504 	.db #0x63	; 99	'c'
   05B4 62                 1505 	.db #0x62	; 98	'b'
   05B5 63                 1506 	.db #0x63	; 99	'c'
   05B6 62                 1507 	.db #0x62	; 98	'b'
   05B7 63                 1508 	.db #0x63	; 99	'c'
   05B8 62                 1509 	.db #0x62	; 98	'b'
   05B9 63                 1510 	.db #0x63	; 99	'c'
   05BA 62                 1511 	.db #0x62	; 98	'b'
   05BB 63                 1512 	.db #0x63	; 99	'c'
   05BC 57                 1513 	.db #0x57	; 87	'W'
   05BD 58                 1514 	.db #0x58	; 88	'X'
   05BE 6B                 1515 	.db #0x6b	; 107	'k'
   05BF 6C                 1516 	.db #0x6c	; 108	'l'
   05C0 76                 1517 	.db #0x76	; 118	'v'
   05C1 77                 1518 	.db #0x77	; 119	'w'
   05C2 76                 1519 	.db #0x76	; 118	'v'
   05C3 77                 1520 	.db #0x77	; 119	'w'
   05C4 76                 1521 	.db #0x76	; 118	'v'
   05C5 77                 1522 	.db #0x77	; 119	'w'
   05C6 76                 1523 	.db #0x76	; 118	'v'
   05C7 77                 1524 	.db #0x77	; 119	'w'
   05C8 76                 1525 	.db #0x76	; 118	'v'
   05C9 77                 1526 	.db #0x77	; 119	'w'
   05CA 76                 1527 	.db #0x76	; 118	'v'
   05CB 77                 1528 	.db #0x77	; 119	'w'
   05CC 76                 1529 	.db #0x76	; 118	'v'
   05CD 77                 1530 	.db #0x77	; 119	'w'
   05CE 76                 1531 	.db #0x76	; 118	'v'
   05CF 77                 1532 	.db #0x77	; 119	'w'
   05D0 76                 1533 	.db #0x76	; 118	'v'
   05D1 77                 1534 	.db #0x77	; 119	'w'
   05D2 76                 1535 	.db #0x76	; 118	'v'
   05D3 77                 1536 	.db #0x77	; 119	'w'
   05D4 76                 1537 	.db #0x76	; 118	'v'
   05D5 77                 1538 	.db #0x77	; 119	'w'
   05D6 76                 1539 	.db #0x76	; 118	'v'
   05D7 77                 1540 	.db #0x77	; 119	'w'
   05D8 76                 1541 	.db #0x76	; 118	'v'
   05D9 77                 1542 	.db #0x77	; 119	'w'
   05DA 6B                 1543 	.db #0x6b	; 107	'k'
   05DB 6C                 1544 	.db #0x6c	; 108	'l'
                           1545 	.area _INITIALIZER
                           1546 	.area _CABS (ABS)
