                              1 ;--------------------------------------------------------
                              2 ; File Created by SDCC : free open source ANSI-C Compiler
                              3 ; Version 3.6.8 #9946 (Linux)
                              4 ;--------------------------------------------------------
                              5 	.module debug_blocks
                              6 	.optsdcc -mz80
                              7 	
                              8 ;--------------------------------------------------------
                              9 ; Public variables in this module
                             10 ;--------------------------------------------------------
                             11 	.globl _g_tilemap_debug_blocks
                             12 ;--------------------------------------------------------
                             13 ; special function registers
                             14 ;--------------------------------------------------------
                             15 ;--------------------------------------------------------
                             16 ; ram data
                             17 ;--------------------------------------------------------
                             18 	.area _DATA
                             19 ;--------------------------------------------------------
                             20 ; ram data
                             21 ;--------------------------------------------------------
                             22 	.area _INITIALIZED
                             23 ;--------------------------------------------------------
                             24 ; absolute external ram data
                             25 ;--------------------------------------------------------
                             26 	.area _DABS (ABS)
                             27 ;--------------------------------------------------------
                             28 ; global & static initialisations
                             29 ;--------------------------------------------------------
                             30 	.area _HOME
                             31 	.area _GSINIT
                             32 	.area _GSFINAL
                             33 	.area _GSINIT
                             34 ;--------------------------------------------------------
                             35 ; Home
                             36 ;--------------------------------------------------------
                             37 	.area _HOME
                             38 	.area _HOME
                             39 ;--------------------------------------------------------
                             40 ; code
                             41 ;--------------------------------------------------------
                             42 	.area _CODE
                             43 	.area _CODE
   0000                      44 _g_tilemap_debug_blocks:
   0000 0C                   45 	.db #0x0c	; 12
   0001 0D                   46 	.db #0x0d	; 13
   0002 0C                   47 	.db #0x0c	; 12
   0003 0D                   48 	.db #0x0d	; 13
   0004 0C                   49 	.db #0x0c	; 12
   0005 0D                   50 	.db #0x0d	; 13
   0006 0C                   51 	.db #0x0c	; 12
   0007 0D                   52 	.db #0x0d	; 13
   0008 0C                   53 	.db #0x0c	; 12
   0009 0D                   54 	.db #0x0d	; 13
   000A 0C                   55 	.db #0x0c	; 12
   000B 0D                   56 	.db #0x0d	; 13
   000C 0C                   57 	.db #0x0c	; 12
   000D 0D                   58 	.db #0x0d	; 13
   000E 0C                   59 	.db #0x0c	; 12
   000F 0D                   60 	.db #0x0d	; 13
   0010 0C                   61 	.db #0x0c	; 12
   0011 0D                   62 	.db #0x0d	; 13
   0012 0C                   63 	.db #0x0c	; 12
   0013 0D                   64 	.db #0x0d	; 13
   0014 0C                   65 	.db #0x0c	; 12
   0015 0D                   66 	.db #0x0d	; 13
   0016 0C                   67 	.db #0x0c	; 12
   0017 0D                   68 	.db #0x0d	; 13
   0018 0C                   69 	.db #0x0c	; 12
   0019 0D                   70 	.db #0x0d	; 13
   001A 20                   71 	.db #0x20	; 32
   001B 21                   72 	.db #0x21	; 33
   001C 20                   73 	.db #0x20	; 32
   001D 21                   74 	.db #0x21	; 33
   001E 20                   75 	.db #0x20	; 32
   001F 21                   76 	.db #0x21	; 33
   0020 20                   77 	.db #0x20	; 32
   0021 21                   78 	.db #0x21	; 33
   0022 20                   79 	.db #0x20	; 32
   0023 21                   80 	.db #0x21	; 33
   0024 20                   81 	.db #0x20	; 32
   0025 21                   82 	.db #0x21	; 33
   0026 20                   83 	.db #0x20	; 32
   0027 21                   84 	.db #0x21	; 33
   0028 20                   85 	.db #0x20	; 32
   0029 21                   86 	.db #0x21	; 33
   002A 20                   87 	.db #0x20	; 32
   002B 21                   88 	.db #0x21	; 33
   002C 20                   89 	.db #0x20	; 32
   002D 21                   90 	.db #0x21	; 33
   002E 20                   91 	.db #0x20	; 32
   002F 21                   92 	.db #0x21	; 33
   0030 20                   93 	.db #0x20	; 32
   0031 21                   94 	.db #0x21	; 33
   0032 20                   95 	.db #0x20	; 32
   0033 21                   96 	.db #0x21	; 33
   0034 00                   97 	.db #0x00	; 0
   0035 01                   98 	.db #0x01	; 1
   0036 00                   99 	.db #0x00	; 0
   0037 01                  100 	.db #0x01	; 1
   0038 00                  101 	.db #0x00	; 0
   0039 01                  102 	.db #0x01	; 1
   003A 00                  103 	.db #0x00	; 0
   003B 01                  104 	.db #0x01	; 1
   003C 00                  105 	.db #0x00	; 0
   003D 01                  106 	.db #0x01	; 1
   003E 00                  107 	.db #0x00	; 0
   003F 01                  108 	.db #0x01	; 1
   0040 00                  109 	.db #0x00	; 0
   0041 01                  110 	.db #0x01	; 1
   0042 00                  111 	.db #0x00	; 0
   0043 01                  112 	.db #0x01	; 1
   0044 00                  113 	.db #0x00	; 0
   0045 01                  114 	.db #0x01	; 1
   0046 00                  115 	.db #0x00	; 0
   0047 01                  116 	.db #0x01	; 1
   0048 00                  117 	.db #0x00	; 0
   0049 01                  118 	.db #0x01	; 1
   004A 00                  119 	.db #0x00	; 0
   004B 01                  120 	.db #0x01	; 1
   004C 00                  121 	.db #0x00	; 0
   004D 01                  122 	.db #0x01	; 1
   004E 14                  123 	.db #0x14	; 20
   004F 15                  124 	.db #0x15	; 21
   0050 14                  125 	.db #0x14	; 20
   0051 15                  126 	.db #0x15	; 21
   0052 14                  127 	.db #0x14	; 20
   0053 15                  128 	.db #0x15	; 21
   0054 14                  129 	.db #0x14	; 20
   0055 15                  130 	.db #0x15	; 21
   0056 14                  131 	.db #0x14	; 20
   0057 15                  132 	.db #0x15	; 21
   0058 14                  133 	.db #0x14	; 20
   0059 15                  134 	.db #0x15	; 21
   005A 14                  135 	.db #0x14	; 20
   005B 15                  136 	.db #0x15	; 21
   005C 14                  137 	.db #0x14	; 20
   005D 15                  138 	.db #0x15	; 21
   005E 14                  139 	.db #0x14	; 20
   005F 15                  140 	.db #0x15	; 21
   0060 14                  141 	.db #0x14	; 20
   0061 15                  142 	.db #0x15	; 21
   0062 14                  143 	.db #0x14	; 20
   0063 15                  144 	.db #0x15	; 21
   0064 14                  145 	.db #0x14	; 20
   0065 15                  146 	.db #0x15	; 21
   0066 14                  147 	.db #0x14	; 20
   0067 15                  148 	.db #0x15	; 21
   0068 63                  149 	.db #0x63	; 99	'c'
   0069 63                  150 	.db #0x63	; 99	'c'
   006A 63                  151 	.db #0x63	; 99	'c'
   006B 63                  152 	.db #0x63	; 99	'c'
   006C 63                  153 	.db #0x63	; 99	'c'
   006D 63                  154 	.db #0x63	; 99	'c'
   006E 63                  155 	.db #0x63	; 99	'c'
   006F 63                  156 	.db #0x63	; 99	'c'
   0070 63                  157 	.db #0x63	; 99	'c'
   0071 63                  158 	.db #0x63	; 99	'c'
   0072 63                  159 	.db #0x63	; 99	'c'
   0073 63                  160 	.db #0x63	; 99	'c'
   0074 63                  161 	.db #0x63	; 99	'c'
   0075 63                  162 	.db #0x63	; 99	'c'
   0076 63                  163 	.db #0x63	; 99	'c'
   0077 63                  164 	.db #0x63	; 99	'c'
   0078 63                  165 	.db #0x63	; 99	'c'
   0079 63                  166 	.db #0x63	; 99	'c'
   007A 63                  167 	.db #0x63	; 99	'c'
   007B 63                  168 	.db #0x63	; 99	'c'
   007C 63                  169 	.db #0x63	; 99	'c'
   007D 63                  170 	.db #0x63	; 99	'c'
   007E 63                  171 	.db #0x63	; 99	'c'
   007F 63                  172 	.db #0x63	; 99	'c'
   0080 63                  173 	.db #0x63	; 99	'c'
   0081 63                  174 	.db #0x63	; 99	'c'
   0082 63                  175 	.db #0x63	; 99	'c'
   0083 63                  176 	.db #0x63	; 99	'c'
   0084 63                  177 	.db #0x63	; 99	'c'
   0085 63                  178 	.db #0x63	; 99	'c'
   0086 63                  179 	.db #0x63	; 99	'c'
   0087 63                  180 	.db #0x63	; 99	'c'
   0088 63                  181 	.db #0x63	; 99	'c'
   0089 63                  182 	.db #0x63	; 99	'c'
   008A 63                  183 	.db #0x63	; 99	'c'
   008B 63                  184 	.db #0x63	; 99	'c'
   008C 63                  185 	.db #0x63	; 99	'c'
   008D 63                  186 	.db #0x63	; 99	'c'
   008E 63                  187 	.db #0x63	; 99	'c'
   008F 63                  188 	.db #0x63	; 99	'c'
   0090 63                  189 	.db #0x63	; 99	'c'
   0091 63                  190 	.db #0x63	; 99	'c'
   0092 63                  191 	.db #0x63	; 99	'c'
   0093 63                  192 	.db #0x63	; 99	'c'
   0094 63                  193 	.db #0x63	; 99	'c'
   0095 63                  194 	.db #0x63	; 99	'c'
   0096 63                  195 	.db #0x63	; 99	'c'
   0097 63                  196 	.db #0x63	; 99	'c'
   0098 63                  197 	.db #0x63	; 99	'c'
   0099 63                  198 	.db #0x63	; 99	'c'
   009A 63                  199 	.db #0x63	; 99	'c'
   009B 63                  200 	.db #0x63	; 99	'c'
   009C 63                  201 	.db #0x63	; 99	'c'
   009D 63                  202 	.db #0x63	; 99	'c'
   009E 63                  203 	.db #0x63	; 99	'c'
   009F 63                  204 	.db #0x63	; 99	'c'
   00A0 63                  205 	.db #0x63	; 99	'c'
   00A1 63                  206 	.db #0x63	; 99	'c'
   00A2 63                  207 	.db #0x63	; 99	'c'
   00A3 63                  208 	.db #0x63	; 99	'c'
   00A4 63                  209 	.db #0x63	; 99	'c'
   00A5 63                  210 	.db #0x63	; 99	'c'
   00A6 63                  211 	.db #0x63	; 99	'c'
   00A7 63                  212 	.db #0x63	; 99	'c'
   00A8 63                  213 	.db #0x63	; 99	'c'
   00A9 63                  214 	.db #0x63	; 99	'c'
   00AA 63                  215 	.db #0x63	; 99	'c'
   00AB 63                  216 	.db #0x63	; 99	'c'
   00AC 63                  217 	.db #0x63	; 99	'c'
   00AD 63                  218 	.db #0x63	; 99	'c'
   00AE 63                  219 	.db #0x63	; 99	'c'
   00AF 63                  220 	.db #0x63	; 99	'c'
   00B0 63                  221 	.db #0x63	; 99	'c'
   00B1 63                  222 	.db #0x63	; 99	'c'
   00B2 63                  223 	.db #0x63	; 99	'c'
   00B3 63                  224 	.db #0x63	; 99	'c'
   00B4 63                  225 	.db #0x63	; 99	'c'
   00B5 63                  226 	.db #0x63	; 99	'c'
   00B6 63                  227 	.db #0x63	; 99	'c'
   00B7 63                  228 	.db #0x63	; 99	'c'
   00B8 63                  229 	.db #0x63	; 99	'c'
   00B9 63                  230 	.db #0x63	; 99	'c'
   00BA 63                  231 	.db #0x63	; 99	'c'
   00BB 63                  232 	.db #0x63	; 99	'c'
   00BC 63                  233 	.db #0x63	; 99	'c'
   00BD 63                  234 	.db #0x63	; 99	'c'
   00BE 63                  235 	.db #0x63	; 99	'c'
   00BF 63                  236 	.db #0x63	; 99	'c'
   00C0 63                  237 	.db #0x63	; 99	'c'
   00C1 63                  238 	.db #0x63	; 99	'c'
   00C2 63                  239 	.db #0x63	; 99	'c'
   00C3 63                  240 	.db #0x63	; 99	'c'
   00C4 63                  241 	.db #0x63	; 99	'c'
   00C5 63                  242 	.db #0x63	; 99	'c'
   00C6 63                  243 	.db #0x63	; 99	'c'
   00C7 63                  244 	.db #0x63	; 99	'c'
   00C8 63                  245 	.db #0x63	; 99	'c'
   00C9 63                  246 	.db #0x63	; 99	'c'
   00CA 63                  247 	.db #0x63	; 99	'c'
   00CB 63                  248 	.db #0x63	; 99	'c'
   00CC 63                  249 	.db #0x63	; 99	'c'
   00CD 63                  250 	.db #0x63	; 99	'c'
   00CE 63                  251 	.db #0x63	; 99	'c'
   00CF 63                  252 	.db #0x63	; 99	'c'
   00D0 63                  253 	.db #0x63	; 99	'c'
   00D1 63                  254 	.db #0x63	; 99	'c'
   00D2 63                  255 	.db #0x63	; 99	'c'
   00D3 63                  256 	.db #0x63	; 99	'c'
   00D4 63                  257 	.db #0x63	; 99	'c'
   00D5 63                  258 	.db #0x63	; 99	'c'
   00D6 63                  259 	.db #0x63	; 99	'c'
   00D7 63                  260 	.db #0x63	; 99	'c'
   00D8 63                  261 	.db #0x63	; 99	'c'
   00D9 63                  262 	.db #0x63	; 99	'c'
   00DA 63                  263 	.db #0x63	; 99	'c'
   00DB 63                  264 	.db #0x63	; 99	'c'
   00DC 63                  265 	.db #0x63	; 99	'c'
   00DD 63                  266 	.db #0x63	; 99	'c'
   00DE 63                  267 	.db #0x63	; 99	'c'
   00DF 63                  268 	.db #0x63	; 99	'c'
   00E0 63                  269 	.db #0x63	; 99	'c'
   00E1 63                  270 	.db #0x63	; 99	'c'
   00E2 63                  271 	.db #0x63	; 99	'c'
   00E3 63                  272 	.db #0x63	; 99	'c'
   00E4 63                  273 	.db #0x63	; 99	'c'
   00E5 63                  274 	.db #0x63	; 99	'c'
   00E6 63                  275 	.db #0x63	; 99	'c'
   00E7 63                  276 	.db #0x63	; 99	'c'
   00E8 63                  277 	.db #0x63	; 99	'c'
   00E9 63                  278 	.db #0x63	; 99	'c'
   00EA 63                  279 	.db #0x63	; 99	'c'
   00EB 63                  280 	.db #0x63	; 99	'c'
   00EC 63                  281 	.db #0x63	; 99	'c'
   00ED 63                  282 	.db #0x63	; 99	'c'
   00EE 63                  283 	.db #0x63	; 99	'c'
   00EF 63                  284 	.db #0x63	; 99	'c'
   00F0 63                  285 	.db #0x63	; 99	'c'
   00F1 63                  286 	.db #0x63	; 99	'c'
   00F2 63                  287 	.db #0x63	; 99	'c'
   00F3 63                  288 	.db #0x63	; 99	'c'
   00F4 63                  289 	.db #0x63	; 99	'c'
   00F5 63                  290 	.db #0x63	; 99	'c'
   00F6 63                  291 	.db #0x63	; 99	'c'
   00F7 63                  292 	.db #0x63	; 99	'c'
   00F8 63                  293 	.db #0x63	; 99	'c'
   00F9 63                  294 	.db #0x63	; 99	'c'
   00FA 63                  295 	.db #0x63	; 99	'c'
   00FB 63                  296 	.db #0x63	; 99	'c'
   00FC 63                  297 	.db #0x63	; 99	'c'
   00FD 63                  298 	.db #0x63	; 99	'c'
   00FE 63                  299 	.db #0x63	; 99	'c'
   00FF 63                  300 	.db #0x63	; 99	'c'
   0100 63                  301 	.db #0x63	; 99	'c'
   0101 63                  302 	.db #0x63	; 99	'c'
   0102 63                  303 	.db #0x63	; 99	'c'
   0103 63                  304 	.db #0x63	; 99	'c'
   0104 10                  305 	.db #0x10	; 16
   0105 11                  306 	.db #0x11	; 17
   0106 10                  307 	.db #0x10	; 16
   0107 11                  308 	.db #0x11	; 17
   0108 10                  309 	.db #0x10	; 16
   0109 11                  310 	.db #0x11	; 17
   010A 10                  311 	.db #0x10	; 16
   010B 11                  312 	.db #0x11	; 17
   010C 10                  313 	.db #0x10	; 16
   010D 11                  314 	.db #0x11	; 17
   010E 10                  315 	.db #0x10	; 16
   010F 11                  316 	.db #0x11	; 17
   0110 10                  317 	.db #0x10	; 16
   0111 11                  318 	.db #0x11	; 17
   0112 10                  319 	.db #0x10	; 16
   0113 11                  320 	.db #0x11	; 17
   0114 10                  321 	.db #0x10	; 16
   0115 11                  322 	.db #0x11	; 17
   0116 10                  323 	.db #0x10	; 16
   0117 11                  324 	.db #0x11	; 17
   0118 10                  325 	.db #0x10	; 16
   0119 11                  326 	.db #0x11	; 17
   011A 10                  327 	.db #0x10	; 16
   011B 11                  328 	.db #0x11	; 17
   011C 10                  329 	.db #0x10	; 16
   011D 11                  330 	.db #0x11	; 17
   011E 24                  331 	.db #0x24	; 36
   011F 25                  332 	.db #0x25	; 37
   0120 24                  333 	.db #0x24	; 36
   0121 25                  334 	.db #0x25	; 37
   0122 24                  335 	.db #0x24	; 36
   0123 25                  336 	.db #0x25	; 37
   0124 24                  337 	.db #0x24	; 36
   0125 25                  338 	.db #0x25	; 37
   0126 24                  339 	.db #0x24	; 36
   0127 25                  340 	.db #0x25	; 37
   0128 24                  341 	.db #0x24	; 36
   0129 25                  342 	.db #0x25	; 37
   012A 24                  343 	.db #0x24	; 36
   012B 25                  344 	.db #0x25	; 37
   012C 24                  345 	.db #0x24	; 36
   012D 25                  346 	.db #0x25	; 37
   012E 24                  347 	.db #0x24	; 36
   012F 25                  348 	.db #0x25	; 37
   0130 24                  349 	.db #0x24	; 36
   0131 25                  350 	.db #0x25	; 37
   0132 24                  351 	.db #0x24	; 36
   0133 25                  352 	.db #0x25	; 37
   0134 24                  353 	.db #0x24	; 36
   0135 25                  354 	.db #0x25	; 37
   0136 24                  355 	.db #0x24	; 36
   0137 25                  356 	.db #0x25	; 37
   0138 63                  357 	.db #0x63	; 99	'c'
   0139 63                  358 	.db #0x63	; 99	'c'
   013A 63                  359 	.db #0x63	; 99	'c'
   013B 63                  360 	.db #0x63	; 99	'c'
   013C 63                  361 	.db #0x63	; 99	'c'
   013D 63                  362 	.db #0x63	; 99	'c'
   013E 63                  363 	.db #0x63	; 99	'c'
   013F 63                  364 	.db #0x63	; 99	'c'
   0140 63                  365 	.db #0x63	; 99	'c'
   0141 63                  366 	.db #0x63	; 99	'c'
   0142 63                  367 	.db #0x63	; 99	'c'
   0143 63                  368 	.db #0x63	; 99	'c'
   0144 63                  369 	.db #0x63	; 99	'c'
   0145 63                  370 	.db #0x63	; 99	'c'
   0146 63                  371 	.db #0x63	; 99	'c'
   0147 63                  372 	.db #0x63	; 99	'c'
   0148 63                  373 	.db #0x63	; 99	'c'
   0149 63                  374 	.db #0x63	; 99	'c'
   014A 63                  375 	.db #0x63	; 99	'c'
   014B 63                  376 	.db #0x63	; 99	'c'
   014C 63                  377 	.db #0x63	; 99	'c'
   014D 63                  378 	.db #0x63	; 99	'c'
   014E 63                  379 	.db #0x63	; 99	'c'
   014F 63                  380 	.db #0x63	; 99	'c'
   0150 63                  381 	.db #0x63	; 99	'c'
   0151 63                  382 	.db #0x63	; 99	'c'
   0152 63                  383 	.db #0x63	; 99	'c'
   0153 63                  384 	.db #0x63	; 99	'c'
   0154 63                  385 	.db #0x63	; 99	'c'
   0155 63                  386 	.db #0x63	; 99	'c'
   0156 63                  387 	.db #0x63	; 99	'c'
   0157 63                  388 	.db #0x63	; 99	'c'
   0158 63                  389 	.db #0x63	; 99	'c'
   0159 63                  390 	.db #0x63	; 99	'c'
   015A 63                  391 	.db #0x63	; 99	'c'
   015B 63                  392 	.db #0x63	; 99	'c'
   015C 63                  393 	.db #0x63	; 99	'c'
   015D 63                  394 	.db #0x63	; 99	'c'
   015E 63                  395 	.db #0x63	; 99	'c'
   015F 63                  396 	.db #0x63	; 99	'c'
   0160 63                  397 	.db #0x63	; 99	'c'
   0161 63                  398 	.db #0x63	; 99	'c'
   0162 63                  399 	.db #0x63	; 99	'c'
   0163 63                  400 	.db #0x63	; 99	'c'
   0164 63                  401 	.db #0x63	; 99	'c'
   0165 63                  402 	.db #0x63	; 99	'c'
   0166 63                  403 	.db #0x63	; 99	'c'
   0167 63                  404 	.db #0x63	; 99	'c'
   0168 63                  405 	.db #0x63	; 99	'c'
   0169 63                  406 	.db #0x63	; 99	'c'
   016A 63                  407 	.db #0x63	; 99	'c'
   016B 63                  408 	.db #0x63	; 99	'c'
   016C 63                  409 	.db #0x63	; 99	'c'
   016D 63                  410 	.db #0x63	; 99	'c'
   016E 63                  411 	.db #0x63	; 99	'c'
   016F 63                  412 	.db #0x63	; 99	'c'
   0170 63                  413 	.db #0x63	; 99	'c'
   0171 63                  414 	.db #0x63	; 99	'c'
   0172 63                  415 	.db #0x63	; 99	'c'
   0173 63                  416 	.db #0x63	; 99	'c'
   0174 63                  417 	.db #0x63	; 99	'c'
   0175 63                  418 	.db #0x63	; 99	'c'
   0176 63                  419 	.db #0x63	; 99	'c'
   0177 63                  420 	.db #0x63	; 99	'c'
   0178 63                  421 	.db #0x63	; 99	'c'
   0179 63                  422 	.db #0x63	; 99	'c'
   017A 63                  423 	.db #0x63	; 99	'c'
   017B 63                  424 	.db #0x63	; 99	'c'
   017C 63                  425 	.db #0x63	; 99	'c'
   017D 63                  426 	.db #0x63	; 99	'c'
   017E 63                  427 	.db #0x63	; 99	'c'
   017F 63                  428 	.db #0x63	; 99	'c'
   0180 63                  429 	.db #0x63	; 99	'c'
   0181 63                  430 	.db #0x63	; 99	'c'
   0182 63                  431 	.db #0x63	; 99	'c'
   0183 63                  432 	.db #0x63	; 99	'c'
   0184 63                  433 	.db #0x63	; 99	'c'
   0185 63                  434 	.db #0x63	; 99	'c'
   0186 63                  435 	.db #0x63	; 99	'c'
   0187 63                  436 	.db #0x63	; 99	'c'
   0188 63                  437 	.db #0x63	; 99	'c'
   0189 63                  438 	.db #0x63	; 99	'c'
   018A 63                  439 	.db #0x63	; 99	'c'
   018B 63                  440 	.db #0x63	; 99	'c'
   018C 63                  441 	.db #0x63	; 99	'c'
   018D 63                  442 	.db #0x63	; 99	'c'
   018E 63                  443 	.db #0x63	; 99	'c'
   018F 63                  444 	.db #0x63	; 99	'c'
   0190 63                  445 	.db #0x63	; 99	'c'
   0191 63                  446 	.db #0x63	; 99	'c'
   0192 63                  447 	.db #0x63	; 99	'c'
   0193 63                  448 	.db #0x63	; 99	'c'
   0194 63                  449 	.db #0x63	; 99	'c'
   0195 63                  450 	.db #0x63	; 99	'c'
   0196 63                  451 	.db #0x63	; 99	'c'
   0197 63                  452 	.db #0x63	; 99	'c'
   0198 63                  453 	.db #0x63	; 99	'c'
   0199 63                  454 	.db #0x63	; 99	'c'
   019A 63                  455 	.db #0x63	; 99	'c'
   019B 63                  456 	.db #0x63	; 99	'c'
   019C 63                  457 	.db #0x63	; 99	'c'
   019D 63                  458 	.db #0x63	; 99	'c'
   019E 63                  459 	.db #0x63	; 99	'c'
   019F 63                  460 	.db #0x63	; 99	'c'
   01A0 63                  461 	.db #0x63	; 99	'c'
   01A1 63                  462 	.db #0x63	; 99	'c'
   01A2 63                  463 	.db #0x63	; 99	'c'
   01A3 63                  464 	.db #0x63	; 99	'c'
   01A4 63                  465 	.db #0x63	; 99	'c'
   01A5 63                  466 	.db #0x63	; 99	'c'
   01A6 63                  467 	.db #0x63	; 99	'c'
   01A7 63                  468 	.db #0x63	; 99	'c'
   01A8 63                  469 	.db #0x63	; 99	'c'
   01A9 63                  470 	.db #0x63	; 99	'c'
   01AA 63                  471 	.db #0x63	; 99	'c'
   01AB 63                  472 	.db #0x63	; 99	'c'
   01AC 63                  473 	.db #0x63	; 99	'c'
   01AD 63                  474 	.db #0x63	; 99	'c'
   01AE 63                  475 	.db #0x63	; 99	'c'
   01AF 63                  476 	.db #0x63	; 99	'c'
   01B0 63                  477 	.db #0x63	; 99	'c'
   01B1 63                  478 	.db #0x63	; 99	'c'
   01B2 63                  479 	.db #0x63	; 99	'c'
   01B3 63                  480 	.db #0x63	; 99	'c'
   01B4 63                  481 	.db #0x63	; 99	'c'
   01B5 63                  482 	.db #0x63	; 99	'c'
   01B6 63                  483 	.db #0x63	; 99	'c'
   01B7 63                  484 	.db #0x63	; 99	'c'
   01B8 63                  485 	.db #0x63	; 99	'c'
   01B9 63                  486 	.db #0x63	; 99	'c'
   01BA 63                  487 	.db #0x63	; 99	'c'
   01BB 63                  488 	.db #0x63	; 99	'c'
   01BC 63                  489 	.db #0x63	; 99	'c'
   01BD 63                  490 	.db #0x63	; 99	'c'
   01BE 63                  491 	.db #0x63	; 99	'c'
   01BF 63                  492 	.db #0x63	; 99	'c'
   01C0 63                  493 	.db #0x63	; 99	'c'
   01C1 63                  494 	.db #0x63	; 99	'c'
   01C2 63                  495 	.db #0x63	; 99	'c'
   01C3 63                  496 	.db #0x63	; 99	'c'
   01C4 63                  497 	.db #0x63	; 99	'c'
   01C5 63                  498 	.db #0x63	; 99	'c'
   01C6 63                  499 	.db #0x63	; 99	'c'
   01C7 63                  500 	.db #0x63	; 99	'c'
   01C8 63                  501 	.db #0x63	; 99	'c'
   01C9 63                  502 	.db #0x63	; 99	'c'
   01CA 63                  503 	.db #0x63	; 99	'c'
   01CB 63                  504 	.db #0x63	; 99	'c'
   01CC 63                  505 	.db #0x63	; 99	'c'
   01CD 63                  506 	.db #0x63	; 99	'c'
   01CE 63                  507 	.db #0x63	; 99	'c'
   01CF 63                  508 	.db #0x63	; 99	'c'
   01D0 63                  509 	.db #0x63	; 99	'c'
   01D1 63                  510 	.db #0x63	; 99	'c'
   01D2 63                  511 	.db #0x63	; 99	'c'
   01D3 63                  512 	.db #0x63	; 99	'c'
   01D4 63                  513 	.db #0x63	; 99	'c'
   01D5 63                  514 	.db #0x63	; 99	'c'
   01D6 63                  515 	.db #0x63	; 99	'c'
   01D7 63                  516 	.db #0x63	; 99	'c'
   01D8 63                  517 	.db #0x63	; 99	'c'
   01D9 63                  518 	.db #0x63	; 99	'c'
   01DA 63                  519 	.db #0x63	; 99	'c'
   01DB 63                  520 	.db #0x63	; 99	'c'
   01DC 63                  521 	.db #0x63	; 99	'c'
   01DD 63                  522 	.db #0x63	; 99	'c'
   01DE 63                  523 	.db #0x63	; 99	'c'
   01DF 63                  524 	.db #0x63	; 99	'c'
   01E0 63                  525 	.db #0x63	; 99	'c'
   01E1 63                  526 	.db #0x63	; 99	'c'
   01E2 63                  527 	.db #0x63	; 99	'c'
   01E3 63                  528 	.db #0x63	; 99	'c'
   01E4 63                  529 	.db #0x63	; 99	'c'
   01E5 63                  530 	.db #0x63	; 99	'c'
   01E6 63                  531 	.db #0x63	; 99	'c'
   01E7 63                  532 	.db #0x63	; 99	'c'
   01E8 63                  533 	.db #0x63	; 99	'c'
   01E9 63                  534 	.db #0x63	; 99	'c'
   01EA 63                  535 	.db #0x63	; 99	'c'
   01EB 63                  536 	.db #0x63	; 99	'c'
   01EC 63                  537 	.db #0x63	; 99	'c'
   01ED 63                  538 	.db #0x63	; 99	'c'
   01EE 63                  539 	.db #0x63	; 99	'c'
   01EF 63                  540 	.db #0x63	; 99	'c'
   01F0 63                  541 	.db #0x63	; 99	'c'
   01F1 63                  542 	.db #0x63	; 99	'c'
   01F2 63                  543 	.db #0x63	; 99	'c'
   01F3 63                  544 	.db #0x63	; 99	'c'
   01F4 63                  545 	.db #0x63	; 99	'c'
   01F5 63                  546 	.db #0x63	; 99	'c'
   01F6 63                  547 	.db #0x63	; 99	'c'
   01F7 63                  548 	.db #0x63	; 99	'c'
   01F8 63                  549 	.db #0x63	; 99	'c'
   01F9 63                  550 	.db #0x63	; 99	'c'
   01FA 63                  551 	.db #0x63	; 99	'c'
   01FB 63                  552 	.db #0x63	; 99	'c'
   01FC 63                  553 	.db #0x63	; 99	'c'
   01FD 63                  554 	.db #0x63	; 99	'c'
   01FE 63                  555 	.db #0x63	; 99	'c'
   01FF 63                  556 	.db #0x63	; 99	'c'
   0200 63                  557 	.db #0x63	; 99	'c'
   0201 63                  558 	.db #0x63	; 99	'c'
   0202 63                  559 	.db #0x63	; 99	'c'
   0203 63                  560 	.db #0x63	; 99	'c'
   0204 63                  561 	.db #0x63	; 99	'c'
   0205 63                  562 	.db #0x63	; 99	'c'
   0206 63                  563 	.db #0x63	; 99	'c'
   0207 63                  564 	.db #0x63	; 99	'c'
   0208 63                  565 	.db #0x63	; 99	'c'
   0209 63                  566 	.db #0x63	; 99	'c'
   020A 63                  567 	.db #0x63	; 99	'c'
   020B 63                  568 	.db #0x63	; 99	'c'
   020C 63                  569 	.db #0x63	; 99	'c'
   020D 63                  570 	.db #0x63	; 99	'c'
   020E 63                  571 	.db #0x63	; 99	'c'
   020F 63                  572 	.db #0x63	; 99	'c'
   0210 63                  573 	.db #0x63	; 99	'c'
   0211 63                  574 	.db #0x63	; 99	'c'
   0212 63                  575 	.db #0x63	; 99	'c'
   0213 63                  576 	.db #0x63	; 99	'c'
   0214 63                  577 	.db #0x63	; 99	'c'
   0215 63                  578 	.db #0x63	; 99	'c'
   0216 63                  579 	.db #0x63	; 99	'c'
   0217 63                  580 	.db #0x63	; 99	'c'
   0218 63                  581 	.db #0x63	; 99	'c'
   0219 63                  582 	.db #0x63	; 99	'c'
   021A 63                  583 	.db #0x63	; 99	'c'
   021B 63                  584 	.db #0x63	; 99	'c'
   021C 63                  585 	.db #0x63	; 99	'c'
   021D 63                  586 	.db #0x63	; 99	'c'
   021E 63                  587 	.db #0x63	; 99	'c'
   021F 63                  588 	.db #0x63	; 99	'c'
   0220 63                  589 	.db #0x63	; 99	'c'
   0221 63                  590 	.db #0x63	; 99	'c'
   0222 63                  591 	.db #0x63	; 99	'c'
   0223 63                  592 	.db #0x63	; 99	'c'
   0224 63                  593 	.db #0x63	; 99	'c'
   0225 63                  594 	.db #0x63	; 99	'c'
   0226 63                  595 	.db #0x63	; 99	'c'
   0227 63                  596 	.db #0x63	; 99	'c'
   0228 63                  597 	.db #0x63	; 99	'c'
   0229 63                  598 	.db #0x63	; 99	'c'
   022A 63                  599 	.db #0x63	; 99	'c'
   022B 63                  600 	.db #0x63	; 99	'c'
   022C 63                  601 	.db #0x63	; 99	'c'
   022D 63                  602 	.db #0x63	; 99	'c'
   022E 63                  603 	.db #0x63	; 99	'c'
   022F 63                  604 	.db #0x63	; 99	'c'
   0230 63                  605 	.db #0x63	; 99	'c'
   0231 63                  606 	.db #0x63	; 99	'c'
   0232 63                  607 	.db #0x63	; 99	'c'
   0233 63                  608 	.db #0x63	; 99	'c'
   0234 63                  609 	.db #0x63	; 99	'c'
   0235 63                  610 	.db #0x63	; 99	'c'
   0236 63                  611 	.db #0x63	; 99	'c'
   0237 63                  612 	.db #0x63	; 99	'c'
   0238 63                  613 	.db #0x63	; 99	'c'
   0239 63                  614 	.db #0x63	; 99	'c'
   023A 63                  615 	.db #0x63	; 99	'c'
   023B 63                  616 	.db #0x63	; 99	'c'
   023C 63                  617 	.db #0x63	; 99	'c'
   023D 63                  618 	.db #0x63	; 99	'c'
   023E 63                  619 	.db #0x63	; 99	'c'
   023F 63                  620 	.db #0x63	; 99	'c'
   0240 63                  621 	.db #0x63	; 99	'c'
   0241 63                  622 	.db #0x63	; 99	'c'
   0242 63                  623 	.db #0x63	; 99	'c'
   0243 63                  624 	.db #0x63	; 99	'c'
   0244 63                  625 	.db #0x63	; 99	'c'
   0245 63                  626 	.db #0x63	; 99	'c'
   0246 63                  627 	.db #0x63	; 99	'c'
   0247 63                  628 	.db #0x63	; 99	'c'
   0248 63                  629 	.db #0x63	; 99	'c'
   0249 63                  630 	.db #0x63	; 99	'c'
   024A 63                  631 	.db #0x63	; 99	'c'
   024B 63                  632 	.db #0x63	; 99	'c'
   024C 63                  633 	.db #0x63	; 99	'c'
   024D 63                  634 	.db #0x63	; 99	'c'
   024E 63                  635 	.db #0x63	; 99	'c'
   024F 63                  636 	.db #0x63	; 99	'c'
   0250 63                  637 	.db #0x63	; 99	'c'
   0251 63                  638 	.db #0x63	; 99	'c'
   0252 63                  639 	.db #0x63	; 99	'c'
   0253 63                  640 	.db #0x63	; 99	'c'
   0254 63                  641 	.db #0x63	; 99	'c'
   0255 63                  642 	.db #0x63	; 99	'c'
   0256 63                  643 	.db #0x63	; 99	'c'
   0257 63                  644 	.db #0x63	; 99	'c'
   0258 63                  645 	.db #0x63	; 99	'c'
   0259 63                  646 	.db #0x63	; 99	'c'
   025A 63                  647 	.db #0x63	; 99	'c'
   025B 63                  648 	.db #0x63	; 99	'c'
   025C 63                  649 	.db #0x63	; 99	'c'
   025D 63                  650 	.db #0x63	; 99	'c'
   025E 63                  651 	.db #0x63	; 99	'c'
   025F 63                  652 	.db #0x63	; 99	'c'
   0260 63                  653 	.db #0x63	; 99	'c'
   0261 63                  654 	.db #0x63	; 99	'c'
   0262 63                  655 	.db #0x63	; 99	'c'
   0263 63                  656 	.db #0x63	; 99	'c'
   0264 63                  657 	.db #0x63	; 99	'c'
   0265 63                  658 	.db #0x63	; 99	'c'
   0266 63                  659 	.db #0x63	; 99	'c'
   0267 63                  660 	.db #0x63	; 99	'c'
   0268 63                  661 	.db #0x63	; 99	'c'
   0269 63                  662 	.db #0x63	; 99	'c'
   026A 63                  663 	.db #0x63	; 99	'c'
   026B 63                  664 	.db #0x63	; 99	'c'
   026C 63                  665 	.db #0x63	; 99	'c'
   026D 63                  666 	.db #0x63	; 99	'c'
   026E 63                  667 	.db #0x63	; 99	'c'
   026F 63                  668 	.db #0x63	; 99	'c'
   0270 63                  669 	.db #0x63	; 99	'c'
   0271 63                  670 	.db #0x63	; 99	'c'
   0272 63                  671 	.db #0x63	; 99	'c'
   0273 63                  672 	.db #0x63	; 99	'c'
   0274 63                  673 	.db #0x63	; 99	'c'
   0275 63                  674 	.db #0x63	; 99	'c'
   0276 63                  675 	.db #0x63	; 99	'c'
   0277 63                  676 	.db #0x63	; 99	'c'
   0278 63                  677 	.db #0x63	; 99	'c'
   0279 63                  678 	.db #0x63	; 99	'c'
   027A 63                  679 	.db #0x63	; 99	'c'
   027B 63                  680 	.db #0x63	; 99	'c'
   027C 63                  681 	.db #0x63	; 99	'c'
   027D 63                  682 	.db #0x63	; 99	'c'
   027E 63                  683 	.db #0x63	; 99	'c'
   027F 63                  684 	.db #0x63	; 99	'c'
   0280 63                  685 	.db #0x63	; 99	'c'
   0281 63                  686 	.db #0x63	; 99	'c'
   0282 63                  687 	.db #0x63	; 99	'c'
   0283 63                  688 	.db #0x63	; 99	'c'
   0284 63                  689 	.db #0x63	; 99	'c'
   0285 63                  690 	.db #0x63	; 99	'c'
   0286 63                  691 	.db #0x63	; 99	'c'
   0287 63                  692 	.db #0x63	; 99	'c'
   0288 63                  693 	.db #0x63	; 99	'c'
   0289 63                  694 	.db #0x63	; 99	'c'
   028A 63                  695 	.db #0x63	; 99	'c'
   028B 63                  696 	.db #0x63	; 99	'c'
   028C 63                  697 	.db #0x63	; 99	'c'
   028D 63                  698 	.db #0x63	; 99	'c'
   028E 63                  699 	.db #0x63	; 99	'c'
   028F 63                  700 	.db #0x63	; 99	'c'
   0290 63                  701 	.db #0x63	; 99	'c'
   0291 63                  702 	.db #0x63	; 99	'c'
   0292 63                  703 	.db #0x63	; 99	'c'
   0293 63                  704 	.db #0x63	; 99	'c'
   0294 63                  705 	.db #0x63	; 99	'c'
   0295 63                  706 	.db #0x63	; 99	'c'
   0296 63                  707 	.db #0x63	; 99	'c'
   0297 63                  708 	.db #0x63	; 99	'c'
   0298 63                  709 	.db #0x63	; 99	'c'
   0299 63                  710 	.db #0x63	; 99	'c'
   029A 63                  711 	.db #0x63	; 99	'c'
   029B 63                  712 	.db #0x63	; 99	'c'
   029C 63                  713 	.db #0x63	; 99	'c'
   029D 63                  714 	.db #0x63	; 99	'c'
   029E 63                  715 	.db #0x63	; 99	'c'
   029F 63                  716 	.db #0x63	; 99	'c'
   02A0 63                  717 	.db #0x63	; 99	'c'
   02A1 63                  718 	.db #0x63	; 99	'c'
   02A2 63                  719 	.db #0x63	; 99	'c'
   02A3 63                  720 	.db #0x63	; 99	'c'
   02A4 63                  721 	.db #0x63	; 99	'c'
   02A5 63                  722 	.db #0x63	; 99	'c'
   02A6 63                  723 	.db #0x63	; 99	'c'
   02A7 63                  724 	.db #0x63	; 99	'c'
   02A8 63                  725 	.db #0x63	; 99	'c'
   02A9 63                  726 	.db #0x63	; 99	'c'
   02AA 63                  727 	.db #0x63	; 99	'c'
   02AB 63                  728 	.db #0x63	; 99	'c'
   02AC 63                  729 	.db #0x63	; 99	'c'
   02AD 63                  730 	.db #0x63	; 99	'c'
   02AE 63                  731 	.db #0x63	; 99	'c'
   02AF 63                  732 	.db #0x63	; 99	'c'
   02B0 63                  733 	.db #0x63	; 99	'c'
   02B1 63                  734 	.db #0x63	; 99	'c'
   02B2 63                  735 	.db #0x63	; 99	'c'
   02B3 63                  736 	.db #0x63	; 99	'c'
   02B4 63                  737 	.db #0x63	; 99	'c'
   02B5 63                  738 	.db #0x63	; 99	'c'
   02B6 63                  739 	.db #0x63	; 99	'c'
   02B7 63                  740 	.db #0x63	; 99	'c'
   02B8 63                  741 	.db #0x63	; 99	'c'
   02B9 63                  742 	.db #0x63	; 99	'c'
   02BA 63                  743 	.db #0x63	; 99	'c'
   02BB 63                  744 	.db #0x63	; 99	'c'
   02BC 63                  745 	.db #0x63	; 99	'c'
   02BD 63                  746 	.db #0x63	; 99	'c'
   02BE 63                  747 	.db #0x63	; 99	'c'
   02BF 63                  748 	.db #0x63	; 99	'c'
   02C0 63                  749 	.db #0x63	; 99	'c'
   02C1 63                  750 	.db #0x63	; 99	'c'
   02C2 63                  751 	.db #0x63	; 99	'c'
   02C3 63                  752 	.db #0x63	; 99	'c'
   02C4 63                  753 	.db #0x63	; 99	'c'
   02C5 63                  754 	.db #0x63	; 99	'c'
   02C6 63                  755 	.db #0x63	; 99	'c'
   02C7 63                  756 	.db #0x63	; 99	'c'
   02C8 63                  757 	.db #0x63	; 99	'c'
   02C9 63                  758 	.db #0x63	; 99	'c'
   02CA 63                  759 	.db #0x63	; 99	'c'
   02CB 63                  760 	.db #0x63	; 99	'c'
   02CC 63                  761 	.db #0x63	; 99	'c'
   02CD 63                  762 	.db #0x63	; 99	'c'
   02CE 63                  763 	.db #0x63	; 99	'c'
   02CF 63                  764 	.db #0x63	; 99	'c'
   02D0 63                  765 	.db #0x63	; 99	'c'
   02D1 63                  766 	.db #0x63	; 99	'c'
   02D2 63                  767 	.db #0x63	; 99	'c'
   02D3 63                  768 	.db #0x63	; 99	'c'
   02D4 63                  769 	.db #0x63	; 99	'c'
   02D5 63                  770 	.db #0x63	; 99	'c'
   02D6 63                  771 	.db #0x63	; 99	'c'
   02D7 63                  772 	.db #0x63	; 99	'c'
                            773 	.area _INITIALIZER
                            774 	.area _CABS (ABS)
