                              1 ;--------------------------------------------------------
                              2 ; File Created by SDCC : free open source ANSI-C Compiler
                              3 ; Version 3.6.8 #9946 (Linux)
                              4 ;--------------------------------------------------------
                              5 	.module level_03_background
                              6 	.optsdcc -mz80
                              7 	
                              8 ;--------------------------------------------------------
                              9 ; Public variables in this module
                             10 ;--------------------------------------------------------
                             11 	.globl _g_tilemap_l03_background
                             12 ;--------------------------------------------------------
                             13 ; special function registers
                             14 ;--------------------------------------------------------
                             15 ;--------------------------------------------------------
                             16 ; ram data
                             17 ;--------------------------------------------------------
                             18 	.area _DATA
                             19 ;--------------------------------------------------------
                             20 ; ram data
                             21 ;--------------------------------------------------------
                             22 	.area _INITIALIZED
                             23 ;--------------------------------------------------------
                             24 ; absolute external ram data
                             25 ;--------------------------------------------------------
                             26 	.area _DABS (ABS)
                             27 ;--------------------------------------------------------
                             28 ; global & static initialisations
                             29 ;--------------------------------------------------------
                             30 	.area _HOME
                             31 	.area _GSINIT
                             32 	.area _GSFINAL
                             33 	.area _GSINIT
                             34 ;--------------------------------------------------------
                             35 ; Home
                             36 ;--------------------------------------------------------
                             37 	.area _HOME
                             38 	.area _HOME
                             39 ;--------------------------------------------------------
                             40 ; code
                             41 ;--------------------------------------------------------
                             42 	.area _CODE
                             43 	.area _CODE
   0000                      44 _g_tilemap_l03_background:
   0000 28                   45 	.db #0x28	; 40
   0001 29                   46 	.db #0x29	; 41
   0002 2A                   47 	.db #0x2a	; 42
   0003 2A                   48 	.db #0x2a	; 42
   0004 2A                   49 	.db #0x2a	; 42
   0005 2A                   50 	.db #0x2a	; 42
   0006 2A                   51 	.db #0x2a	; 42
   0007 2A                   52 	.db #0x2a	; 42
   0008 2A                   53 	.db #0x2a	; 42
   0009 2A                   54 	.db #0x2a	; 42
   000A 2A                   55 	.db #0x2a	; 42
   000B 2A                   56 	.db #0x2a	; 42
   000C 2A                   57 	.db #0x2a	; 42
   000D 2A                   58 	.db #0x2a	; 42
   000E 2A                   59 	.db #0x2a	; 42
   000F 2A                   60 	.db #0x2a	; 42
   0010 2A                   61 	.db #0x2a	; 42
   0011 2A                   62 	.db #0x2a	; 42
   0012 2A                   63 	.db #0x2a	; 42
   0013 2A                   64 	.db #0x2a	; 42
   0014 2A                   65 	.db #0x2a	; 42
   0015 2A                   66 	.db #0x2a	; 42
   0016 2A                   67 	.db #0x2a	; 42
   0017 2A                   68 	.db #0x2a	; 42
   0018 2A                   69 	.db #0x2a	; 42
   0019 2A                   70 	.db #0x2a	; 42
   001A 2A                   71 	.db #0x2a	; 42
   001B 2A                   72 	.db #0x2a	; 42
   001C 2B                   73 	.db #0x2b	; 43
   001D 2C                   74 	.db #0x2c	; 44
   001E 3C                   75 	.db #0x3c	; 60
   001F 3D                   76 	.db #0x3d	; 61
   0020 3E                   77 	.db #0x3e	; 62
   0021 3E                   78 	.db #0x3e	; 62
   0022 3E                   79 	.db #0x3e	; 62
   0023 3E                   80 	.db #0x3e	; 62
   0024 3E                   81 	.db #0x3e	; 62
   0025 3E                   82 	.db #0x3e	; 62
   0026 3E                   83 	.db #0x3e	; 62
   0027 3E                   84 	.db #0x3e	; 62
   0028 3E                   85 	.db #0x3e	; 62
   0029 3E                   86 	.db #0x3e	; 62
   002A 3E                   87 	.db #0x3e	; 62
   002B 3E                   88 	.db #0x3e	; 62
   002C 3E                   89 	.db #0x3e	; 62
   002D 3E                   90 	.db #0x3e	; 62
   002E 3E                   91 	.db #0x3e	; 62
   002F 3E                   92 	.db #0x3e	; 62
   0030 3E                   93 	.db #0x3e	; 62
   0031 3E                   94 	.db #0x3e	; 62
   0032 3E                   95 	.db #0x3e	; 62
   0033 3E                   96 	.db #0x3e	; 62
   0034 3E                   97 	.db #0x3e	; 62
   0035 3E                   98 	.db #0x3e	; 62
   0036 3E                   99 	.db #0x3e	; 62
   0037 3E                  100 	.db #0x3e	; 62
   0038 3E                  101 	.db #0x3e	; 62
   0039 3E                  102 	.db #0x3e	; 62
   003A 3F                  103 	.db #0x3f	; 63
   003B 40                  104 	.db #0x40	; 64
   003C 2F                  105 	.db #0x2f	; 47
   003D 30                  106 	.db #0x30	; 48	'0'
   003E 37                  107 	.db #0x37	; 55	'7'
   003F 38                  108 	.db #0x38	; 56	'8'
   0040 39                  109 	.db #0x39	; 57	'9'
   0041 37                  110 	.db #0x37	; 55	'7'
   0042 38                  111 	.db #0x38	; 56	'8'
   0043 39                  112 	.db #0x39	; 57	'9'
   0044 37                  113 	.db #0x37	; 55	'7'
   0045 38                  114 	.db #0x38	; 56	'8'
   0046 39                  115 	.db #0x39	; 57	'9'
   0047 37                  116 	.db #0x37	; 55	'7'
   0048 38                  117 	.db #0x38	; 56	'8'
   0049 39                  118 	.db #0x39	; 57	'9'
   004A 37                  119 	.db #0x37	; 55	'7'
   004B 38                  120 	.db #0x38	; 56	'8'
   004C 39                  121 	.db #0x39	; 57	'9'
   004D 37                  122 	.db #0x37	; 55	'7'
   004E 38                  123 	.db #0x38	; 56	'8'
   004F 39                  124 	.db #0x39	; 57	'9'
   0050 37                  125 	.db #0x37	; 55	'7'
   0051 38                  126 	.db #0x38	; 56	'8'
   0052 39                  127 	.db #0x39	; 57	'9'
   0053 37                  128 	.db #0x37	; 55	'7'
   0054 38                  129 	.db #0x38	; 56	'8'
   0055 39                  130 	.db #0x39	; 57	'9'
   0056 37                  131 	.db #0x37	; 55	'7'
   0057 38                  132 	.db #0x38	; 56	'8'
   0058 2F                  133 	.db #0x2f	; 47
   0059 30                  134 	.db #0x30	; 48	'0'
   005A 43                  135 	.db #0x43	; 67	'C'
   005B 44                  136 	.db #0x44	; 68	'D'
   005C 4B                  137 	.db #0x4b	; 75	'K'
   005D 4C                  138 	.db #0x4c	; 76	'L'
   005E 4D                  139 	.db #0x4d	; 77	'M'
   005F 4B                  140 	.db #0x4b	; 75	'K'
   0060 4C                  141 	.db #0x4c	; 76	'L'
   0061 4D                  142 	.db #0x4d	; 77	'M'
   0062 4B                  143 	.db #0x4b	; 75	'K'
   0063 4C                  144 	.db #0x4c	; 76	'L'
   0064 4D                  145 	.db #0x4d	; 77	'M'
   0065 4B                  146 	.db #0x4b	; 75	'K'
   0066 4C                  147 	.db #0x4c	; 76	'L'
   0067 4D                  148 	.db #0x4d	; 77	'M'
   0068 4B                  149 	.db #0x4b	; 75	'K'
   0069 4C                  150 	.db #0x4c	; 76	'L'
   006A 4D                  151 	.db #0x4d	; 77	'M'
   006B 4B                  152 	.db #0x4b	; 75	'K'
   006C 4C                  153 	.db #0x4c	; 76	'L'
   006D 4D                  154 	.db #0x4d	; 77	'M'
   006E 4B                  155 	.db #0x4b	; 75	'K'
   006F 4C                  156 	.db #0x4c	; 76	'L'
   0070 4D                  157 	.db #0x4d	; 77	'M'
   0071 4B                  158 	.db #0x4b	; 75	'K'
   0072 4C                  159 	.db #0x4c	; 76	'L'
   0073 4D                  160 	.db #0x4d	; 77	'M'
   0074 4B                  161 	.db #0x4b	; 75	'K'
   0075 4C                  162 	.db #0x4c	; 76	'L'
   0076 43                  163 	.db #0x43	; 67	'C'
   0077 44                  164 	.db #0x44	; 68	'D'
   0078 57                  165 	.db #0x57	; 87	'W'
   0079 58                  166 	.db #0x58	; 88	'X'
   007A 37                  167 	.db #0x37	; 55	'7'
   007B 38                  168 	.db #0x38	; 56	'8'
   007C 39                  169 	.db #0x39	; 57	'9'
   007D 37                  170 	.db #0x37	; 55	'7'
   007E 38                  171 	.db #0x38	; 56	'8'
   007F 39                  172 	.db #0x39	; 57	'9'
   0080 37                  173 	.db #0x37	; 55	'7'
   0081 38                  174 	.db #0x38	; 56	'8'
   0082 39                  175 	.db #0x39	; 57	'9'
   0083 37                  176 	.db #0x37	; 55	'7'
   0084 38                  177 	.db #0x38	; 56	'8'
   0085 39                  178 	.db #0x39	; 57	'9'
   0086 37                  179 	.db #0x37	; 55	'7'
   0087 38                  180 	.db #0x38	; 56	'8'
   0088 39                  181 	.db #0x39	; 57	'9'
   0089 37                  182 	.db #0x37	; 55	'7'
   008A 38                  183 	.db #0x38	; 56	'8'
   008B 39                  184 	.db #0x39	; 57	'9'
   008C 37                  185 	.db #0x37	; 55	'7'
   008D 38                  186 	.db #0x38	; 56	'8'
   008E 39                  187 	.db #0x39	; 57	'9'
   008F 37                  188 	.db #0x37	; 55	'7'
   0090 38                  189 	.db #0x38	; 56	'8'
   0091 39                  190 	.db #0x39	; 57	'9'
   0092 37                  191 	.db #0x37	; 55	'7'
   0093 38                  192 	.db #0x38	; 56	'8'
   0094 57                  193 	.db #0x57	; 87	'W'
   0095 58                  194 	.db #0x58	; 88	'X'
   0096 6B                  195 	.db #0x6b	; 107	'k'
   0097 6C                  196 	.db #0x6c	; 108	'l'
   0098 4B                  197 	.db #0x4b	; 75	'K'
   0099 4C                  198 	.db #0x4c	; 76	'L'
   009A 4D                  199 	.db #0x4d	; 77	'M'
   009B 4B                  200 	.db #0x4b	; 75	'K'
   009C 4C                  201 	.db #0x4c	; 76	'L'
   009D 4D                  202 	.db #0x4d	; 77	'M'
   009E 4B                  203 	.db #0x4b	; 75	'K'
   009F 4C                  204 	.db #0x4c	; 76	'L'
   00A0 4D                  205 	.db #0x4d	; 77	'M'
   00A1 4B                  206 	.db #0x4b	; 75	'K'
   00A2 4C                  207 	.db #0x4c	; 76	'L'
   00A3 4D                  208 	.db #0x4d	; 77	'M'
   00A4 4B                  209 	.db #0x4b	; 75	'K'
   00A5 4C                  210 	.db #0x4c	; 76	'L'
   00A6 4D                  211 	.db #0x4d	; 77	'M'
   00A7 4B                  212 	.db #0x4b	; 75	'K'
   00A8 4C                  213 	.db #0x4c	; 76	'L'
   00A9 4D                  214 	.db #0x4d	; 77	'M'
   00AA 4B                  215 	.db #0x4b	; 75	'K'
   00AB 4C                  216 	.db #0x4c	; 76	'L'
   00AC 4D                  217 	.db #0x4d	; 77	'M'
   00AD 4B                  218 	.db #0x4b	; 75	'K'
   00AE 4C                  219 	.db #0x4c	; 76	'L'
   00AF 4D                  220 	.db #0x4d	; 77	'M'
   00B0 4B                  221 	.db #0x4b	; 75	'K'
   00B1 4C                  222 	.db #0x4c	; 76	'L'
   00B2 6B                  223 	.db #0x6b	; 107	'k'
   00B3 6C                  224 	.db #0x6c	; 108	'l'
   00B4 2F                  225 	.db #0x2f	; 47
   00B5 30                  226 	.db #0x30	; 48	'0'
   00B6 37                  227 	.db #0x37	; 55	'7'
   00B7 38                  228 	.db #0x38	; 56	'8'
   00B8 39                  229 	.db #0x39	; 57	'9'
   00B9 37                  230 	.db #0x37	; 55	'7'
   00BA 38                  231 	.db #0x38	; 56	'8'
   00BB 39                  232 	.db #0x39	; 57	'9'
   00BC 37                  233 	.db #0x37	; 55	'7'
   00BD 38                  234 	.db #0x38	; 56	'8'
   00BE 39                  235 	.db #0x39	; 57	'9'
   00BF 37                  236 	.db #0x37	; 55	'7'
   00C0 38                  237 	.db #0x38	; 56	'8'
   00C1 39                  238 	.db #0x39	; 57	'9'
   00C2 37                  239 	.db #0x37	; 55	'7'
   00C3 38                  240 	.db #0x38	; 56	'8'
   00C4 39                  241 	.db #0x39	; 57	'9'
   00C5 37                  242 	.db #0x37	; 55	'7'
   00C6 38                  243 	.db #0x38	; 56	'8'
   00C7 39                  244 	.db #0x39	; 57	'9'
   00C8 37                  245 	.db #0x37	; 55	'7'
   00C9 38                  246 	.db #0x38	; 56	'8'
   00CA 39                  247 	.db #0x39	; 57	'9'
   00CB 37                  248 	.db #0x37	; 55	'7'
   00CC 38                  249 	.db #0x38	; 56	'8'
   00CD 39                  250 	.db #0x39	; 57	'9'
   00CE 37                  251 	.db #0x37	; 55	'7'
   00CF 38                  252 	.db #0x38	; 56	'8'
   00D0 2F                  253 	.db #0x2f	; 47
   00D1 30                  254 	.db #0x30	; 48	'0'
   00D2 43                  255 	.db #0x43	; 67	'C'
   00D3 44                  256 	.db #0x44	; 68	'D'
   00D4 4B                  257 	.db #0x4b	; 75	'K'
   00D5 4C                  258 	.db #0x4c	; 76	'L'
   00D6 4D                  259 	.db #0x4d	; 77	'M'
   00D7 4B                  260 	.db #0x4b	; 75	'K'
   00D8 4C                  261 	.db #0x4c	; 76	'L'
   00D9 4D                  262 	.db #0x4d	; 77	'M'
   00DA 4B                  263 	.db #0x4b	; 75	'K'
   00DB 4C                  264 	.db #0x4c	; 76	'L'
   00DC 4D                  265 	.db #0x4d	; 77	'M'
   00DD 4B                  266 	.db #0x4b	; 75	'K'
   00DE 4C                  267 	.db #0x4c	; 76	'L'
   00DF 4D                  268 	.db #0x4d	; 77	'M'
   00E0 4B                  269 	.db #0x4b	; 75	'K'
   00E1 4C                  270 	.db #0x4c	; 76	'L'
   00E2 4D                  271 	.db #0x4d	; 77	'M'
   00E3 4B                  272 	.db #0x4b	; 75	'K'
   00E4 4C                  273 	.db #0x4c	; 76	'L'
   00E5 4D                  274 	.db #0x4d	; 77	'M'
   00E6 4B                  275 	.db #0x4b	; 75	'K'
   00E7 4C                  276 	.db #0x4c	; 76	'L'
   00E8 4D                  277 	.db #0x4d	; 77	'M'
   00E9 4B                  278 	.db #0x4b	; 75	'K'
   00EA 4C                  279 	.db #0x4c	; 76	'L'
   00EB 4D                  280 	.db #0x4d	; 77	'M'
   00EC 4B                  281 	.db #0x4b	; 75	'K'
   00ED 4C                  282 	.db #0x4c	; 76	'L'
   00EE 43                  283 	.db #0x43	; 67	'C'
   00EF 44                  284 	.db #0x44	; 68	'D'
   00F0 57                  285 	.db #0x57	; 87	'W'
   00F1 58                  286 	.db #0x58	; 88	'X'
   00F2 37                  287 	.db #0x37	; 55	'7'
   00F3 38                  288 	.db #0x38	; 56	'8'
   00F4 39                  289 	.db #0x39	; 57	'9'
   00F5 37                  290 	.db #0x37	; 55	'7'
   00F6 38                  291 	.db #0x38	; 56	'8'
   00F7 39                  292 	.db #0x39	; 57	'9'
   00F8 37                  293 	.db #0x37	; 55	'7'
   00F9 38                  294 	.db #0x38	; 56	'8'
   00FA 39                  295 	.db #0x39	; 57	'9'
   00FB 37                  296 	.db #0x37	; 55	'7'
   00FC 38                  297 	.db #0x38	; 56	'8'
   00FD 39                  298 	.db #0x39	; 57	'9'
   00FE 37                  299 	.db #0x37	; 55	'7'
   00FF 38                  300 	.db #0x38	; 56	'8'
   0100 39                  301 	.db #0x39	; 57	'9'
   0101 37                  302 	.db #0x37	; 55	'7'
   0102 38                  303 	.db #0x38	; 56	'8'
   0103 39                  304 	.db #0x39	; 57	'9'
   0104 37                  305 	.db #0x37	; 55	'7'
   0105 38                  306 	.db #0x38	; 56	'8'
   0106 39                  307 	.db #0x39	; 57	'9'
   0107 37                  308 	.db #0x37	; 55	'7'
   0108 38                  309 	.db #0x38	; 56	'8'
   0109 39                  310 	.db #0x39	; 57	'9'
   010A 37                  311 	.db #0x37	; 55	'7'
   010B 38                  312 	.db #0x38	; 56	'8'
   010C 57                  313 	.db #0x57	; 87	'W'
   010D 58                  314 	.db #0x58	; 88	'X'
   010E 6B                  315 	.db #0x6b	; 107	'k'
   010F 6C                  316 	.db #0x6c	; 108	'l'
   0110 4B                  317 	.db #0x4b	; 75	'K'
   0111 4C                  318 	.db #0x4c	; 76	'L'
   0112 4D                  319 	.db #0x4d	; 77	'M'
   0113 4B                  320 	.db #0x4b	; 75	'K'
   0114 4C                  321 	.db #0x4c	; 76	'L'
   0115 4D                  322 	.db #0x4d	; 77	'M'
   0116 4B                  323 	.db #0x4b	; 75	'K'
   0117 4C                  324 	.db #0x4c	; 76	'L'
   0118 4D                  325 	.db #0x4d	; 77	'M'
   0119 4B                  326 	.db #0x4b	; 75	'K'
   011A 4C                  327 	.db #0x4c	; 76	'L'
   011B 4D                  328 	.db #0x4d	; 77	'M'
   011C 4B                  329 	.db #0x4b	; 75	'K'
   011D 4C                  330 	.db #0x4c	; 76	'L'
   011E 4D                  331 	.db #0x4d	; 77	'M'
   011F 4B                  332 	.db #0x4b	; 75	'K'
   0120 4C                  333 	.db #0x4c	; 76	'L'
   0121 4D                  334 	.db #0x4d	; 77	'M'
   0122 4B                  335 	.db #0x4b	; 75	'K'
   0123 4C                  336 	.db #0x4c	; 76	'L'
   0124 4D                  337 	.db #0x4d	; 77	'M'
   0125 4B                  338 	.db #0x4b	; 75	'K'
   0126 4C                  339 	.db #0x4c	; 76	'L'
   0127 4D                  340 	.db #0x4d	; 77	'M'
   0128 4B                  341 	.db #0x4b	; 75	'K'
   0129 4C                  342 	.db #0x4c	; 76	'L'
   012A 6B                  343 	.db #0x6b	; 107	'k'
   012B 6C                  344 	.db #0x6c	; 108	'l'
   012C 2F                  345 	.db #0x2f	; 47
   012D 30                  346 	.db #0x30	; 48	'0'
   012E 37                  347 	.db #0x37	; 55	'7'
   012F 38                  348 	.db #0x38	; 56	'8'
   0130 39                  349 	.db #0x39	; 57	'9'
   0131 37                  350 	.db #0x37	; 55	'7'
   0132 38                  351 	.db #0x38	; 56	'8'
   0133 39                  352 	.db #0x39	; 57	'9'
   0134 37                  353 	.db #0x37	; 55	'7'
   0135 38                  354 	.db #0x38	; 56	'8'
   0136 39                  355 	.db #0x39	; 57	'9'
   0137 37                  356 	.db #0x37	; 55	'7'
   0138 38                  357 	.db #0x38	; 56	'8'
   0139 39                  358 	.db #0x39	; 57	'9'
   013A 37                  359 	.db #0x37	; 55	'7'
   013B 38                  360 	.db #0x38	; 56	'8'
   013C 39                  361 	.db #0x39	; 57	'9'
   013D 37                  362 	.db #0x37	; 55	'7'
   013E 38                  363 	.db #0x38	; 56	'8'
   013F 39                  364 	.db #0x39	; 57	'9'
   0140 37                  365 	.db #0x37	; 55	'7'
   0141 38                  366 	.db #0x38	; 56	'8'
   0142 39                  367 	.db #0x39	; 57	'9'
   0143 37                  368 	.db #0x37	; 55	'7'
   0144 38                  369 	.db #0x38	; 56	'8'
   0145 39                  370 	.db #0x39	; 57	'9'
   0146 37                  371 	.db #0x37	; 55	'7'
   0147 38                  372 	.db #0x38	; 56	'8'
   0148 2F                  373 	.db #0x2f	; 47
   0149 30                  374 	.db #0x30	; 48	'0'
   014A 43                  375 	.db #0x43	; 67	'C'
   014B 44                  376 	.db #0x44	; 68	'D'
   014C 4B                  377 	.db #0x4b	; 75	'K'
   014D 4C                  378 	.db #0x4c	; 76	'L'
   014E 4D                  379 	.db #0x4d	; 77	'M'
   014F 4B                  380 	.db #0x4b	; 75	'K'
   0150 4C                  381 	.db #0x4c	; 76	'L'
   0151 4D                  382 	.db #0x4d	; 77	'M'
   0152 4B                  383 	.db #0x4b	; 75	'K'
   0153 4C                  384 	.db #0x4c	; 76	'L'
   0154 4D                  385 	.db #0x4d	; 77	'M'
   0155 4B                  386 	.db #0x4b	; 75	'K'
   0156 4C                  387 	.db #0x4c	; 76	'L'
   0157 4D                  388 	.db #0x4d	; 77	'M'
   0158 4B                  389 	.db #0x4b	; 75	'K'
   0159 4C                  390 	.db #0x4c	; 76	'L'
   015A 4D                  391 	.db #0x4d	; 77	'M'
   015B 4B                  392 	.db #0x4b	; 75	'K'
   015C 4C                  393 	.db #0x4c	; 76	'L'
   015D 4D                  394 	.db #0x4d	; 77	'M'
   015E 4B                  395 	.db #0x4b	; 75	'K'
   015F 4C                  396 	.db #0x4c	; 76	'L'
   0160 4D                  397 	.db #0x4d	; 77	'M'
   0161 4B                  398 	.db #0x4b	; 75	'K'
   0162 4C                  399 	.db #0x4c	; 76	'L'
   0163 4D                  400 	.db #0x4d	; 77	'M'
   0164 4B                  401 	.db #0x4b	; 75	'K'
   0165 4C                  402 	.db #0x4c	; 76	'L'
   0166 43                  403 	.db #0x43	; 67	'C'
   0167 44                  404 	.db #0x44	; 68	'D'
   0168 57                  405 	.db #0x57	; 87	'W'
   0169 58                  406 	.db #0x58	; 88	'X'
   016A 37                  407 	.db #0x37	; 55	'7'
   016B 38                  408 	.db #0x38	; 56	'8'
   016C 39                  409 	.db #0x39	; 57	'9'
   016D 37                  410 	.db #0x37	; 55	'7'
   016E 38                  411 	.db #0x38	; 56	'8'
   016F 39                  412 	.db #0x39	; 57	'9'
   0170 37                  413 	.db #0x37	; 55	'7'
   0171 38                  414 	.db #0x38	; 56	'8'
   0172 39                  415 	.db #0x39	; 57	'9'
   0173 37                  416 	.db #0x37	; 55	'7'
   0174 38                  417 	.db #0x38	; 56	'8'
   0175 39                  418 	.db #0x39	; 57	'9'
   0176 37                  419 	.db #0x37	; 55	'7'
   0177 38                  420 	.db #0x38	; 56	'8'
   0178 39                  421 	.db #0x39	; 57	'9'
   0179 37                  422 	.db #0x37	; 55	'7'
   017A 38                  423 	.db #0x38	; 56	'8'
   017B 39                  424 	.db #0x39	; 57	'9'
   017C 37                  425 	.db #0x37	; 55	'7'
   017D 38                  426 	.db #0x38	; 56	'8'
   017E 39                  427 	.db #0x39	; 57	'9'
   017F 37                  428 	.db #0x37	; 55	'7'
   0180 38                  429 	.db #0x38	; 56	'8'
   0181 39                  430 	.db #0x39	; 57	'9'
   0182 37                  431 	.db #0x37	; 55	'7'
   0183 38                  432 	.db #0x38	; 56	'8'
   0184 57                  433 	.db #0x57	; 87	'W'
   0185 58                  434 	.db #0x58	; 88	'X'
   0186 6B                  435 	.db #0x6b	; 107	'k'
   0187 6C                  436 	.db #0x6c	; 108	'l'
   0188 4B                  437 	.db #0x4b	; 75	'K'
   0189 4C                  438 	.db #0x4c	; 76	'L'
   018A 4D                  439 	.db #0x4d	; 77	'M'
   018B 4B                  440 	.db #0x4b	; 75	'K'
   018C 4C                  441 	.db #0x4c	; 76	'L'
   018D 4D                  442 	.db #0x4d	; 77	'M'
   018E 4B                  443 	.db #0x4b	; 75	'K'
   018F 4C                  444 	.db #0x4c	; 76	'L'
   0190 4D                  445 	.db #0x4d	; 77	'M'
   0191 4B                  446 	.db #0x4b	; 75	'K'
   0192 4C                  447 	.db #0x4c	; 76	'L'
   0193 4D                  448 	.db #0x4d	; 77	'M'
   0194 4B                  449 	.db #0x4b	; 75	'K'
   0195 4C                  450 	.db #0x4c	; 76	'L'
   0196 4D                  451 	.db #0x4d	; 77	'M'
   0197 4B                  452 	.db #0x4b	; 75	'K'
   0198 4C                  453 	.db #0x4c	; 76	'L'
   0199 4D                  454 	.db #0x4d	; 77	'M'
   019A 4B                  455 	.db #0x4b	; 75	'K'
   019B 4C                  456 	.db #0x4c	; 76	'L'
   019C 4D                  457 	.db #0x4d	; 77	'M'
   019D 4B                  458 	.db #0x4b	; 75	'K'
   019E 4C                  459 	.db #0x4c	; 76	'L'
   019F 4D                  460 	.db #0x4d	; 77	'M'
   01A0 4B                  461 	.db #0x4b	; 75	'K'
   01A1 4C                  462 	.db #0x4c	; 76	'L'
   01A2 6B                  463 	.db #0x6b	; 107	'k'
   01A3 6C                  464 	.db #0x6c	; 108	'l'
   01A4 2F                  465 	.db #0x2f	; 47
   01A5 30                  466 	.db #0x30	; 48	'0'
   01A6 37                  467 	.db #0x37	; 55	'7'
   01A7 38                  468 	.db #0x38	; 56	'8'
   01A8 39                  469 	.db #0x39	; 57	'9'
   01A9 37                  470 	.db #0x37	; 55	'7'
   01AA 38                  471 	.db #0x38	; 56	'8'
   01AB 39                  472 	.db #0x39	; 57	'9'
   01AC 37                  473 	.db #0x37	; 55	'7'
   01AD 38                  474 	.db #0x38	; 56	'8'
   01AE 39                  475 	.db #0x39	; 57	'9'
   01AF 37                  476 	.db #0x37	; 55	'7'
   01B0 38                  477 	.db #0x38	; 56	'8'
   01B1 39                  478 	.db #0x39	; 57	'9'
   01B2 37                  479 	.db #0x37	; 55	'7'
   01B3 38                  480 	.db #0x38	; 56	'8'
   01B4 39                  481 	.db #0x39	; 57	'9'
   01B5 37                  482 	.db #0x37	; 55	'7'
   01B6 38                  483 	.db #0x38	; 56	'8'
   01B7 39                  484 	.db #0x39	; 57	'9'
   01B8 37                  485 	.db #0x37	; 55	'7'
   01B9 38                  486 	.db #0x38	; 56	'8'
   01BA 39                  487 	.db #0x39	; 57	'9'
   01BB 37                  488 	.db #0x37	; 55	'7'
   01BC 38                  489 	.db #0x38	; 56	'8'
   01BD 39                  490 	.db #0x39	; 57	'9'
   01BE 37                  491 	.db #0x37	; 55	'7'
   01BF 38                  492 	.db #0x38	; 56	'8'
   01C0 2F                  493 	.db #0x2f	; 47
   01C1 30                  494 	.db #0x30	; 48	'0'
   01C2 43                  495 	.db #0x43	; 67	'C'
   01C3 44                  496 	.db #0x44	; 68	'D'
   01C4 4B                  497 	.db #0x4b	; 75	'K'
   01C5 4C                  498 	.db #0x4c	; 76	'L'
   01C6 4D                  499 	.db #0x4d	; 77	'M'
   01C7 4B                  500 	.db #0x4b	; 75	'K'
   01C8 4C                  501 	.db #0x4c	; 76	'L'
   01C9 4D                  502 	.db #0x4d	; 77	'M'
   01CA 4B                  503 	.db #0x4b	; 75	'K'
   01CB 4C                  504 	.db #0x4c	; 76	'L'
   01CC 4D                  505 	.db #0x4d	; 77	'M'
   01CD 4B                  506 	.db #0x4b	; 75	'K'
   01CE 4C                  507 	.db #0x4c	; 76	'L'
   01CF 4D                  508 	.db #0x4d	; 77	'M'
   01D0 4B                  509 	.db #0x4b	; 75	'K'
   01D1 4C                  510 	.db #0x4c	; 76	'L'
   01D2 4D                  511 	.db #0x4d	; 77	'M'
   01D3 4B                  512 	.db #0x4b	; 75	'K'
   01D4 4C                  513 	.db #0x4c	; 76	'L'
   01D5 4D                  514 	.db #0x4d	; 77	'M'
   01D6 4B                  515 	.db #0x4b	; 75	'K'
   01D7 4C                  516 	.db #0x4c	; 76	'L'
   01D8 4D                  517 	.db #0x4d	; 77	'M'
   01D9 4B                  518 	.db #0x4b	; 75	'K'
   01DA 4C                  519 	.db #0x4c	; 76	'L'
   01DB 4D                  520 	.db #0x4d	; 77	'M'
   01DC 4B                  521 	.db #0x4b	; 75	'K'
   01DD 4C                  522 	.db #0x4c	; 76	'L'
   01DE 43                  523 	.db #0x43	; 67	'C'
   01DF 44                  524 	.db #0x44	; 68	'D'
   01E0 57                  525 	.db #0x57	; 87	'W'
   01E1 58                  526 	.db #0x58	; 88	'X'
   01E2 37                  527 	.db #0x37	; 55	'7'
   01E3 38                  528 	.db #0x38	; 56	'8'
   01E4 39                  529 	.db #0x39	; 57	'9'
   01E5 37                  530 	.db #0x37	; 55	'7'
   01E6 38                  531 	.db #0x38	; 56	'8'
   01E7 39                  532 	.db #0x39	; 57	'9'
   01E8 37                  533 	.db #0x37	; 55	'7'
   01E9 38                  534 	.db #0x38	; 56	'8'
   01EA 39                  535 	.db #0x39	; 57	'9'
   01EB 37                  536 	.db #0x37	; 55	'7'
   01EC 38                  537 	.db #0x38	; 56	'8'
   01ED 39                  538 	.db #0x39	; 57	'9'
   01EE 37                  539 	.db #0x37	; 55	'7'
   01EF 38                  540 	.db #0x38	; 56	'8'
   01F0 39                  541 	.db #0x39	; 57	'9'
   01F1 37                  542 	.db #0x37	; 55	'7'
   01F2 38                  543 	.db #0x38	; 56	'8'
   01F3 39                  544 	.db #0x39	; 57	'9'
   01F4 37                  545 	.db #0x37	; 55	'7'
   01F5 38                  546 	.db #0x38	; 56	'8'
   01F6 39                  547 	.db #0x39	; 57	'9'
   01F7 37                  548 	.db #0x37	; 55	'7'
   01F8 38                  549 	.db #0x38	; 56	'8'
   01F9 39                  550 	.db #0x39	; 57	'9'
   01FA 37                  551 	.db #0x37	; 55	'7'
   01FB 38                  552 	.db #0x38	; 56	'8'
   01FC 57                  553 	.db #0x57	; 87	'W'
   01FD 58                  554 	.db #0x58	; 88	'X'
   01FE 6B                  555 	.db #0x6b	; 107	'k'
   01FF 6C                  556 	.db #0x6c	; 108	'l'
   0200 4B                  557 	.db #0x4b	; 75	'K'
   0201 4C                  558 	.db #0x4c	; 76	'L'
   0202 4D                  559 	.db #0x4d	; 77	'M'
   0203 4B                  560 	.db #0x4b	; 75	'K'
   0204 4C                  561 	.db #0x4c	; 76	'L'
   0205 4D                  562 	.db #0x4d	; 77	'M'
   0206 4B                  563 	.db #0x4b	; 75	'K'
   0207 4C                  564 	.db #0x4c	; 76	'L'
   0208 4D                  565 	.db #0x4d	; 77	'M'
   0209 4B                  566 	.db #0x4b	; 75	'K'
   020A 4C                  567 	.db #0x4c	; 76	'L'
   020B 4D                  568 	.db #0x4d	; 77	'M'
   020C 4B                  569 	.db #0x4b	; 75	'K'
   020D 4C                  570 	.db #0x4c	; 76	'L'
   020E 4D                  571 	.db #0x4d	; 77	'M'
   020F 4B                  572 	.db #0x4b	; 75	'K'
   0210 4C                  573 	.db #0x4c	; 76	'L'
   0211 4D                  574 	.db #0x4d	; 77	'M'
   0212 4B                  575 	.db #0x4b	; 75	'K'
   0213 4C                  576 	.db #0x4c	; 76	'L'
   0214 4D                  577 	.db #0x4d	; 77	'M'
   0215 4B                  578 	.db #0x4b	; 75	'K'
   0216 4C                  579 	.db #0x4c	; 76	'L'
   0217 4D                  580 	.db #0x4d	; 77	'M'
   0218 4B                  581 	.db #0x4b	; 75	'K'
   0219 4C                  582 	.db #0x4c	; 76	'L'
   021A 6B                  583 	.db #0x6b	; 107	'k'
   021B 6C                  584 	.db #0x6c	; 108	'l'
   021C 2F                  585 	.db #0x2f	; 47
   021D 30                  586 	.db #0x30	; 48	'0'
   021E 37                  587 	.db #0x37	; 55	'7'
   021F 38                  588 	.db #0x38	; 56	'8'
   0220 39                  589 	.db #0x39	; 57	'9'
   0221 37                  590 	.db #0x37	; 55	'7'
   0222 38                  591 	.db #0x38	; 56	'8'
   0223 39                  592 	.db #0x39	; 57	'9'
   0224 37                  593 	.db #0x37	; 55	'7'
   0225 38                  594 	.db #0x38	; 56	'8'
   0226 39                  595 	.db #0x39	; 57	'9'
   0227 37                  596 	.db #0x37	; 55	'7'
   0228 38                  597 	.db #0x38	; 56	'8'
   0229 39                  598 	.db #0x39	; 57	'9'
   022A 37                  599 	.db #0x37	; 55	'7'
   022B 38                  600 	.db #0x38	; 56	'8'
   022C 39                  601 	.db #0x39	; 57	'9'
   022D 37                  602 	.db #0x37	; 55	'7'
   022E 38                  603 	.db #0x38	; 56	'8'
   022F 39                  604 	.db #0x39	; 57	'9'
   0230 37                  605 	.db #0x37	; 55	'7'
   0231 38                  606 	.db #0x38	; 56	'8'
   0232 39                  607 	.db #0x39	; 57	'9'
   0233 37                  608 	.db #0x37	; 55	'7'
   0234 38                  609 	.db #0x38	; 56	'8'
   0235 39                  610 	.db #0x39	; 57	'9'
   0236 37                  611 	.db #0x37	; 55	'7'
   0237 38                  612 	.db #0x38	; 56	'8'
   0238 2F                  613 	.db #0x2f	; 47
   0239 30                  614 	.db #0x30	; 48	'0'
   023A 43                  615 	.db #0x43	; 67	'C'
   023B 44                  616 	.db #0x44	; 68	'D'
   023C 4B                  617 	.db #0x4b	; 75	'K'
   023D 4C                  618 	.db #0x4c	; 76	'L'
   023E 4D                  619 	.db #0x4d	; 77	'M'
   023F 4B                  620 	.db #0x4b	; 75	'K'
   0240 4C                  621 	.db #0x4c	; 76	'L'
   0241 4D                  622 	.db #0x4d	; 77	'M'
   0242 4B                  623 	.db #0x4b	; 75	'K'
   0243 4C                  624 	.db #0x4c	; 76	'L'
   0244 4D                  625 	.db #0x4d	; 77	'M'
   0245 4B                  626 	.db #0x4b	; 75	'K'
   0246 4C                  627 	.db #0x4c	; 76	'L'
   0247 4D                  628 	.db #0x4d	; 77	'M'
   0248 4B                  629 	.db #0x4b	; 75	'K'
   0249 4C                  630 	.db #0x4c	; 76	'L'
   024A 4D                  631 	.db #0x4d	; 77	'M'
   024B 4B                  632 	.db #0x4b	; 75	'K'
   024C 4C                  633 	.db #0x4c	; 76	'L'
   024D 4D                  634 	.db #0x4d	; 77	'M'
   024E 4B                  635 	.db #0x4b	; 75	'K'
   024F 4C                  636 	.db #0x4c	; 76	'L'
   0250 4D                  637 	.db #0x4d	; 77	'M'
   0251 4B                  638 	.db #0x4b	; 75	'K'
   0252 4C                  639 	.db #0x4c	; 76	'L'
   0253 4D                  640 	.db #0x4d	; 77	'M'
   0254 4B                  641 	.db #0x4b	; 75	'K'
   0255 4C                  642 	.db #0x4c	; 76	'L'
   0256 43                  643 	.db #0x43	; 67	'C'
   0257 44                  644 	.db #0x44	; 68	'D'
   0258 57                  645 	.db #0x57	; 87	'W'
   0259 58                  646 	.db #0x58	; 88	'X'
   025A 37                  647 	.db #0x37	; 55	'7'
   025B 38                  648 	.db #0x38	; 56	'8'
   025C 39                  649 	.db #0x39	; 57	'9'
   025D 37                  650 	.db #0x37	; 55	'7'
   025E 38                  651 	.db #0x38	; 56	'8'
   025F 39                  652 	.db #0x39	; 57	'9'
   0260 37                  653 	.db #0x37	; 55	'7'
   0261 38                  654 	.db #0x38	; 56	'8'
   0262 39                  655 	.db #0x39	; 57	'9'
   0263 37                  656 	.db #0x37	; 55	'7'
   0264 38                  657 	.db #0x38	; 56	'8'
   0265 39                  658 	.db #0x39	; 57	'9'
   0266 37                  659 	.db #0x37	; 55	'7'
   0267 38                  660 	.db #0x38	; 56	'8'
   0268 39                  661 	.db #0x39	; 57	'9'
   0269 37                  662 	.db #0x37	; 55	'7'
   026A 38                  663 	.db #0x38	; 56	'8'
   026B 39                  664 	.db #0x39	; 57	'9'
   026C 37                  665 	.db #0x37	; 55	'7'
   026D 38                  666 	.db #0x38	; 56	'8'
   026E 39                  667 	.db #0x39	; 57	'9'
   026F 37                  668 	.db #0x37	; 55	'7'
   0270 38                  669 	.db #0x38	; 56	'8'
   0271 39                  670 	.db #0x39	; 57	'9'
   0272 37                  671 	.db #0x37	; 55	'7'
   0273 38                  672 	.db #0x38	; 56	'8'
   0274 57                  673 	.db #0x57	; 87	'W'
   0275 58                  674 	.db #0x58	; 88	'X'
   0276 6B                  675 	.db #0x6b	; 107	'k'
   0277 6C                  676 	.db #0x6c	; 108	'l'
   0278 4B                  677 	.db #0x4b	; 75	'K'
   0279 4C                  678 	.db #0x4c	; 76	'L'
   027A 4D                  679 	.db #0x4d	; 77	'M'
   027B 4B                  680 	.db #0x4b	; 75	'K'
   027C 4C                  681 	.db #0x4c	; 76	'L'
   027D 4D                  682 	.db #0x4d	; 77	'M'
   027E 4B                  683 	.db #0x4b	; 75	'K'
   027F 4C                  684 	.db #0x4c	; 76	'L'
   0280 4D                  685 	.db #0x4d	; 77	'M'
   0281 4B                  686 	.db #0x4b	; 75	'K'
   0282 4C                  687 	.db #0x4c	; 76	'L'
   0283 4D                  688 	.db #0x4d	; 77	'M'
   0284 4B                  689 	.db #0x4b	; 75	'K'
   0285 4C                  690 	.db #0x4c	; 76	'L'
   0286 4D                  691 	.db #0x4d	; 77	'M'
   0287 4B                  692 	.db #0x4b	; 75	'K'
   0288 4C                  693 	.db #0x4c	; 76	'L'
   0289 4D                  694 	.db #0x4d	; 77	'M'
   028A 4B                  695 	.db #0x4b	; 75	'K'
   028B 4C                  696 	.db #0x4c	; 76	'L'
   028C 4D                  697 	.db #0x4d	; 77	'M'
   028D 4B                  698 	.db #0x4b	; 75	'K'
   028E 4C                  699 	.db #0x4c	; 76	'L'
   028F 4D                  700 	.db #0x4d	; 77	'M'
   0290 4B                  701 	.db #0x4b	; 75	'K'
   0291 4C                  702 	.db #0x4c	; 76	'L'
   0292 6B                  703 	.db #0x6b	; 107	'k'
   0293 6C                  704 	.db #0x6c	; 108	'l'
   0294 2F                  705 	.db #0x2f	; 47
   0295 30                  706 	.db #0x30	; 48	'0'
   0296 37                  707 	.db #0x37	; 55	'7'
   0297 38                  708 	.db #0x38	; 56	'8'
   0298 39                  709 	.db #0x39	; 57	'9'
   0299 37                  710 	.db #0x37	; 55	'7'
   029A 38                  711 	.db #0x38	; 56	'8'
   029B 39                  712 	.db #0x39	; 57	'9'
   029C 37                  713 	.db #0x37	; 55	'7'
   029D 38                  714 	.db #0x38	; 56	'8'
   029E 39                  715 	.db #0x39	; 57	'9'
   029F 37                  716 	.db #0x37	; 55	'7'
   02A0 38                  717 	.db #0x38	; 56	'8'
   02A1 39                  718 	.db #0x39	; 57	'9'
   02A2 37                  719 	.db #0x37	; 55	'7'
   02A3 38                  720 	.db #0x38	; 56	'8'
   02A4 39                  721 	.db #0x39	; 57	'9'
   02A5 37                  722 	.db #0x37	; 55	'7'
   02A6 38                  723 	.db #0x38	; 56	'8'
   02A7 39                  724 	.db #0x39	; 57	'9'
   02A8 37                  725 	.db #0x37	; 55	'7'
   02A9 38                  726 	.db #0x38	; 56	'8'
   02AA 39                  727 	.db #0x39	; 57	'9'
   02AB 37                  728 	.db #0x37	; 55	'7'
   02AC 38                  729 	.db #0x38	; 56	'8'
   02AD 39                  730 	.db #0x39	; 57	'9'
   02AE 37                  731 	.db #0x37	; 55	'7'
   02AF 38                  732 	.db #0x38	; 56	'8'
   02B0 2F                  733 	.db #0x2f	; 47
   02B1 30                  734 	.db #0x30	; 48	'0'
   02B2 43                  735 	.db #0x43	; 67	'C'
   02B3 44                  736 	.db #0x44	; 68	'D'
   02B4 4B                  737 	.db #0x4b	; 75	'K'
   02B5 4C                  738 	.db #0x4c	; 76	'L'
   02B6 4D                  739 	.db #0x4d	; 77	'M'
   02B7 4B                  740 	.db #0x4b	; 75	'K'
   02B8 4C                  741 	.db #0x4c	; 76	'L'
   02B9 4D                  742 	.db #0x4d	; 77	'M'
   02BA 4B                  743 	.db #0x4b	; 75	'K'
   02BB 4C                  744 	.db #0x4c	; 76	'L'
   02BC 4D                  745 	.db #0x4d	; 77	'M'
   02BD 4B                  746 	.db #0x4b	; 75	'K'
   02BE 4C                  747 	.db #0x4c	; 76	'L'
   02BF 4D                  748 	.db #0x4d	; 77	'M'
   02C0 4B                  749 	.db #0x4b	; 75	'K'
   02C1 4C                  750 	.db #0x4c	; 76	'L'
   02C2 4D                  751 	.db #0x4d	; 77	'M'
   02C3 4B                  752 	.db #0x4b	; 75	'K'
   02C4 4C                  753 	.db #0x4c	; 76	'L'
   02C5 4D                  754 	.db #0x4d	; 77	'M'
   02C6 4B                  755 	.db #0x4b	; 75	'K'
   02C7 4C                  756 	.db #0x4c	; 76	'L'
   02C8 4D                  757 	.db #0x4d	; 77	'M'
   02C9 4B                  758 	.db #0x4b	; 75	'K'
   02CA 4C                  759 	.db #0x4c	; 76	'L'
   02CB 4D                  760 	.db #0x4d	; 77	'M'
   02CC 4B                  761 	.db #0x4b	; 75	'K'
   02CD 4C                  762 	.db #0x4c	; 76	'L'
   02CE 43                  763 	.db #0x43	; 67	'C'
   02CF 44                  764 	.db #0x44	; 68	'D'
   02D0 57                  765 	.db #0x57	; 87	'W'
   02D1 58                  766 	.db #0x58	; 88	'X'
   02D2 37                  767 	.db #0x37	; 55	'7'
   02D3 38                  768 	.db #0x38	; 56	'8'
   02D4 39                  769 	.db #0x39	; 57	'9'
   02D5 37                  770 	.db #0x37	; 55	'7'
   02D6 38                  771 	.db #0x38	; 56	'8'
   02D7 39                  772 	.db #0x39	; 57	'9'
   02D8 37                  773 	.db #0x37	; 55	'7'
   02D9 38                  774 	.db #0x38	; 56	'8'
   02DA 39                  775 	.db #0x39	; 57	'9'
   02DB 37                  776 	.db #0x37	; 55	'7'
   02DC 38                  777 	.db #0x38	; 56	'8'
   02DD 39                  778 	.db #0x39	; 57	'9'
   02DE 37                  779 	.db #0x37	; 55	'7'
   02DF 38                  780 	.db #0x38	; 56	'8'
   02E0 39                  781 	.db #0x39	; 57	'9'
   02E1 37                  782 	.db #0x37	; 55	'7'
   02E2 38                  783 	.db #0x38	; 56	'8'
   02E3 39                  784 	.db #0x39	; 57	'9'
   02E4 37                  785 	.db #0x37	; 55	'7'
   02E5 38                  786 	.db #0x38	; 56	'8'
   02E6 39                  787 	.db #0x39	; 57	'9'
   02E7 37                  788 	.db #0x37	; 55	'7'
   02E8 38                  789 	.db #0x38	; 56	'8'
   02E9 39                  790 	.db #0x39	; 57	'9'
   02EA 37                  791 	.db #0x37	; 55	'7'
   02EB 38                  792 	.db #0x38	; 56	'8'
   02EC 57                  793 	.db #0x57	; 87	'W'
   02ED 58                  794 	.db #0x58	; 88	'X'
   02EE 6B                  795 	.db #0x6b	; 107	'k'
   02EF 6C                  796 	.db #0x6c	; 108	'l'
   02F0 4B                  797 	.db #0x4b	; 75	'K'
   02F1 4C                  798 	.db #0x4c	; 76	'L'
   02F2 4D                  799 	.db #0x4d	; 77	'M'
   02F3 4B                  800 	.db #0x4b	; 75	'K'
   02F4 4C                  801 	.db #0x4c	; 76	'L'
   02F5 4D                  802 	.db #0x4d	; 77	'M'
   02F6 4B                  803 	.db #0x4b	; 75	'K'
   02F7 4C                  804 	.db #0x4c	; 76	'L'
   02F8 4D                  805 	.db #0x4d	; 77	'M'
   02F9 4B                  806 	.db #0x4b	; 75	'K'
   02FA 4C                  807 	.db #0x4c	; 76	'L'
   02FB 4D                  808 	.db #0x4d	; 77	'M'
   02FC 4B                  809 	.db #0x4b	; 75	'K'
   02FD 4C                  810 	.db #0x4c	; 76	'L'
   02FE 4D                  811 	.db #0x4d	; 77	'M'
   02FF 4B                  812 	.db #0x4b	; 75	'K'
   0300 4C                  813 	.db #0x4c	; 76	'L'
   0301 4D                  814 	.db #0x4d	; 77	'M'
   0302 4B                  815 	.db #0x4b	; 75	'K'
   0303 4C                  816 	.db #0x4c	; 76	'L'
   0304 4D                  817 	.db #0x4d	; 77	'M'
   0305 4B                  818 	.db #0x4b	; 75	'K'
   0306 4C                  819 	.db #0x4c	; 76	'L'
   0307 4D                  820 	.db #0x4d	; 77	'M'
   0308 4B                  821 	.db #0x4b	; 75	'K'
   0309 4C                  822 	.db #0x4c	; 76	'L'
   030A 6B                  823 	.db #0x6b	; 107	'k'
   030B 6C                  824 	.db #0x6c	; 108	'l'
   030C 2F                  825 	.db #0x2f	; 47
   030D 30                  826 	.db #0x30	; 48	'0'
   030E 37                  827 	.db #0x37	; 55	'7'
   030F 38                  828 	.db #0x38	; 56	'8'
   0310 39                  829 	.db #0x39	; 57	'9'
   0311 37                  830 	.db #0x37	; 55	'7'
   0312 38                  831 	.db #0x38	; 56	'8'
   0313 39                  832 	.db #0x39	; 57	'9'
   0314 37                  833 	.db #0x37	; 55	'7'
   0315 38                  834 	.db #0x38	; 56	'8'
   0316 39                  835 	.db #0x39	; 57	'9'
   0317 37                  836 	.db #0x37	; 55	'7'
   0318 38                  837 	.db #0x38	; 56	'8'
   0319 39                  838 	.db #0x39	; 57	'9'
   031A 37                  839 	.db #0x37	; 55	'7'
   031B 38                  840 	.db #0x38	; 56	'8'
   031C 39                  841 	.db #0x39	; 57	'9'
   031D 37                  842 	.db #0x37	; 55	'7'
   031E 38                  843 	.db #0x38	; 56	'8'
   031F 39                  844 	.db #0x39	; 57	'9'
   0320 37                  845 	.db #0x37	; 55	'7'
   0321 38                  846 	.db #0x38	; 56	'8'
   0322 39                  847 	.db #0x39	; 57	'9'
   0323 37                  848 	.db #0x37	; 55	'7'
   0324 38                  849 	.db #0x38	; 56	'8'
   0325 39                  850 	.db #0x39	; 57	'9'
   0326 37                  851 	.db #0x37	; 55	'7'
   0327 38                  852 	.db #0x38	; 56	'8'
   0328 2F                  853 	.db #0x2f	; 47
   0329 30                  854 	.db #0x30	; 48	'0'
   032A 43                  855 	.db #0x43	; 67	'C'
   032B 44                  856 	.db #0x44	; 68	'D'
   032C 4B                  857 	.db #0x4b	; 75	'K'
   032D 4C                  858 	.db #0x4c	; 76	'L'
   032E 4D                  859 	.db #0x4d	; 77	'M'
   032F 4B                  860 	.db #0x4b	; 75	'K'
   0330 4C                  861 	.db #0x4c	; 76	'L'
   0331 4D                  862 	.db #0x4d	; 77	'M'
   0332 4B                  863 	.db #0x4b	; 75	'K'
   0333 4C                  864 	.db #0x4c	; 76	'L'
   0334 4D                  865 	.db #0x4d	; 77	'M'
   0335 4B                  866 	.db #0x4b	; 75	'K'
   0336 4C                  867 	.db #0x4c	; 76	'L'
   0337 4D                  868 	.db #0x4d	; 77	'M'
   0338 4B                  869 	.db #0x4b	; 75	'K'
   0339 4C                  870 	.db #0x4c	; 76	'L'
   033A 4D                  871 	.db #0x4d	; 77	'M'
   033B 4B                  872 	.db #0x4b	; 75	'K'
   033C 4C                  873 	.db #0x4c	; 76	'L'
   033D 4D                  874 	.db #0x4d	; 77	'M'
   033E 4B                  875 	.db #0x4b	; 75	'K'
   033F 4C                  876 	.db #0x4c	; 76	'L'
   0340 4D                  877 	.db #0x4d	; 77	'M'
   0341 4B                  878 	.db #0x4b	; 75	'K'
   0342 4C                  879 	.db #0x4c	; 76	'L'
   0343 4D                  880 	.db #0x4d	; 77	'M'
   0344 4B                  881 	.db #0x4b	; 75	'K'
   0345 4C                  882 	.db #0x4c	; 76	'L'
   0346 43                  883 	.db #0x43	; 67	'C'
   0347 44                  884 	.db #0x44	; 68	'D'
   0348 57                  885 	.db #0x57	; 87	'W'
   0349 58                  886 	.db #0x58	; 88	'X'
   034A 37                  887 	.db #0x37	; 55	'7'
   034B 38                  888 	.db #0x38	; 56	'8'
   034C 39                  889 	.db #0x39	; 57	'9'
   034D 37                  890 	.db #0x37	; 55	'7'
   034E 38                  891 	.db #0x38	; 56	'8'
   034F 39                  892 	.db #0x39	; 57	'9'
   0350 37                  893 	.db #0x37	; 55	'7'
   0351 38                  894 	.db #0x38	; 56	'8'
   0352 39                  895 	.db #0x39	; 57	'9'
   0353 37                  896 	.db #0x37	; 55	'7'
   0354 38                  897 	.db #0x38	; 56	'8'
   0355 39                  898 	.db #0x39	; 57	'9'
   0356 37                  899 	.db #0x37	; 55	'7'
   0357 38                  900 	.db #0x38	; 56	'8'
   0358 39                  901 	.db #0x39	; 57	'9'
   0359 37                  902 	.db #0x37	; 55	'7'
   035A 38                  903 	.db #0x38	; 56	'8'
   035B 39                  904 	.db #0x39	; 57	'9'
   035C 37                  905 	.db #0x37	; 55	'7'
   035D 38                  906 	.db #0x38	; 56	'8'
   035E 39                  907 	.db #0x39	; 57	'9'
   035F 37                  908 	.db #0x37	; 55	'7'
   0360 38                  909 	.db #0x38	; 56	'8'
   0361 39                  910 	.db #0x39	; 57	'9'
   0362 37                  911 	.db #0x37	; 55	'7'
   0363 38                  912 	.db #0x38	; 56	'8'
   0364 57                  913 	.db #0x57	; 87	'W'
   0365 58                  914 	.db #0x58	; 88	'X'
   0366 6B                  915 	.db #0x6b	; 107	'k'
   0367 6C                  916 	.db #0x6c	; 108	'l'
   0368 4B                  917 	.db #0x4b	; 75	'K'
   0369 4C                  918 	.db #0x4c	; 76	'L'
   036A 4D                  919 	.db #0x4d	; 77	'M'
   036B 4B                  920 	.db #0x4b	; 75	'K'
   036C 4C                  921 	.db #0x4c	; 76	'L'
   036D 4D                  922 	.db #0x4d	; 77	'M'
   036E 4B                  923 	.db #0x4b	; 75	'K'
   036F 4C                  924 	.db #0x4c	; 76	'L'
   0370 4D                  925 	.db #0x4d	; 77	'M'
   0371 4B                  926 	.db #0x4b	; 75	'K'
   0372 4C                  927 	.db #0x4c	; 76	'L'
   0373 4D                  928 	.db #0x4d	; 77	'M'
   0374 4B                  929 	.db #0x4b	; 75	'K'
   0375 4C                  930 	.db #0x4c	; 76	'L'
   0376 4D                  931 	.db #0x4d	; 77	'M'
   0377 4B                  932 	.db #0x4b	; 75	'K'
   0378 4C                  933 	.db #0x4c	; 76	'L'
   0379 4D                  934 	.db #0x4d	; 77	'M'
   037A 4B                  935 	.db #0x4b	; 75	'K'
   037B 4C                  936 	.db #0x4c	; 76	'L'
   037C 4D                  937 	.db #0x4d	; 77	'M'
   037D 4B                  938 	.db #0x4b	; 75	'K'
   037E 4C                  939 	.db #0x4c	; 76	'L'
   037F 4D                  940 	.db #0x4d	; 77	'M'
   0380 4B                  941 	.db #0x4b	; 75	'K'
   0381 4C                  942 	.db #0x4c	; 76	'L'
   0382 6B                  943 	.db #0x6b	; 107	'k'
   0383 6C                  944 	.db #0x6c	; 108	'l'
   0384 2F                  945 	.db #0x2f	; 47
   0385 30                  946 	.db #0x30	; 48	'0'
   0386 37                  947 	.db #0x37	; 55	'7'
   0387 38                  948 	.db #0x38	; 56	'8'
   0388 39                  949 	.db #0x39	; 57	'9'
   0389 37                  950 	.db #0x37	; 55	'7'
   038A 38                  951 	.db #0x38	; 56	'8'
   038B 39                  952 	.db #0x39	; 57	'9'
   038C 37                  953 	.db #0x37	; 55	'7'
   038D 38                  954 	.db #0x38	; 56	'8'
   038E 39                  955 	.db #0x39	; 57	'9'
   038F 37                  956 	.db #0x37	; 55	'7'
   0390 38                  957 	.db #0x38	; 56	'8'
   0391 39                  958 	.db #0x39	; 57	'9'
   0392 37                  959 	.db #0x37	; 55	'7'
   0393 38                  960 	.db #0x38	; 56	'8'
   0394 39                  961 	.db #0x39	; 57	'9'
   0395 37                  962 	.db #0x37	; 55	'7'
   0396 38                  963 	.db #0x38	; 56	'8'
   0397 39                  964 	.db #0x39	; 57	'9'
   0398 37                  965 	.db #0x37	; 55	'7'
   0399 38                  966 	.db #0x38	; 56	'8'
   039A 39                  967 	.db #0x39	; 57	'9'
   039B 37                  968 	.db #0x37	; 55	'7'
   039C 38                  969 	.db #0x38	; 56	'8'
   039D 39                  970 	.db #0x39	; 57	'9'
   039E 37                  971 	.db #0x37	; 55	'7'
   039F 38                  972 	.db #0x38	; 56	'8'
   03A0 2F                  973 	.db #0x2f	; 47
   03A1 30                  974 	.db #0x30	; 48	'0'
   03A2 43                  975 	.db #0x43	; 67	'C'
   03A3 44                  976 	.db #0x44	; 68	'D'
   03A4 4B                  977 	.db #0x4b	; 75	'K'
   03A5 4C                  978 	.db #0x4c	; 76	'L'
   03A6 4D                  979 	.db #0x4d	; 77	'M'
   03A7 4B                  980 	.db #0x4b	; 75	'K'
   03A8 4C                  981 	.db #0x4c	; 76	'L'
   03A9 4D                  982 	.db #0x4d	; 77	'M'
   03AA 4B                  983 	.db #0x4b	; 75	'K'
   03AB 4C                  984 	.db #0x4c	; 76	'L'
   03AC 4D                  985 	.db #0x4d	; 77	'M'
   03AD 4B                  986 	.db #0x4b	; 75	'K'
   03AE 4C                  987 	.db #0x4c	; 76	'L'
   03AF 4D                  988 	.db #0x4d	; 77	'M'
   03B0 4B                  989 	.db #0x4b	; 75	'K'
   03B1 4C                  990 	.db #0x4c	; 76	'L'
   03B2 4D                  991 	.db #0x4d	; 77	'M'
   03B3 4B                  992 	.db #0x4b	; 75	'K'
   03B4 4C                  993 	.db #0x4c	; 76	'L'
   03B5 4D                  994 	.db #0x4d	; 77	'M'
   03B6 4B                  995 	.db #0x4b	; 75	'K'
   03B7 4C                  996 	.db #0x4c	; 76	'L'
   03B8 4D                  997 	.db #0x4d	; 77	'M'
   03B9 4B                  998 	.db #0x4b	; 75	'K'
   03BA 4C                  999 	.db #0x4c	; 76	'L'
   03BB 4D                 1000 	.db #0x4d	; 77	'M'
   03BC 4B                 1001 	.db #0x4b	; 75	'K'
   03BD 4C                 1002 	.db #0x4c	; 76	'L'
   03BE 43                 1003 	.db #0x43	; 67	'C'
   03BF 44                 1004 	.db #0x44	; 68	'D'
   03C0 57                 1005 	.db #0x57	; 87	'W'
   03C1 58                 1006 	.db #0x58	; 88	'X'
   03C2 37                 1007 	.db #0x37	; 55	'7'
   03C3 38                 1008 	.db #0x38	; 56	'8'
   03C4 39                 1009 	.db #0x39	; 57	'9'
   03C5 37                 1010 	.db #0x37	; 55	'7'
   03C6 38                 1011 	.db #0x38	; 56	'8'
   03C7 39                 1012 	.db #0x39	; 57	'9'
   03C8 37                 1013 	.db #0x37	; 55	'7'
   03C9 38                 1014 	.db #0x38	; 56	'8'
   03CA 39                 1015 	.db #0x39	; 57	'9'
   03CB 37                 1016 	.db #0x37	; 55	'7'
   03CC 38                 1017 	.db #0x38	; 56	'8'
   03CD 39                 1018 	.db #0x39	; 57	'9'
   03CE 37                 1019 	.db #0x37	; 55	'7'
   03CF 38                 1020 	.db #0x38	; 56	'8'
   03D0 39                 1021 	.db #0x39	; 57	'9'
   03D1 37                 1022 	.db #0x37	; 55	'7'
   03D2 38                 1023 	.db #0x38	; 56	'8'
   03D3 39                 1024 	.db #0x39	; 57	'9'
   03D4 37                 1025 	.db #0x37	; 55	'7'
   03D5 38                 1026 	.db #0x38	; 56	'8'
   03D6 39                 1027 	.db #0x39	; 57	'9'
   03D7 37                 1028 	.db #0x37	; 55	'7'
   03D8 38                 1029 	.db #0x38	; 56	'8'
   03D9 39                 1030 	.db #0x39	; 57	'9'
   03DA 37                 1031 	.db #0x37	; 55	'7'
   03DB 38                 1032 	.db #0x38	; 56	'8'
   03DC 57                 1033 	.db #0x57	; 87	'W'
   03DD 58                 1034 	.db #0x58	; 88	'X'
   03DE 6B                 1035 	.db #0x6b	; 107	'k'
   03DF 6C                 1036 	.db #0x6c	; 108	'l'
   03E0 4B                 1037 	.db #0x4b	; 75	'K'
   03E1 4C                 1038 	.db #0x4c	; 76	'L'
   03E2 4D                 1039 	.db #0x4d	; 77	'M'
   03E3 4B                 1040 	.db #0x4b	; 75	'K'
   03E4 4C                 1041 	.db #0x4c	; 76	'L'
   03E5 4D                 1042 	.db #0x4d	; 77	'M'
   03E6 4B                 1043 	.db #0x4b	; 75	'K'
   03E7 4C                 1044 	.db #0x4c	; 76	'L'
   03E8 4D                 1045 	.db #0x4d	; 77	'M'
   03E9 4B                 1046 	.db #0x4b	; 75	'K'
   03EA 4C                 1047 	.db #0x4c	; 76	'L'
   03EB 4D                 1048 	.db #0x4d	; 77	'M'
   03EC 4B                 1049 	.db #0x4b	; 75	'K'
   03ED 4C                 1050 	.db #0x4c	; 76	'L'
   03EE 4D                 1051 	.db #0x4d	; 77	'M'
   03EF 4B                 1052 	.db #0x4b	; 75	'K'
   03F0 4C                 1053 	.db #0x4c	; 76	'L'
   03F1 4D                 1054 	.db #0x4d	; 77	'M'
   03F2 4B                 1055 	.db #0x4b	; 75	'K'
   03F3 4C                 1056 	.db #0x4c	; 76	'L'
   03F4 4D                 1057 	.db #0x4d	; 77	'M'
   03F5 4B                 1058 	.db #0x4b	; 75	'K'
   03F6 4C                 1059 	.db #0x4c	; 76	'L'
   03F7 4D                 1060 	.db #0x4d	; 77	'M'
   03F8 4B                 1061 	.db #0x4b	; 75	'K'
   03F9 4C                 1062 	.db #0x4c	; 76	'L'
   03FA 6B                 1063 	.db #0x6b	; 107	'k'
   03FB 6C                 1064 	.db #0x6c	; 108	'l'
   03FC 2F                 1065 	.db #0x2f	; 47
   03FD 30                 1066 	.db #0x30	; 48	'0'
   03FE 37                 1067 	.db #0x37	; 55	'7'
   03FF 38                 1068 	.db #0x38	; 56	'8'
   0400 39                 1069 	.db #0x39	; 57	'9'
   0401 37                 1070 	.db #0x37	; 55	'7'
   0402 38                 1071 	.db #0x38	; 56	'8'
   0403 39                 1072 	.db #0x39	; 57	'9'
   0404 37                 1073 	.db #0x37	; 55	'7'
   0405 38                 1074 	.db #0x38	; 56	'8'
   0406 39                 1075 	.db #0x39	; 57	'9'
   0407 37                 1076 	.db #0x37	; 55	'7'
   0408 38                 1077 	.db #0x38	; 56	'8'
   0409 39                 1078 	.db #0x39	; 57	'9'
   040A 37                 1079 	.db #0x37	; 55	'7'
   040B 38                 1080 	.db #0x38	; 56	'8'
   040C 39                 1081 	.db #0x39	; 57	'9'
   040D 37                 1082 	.db #0x37	; 55	'7'
   040E 38                 1083 	.db #0x38	; 56	'8'
   040F 39                 1084 	.db #0x39	; 57	'9'
   0410 37                 1085 	.db #0x37	; 55	'7'
   0411 38                 1086 	.db #0x38	; 56	'8'
   0412 39                 1087 	.db #0x39	; 57	'9'
   0413 37                 1088 	.db #0x37	; 55	'7'
   0414 38                 1089 	.db #0x38	; 56	'8'
   0415 39                 1090 	.db #0x39	; 57	'9'
   0416 37                 1091 	.db #0x37	; 55	'7'
   0417 38                 1092 	.db #0x38	; 56	'8'
   0418 2F                 1093 	.db #0x2f	; 47
   0419 30                 1094 	.db #0x30	; 48	'0'
   041A 43                 1095 	.db #0x43	; 67	'C'
   041B 44                 1096 	.db #0x44	; 68	'D'
   041C 4B                 1097 	.db #0x4b	; 75	'K'
   041D 4C                 1098 	.db #0x4c	; 76	'L'
   041E 4D                 1099 	.db #0x4d	; 77	'M'
   041F 4B                 1100 	.db #0x4b	; 75	'K'
   0420 4C                 1101 	.db #0x4c	; 76	'L'
   0421 4D                 1102 	.db #0x4d	; 77	'M'
   0422 4B                 1103 	.db #0x4b	; 75	'K'
   0423 4C                 1104 	.db #0x4c	; 76	'L'
   0424 4D                 1105 	.db #0x4d	; 77	'M'
   0425 4B                 1106 	.db #0x4b	; 75	'K'
   0426 4C                 1107 	.db #0x4c	; 76	'L'
   0427 4D                 1108 	.db #0x4d	; 77	'M'
   0428 4B                 1109 	.db #0x4b	; 75	'K'
   0429 4C                 1110 	.db #0x4c	; 76	'L'
   042A 4D                 1111 	.db #0x4d	; 77	'M'
   042B 4B                 1112 	.db #0x4b	; 75	'K'
   042C 4C                 1113 	.db #0x4c	; 76	'L'
   042D 4D                 1114 	.db #0x4d	; 77	'M'
   042E 4B                 1115 	.db #0x4b	; 75	'K'
   042F 4C                 1116 	.db #0x4c	; 76	'L'
   0430 4D                 1117 	.db #0x4d	; 77	'M'
   0431 4B                 1118 	.db #0x4b	; 75	'K'
   0432 4C                 1119 	.db #0x4c	; 76	'L'
   0433 4D                 1120 	.db #0x4d	; 77	'M'
   0434 4B                 1121 	.db #0x4b	; 75	'K'
   0435 4C                 1122 	.db #0x4c	; 76	'L'
   0436 43                 1123 	.db #0x43	; 67	'C'
   0437 44                 1124 	.db #0x44	; 68	'D'
   0438 57                 1125 	.db #0x57	; 87	'W'
   0439 58                 1126 	.db #0x58	; 88	'X'
   043A 37                 1127 	.db #0x37	; 55	'7'
   043B 38                 1128 	.db #0x38	; 56	'8'
   043C 39                 1129 	.db #0x39	; 57	'9'
   043D 37                 1130 	.db #0x37	; 55	'7'
   043E 38                 1131 	.db #0x38	; 56	'8'
   043F 39                 1132 	.db #0x39	; 57	'9'
   0440 37                 1133 	.db #0x37	; 55	'7'
   0441 38                 1134 	.db #0x38	; 56	'8'
   0442 39                 1135 	.db #0x39	; 57	'9'
   0443 37                 1136 	.db #0x37	; 55	'7'
   0444 38                 1137 	.db #0x38	; 56	'8'
   0445 39                 1138 	.db #0x39	; 57	'9'
   0446 37                 1139 	.db #0x37	; 55	'7'
   0447 38                 1140 	.db #0x38	; 56	'8'
   0448 39                 1141 	.db #0x39	; 57	'9'
   0449 37                 1142 	.db #0x37	; 55	'7'
   044A 38                 1143 	.db #0x38	; 56	'8'
   044B 39                 1144 	.db #0x39	; 57	'9'
   044C 37                 1145 	.db #0x37	; 55	'7'
   044D 38                 1146 	.db #0x38	; 56	'8'
   044E 39                 1147 	.db #0x39	; 57	'9'
   044F 37                 1148 	.db #0x37	; 55	'7'
   0450 38                 1149 	.db #0x38	; 56	'8'
   0451 39                 1150 	.db #0x39	; 57	'9'
   0452 37                 1151 	.db #0x37	; 55	'7'
   0453 38                 1152 	.db #0x38	; 56	'8'
   0454 57                 1153 	.db #0x57	; 87	'W'
   0455 58                 1154 	.db #0x58	; 88	'X'
   0456 6B                 1155 	.db #0x6b	; 107	'k'
   0457 6C                 1156 	.db #0x6c	; 108	'l'
   0458 4B                 1157 	.db #0x4b	; 75	'K'
   0459 4C                 1158 	.db #0x4c	; 76	'L'
   045A 4D                 1159 	.db #0x4d	; 77	'M'
   045B 4B                 1160 	.db #0x4b	; 75	'K'
   045C 4C                 1161 	.db #0x4c	; 76	'L'
   045D 4D                 1162 	.db #0x4d	; 77	'M'
   045E 4B                 1163 	.db #0x4b	; 75	'K'
   045F 4C                 1164 	.db #0x4c	; 76	'L'
   0460 4D                 1165 	.db #0x4d	; 77	'M'
   0461 4B                 1166 	.db #0x4b	; 75	'K'
   0462 4C                 1167 	.db #0x4c	; 76	'L'
   0463 4D                 1168 	.db #0x4d	; 77	'M'
   0464 4B                 1169 	.db #0x4b	; 75	'K'
   0465 4C                 1170 	.db #0x4c	; 76	'L'
   0466 4D                 1171 	.db #0x4d	; 77	'M'
   0467 4B                 1172 	.db #0x4b	; 75	'K'
   0468 4C                 1173 	.db #0x4c	; 76	'L'
   0469 4D                 1174 	.db #0x4d	; 77	'M'
   046A 4B                 1175 	.db #0x4b	; 75	'K'
   046B 4C                 1176 	.db #0x4c	; 76	'L'
   046C 4D                 1177 	.db #0x4d	; 77	'M'
   046D 4B                 1178 	.db #0x4b	; 75	'K'
   046E 4C                 1179 	.db #0x4c	; 76	'L'
   046F 4D                 1180 	.db #0x4d	; 77	'M'
   0470 4B                 1181 	.db #0x4b	; 75	'K'
   0471 4C                 1182 	.db #0x4c	; 76	'L'
   0472 6B                 1183 	.db #0x6b	; 107	'k'
   0473 6C                 1184 	.db #0x6c	; 108	'l'
   0474 2F                 1185 	.db #0x2f	; 47
   0475 30                 1186 	.db #0x30	; 48	'0'
   0476 37                 1187 	.db #0x37	; 55	'7'
   0477 38                 1188 	.db #0x38	; 56	'8'
   0478 39                 1189 	.db #0x39	; 57	'9'
   0479 37                 1190 	.db #0x37	; 55	'7'
   047A 38                 1191 	.db #0x38	; 56	'8'
   047B 39                 1192 	.db #0x39	; 57	'9'
   047C 37                 1193 	.db #0x37	; 55	'7'
   047D 38                 1194 	.db #0x38	; 56	'8'
   047E 39                 1195 	.db #0x39	; 57	'9'
   047F 37                 1196 	.db #0x37	; 55	'7'
   0480 38                 1197 	.db #0x38	; 56	'8'
   0481 39                 1198 	.db #0x39	; 57	'9'
   0482 37                 1199 	.db #0x37	; 55	'7'
   0483 38                 1200 	.db #0x38	; 56	'8'
   0484 39                 1201 	.db #0x39	; 57	'9'
   0485 37                 1202 	.db #0x37	; 55	'7'
   0486 38                 1203 	.db #0x38	; 56	'8'
   0487 39                 1204 	.db #0x39	; 57	'9'
   0488 37                 1205 	.db #0x37	; 55	'7'
   0489 38                 1206 	.db #0x38	; 56	'8'
   048A 39                 1207 	.db #0x39	; 57	'9'
   048B 37                 1208 	.db #0x37	; 55	'7'
   048C 38                 1209 	.db #0x38	; 56	'8'
   048D 39                 1210 	.db #0x39	; 57	'9'
   048E 37                 1211 	.db #0x37	; 55	'7'
   048F 38                 1212 	.db #0x38	; 56	'8'
   0490 2F                 1213 	.db #0x2f	; 47
   0491 30                 1214 	.db #0x30	; 48	'0'
   0492 43                 1215 	.db #0x43	; 67	'C'
   0493 44                 1216 	.db #0x44	; 68	'D'
   0494 4B                 1217 	.db #0x4b	; 75	'K'
   0495 4C                 1218 	.db #0x4c	; 76	'L'
   0496 4D                 1219 	.db #0x4d	; 77	'M'
   0497 4B                 1220 	.db #0x4b	; 75	'K'
   0498 4C                 1221 	.db #0x4c	; 76	'L'
   0499 4D                 1222 	.db #0x4d	; 77	'M'
   049A 4B                 1223 	.db #0x4b	; 75	'K'
   049B 4C                 1224 	.db #0x4c	; 76	'L'
   049C 4D                 1225 	.db #0x4d	; 77	'M'
   049D 4B                 1226 	.db #0x4b	; 75	'K'
   049E 4C                 1227 	.db #0x4c	; 76	'L'
   049F 4D                 1228 	.db #0x4d	; 77	'M'
   04A0 4B                 1229 	.db #0x4b	; 75	'K'
   04A1 4C                 1230 	.db #0x4c	; 76	'L'
   04A2 4D                 1231 	.db #0x4d	; 77	'M'
   04A3 4B                 1232 	.db #0x4b	; 75	'K'
   04A4 4C                 1233 	.db #0x4c	; 76	'L'
   04A5 4D                 1234 	.db #0x4d	; 77	'M'
   04A6 4B                 1235 	.db #0x4b	; 75	'K'
   04A7 4C                 1236 	.db #0x4c	; 76	'L'
   04A8 4D                 1237 	.db #0x4d	; 77	'M'
   04A9 4B                 1238 	.db #0x4b	; 75	'K'
   04AA 4C                 1239 	.db #0x4c	; 76	'L'
   04AB 4D                 1240 	.db #0x4d	; 77	'M'
   04AC 4B                 1241 	.db #0x4b	; 75	'K'
   04AD 4C                 1242 	.db #0x4c	; 76	'L'
   04AE 43                 1243 	.db #0x43	; 67	'C'
   04AF 44                 1244 	.db #0x44	; 68	'D'
   04B0 57                 1245 	.db #0x57	; 87	'W'
   04B1 58                 1246 	.db #0x58	; 88	'X'
   04B2 37                 1247 	.db #0x37	; 55	'7'
   04B3 38                 1248 	.db #0x38	; 56	'8'
   04B4 39                 1249 	.db #0x39	; 57	'9'
   04B5 37                 1250 	.db #0x37	; 55	'7'
   04B6 38                 1251 	.db #0x38	; 56	'8'
   04B7 39                 1252 	.db #0x39	; 57	'9'
   04B8 37                 1253 	.db #0x37	; 55	'7'
   04B9 38                 1254 	.db #0x38	; 56	'8'
   04BA 39                 1255 	.db #0x39	; 57	'9'
   04BB 37                 1256 	.db #0x37	; 55	'7'
   04BC 38                 1257 	.db #0x38	; 56	'8'
   04BD 39                 1258 	.db #0x39	; 57	'9'
   04BE 37                 1259 	.db #0x37	; 55	'7'
   04BF 38                 1260 	.db #0x38	; 56	'8'
   04C0 39                 1261 	.db #0x39	; 57	'9'
   04C1 37                 1262 	.db #0x37	; 55	'7'
   04C2 38                 1263 	.db #0x38	; 56	'8'
   04C3 39                 1264 	.db #0x39	; 57	'9'
   04C4 37                 1265 	.db #0x37	; 55	'7'
   04C5 38                 1266 	.db #0x38	; 56	'8'
   04C6 39                 1267 	.db #0x39	; 57	'9'
   04C7 37                 1268 	.db #0x37	; 55	'7'
   04C8 38                 1269 	.db #0x38	; 56	'8'
   04C9 39                 1270 	.db #0x39	; 57	'9'
   04CA 37                 1271 	.db #0x37	; 55	'7'
   04CB 38                 1272 	.db #0x38	; 56	'8'
   04CC 57                 1273 	.db #0x57	; 87	'W'
   04CD 58                 1274 	.db #0x58	; 88	'X'
   04CE 6B                 1275 	.db #0x6b	; 107	'k'
   04CF 6C                 1276 	.db #0x6c	; 108	'l'
   04D0 4B                 1277 	.db #0x4b	; 75	'K'
   04D1 4C                 1278 	.db #0x4c	; 76	'L'
   04D2 4D                 1279 	.db #0x4d	; 77	'M'
   04D3 4B                 1280 	.db #0x4b	; 75	'K'
   04D4 4C                 1281 	.db #0x4c	; 76	'L'
   04D5 4D                 1282 	.db #0x4d	; 77	'M'
   04D6 4B                 1283 	.db #0x4b	; 75	'K'
   04D7 4C                 1284 	.db #0x4c	; 76	'L'
   04D8 4D                 1285 	.db #0x4d	; 77	'M'
   04D9 4B                 1286 	.db #0x4b	; 75	'K'
   04DA 4C                 1287 	.db #0x4c	; 76	'L'
   04DB 4D                 1288 	.db #0x4d	; 77	'M'
   04DC 4B                 1289 	.db #0x4b	; 75	'K'
   04DD 4C                 1290 	.db #0x4c	; 76	'L'
   04DE 4D                 1291 	.db #0x4d	; 77	'M'
   04DF 4B                 1292 	.db #0x4b	; 75	'K'
   04E0 4C                 1293 	.db #0x4c	; 76	'L'
   04E1 4D                 1294 	.db #0x4d	; 77	'M'
   04E2 4B                 1295 	.db #0x4b	; 75	'K'
   04E3 4C                 1296 	.db #0x4c	; 76	'L'
   04E4 4D                 1297 	.db #0x4d	; 77	'M'
   04E5 4B                 1298 	.db #0x4b	; 75	'K'
   04E6 4C                 1299 	.db #0x4c	; 76	'L'
   04E7 4D                 1300 	.db #0x4d	; 77	'M'
   04E8 4B                 1301 	.db #0x4b	; 75	'K'
   04E9 4C                 1302 	.db #0x4c	; 76	'L'
   04EA 6B                 1303 	.db #0x6b	; 107	'k'
   04EB 6C                 1304 	.db #0x6c	; 108	'l'
   04EC 2F                 1305 	.db #0x2f	; 47
   04ED 30                 1306 	.db #0x30	; 48	'0'
   04EE 37                 1307 	.db #0x37	; 55	'7'
   04EF 38                 1308 	.db #0x38	; 56	'8'
   04F0 39                 1309 	.db #0x39	; 57	'9'
   04F1 37                 1310 	.db #0x37	; 55	'7'
   04F2 38                 1311 	.db #0x38	; 56	'8'
   04F3 39                 1312 	.db #0x39	; 57	'9'
   04F4 37                 1313 	.db #0x37	; 55	'7'
   04F5 38                 1314 	.db #0x38	; 56	'8'
   04F6 39                 1315 	.db #0x39	; 57	'9'
   04F7 37                 1316 	.db #0x37	; 55	'7'
   04F8 38                 1317 	.db #0x38	; 56	'8'
   04F9 39                 1318 	.db #0x39	; 57	'9'
   04FA 37                 1319 	.db #0x37	; 55	'7'
   04FB 38                 1320 	.db #0x38	; 56	'8'
   04FC 39                 1321 	.db #0x39	; 57	'9'
   04FD 37                 1322 	.db #0x37	; 55	'7'
   04FE 38                 1323 	.db #0x38	; 56	'8'
   04FF 39                 1324 	.db #0x39	; 57	'9'
   0500 37                 1325 	.db #0x37	; 55	'7'
   0501 38                 1326 	.db #0x38	; 56	'8'
   0502 39                 1327 	.db #0x39	; 57	'9'
   0503 37                 1328 	.db #0x37	; 55	'7'
   0504 38                 1329 	.db #0x38	; 56	'8'
   0505 39                 1330 	.db #0x39	; 57	'9'
   0506 37                 1331 	.db #0x37	; 55	'7'
   0507 38                 1332 	.db #0x38	; 56	'8'
   0508 2F                 1333 	.db #0x2f	; 47
   0509 30                 1334 	.db #0x30	; 48	'0'
   050A 43                 1335 	.db #0x43	; 67	'C'
   050B 44                 1336 	.db #0x44	; 68	'D'
   050C 4B                 1337 	.db #0x4b	; 75	'K'
   050D 4C                 1338 	.db #0x4c	; 76	'L'
   050E 4D                 1339 	.db #0x4d	; 77	'M'
   050F 4B                 1340 	.db #0x4b	; 75	'K'
   0510 4C                 1341 	.db #0x4c	; 76	'L'
   0511 4D                 1342 	.db #0x4d	; 77	'M'
   0512 4B                 1343 	.db #0x4b	; 75	'K'
   0513 4C                 1344 	.db #0x4c	; 76	'L'
   0514 4D                 1345 	.db #0x4d	; 77	'M'
   0515 4B                 1346 	.db #0x4b	; 75	'K'
   0516 4C                 1347 	.db #0x4c	; 76	'L'
   0517 4D                 1348 	.db #0x4d	; 77	'M'
   0518 4B                 1349 	.db #0x4b	; 75	'K'
   0519 4C                 1350 	.db #0x4c	; 76	'L'
   051A 4D                 1351 	.db #0x4d	; 77	'M'
   051B 4B                 1352 	.db #0x4b	; 75	'K'
   051C 4C                 1353 	.db #0x4c	; 76	'L'
   051D 4D                 1354 	.db #0x4d	; 77	'M'
   051E 4B                 1355 	.db #0x4b	; 75	'K'
   051F 4C                 1356 	.db #0x4c	; 76	'L'
   0520 4D                 1357 	.db #0x4d	; 77	'M'
   0521 4B                 1358 	.db #0x4b	; 75	'K'
   0522 4C                 1359 	.db #0x4c	; 76	'L'
   0523 4D                 1360 	.db #0x4d	; 77	'M'
   0524 4B                 1361 	.db #0x4b	; 75	'K'
   0525 4C                 1362 	.db #0x4c	; 76	'L'
   0526 43                 1363 	.db #0x43	; 67	'C'
   0527 44                 1364 	.db #0x44	; 68	'D'
   0528 57                 1365 	.db #0x57	; 87	'W'
   0529 58                 1366 	.db #0x58	; 88	'X'
   052A 37                 1367 	.db #0x37	; 55	'7'
   052B 38                 1368 	.db #0x38	; 56	'8'
   052C 39                 1369 	.db #0x39	; 57	'9'
   052D 37                 1370 	.db #0x37	; 55	'7'
   052E 38                 1371 	.db #0x38	; 56	'8'
   052F 39                 1372 	.db #0x39	; 57	'9'
   0530 37                 1373 	.db #0x37	; 55	'7'
   0531 38                 1374 	.db #0x38	; 56	'8'
   0532 39                 1375 	.db #0x39	; 57	'9'
   0533 37                 1376 	.db #0x37	; 55	'7'
   0534 38                 1377 	.db #0x38	; 56	'8'
   0535 39                 1378 	.db #0x39	; 57	'9'
   0536 37                 1379 	.db #0x37	; 55	'7'
   0537 38                 1380 	.db #0x38	; 56	'8'
   0538 39                 1381 	.db #0x39	; 57	'9'
   0539 37                 1382 	.db #0x37	; 55	'7'
   053A 38                 1383 	.db #0x38	; 56	'8'
   053B 39                 1384 	.db #0x39	; 57	'9'
   053C 37                 1385 	.db #0x37	; 55	'7'
   053D 38                 1386 	.db #0x38	; 56	'8'
   053E 39                 1387 	.db #0x39	; 57	'9'
   053F 37                 1388 	.db #0x37	; 55	'7'
   0540 38                 1389 	.db #0x38	; 56	'8'
   0541 39                 1390 	.db #0x39	; 57	'9'
   0542 37                 1391 	.db #0x37	; 55	'7'
   0543 38                 1392 	.db #0x38	; 56	'8'
   0544 57                 1393 	.db #0x57	; 87	'W'
   0545 58                 1394 	.db #0x58	; 88	'X'
   0546 6B                 1395 	.db #0x6b	; 107	'k'
   0547 6C                 1396 	.db #0x6c	; 108	'l'
   0548 4B                 1397 	.db #0x4b	; 75	'K'
   0549 4C                 1398 	.db #0x4c	; 76	'L'
   054A 4D                 1399 	.db #0x4d	; 77	'M'
   054B 4B                 1400 	.db #0x4b	; 75	'K'
   054C 4C                 1401 	.db #0x4c	; 76	'L'
   054D 4D                 1402 	.db #0x4d	; 77	'M'
   054E 4B                 1403 	.db #0x4b	; 75	'K'
   054F 4C                 1404 	.db #0x4c	; 76	'L'
   0550 4D                 1405 	.db #0x4d	; 77	'M'
   0551 4B                 1406 	.db #0x4b	; 75	'K'
   0552 4C                 1407 	.db #0x4c	; 76	'L'
   0553 4D                 1408 	.db #0x4d	; 77	'M'
   0554 4B                 1409 	.db #0x4b	; 75	'K'
   0555 4C                 1410 	.db #0x4c	; 76	'L'
   0556 4D                 1411 	.db #0x4d	; 77	'M'
   0557 4B                 1412 	.db #0x4b	; 75	'K'
   0558 4C                 1413 	.db #0x4c	; 76	'L'
   0559 4D                 1414 	.db #0x4d	; 77	'M'
   055A 4B                 1415 	.db #0x4b	; 75	'K'
   055B 4C                 1416 	.db #0x4c	; 76	'L'
   055C 4D                 1417 	.db #0x4d	; 77	'M'
   055D 4B                 1418 	.db #0x4b	; 75	'K'
   055E 4C                 1419 	.db #0x4c	; 76	'L'
   055F 4D                 1420 	.db #0x4d	; 77	'M'
   0560 4B                 1421 	.db #0x4b	; 75	'K'
   0561 4C                 1422 	.db #0x4c	; 76	'L'
   0562 6B                 1423 	.db #0x6b	; 107	'k'
   0563 6C                 1424 	.db #0x6c	; 108	'l'
   0564 2F                 1425 	.db #0x2f	; 47
   0565 30                 1426 	.db #0x30	; 48	'0'
   0566 37                 1427 	.db #0x37	; 55	'7'
   0567 38                 1428 	.db #0x38	; 56	'8'
   0568 39                 1429 	.db #0x39	; 57	'9'
   0569 37                 1430 	.db #0x37	; 55	'7'
   056A 38                 1431 	.db #0x38	; 56	'8'
   056B 39                 1432 	.db #0x39	; 57	'9'
   056C 37                 1433 	.db #0x37	; 55	'7'
   056D 38                 1434 	.db #0x38	; 56	'8'
   056E 39                 1435 	.db #0x39	; 57	'9'
   056F 37                 1436 	.db #0x37	; 55	'7'
   0570 38                 1437 	.db #0x38	; 56	'8'
   0571 39                 1438 	.db #0x39	; 57	'9'
   0572 37                 1439 	.db #0x37	; 55	'7'
   0573 38                 1440 	.db #0x38	; 56	'8'
   0574 39                 1441 	.db #0x39	; 57	'9'
   0575 37                 1442 	.db #0x37	; 55	'7'
   0576 38                 1443 	.db #0x38	; 56	'8'
   0577 39                 1444 	.db #0x39	; 57	'9'
   0578 37                 1445 	.db #0x37	; 55	'7'
   0579 38                 1446 	.db #0x38	; 56	'8'
   057A 39                 1447 	.db #0x39	; 57	'9'
   057B 37                 1448 	.db #0x37	; 55	'7'
   057C 38                 1449 	.db #0x38	; 56	'8'
   057D 39                 1450 	.db #0x39	; 57	'9'
   057E 37                 1451 	.db #0x37	; 55	'7'
   057F 38                 1452 	.db #0x38	; 56	'8'
   0580 2F                 1453 	.db #0x2f	; 47
   0581 30                 1454 	.db #0x30	; 48	'0'
   0582 43                 1455 	.db #0x43	; 67	'C'
   0583 44                 1456 	.db #0x44	; 68	'D'
   0584 4B                 1457 	.db #0x4b	; 75	'K'
   0585 4C                 1458 	.db #0x4c	; 76	'L'
   0586 4D                 1459 	.db #0x4d	; 77	'M'
   0587 4B                 1460 	.db #0x4b	; 75	'K'
   0588 4C                 1461 	.db #0x4c	; 76	'L'
   0589 4D                 1462 	.db #0x4d	; 77	'M'
   058A 4B                 1463 	.db #0x4b	; 75	'K'
   058B 4C                 1464 	.db #0x4c	; 76	'L'
   058C 4D                 1465 	.db #0x4d	; 77	'M'
   058D 4B                 1466 	.db #0x4b	; 75	'K'
   058E 4C                 1467 	.db #0x4c	; 76	'L'
   058F 4D                 1468 	.db #0x4d	; 77	'M'
   0590 4B                 1469 	.db #0x4b	; 75	'K'
   0591 4C                 1470 	.db #0x4c	; 76	'L'
   0592 4D                 1471 	.db #0x4d	; 77	'M'
   0593 4B                 1472 	.db #0x4b	; 75	'K'
   0594 4C                 1473 	.db #0x4c	; 76	'L'
   0595 4D                 1474 	.db #0x4d	; 77	'M'
   0596 4B                 1475 	.db #0x4b	; 75	'K'
   0597 4C                 1476 	.db #0x4c	; 76	'L'
   0598 4D                 1477 	.db #0x4d	; 77	'M'
   0599 4B                 1478 	.db #0x4b	; 75	'K'
   059A 4C                 1479 	.db #0x4c	; 76	'L'
   059B 4D                 1480 	.db #0x4d	; 77	'M'
   059C 4B                 1481 	.db #0x4b	; 75	'K'
   059D 4C                 1482 	.db #0x4c	; 76	'L'
   059E 43                 1483 	.db #0x43	; 67	'C'
   059F 44                 1484 	.db #0x44	; 68	'D'
   05A0 57                 1485 	.db #0x57	; 87	'W'
   05A1 58                 1486 	.db #0x58	; 88	'X'
   05A2 37                 1487 	.db #0x37	; 55	'7'
   05A3 38                 1488 	.db #0x38	; 56	'8'
   05A4 39                 1489 	.db #0x39	; 57	'9'
   05A5 37                 1490 	.db #0x37	; 55	'7'
   05A6 38                 1491 	.db #0x38	; 56	'8'
   05A7 39                 1492 	.db #0x39	; 57	'9'
   05A8 37                 1493 	.db #0x37	; 55	'7'
   05A9 38                 1494 	.db #0x38	; 56	'8'
   05AA 39                 1495 	.db #0x39	; 57	'9'
   05AB 37                 1496 	.db #0x37	; 55	'7'
   05AC 38                 1497 	.db #0x38	; 56	'8'
   05AD 39                 1498 	.db #0x39	; 57	'9'
   05AE 37                 1499 	.db #0x37	; 55	'7'
   05AF 38                 1500 	.db #0x38	; 56	'8'
   05B0 39                 1501 	.db #0x39	; 57	'9'
   05B1 37                 1502 	.db #0x37	; 55	'7'
   05B2 38                 1503 	.db #0x38	; 56	'8'
   05B3 39                 1504 	.db #0x39	; 57	'9'
   05B4 37                 1505 	.db #0x37	; 55	'7'
   05B5 38                 1506 	.db #0x38	; 56	'8'
   05B6 39                 1507 	.db #0x39	; 57	'9'
   05B7 37                 1508 	.db #0x37	; 55	'7'
   05B8 38                 1509 	.db #0x38	; 56	'8'
   05B9 39                 1510 	.db #0x39	; 57	'9'
   05BA 37                 1511 	.db #0x37	; 55	'7'
   05BB 38                 1512 	.db #0x38	; 56	'8'
   05BC 57                 1513 	.db #0x57	; 87	'W'
   05BD 58                 1514 	.db #0x58	; 88	'X'
   05BE 6B                 1515 	.db #0x6b	; 107	'k'
   05BF 6C                 1516 	.db #0x6c	; 108	'l'
   05C0 4B                 1517 	.db #0x4b	; 75	'K'
   05C1 4C                 1518 	.db #0x4c	; 76	'L'
   05C2 4D                 1519 	.db #0x4d	; 77	'M'
   05C3 4B                 1520 	.db #0x4b	; 75	'K'
   05C4 4C                 1521 	.db #0x4c	; 76	'L'
   05C5 4D                 1522 	.db #0x4d	; 77	'M'
   05C6 4B                 1523 	.db #0x4b	; 75	'K'
   05C7 4C                 1524 	.db #0x4c	; 76	'L'
   05C8 4D                 1525 	.db #0x4d	; 77	'M'
   05C9 4B                 1526 	.db #0x4b	; 75	'K'
   05CA 4C                 1527 	.db #0x4c	; 76	'L'
   05CB 4D                 1528 	.db #0x4d	; 77	'M'
   05CC 4B                 1529 	.db #0x4b	; 75	'K'
   05CD 4C                 1530 	.db #0x4c	; 76	'L'
   05CE 4D                 1531 	.db #0x4d	; 77	'M'
   05CF 4B                 1532 	.db #0x4b	; 75	'K'
   05D0 4C                 1533 	.db #0x4c	; 76	'L'
   05D1 4D                 1534 	.db #0x4d	; 77	'M'
   05D2 4B                 1535 	.db #0x4b	; 75	'K'
   05D3 4C                 1536 	.db #0x4c	; 76	'L'
   05D4 4D                 1537 	.db #0x4d	; 77	'M'
   05D5 4B                 1538 	.db #0x4b	; 75	'K'
   05D6 4C                 1539 	.db #0x4c	; 76	'L'
   05D7 4D                 1540 	.db #0x4d	; 77	'M'
   05D8 4B                 1541 	.db #0x4b	; 75	'K'
   05D9 4C                 1542 	.db #0x4c	; 76	'L'
   05DA 6B                 1543 	.db #0x6b	; 107	'k'
   05DB 6C                 1544 	.db #0x6c	; 108	'l'
                           1545 	.area _INITIALIZER
                           1546 	.area _CABS (ABS)
