                              1 ;--------------------------------------------------------
                              2 ; File Created by SDCC : free open source ANSI-C Compiler
                              3 ; Version 3.6.8 #9946 (Linux)
                              4 ;--------------------------------------------------------
                              5 	.module level_02_background
                              6 	.optsdcc -mz80
                              7 	
                              8 ;--------------------------------------------------------
                              9 ; Public variables in this module
                             10 ;--------------------------------------------------------
                             11 	.globl _g_tilemap_l02_background
                             12 ;--------------------------------------------------------
                             13 ; special function registers
                             14 ;--------------------------------------------------------
                             15 ;--------------------------------------------------------
                             16 ; ram data
                             17 ;--------------------------------------------------------
                             18 	.area _DATA
                             19 ;--------------------------------------------------------
                             20 ; ram data
                             21 ;--------------------------------------------------------
                             22 	.area _INITIALIZED
                             23 ;--------------------------------------------------------
                             24 ; absolute external ram data
                             25 ;--------------------------------------------------------
                             26 	.area _DABS (ABS)
                             27 ;--------------------------------------------------------
                             28 ; global & static initialisations
                             29 ;--------------------------------------------------------
                             30 	.area _HOME
                             31 	.area _GSINIT
                             32 	.area _GSFINAL
                             33 	.area _GSINIT
                             34 ;--------------------------------------------------------
                             35 ; Home
                             36 ;--------------------------------------------------------
                             37 	.area _HOME
                             38 	.area _HOME
                             39 ;--------------------------------------------------------
                             40 ; code
                             41 ;--------------------------------------------------------
                             42 	.area _CODE
                             43 	.area _CODE
   0000                      44 _g_tilemap_l02_background:
   0000 28                   45 	.db #0x28	; 40
   0001 29                   46 	.db #0x29	; 41
   0002 2A                   47 	.db #0x2a	; 42
   0003 2A                   48 	.db #0x2a	; 42
   0004 2A                   49 	.db #0x2a	; 42
   0005 2A                   50 	.db #0x2a	; 42
   0006 2A                   51 	.db #0x2a	; 42
   0007 2A                   52 	.db #0x2a	; 42
   0008 2A                   53 	.db #0x2a	; 42
   0009 2A                   54 	.db #0x2a	; 42
   000A 2A                   55 	.db #0x2a	; 42
   000B 2A                   56 	.db #0x2a	; 42
   000C 2A                   57 	.db #0x2a	; 42
   000D 2A                   58 	.db #0x2a	; 42
   000E 2A                   59 	.db #0x2a	; 42
   000F 2A                   60 	.db #0x2a	; 42
   0010 2A                   61 	.db #0x2a	; 42
   0011 2A                   62 	.db #0x2a	; 42
   0012 2A                   63 	.db #0x2a	; 42
   0013 2A                   64 	.db #0x2a	; 42
   0014 2A                   65 	.db #0x2a	; 42
   0015 2A                   66 	.db #0x2a	; 42
   0016 2A                   67 	.db #0x2a	; 42
   0017 2A                   68 	.db #0x2a	; 42
   0018 2A                   69 	.db #0x2a	; 42
   0019 2A                   70 	.db #0x2a	; 42
   001A 2A                   71 	.db #0x2a	; 42
   001B 2A                   72 	.db #0x2a	; 42
   001C 2B                   73 	.db #0x2b	; 43
   001D 2C                   74 	.db #0x2c	; 44
   001E 3C                   75 	.db #0x3c	; 60
   001F 3D                   76 	.db #0x3d	; 61
   0020 3E                   77 	.db #0x3e	; 62
   0021 3E                   78 	.db #0x3e	; 62
   0022 3E                   79 	.db #0x3e	; 62
   0023 3E                   80 	.db #0x3e	; 62
   0024 3E                   81 	.db #0x3e	; 62
   0025 3E                   82 	.db #0x3e	; 62
   0026 3E                   83 	.db #0x3e	; 62
   0027 3E                   84 	.db #0x3e	; 62
   0028 3E                   85 	.db #0x3e	; 62
   0029 3E                   86 	.db #0x3e	; 62
   002A 3E                   87 	.db #0x3e	; 62
   002B 3E                   88 	.db #0x3e	; 62
   002C 3E                   89 	.db #0x3e	; 62
   002D 3E                   90 	.db #0x3e	; 62
   002E 3E                   91 	.db #0x3e	; 62
   002F 3E                   92 	.db #0x3e	; 62
   0030 3E                   93 	.db #0x3e	; 62
   0031 3E                   94 	.db #0x3e	; 62
   0032 3E                   95 	.db #0x3e	; 62
   0033 3E                   96 	.db #0x3e	; 62
   0034 3E                   97 	.db #0x3e	; 62
   0035 3E                   98 	.db #0x3e	; 62
   0036 3E                   99 	.db #0x3e	; 62
   0037 3E                  100 	.db #0x3e	; 62
   0038 3E                  101 	.db #0x3e	; 62
   0039 3E                  102 	.db #0x3e	; 62
   003A 3F                  103 	.db #0x3f	; 63
   003B 40                  104 	.db #0x40	; 64
   003C 2F                  105 	.db #0x2f	; 47
   003D 30                  106 	.db #0x30	; 48	'0'
   003E 34                  107 	.db #0x34	; 52	'4'
   003F 35                  108 	.db #0x35	; 53	'5'
   0040 36                  109 	.db #0x36	; 54	'6'
   0041 34                  110 	.db #0x34	; 52	'4'
   0042 35                  111 	.db #0x35	; 53	'5'
   0043 36                  112 	.db #0x36	; 54	'6'
   0044 34                  113 	.db #0x34	; 52	'4'
   0045 35                  114 	.db #0x35	; 53	'5'
   0046 36                  115 	.db #0x36	; 54	'6'
   0047 34                  116 	.db #0x34	; 52	'4'
   0048 35                  117 	.db #0x35	; 53	'5'
   0049 36                  118 	.db #0x36	; 54	'6'
   004A 34                  119 	.db #0x34	; 52	'4'
   004B 35                  120 	.db #0x35	; 53	'5'
   004C 36                  121 	.db #0x36	; 54	'6'
   004D 34                  122 	.db #0x34	; 52	'4'
   004E 35                  123 	.db #0x35	; 53	'5'
   004F 36                  124 	.db #0x36	; 54	'6'
   0050 34                  125 	.db #0x34	; 52	'4'
   0051 35                  126 	.db #0x35	; 53	'5'
   0052 36                  127 	.db #0x36	; 54	'6'
   0053 34                  128 	.db #0x34	; 52	'4'
   0054 35                  129 	.db #0x35	; 53	'5'
   0055 36                  130 	.db #0x36	; 54	'6'
   0056 34                  131 	.db #0x34	; 52	'4'
   0057 35                  132 	.db #0x35	; 53	'5'
   0058 2F                  133 	.db #0x2f	; 47
   0059 30                  134 	.db #0x30	; 48	'0'
   005A 43                  135 	.db #0x43	; 67	'C'
   005B 44                  136 	.db #0x44	; 68	'D'
   005C 48                  137 	.db #0x48	; 72	'H'
   005D 49                  138 	.db #0x49	; 73	'I'
   005E 4A                  139 	.db #0x4a	; 74	'J'
   005F 48                  140 	.db #0x48	; 72	'H'
   0060 49                  141 	.db #0x49	; 73	'I'
   0061 4A                  142 	.db #0x4a	; 74	'J'
   0062 48                  143 	.db #0x48	; 72	'H'
   0063 49                  144 	.db #0x49	; 73	'I'
   0064 4A                  145 	.db #0x4a	; 74	'J'
   0065 48                  146 	.db #0x48	; 72	'H'
   0066 49                  147 	.db #0x49	; 73	'I'
   0067 4A                  148 	.db #0x4a	; 74	'J'
   0068 48                  149 	.db #0x48	; 72	'H'
   0069 49                  150 	.db #0x49	; 73	'I'
   006A 4A                  151 	.db #0x4a	; 74	'J'
   006B 48                  152 	.db #0x48	; 72	'H'
   006C 49                  153 	.db #0x49	; 73	'I'
   006D 4A                  154 	.db #0x4a	; 74	'J'
   006E 48                  155 	.db #0x48	; 72	'H'
   006F 49                  156 	.db #0x49	; 73	'I'
   0070 4A                  157 	.db #0x4a	; 74	'J'
   0071 48                  158 	.db #0x48	; 72	'H'
   0072 49                  159 	.db #0x49	; 73	'I'
   0073 4A                  160 	.db #0x4a	; 74	'J'
   0074 48                  161 	.db #0x48	; 72	'H'
   0075 49                  162 	.db #0x49	; 73	'I'
   0076 43                  163 	.db #0x43	; 67	'C'
   0077 44                  164 	.db #0x44	; 68	'D'
   0078 57                  165 	.db #0x57	; 87	'W'
   0079 58                  166 	.db #0x58	; 88	'X'
   007A 34                  167 	.db #0x34	; 52	'4'
   007B 35                  168 	.db #0x35	; 53	'5'
   007C 36                  169 	.db #0x36	; 54	'6'
   007D 34                  170 	.db #0x34	; 52	'4'
   007E 35                  171 	.db #0x35	; 53	'5'
   007F 36                  172 	.db #0x36	; 54	'6'
   0080 34                  173 	.db #0x34	; 52	'4'
   0081 35                  174 	.db #0x35	; 53	'5'
   0082 36                  175 	.db #0x36	; 54	'6'
   0083 34                  176 	.db #0x34	; 52	'4'
   0084 35                  177 	.db #0x35	; 53	'5'
   0085 36                  178 	.db #0x36	; 54	'6'
   0086 34                  179 	.db #0x34	; 52	'4'
   0087 35                  180 	.db #0x35	; 53	'5'
   0088 36                  181 	.db #0x36	; 54	'6'
   0089 34                  182 	.db #0x34	; 52	'4'
   008A 35                  183 	.db #0x35	; 53	'5'
   008B 36                  184 	.db #0x36	; 54	'6'
   008C 34                  185 	.db #0x34	; 52	'4'
   008D 35                  186 	.db #0x35	; 53	'5'
   008E 36                  187 	.db #0x36	; 54	'6'
   008F 34                  188 	.db #0x34	; 52	'4'
   0090 35                  189 	.db #0x35	; 53	'5'
   0091 36                  190 	.db #0x36	; 54	'6'
   0092 34                  191 	.db #0x34	; 52	'4'
   0093 35                  192 	.db #0x35	; 53	'5'
   0094 57                  193 	.db #0x57	; 87	'W'
   0095 58                  194 	.db #0x58	; 88	'X'
   0096 6B                  195 	.db #0x6b	; 107	'k'
   0097 6C                  196 	.db #0x6c	; 108	'l'
   0098 48                  197 	.db #0x48	; 72	'H'
   0099 49                  198 	.db #0x49	; 73	'I'
   009A 4A                  199 	.db #0x4a	; 74	'J'
   009B 48                  200 	.db #0x48	; 72	'H'
   009C 49                  201 	.db #0x49	; 73	'I'
   009D 4A                  202 	.db #0x4a	; 74	'J'
   009E 48                  203 	.db #0x48	; 72	'H'
   009F 49                  204 	.db #0x49	; 73	'I'
   00A0 4A                  205 	.db #0x4a	; 74	'J'
   00A1 48                  206 	.db #0x48	; 72	'H'
   00A2 49                  207 	.db #0x49	; 73	'I'
   00A3 4A                  208 	.db #0x4a	; 74	'J'
   00A4 48                  209 	.db #0x48	; 72	'H'
   00A5 49                  210 	.db #0x49	; 73	'I'
   00A6 4A                  211 	.db #0x4a	; 74	'J'
   00A7 48                  212 	.db #0x48	; 72	'H'
   00A8 49                  213 	.db #0x49	; 73	'I'
   00A9 4A                  214 	.db #0x4a	; 74	'J'
   00AA 48                  215 	.db #0x48	; 72	'H'
   00AB 49                  216 	.db #0x49	; 73	'I'
   00AC 4A                  217 	.db #0x4a	; 74	'J'
   00AD 48                  218 	.db #0x48	; 72	'H'
   00AE 49                  219 	.db #0x49	; 73	'I'
   00AF 4A                  220 	.db #0x4a	; 74	'J'
   00B0 48                  221 	.db #0x48	; 72	'H'
   00B1 49                  222 	.db #0x49	; 73	'I'
   00B2 6B                  223 	.db #0x6b	; 107	'k'
   00B3 6C                  224 	.db #0x6c	; 108	'l'
   00B4 2F                  225 	.db #0x2f	; 47
   00B5 30                  226 	.db #0x30	; 48	'0'
   00B6 34                  227 	.db #0x34	; 52	'4'
   00B7 35                  228 	.db #0x35	; 53	'5'
   00B8 36                  229 	.db #0x36	; 54	'6'
   00B9 34                  230 	.db #0x34	; 52	'4'
   00BA 35                  231 	.db #0x35	; 53	'5'
   00BB 36                  232 	.db #0x36	; 54	'6'
   00BC 34                  233 	.db #0x34	; 52	'4'
   00BD 35                  234 	.db #0x35	; 53	'5'
   00BE 36                  235 	.db #0x36	; 54	'6'
   00BF 34                  236 	.db #0x34	; 52	'4'
   00C0 35                  237 	.db #0x35	; 53	'5'
   00C1 36                  238 	.db #0x36	; 54	'6'
   00C2 34                  239 	.db #0x34	; 52	'4'
   00C3 35                  240 	.db #0x35	; 53	'5'
   00C4 36                  241 	.db #0x36	; 54	'6'
   00C5 34                  242 	.db #0x34	; 52	'4'
   00C6 35                  243 	.db #0x35	; 53	'5'
   00C7 36                  244 	.db #0x36	; 54	'6'
   00C8 34                  245 	.db #0x34	; 52	'4'
   00C9 35                  246 	.db #0x35	; 53	'5'
   00CA 36                  247 	.db #0x36	; 54	'6'
   00CB 34                  248 	.db #0x34	; 52	'4'
   00CC 35                  249 	.db #0x35	; 53	'5'
   00CD 36                  250 	.db #0x36	; 54	'6'
   00CE 34                  251 	.db #0x34	; 52	'4'
   00CF 35                  252 	.db #0x35	; 53	'5'
   00D0 2F                  253 	.db #0x2f	; 47
   00D1 30                  254 	.db #0x30	; 48	'0'
   00D2 43                  255 	.db #0x43	; 67	'C'
   00D3 44                  256 	.db #0x44	; 68	'D'
   00D4 48                  257 	.db #0x48	; 72	'H'
   00D5 49                  258 	.db #0x49	; 73	'I'
   00D6 4A                  259 	.db #0x4a	; 74	'J'
   00D7 48                  260 	.db #0x48	; 72	'H'
   00D8 49                  261 	.db #0x49	; 73	'I'
   00D9 4A                  262 	.db #0x4a	; 74	'J'
   00DA 48                  263 	.db #0x48	; 72	'H'
   00DB 49                  264 	.db #0x49	; 73	'I'
   00DC 4A                  265 	.db #0x4a	; 74	'J'
   00DD 48                  266 	.db #0x48	; 72	'H'
   00DE 49                  267 	.db #0x49	; 73	'I'
   00DF 4A                  268 	.db #0x4a	; 74	'J'
   00E0 48                  269 	.db #0x48	; 72	'H'
   00E1 49                  270 	.db #0x49	; 73	'I'
   00E2 4A                  271 	.db #0x4a	; 74	'J'
   00E3 48                  272 	.db #0x48	; 72	'H'
   00E4 49                  273 	.db #0x49	; 73	'I'
   00E5 4A                  274 	.db #0x4a	; 74	'J'
   00E6 48                  275 	.db #0x48	; 72	'H'
   00E7 49                  276 	.db #0x49	; 73	'I'
   00E8 4A                  277 	.db #0x4a	; 74	'J'
   00E9 48                  278 	.db #0x48	; 72	'H'
   00EA 49                  279 	.db #0x49	; 73	'I'
   00EB 4A                  280 	.db #0x4a	; 74	'J'
   00EC 48                  281 	.db #0x48	; 72	'H'
   00ED 49                  282 	.db #0x49	; 73	'I'
   00EE 43                  283 	.db #0x43	; 67	'C'
   00EF 44                  284 	.db #0x44	; 68	'D'
   00F0 57                  285 	.db #0x57	; 87	'W'
   00F1 58                  286 	.db #0x58	; 88	'X'
   00F2 34                  287 	.db #0x34	; 52	'4'
   00F3 35                  288 	.db #0x35	; 53	'5'
   00F4 36                  289 	.db #0x36	; 54	'6'
   00F5 34                  290 	.db #0x34	; 52	'4'
   00F6 35                  291 	.db #0x35	; 53	'5'
   00F7 36                  292 	.db #0x36	; 54	'6'
   00F8 34                  293 	.db #0x34	; 52	'4'
   00F9 35                  294 	.db #0x35	; 53	'5'
   00FA 36                  295 	.db #0x36	; 54	'6'
   00FB 34                  296 	.db #0x34	; 52	'4'
   00FC 35                  297 	.db #0x35	; 53	'5'
   00FD 36                  298 	.db #0x36	; 54	'6'
   00FE 34                  299 	.db #0x34	; 52	'4'
   00FF 35                  300 	.db #0x35	; 53	'5'
   0100 36                  301 	.db #0x36	; 54	'6'
   0101 34                  302 	.db #0x34	; 52	'4'
   0102 35                  303 	.db #0x35	; 53	'5'
   0103 36                  304 	.db #0x36	; 54	'6'
   0104 34                  305 	.db #0x34	; 52	'4'
   0105 35                  306 	.db #0x35	; 53	'5'
   0106 36                  307 	.db #0x36	; 54	'6'
   0107 34                  308 	.db #0x34	; 52	'4'
   0108 35                  309 	.db #0x35	; 53	'5'
   0109 36                  310 	.db #0x36	; 54	'6'
   010A 34                  311 	.db #0x34	; 52	'4'
   010B 35                  312 	.db #0x35	; 53	'5'
   010C 57                  313 	.db #0x57	; 87	'W'
   010D 58                  314 	.db #0x58	; 88	'X'
   010E 6B                  315 	.db #0x6b	; 107	'k'
   010F 6C                  316 	.db #0x6c	; 108	'l'
   0110 48                  317 	.db #0x48	; 72	'H'
   0111 49                  318 	.db #0x49	; 73	'I'
   0112 4A                  319 	.db #0x4a	; 74	'J'
   0113 48                  320 	.db #0x48	; 72	'H'
   0114 49                  321 	.db #0x49	; 73	'I'
   0115 4A                  322 	.db #0x4a	; 74	'J'
   0116 48                  323 	.db #0x48	; 72	'H'
   0117 49                  324 	.db #0x49	; 73	'I'
   0118 4A                  325 	.db #0x4a	; 74	'J'
   0119 48                  326 	.db #0x48	; 72	'H'
   011A 49                  327 	.db #0x49	; 73	'I'
   011B 4A                  328 	.db #0x4a	; 74	'J'
   011C 48                  329 	.db #0x48	; 72	'H'
   011D 49                  330 	.db #0x49	; 73	'I'
   011E 4A                  331 	.db #0x4a	; 74	'J'
   011F 48                  332 	.db #0x48	; 72	'H'
   0120 49                  333 	.db #0x49	; 73	'I'
   0121 4A                  334 	.db #0x4a	; 74	'J'
   0122 48                  335 	.db #0x48	; 72	'H'
   0123 49                  336 	.db #0x49	; 73	'I'
   0124 4A                  337 	.db #0x4a	; 74	'J'
   0125 48                  338 	.db #0x48	; 72	'H'
   0126 49                  339 	.db #0x49	; 73	'I'
   0127 4A                  340 	.db #0x4a	; 74	'J'
   0128 48                  341 	.db #0x48	; 72	'H'
   0129 49                  342 	.db #0x49	; 73	'I'
   012A 6B                  343 	.db #0x6b	; 107	'k'
   012B 6C                  344 	.db #0x6c	; 108	'l'
   012C 2F                  345 	.db #0x2f	; 47
   012D 30                  346 	.db #0x30	; 48	'0'
   012E 34                  347 	.db #0x34	; 52	'4'
   012F 35                  348 	.db #0x35	; 53	'5'
   0130 36                  349 	.db #0x36	; 54	'6'
   0131 34                  350 	.db #0x34	; 52	'4'
   0132 35                  351 	.db #0x35	; 53	'5'
   0133 36                  352 	.db #0x36	; 54	'6'
   0134 34                  353 	.db #0x34	; 52	'4'
   0135 35                  354 	.db #0x35	; 53	'5'
   0136 36                  355 	.db #0x36	; 54	'6'
   0137 34                  356 	.db #0x34	; 52	'4'
   0138 35                  357 	.db #0x35	; 53	'5'
   0139 36                  358 	.db #0x36	; 54	'6'
   013A 34                  359 	.db #0x34	; 52	'4'
   013B 35                  360 	.db #0x35	; 53	'5'
   013C 36                  361 	.db #0x36	; 54	'6'
   013D 34                  362 	.db #0x34	; 52	'4'
   013E 35                  363 	.db #0x35	; 53	'5'
   013F 36                  364 	.db #0x36	; 54	'6'
   0140 34                  365 	.db #0x34	; 52	'4'
   0141 35                  366 	.db #0x35	; 53	'5'
   0142 36                  367 	.db #0x36	; 54	'6'
   0143 34                  368 	.db #0x34	; 52	'4'
   0144 35                  369 	.db #0x35	; 53	'5'
   0145 36                  370 	.db #0x36	; 54	'6'
   0146 34                  371 	.db #0x34	; 52	'4'
   0147 35                  372 	.db #0x35	; 53	'5'
   0148 2F                  373 	.db #0x2f	; 47
   0149 30                  374 	.db #0x30	; 48	'0'
   014A 43                  375 	.db #0x43	; 67	'C'
   014B 44                  376 	.db #0x44	; 68	'D'
   014C 48                  377 	.db #0x48	; 72	'H'
   014D 49                  378 	.db #0x49	; 73	'I'
   014E 4A                  379 	.db #0x4a	; 74	'J'
   014F 48                  380 	.db #0x48	; 72	'H'
   0150 49                  381 	.db #0x49	; 73	'I'
   0151 4A                  382 	.db #0x4a	; 74	'J'
   0152 48                  383 	.db #0x48	; 72	'H'
   0153 49                  384 	.db #0x49	; 73	'I'
   0154 4A                  385 	.db #0x4a	; 74	'J'
   0155 48                  386 	.db #0x48	; 72	'H'
   0156 49                  387 	.db #0x49	; 73	'I'
   0157 4A                  388 	.db #0x4a	; 74	'J'
   0158 48                  389 	.db #0x48	; 72	'H'
   0159 49                  390 	.db #0x49	; 73	'I'
   015A 4A                  391 	.db #0x4a	; 74	'J'
   015B 48                  392 	.db #0x48	; 72	'H'
   015C 49                  393 	.db #0x49	; 73	'I'
   015D 4A                  394 	.db #0x4a	; 74	'J'
   015E 48                  395 	.db #0x48	; 72	'H'
   015F 49                  396 	.db #0x49	; 73	'I'
   0160 4A                  397 	.db #0x4a	; 74	'J'
   0161 48                  398 	.db #0x48	; 72	'H'
   0162 49                  399 	.db #0x49	; 73	'I'
   0163 4A                  400 	.db #0x4a	; 74	'J'
   0164 48                  401 	.db #0x48	; 72	'H'
   0165 49                  402 	.db #0x49	; 73	'I'
   0166 43                  403 	.db #0x43	; 67	'C'
   0167 44                  404 	.db #0x44	; 68	'D'
   0168 57                  405 	.db #0x57	; 87	'W'
   0169 58                  406 	.db #0x58	; 88	'X'
   016A 34                  407 	.db #0x34	; 52	'4'
   016B 35                  408 	.db #0x35	; 53	'5'
   016C 36                  409 	.db #0x36	; 54	'6'
   016D 34                  410 	.db #0x34	; 52	'4'
   016E 35                  411 	.db #0x35	; 53	'5'
   016F 36                  412 	.db #0x36	; 54	'6'
   0170 34                  413 	.db #0x34	; 52	'4'
   0171 35                  414 	.db #0x35	; 53	'5'
   0172 36                  415 	.db #0x36	; 54	'6'
   0173 34                  416 	.db #0x34	; 52	'4'
   0174 35                  417 	.db #0x35	; 53	'5'
   0175 36                  418 	.db #0x36	; 54	'6'
   0176 34                  419 	.db #0x34	; 52	'4'
   0177 35                  420 	.db #0x35	; 53	'5'
   0178 36                  421 	.db #0x36	; 54	'6'
   0179 34                  422 	.db #0x34	; 52	'4'
   017A 35                  423 	.db #0x35	; 53	'5'
   017B 36                  424 	.db #0x36	; 54	'6'
   017C 34                  425 	.db #0x34	; 52	'4'
   017D 35                  426 	.db #0x35	; 53	'5'
   017E 36                  427 	.db #0x36	; 54	'6'
   017F 34                  428 	.db #0x34	; 52	'4'
   0180 35                  429 	.db #0x35	; 53	'5'
   0181 36                  430 	.db #0x36	; 54	'6'
   0182 34                  431 	.db #0x34	; 52	'4'
   0183 35                  432 	.db #0x35	; 53	'5'
   0184 57                  433 	.db #0x57	; 87	'W'
   0185 58                  434 	.db #0x58	; 88	'X'
   0186 6B                  435 	.db #0x6b	; 107	'k'
   0187 6C                  436 	.db #0x6c	; 108	'l'
   0188 48                  437 	.db #0x48	; 72	'H'
   0189 49                  438 	.db #0x49	; 73	'I'
   018A 4A                  439 	.db #0x4a	; 74	'J'
   018B 48                  440 	.db #0x48	; 72	'H'
   018C 49                  441 	.db #0x49	; 73	'I'
   018D 4A                  442 	.db #0x4a	; 74	'J'
   018E 48                  443 	.db #0x48	; 72	'H'
   018F 49                  444 	.db #0x49	; 73	'I'
   0190 4A                  445 	.db #0x4a	; 74	'J'
   0191 48                  446 	.db #0x48	; 72	'H'
   0192 49                  447 	.db #0x49	; 73	'I'
   0193 4A                  448 	.db #0x4a	; 74	'J'
   0194 48                  449 	.db #0x48	; 72	'H'
   0195 49                  450 	.db #0x49	; 73	'I'
   0196 4A                  451 	.db #0x4a	; 74	'J'
   0197 48                  452 	.db #0x48	; 72	'H'
   0198 49                  453 	.db #0x49	; 73	'I'
   0199 4A                  454 	.db #0x4a	; 74	'J'
   019A 48                  455 	.db #0x48	; 72	'H'
   019B 49                  456 	.db #0x49	; 73	'I'
   019C 4A                  457 	.db #0x4a	; 74	'J'
   019D 48                  458 	.db #0x48	; 72	'H'
   019E 49                  459 	.db #0x49	; 73	'I'
   019F 4A                  460 	.db #0x4a	; 74	'J'
   01A0 48                  461 	.db #0x48	; 72	'H'
   01A1 49                  462 	.db #0x49	; 73	'I'
   01A2 6B                  463 	.db #0x6b	; 107	'k'
   01A3 6C                  464 	.db #0x6c	; 108	'l'
   01A4 2F                  465 	.db #0x2f	; 47
   01A5 30                  466 	.db #0x30	; 48	'0'
   01A6 34                  467 	.db #0x34	; 52	'4'
   01A7 35                  468 	.db #0x35	; 53	'5'
   01A8 36                  469 	.db #0x36	; 54	'6'
   01A9 34                  470 	.db #0x34	; 52	'4'
   01AA 35                  471 	.db #0x35	; 53	'5'
   01AB 36                  472 	.db #0x36	; 54	'6'
   01AC 34                  473 	.db #0x34	; 52	'4'
   01AD 35                  474 	.db #0x35	; 53	'5'
   01AE 36                  475 	.db #0x36	; 54	'6'
   01AF 34                  476 	.db #0x34	; 52	'4'
   01B0 35                  477 	.db #0x35	; 53	'5'
   01B1 36                  478 	.db #0x36	; 54	'6'
   01B2 34                  479 	.db #0x34	; 52	'4'
   01B3 35                  480 	.db #0x35	; 53	'5'
   01B4 36                  481 	.db #0x36	; 54	'6'
   01B5 34                  482 	.db #0x34	; 52	'4'
   01B6 35                  483 	.db #0x35	; 53	'5'
   01B7 36                  484 	.db #0x36	; 54	'6'
   01B8 34                  485 	.db #0x34	; 52	'4'
   01B9 35                  486 	.db #0x35	; 53	'5'
   01BA 36                  487 	.db #0x36	; 54	'6'
   01BB 34                  488 	.db #0x34	; 52	'4'
   01BC 35                  489 	.db #0x35	; 53	'5'
   01BD 36                  490 	.db #0x36	; 54	'6'
   01BE 34                  491 	.db #0x34	; 52	'4'
   01BF 35                  492 	.db #0x35	; 53	'5'
   01C0 2F                  493 	.db #0x2f	; 47
   01C1 30                  494 	.db #0x30	; 48	'0'
   01C2 43                  495 	.db #0x43	; 67	'C'
   01C3 44                  496 	.db #0x44	; 68	'D'
   01C4 48                  497 	.db #0x48	; 72	'H'
   01C5 49                  498 	.db #0x49	; 73	'I'
   01C6 4A                  499 	.db #0x4a	; 74	'J'
   01C7 48                  500 	.db #0x48	; 72	'H'
   01C8 49                  501 	.db #0x49	; 73	'I'
   01C9 4A                  502 	.db #0x4a	; 74	'J'
   01CA 48                  503 	.db #0x48	; 72	'H'
   01CB 49                  504 	.db #0x49	; 73	'I'
   01CC 4A                  505 	.db #0x4a	; 74	'J'
   01CD 48                  506 	.db #0x48	; 72	'H'
   01CE 49                  507 	.db #0x49	; 73	'I'
   01CF 4A                  508 	.db #0x4a	; 74	'J'
   01D0 48                  509 	.db #0x48	; 72	'H'
   01D1 49                  510 	.db #0x49	; 73	'I'
   01D2 4A                  511 	.db #0x4a	; 74	'J'
   01D3 48                  512 	.db #0x48	; 72	'H'
   01D4 49                  513 	.db #0x49	; 73	'I'
   01D5 4A                  514 	.db #0x4a	; 74	'J'
   01D6 48                  515 	.db #0x48	; 72	'H'
   01D7 49                  516 	.db #0x49	; 73	'I'
   01D8 4A                  517 	.db #0x4a	; 74	'J'
   01D9 48                  518 	.db #0x48	; 72	'H'
   01DA 49                  519 	.db #0x49	; 73	'I'
   01DB 4A                  520 	.db #0x4a	; 74	'J'
   01DC 48                  521 	.db #0x48	; 72	'H'
   01DD 49                  522 	.db #0x49	; 73	'I'
   01DE 43                  523 	.db #0x43	; 67	'C'
   01DF 44                  524 	.db #0x44	; 68	'D'
   01E0 57                  525 	.db #0x57	; 87	'W'
   01E1 58                  526 	.db #0x58	; 88	'X'
   01E2 34                  527 	.db #0x34	; 52	'4'
   01E3 35                  528 	.db #0x35	; 53	'5'
   01E4 36                  529 	.db #0x36	; 54	'6'
   01E5 34                  530 	.db #0x34	; 52	'4'
   01E6 35                  531 	.db #0x35	; 53	'5'
   01E7 36                  532 	.db #0x36	; 54	'6'
   01E8 34                  533 	.db #0x34	; 52	'4'
   01E9 35                  534 	.db #0x35	; 53	'5'
   01EA 36                  535 	.db #0x36	; 54	'6'
   01EB 34                  536 	.db #0x34	; 52	'4'
   01EC 35                  537 	.db #0x35	; 53	'5'
   01ED 36                  538 	.db #0x36	; 54	'6'
   01EE 34                  539 	.db #0x34	; 52	'4'
   01EF 35                  540 	.db #0x35	; 53	'5'
   01F0 36                  541 	.db #0x36	; 54	'6'
   01F1 34                  542 	.db #0x34	; 52	'4'
   01F2 35                  543 	.db #0x35	; 53	'5'
   01F3 36                  544 	.db #0x36	; 54	'6'
   01F4 34                  545 	.db #0x34	; 52	'4'
   01F5 35                  546 	.db #0x35	; 53	'5'
   01F6 36                  547 	.db #0x36	; 54	'6'
   01F7 34                  548 	.db #0x34	; 52	'4'
   01F8 35                  549 	.db #0x35	; 53	'5'
   01F9 36                  550 	.db #0x36	; 54	'6'
   01FA 34                  551 	.db #0x34	; 52	'4'
   01FB 35                  552 	.db #0x35	; 53	'5'
   01FC 57                  553 	.db #0x57	; 87	'W'
   01FD 58                  554 	.db #0x58	; 88	'X'
   01FE 6B                  555 	.db #0x6b	; 107	'k'
   01FF 6C                  556 	.db #0x6c	; 108	'l'
   0200 48                  557 	.db #0x48	; 72	'H'
   0201 49                  558 	.db #0x49	; 73	'I'
   0202 4A                  559 	.db #0x4a	; 74	'J'
   0203 48                  560 	.db #0x48	; 72	'H'
   0204 49                  561 	.db #0x49	; 73	'I'
   0205 4A                  562 	.db #0x4a	; 74	'J'
   0206 48                  563 	.db #0x48	; 72	'H'
   0207 49                  564 	.db #0x49	; 73	'I'
   0208 4A                  565 	.db #0x4a	; 74	'J'
   0209 48                  566 	.db #0x48	; 72	'H'
   020A 49                  567 	.db #0x49	; 73	'I'
   020B 4A                  568 	.db #0x4a	; 74	'J'
   020C 48                  569 	.db #0x48	; 72	'H'
   020D 49                  570 	.db #0x49	; 73	'I'
   020E 4A                  571 	.db #0x4a	; 74	'J'
   020F 48                  572 	.db #0x48	; 72	'H'
   0210 49                  573 	.db #0x49	; 73	'I'
   0211 4A                  574 	.db #0x4a	; 74	'J'
   0212 48                  575 	.db #0x48	; 72	'H'
   0213 49                  576 	.db #0x49	; 73	'I'
   0214 4A                  577 	.db #0x4a	; 74	'J'
   0215 48                  578 	.db #0x48	; 72	'H'
   0216 49                  579 	.db #0x49	; 73	'I'
   0217 4A                  580 	.db #0x4a	; 74	'J'
   0218 48                  581 	.db #0x48	; 72	'H'
   0219 49                  582 	.db #0x49	; 73	'I'
   021A 6B                  583 	.db #0x6b	; 107	'k'
   021B 6C                  584 	.db #0x6c	; 108	'l'
   021C 2F                  585 	.db #0x2f	; 47
   021D 30                  586 	.db #0x30	; 48	'0'
   021E 34                  587 	.db #0x34	; 52	'4'
   021F 35                  588 	.db #0x35	; 53	'5'
   0220 36                  589 	.db #0x36	; 54	'6'
   0221 34                  590 	.db #0x34	; 52	'4'
   0222 35                  591 	.db #0x35	; 53	'5'
   0223 36                  592 	.db #0x36	; 54	'6'
   0224 34                  593 	.db #0x34	; 52	'4'
   0225 35                  594 	.db #0x35	; 53	'5'
   0226 36                  595 	.db #0x36	; 54	'6'
   0227 34                  596 	.db #0x34	; 52	'4'
   0228 35                  597 	.db #0x35	; 53	'5'
   0229 36                  598 	.db #0x36	; 54	'6'
   022A 34                  599 	.db #0x34	; 52	'4'
   022B 35                  600 	.db #0x35	; 53	'5'
   022C 36                  601 	.db #0x36	; 54	'6'
   022D 34                  602 	.db #0x34	; 52	'4'
   022E 35                  603 	.db #0x35	; 53	'5'
   022F 36                  604 	.db #0x36	; 54	'6'
   0230 34                  605 	.db #0x34	; 52	'4'
   0231 35                  606 	.db #0x35	; 53	'5'
   0232 36                  607 	.db #0x36	; 54	'6'
   0233 34                  608 	.db #0x34	; 52	'4'
   0234 35                  609 	.db #0x35	; 53	'5'
   0235 36                  610 	.db #0x36	; 54	'6'
   0236 34                  611 	.db #0x34	; 52	'4'
   0237 35                  612 	.db #0x35	; 53	'5'
   0238 2F                  613 	.db #0x2f	; 47
   0239 30                  614 	.db #0x30	; 48	'0'
   023A 43                  615 	.db #0x43	; 67	'C'
   023B 44                  616 	.db #0x44	; 68	'D'
   023C 48                  617 	.db #0x48	; 72	'H'
   023D 49                  618 	.db #0x49	; 73	'I'
   023E 4A                  619 	.db #0x4a	; 74	'J'
   023F 48                  620 	.db #0x48	; 72	'H'
   0240 49                  621 	.db #0x49	; 73	'I'
   0241 4A                  622 	.db #0x4a	; 74	'J'
   0242 48                  623 	.db #0x48	; 72	'H'
   0243 49                  624 	.db #0x49	; 73	'I'
   0244 4A                  625 	.db #0x4a	; 74	'J'
   0245 48                  626 	.db #0x48	; 72	'H'
   0246 49                  627 	.db #0x49	; 73	'I'
   0247 4A                  628 	.db #0x4a	; 74	'J'
   0248 48                  629 	.db #0x48	; 72	'H'
   0249 49                  630 	.db #0x49	; 73	'I'
   024A 4A                  631 	.db #0x4a	; 74	'J'
   024B 48                  632 	.db #0x48	; 72	'H'
   024C 49                  633 	.db #0x49	; 73	'I'
   024D 4A                  634 	.db #0x4a	; 74	'J'
   024E 48                  635 	.db #0x48	; 72	'H'
   024F 49                  636 	.db #0x49	; 73	'I'
   0250 4A                  637 	.db #0x4a	; 74	'J'
   0251 48                  638 	.db #0x48	; 72	'H'
   0252 49                  639 	.db #0x49	; 73	'I'
   0253 4A                  640 	.db #0x4a	; 74	'J'
   0254 48                  641 	.db #0x48	; 72	'H'
   0255 49                  642 	.db #0x49	; 73	'I'
   0256 43                  643 	.db #0x43	; 67	'C'
   0257 44                  644 	.db #0x44	; 68	'D'
   0258 57                  645 	.db #0x57	; 87	'W'
   0259 58                  646 	.db #0x58	; 88	'X'
   025A 34                  647 	.db #0x34	; 52	'4'
   025B 35                  648 	.db #0x35	; 53	'5'
   025C 36                  649 	.db #0x36	; 54	'6'
   025D 34                  650 	.db #0x34	; 52	'4'
   025E 35                  651 	.db #0x35	; 53	'5'
   025F 36                  652 	.db #0x36	; 54	'6'
   0260 34                  653 	.db #0x34	; 52	'4'
   0261 35                  654 	.db #0x35	; 53	'5'
   0262 36                  655 	.db #0x36	; 54	'6'
   0263 34                  656 	.db #0x34	; 52	'4'
   0264 35                  657 	.db #0x35	; 53	'5'
   0265 36                  658 	.db #0x36	; 54	'6'
   0266 34                  659 	.db #0x34	; 52	'4'
   0267 35                  660 	.db #0x35	; 53	'5'
   0268 36                  661 	.db #0x36	; 54	'6'
   0269 34                  662 	.db #0x34	; 52	'4'
   026A 35                  663 	.db #0x35	; 53	'5'
   026B 36                  664 	.db #0x36	; 54	'6'
   026C 34                  665 	.db #0x34	; 52	'4'
   026D 35                  666 	.db #0x35	; 53	'5'
   026E 36                  667 	.db #0x36	; 54	'6'
   026F 34                  668 	.db #0x34	; 52	'4'
   0270 35                  669 	.db #0x35	; 53	'5'
   0271 36                  670 	.db #0x36	; 54	'6'
   0272 34                  671 	.db #0x34	; 52	'4'
   0273 35                  672 	.db #0x35	; 53	'5'
   0274 57                  673 	.db #0x57	; 87	'W'
   0275 58                  674 	.db #0x58	; 88	'X'
   0276 6B                  675 	.db #0x6b	; 107	'k'
   0277 6C                  676 	.db #0x6c	; 108	'l'
   0278 48                  677 	.db #0x48	; 72	'H'
   0279 49                  678 	.db #0x49	; 73	'I'
   027A 4A                  679 	.db #0x4a	; 74	'J'
   027B 48                  680 	.db #0x48	; 72	'H'
   027C 49                  681 	.db #0x49	; 73	'I'
   027D 4A                  682 	.db #0x4a	; 74	'J'
   027E 48                  683 	.db #0x48	; 72	'H'
   027F 49                  684 	.db #0x49	; 73	'I'
   0280 4A                  685 	.db #0x4a	; 74	'J'
   0281 48                  686 	.db #0x48	; 72	'H'
   0282 49                  687 	.db #0x49	; 73	'I'
   0283 4A                  688 	.db #0x4a	; 74	'J'
   0284 48                  689 	.db #0x48	; 72	'H'
   0285 49                  690 	.db #0x49	; 73	'I'
   0286 4A                  691 	.db #0x4a	; 74	'J'
   0287 48                  692 	.db #0x48	; 72	'H'
   0288 49                  693 	.db #0x49	; 73	'I'
   0289 4A                  694 	.db #0x4a	; 74	'J'
   028A 48                  695 	.db #0x48	; 72	'H'
   028B 49                  696 	.db #0x49	; 73	'I'
   028C 4A                  697 	.db #0x4a	; 74	'J'
   028D 48                  698 	.db #0x48	; 72	'H'
   028E 49                  699 	.db #0x49	; 73	'I'
   028F 4A                  700 	.db #0x4a	; 74	'J'
   0290 48                  701 	.db #0x48	; 72	'H'
   0291 49                  702 	.db #0x49	; 73	'I'
   0292 6B                  703 	.db #0x6b	; 107	'k'
   0293 6C                  704 	.db #0x6c	; 108	'l'
   0294 2F                  705 	.db #0x2f	; 47
   0295 30                  706 	.db #0x30	; 48	'0'
   0296 34                  707 	.db #0x34	; 52	'4'
   0297 35                  708 	.db #0x35	; 53	'5'
   0298 36                  709 	.db #0x36	; 54	'6'
   0299 34                  710 	.db #0x34	; 52	'4'
   029A 35                  711 	.db #0x35	; 53	'5'
   029B 36                  712 	.db #0x36	; 54	'6'
   029C 34                  713 	.db #0x34	; 52	'4'
   029D 35                  714 	.db #0x35	; 53	'5'
   029E 36                  715 	.db #0x36	; 54	'6'
   029F 34                  716 	.db #0x34	; 52	'4'
   02A0 35                  717 	.db #0x35	; 53	'5'
   02A1 36                  718 	.db #0x36	; 54	'6'
   02A2 34                  719 	.db #0x34	; 52	'4'
   02A3 35                  720 	.db #0x35	; 53	'5'
   02A4 36                  721 	.db #0x36	; 54	'6'
   02A5 34                  722 	.db #0x34	; 52	'4'
   02A6 35                  723 	.db #0x35	; 53	'5'
   02A7 36                  724 	.db #0x36	; 54	'6'
   02A8 34                  725 	.db #0x34	; 52	'4'
   02A9 35                  726 	.db #0x35	; 53	'5'
   02AA 36                  727 	.db #0x36	; 54	'6'
   02AB 34                  728 	.db #0x34	; 52	'4'
   02AC 35                  729 	.db #0x35	; 53	'5'
   02AD 36                  730 	.db #0x36	; 54	'6'
   02AE 34                  731 	.db #0x34	; 52	'4'
   02AF 35                  732 	.db #0x35	; 53	'5'
   02B0 2F                  733 	.db #0x2f	; 47
   02B1 30                  734 	.db #0x30	; 48	'0'
   02B2 43                  735 	.db #0x43	; 67	'C'
   02B3 44                  736 	.db #0x44	; 68	'D'
   02B4 48                  737 	.db #0x48	; 72	'H'
   02B5 49                  738 	.db #0x49	; 73	'I'
   02B6 4A                  739 	.db #0x4a	; 74	'J'
   02B7 48                  740 	.db #0x48	; 72	'H'
   02B8 49                  741 	.db #0x49	; 73	'I'
   02B9 4A                  742 	.db #0x4a	; 74	'J'
   02BA 48                  743 	.db #0x48	; 72	'H'
   02BB 49                  744 	.db #0x49	; 73	'I'
   02BC 4A                  745 	.db #0x4a	; 74	'J'
   02BD 48                  746 	.db #0x48	; 72	'H'
   02BE 49                  747 	.db #0x49	; 73	'I'
   02BF 4A                  748 	.db #0x4a	; 74	'J'
   02C0 48                  749 	.db #0x48	; 72	'H'
   02C1 49                  750 	.db #0x49	; 73	'I'
   02C2 4A                  751 	.db #0x4a	; 74	'J'
   02C3 48                  752 	.db #0x48	; 72	'H'
   02C4 49                  753 	.db #0x49	; 73	'I'
   02C5 4A                  754 	.db #0x4a	; 74	'J'
   02C6 48                  755 	.db #0x48	; 72	'H'
   02C7 49                  756 	.db #0x49	; 73	'I'
   02C8 4A                  757 	.db #0x4a	; 74	'J'
   02C9 48                  758 	.db #0x48	; 72	'H'
   02CA 49                  759 	.db #0x49	; 73	'I'
   02CB 4A                  760 	.db #0x4a	; 74	'J'
   02CC 48                  761 	.db #0x48	; 72	'H'
   02CD 49                  762 	.db #0x49	; 73	'I'
   02CE 43                  763 	.db #0x43	; 67	'C'
   02CF 44                  764 	.db #0x44	; 68	'D'
   02D0 57                  765 	.db #0x57	; 87	'W'
   02D1 58                  766 	.db #0x58	; 88	'X'
   02D2 34                  767 	.db #0x34	; 52	'4'
   02D3 35                  768 	.db #0x35	; 53	'5'
   02D4 36                  769 	.db #0x36	; 54	'6'
   02D5 34                  770 	.db #0x34	; 52	'4'
   02D6 35                  771 	.db #0x35	; 53	'5'
   02D7 36                  772 	.db #0x36	; 54	'6'
   02D8 34                  773 	.db #0x34	; 52	'4'
   02D9 35                  774 	.db #0x35	; 53	'5'
   02DA 36                  775 	.db #0x36	; 54	'6'
   02DB 34                  776 	.db #0x34	; 52	'4'
   02DC 35                  777 	.db #0x35	; 53	'5'
   02DD 36                  778 	.db #0x36	; 54	'6'
   02DE 34                  779 	.db #0x34	; 52	'4'
   02DF 35                  780 	.db #0x35	; 53	'5'
   02E0 36                  781 	.db #0x36	; 54	'6'
   02E1 34                  782 	.db #0x34	; 52	'4'
   02E2 35                  783 	.db #0x35	; 53	'5'
   02E3 36                  784 	.db #0x36	; 54	'6'
   02E4 34                  785 	.db #0x34	; 52	'4'
   02E5 35                  786 	.db #0x35	; 53	'5'
   02E6 36                  787 	.db #0x36	; 54	'6'
   02E7 34                  788 	.db #0x34	; 52	'4'
   02E8 35                  789 	.db #0x35	; 53	'5'
   02E9 36                  790 	.db #0x36	; 54	'6'
   02EA 34                  791 	.db #0x34	; 52	'4'
   02EB 35                  792 	.db #0x35	; 53	'5'
   02EC 57                  793 	.db #0x57	; 87	'W'
   02ED 58                  794 	.db #0x58	; 88	'X'
   02EE 6B                  795 	.db #0x6b	; 107	'k'
   02EF 6C                  796 	.db #0x6c	; 108	'l'
   02F0 48                  797 	.db #0x48	; 72	'H'
   02F1 49                  798 	.db #0x49	; 73	'I'
   02F2 4A                  799 	.db #0x4a	; 74	'J'
   02F3 48                  800 	.db #0x48	; 72	'H'
   02F4 49                  801 	.db #0x49	; 73	'I'
   02F5 4A                  802 	.db #0x4a	; 74	'J'
   02F6 48                  803 	.db #0x48	; 72	'H'
   02F7 49                  804 	.db #0x49	; 73	'I'
   02F8 4A                  805 	.db #0x4a	; 74	'J'
   02F9 48                  806 	.db #0x48	; 72	'H'
   02FA 49                  807 	.db #0x49	; 73	'I'
   02FB 4A                  808 	.db #0x4a	; 74	'J'
   02FC 48                  809 	.db #0x48	; 72	'H'
   02FD 49                  810 	.db #0x49	; 73	'I'
   02FE 4A                  811 	.db #0x4a	; 74	'J'
   02FF 48                  812 	.db #0x48	; 72	'H'
   0300 49                  813 	.db #0x49	; 73	'I'
   0301 4A                  814 	.db #0x4a	; 74	'J'
   0302 48                  815 	.db #0x48	; 72	'H'
   0303 49                  816 	.db #0x49	; 73	'I'
   0304 4A                  817 	.db #0x4a	; 74	'J'
   0305 48                  818 	.db #0x48	; 72	'H'
   0306 49                  819 	.db #0x49	; 73	'I'
   0307 4A                  820 	.db #0x4a	; 74	'J'
   0308 48                  821 	.db #0x48	; 72	'H'
   0309 49                  822 	.db #0x49	; 73	'I'
   030A 6B                  823 	.db #0x6b	; 107	'k'
   030B 6C                  824 	.db #0x6c	; 108	'l'
   030C 2F                  825 	.db #0x2f	; 47
   030D 30                  826 	.db #0x30	; 48	'0'
   030E 34                  827 	.db #0x34	; 52	'4'
   030F 35                  828 	.db #0x35	; 53	'5'
   0310 36                  829 	.db #0x36	; 54	'6'
   0311 34                  830 	.db #0x34	; 52	'4'
   0312 35                  831 	.db #0x35	; 53	'5'
   0313 36                  832 	.db #0x36	; 54	'6'
   0314 34                  833 	.db #0x34	; 52	'4'
   0315 35                  834 	.db #0x35	; 53	'5'
   0316 36                  835 	.db #0x36	; 54	'6'
   0317 34                  836 	.db #0x34	; 52	'4'
   0318 35                  837 	.db #0x35	; 53	'5'
   0319 36                  838 	.db #0x36	; 54	'6'
   031A 34                  839 	.db #0x34	; 52	'4'
   031B 35                  840 	.db #0x35	; 53	'5'
   031C 36                  841 	.db #0x36	; 54	'6'
   031D 34                  842 	.db #0x34	; 52	'4'
   031E 35                  843 	.db #0x35	; 53	'5'
   031F 36                  844 	.db #0x36	; 54	'6'
   0320 34                  845 	.db #0x34	; 52	'4'
   0321 35                  846 	.db #0x35	; 53	'5'
   0322 36                  847 	.db #0x36	; 54	'6'
   0323 34                  848 	.db #0x34	; 52	'4'
   0324 35                  849 	.db #0x35	; 53	'5'
   0325 36                  850 	.db #0x36	; 54	'6'
   0326 34                  851 	.db #0x34	; 52	'4'
   0327 35                  852 	.db #0x35	; 53	'5'
   0328 2F                  853 	.db #0x2f	; 47
   0329 30                  854 	.db #0x30	; 48	'0'
   032A 43                  855 	.db #0x43	; 67	'C'
   032B 44                  856 	.db #0x44	; 68	'D'
   032C 48                  857 	.db #0x48	; 72	'H'
   032D 49                  858 	.db #0x49	; 73	'I'
   032E 4A                  859 	.db #0x4a	; 74	'J'
   032F 48                  860 	.db #0x48	; 72	'H'
   0330 49                  861 	.db #0x49	; 73	'I'
   0331 4A                  862 	.db #0x4a	; 74	'J'
   0332 48                  863 	.db #0x48	; 72	'H'
   0333 49                  864 	.db #0x49	; 73	'I'
   0334 4A                  865 	.db #0x4a	; 74	'J'
   0335 48                  866 	.db #0x48	; 72	'H'
   0336 49                  867 	.db #0x49	; 73	'I'
   0337 4A                  868 	.db #0x4a	; 74	'J'
   0338 48                  869 	.db #0x48	; 72	'H'
   0339 49                  870 	.db #0x49	; 73	'I'
   033A 4A                  871 	.db #0x4a	; 74	'J'
   033B 48                  872 	.db #0x48	; 72	'H'
   033C 49                  873 	.db #0x49	; 73	'I'
   033D 4A                  874 	.db #0x4a	; 74	'J'
   033E 48                  875 	.db #0x48	; 72	'H'
   033F 49                  876 	.db #0x49	; 73	'I'
   0340 4A                  877 	.db #0x4a	; 74	'J'
   0341 48                  878 	.db #0x48	; 72	'H'
   0342 49                  879 	.db #0x49	; 73	'I'
   0343 4A                  880 	.db #0x4a	; 74	'J'
   0344 48                  881 	.db #0x48	; 72	'H'
   0345 49                  882 	.db #0x49	; 73	'I'
   0346 43                  883 	.db #0x43	; 67	'C'
   0347 44                  884 	.db #0x44	; 68	'D'
   0348 57                  885 	.db #0x57	; 87	'W'
   0349 58                  886 	.db #0x58	; 88	'X'
   034A 34                  887 	.db #0x34	; 52	'4'
   034B 35                  888 	.db #0x35	; 53	'5'
   034C 36                  889 	.db #0x36	; 54	'6'
   034D 34                  890 	.db #0x34	; 52	'4'
   034E 35                  891 	.db #0x35	; 53	'5'
   034F 36                  892 	.db #0x36	; 54	'6'
   0350 34                  893 	.db #0x34	; 52	'4'
   0351 35                  894 	.db #0x35	; 53	'5'
   0352 36                  895 	.db #0x36	; 54	'6'
   0353 34                  896 	.db #0x34	; 52	'4'
   0354 35                  897 	.db #0x35	; 53	'5'
   0355 36                  898 	.db #0x36	; 54	'6'
   0356 34                  899 	.db #0x34	; 52	'4'
   0357 35                  900 	.db #0x35	; 53	'5'
   0358 36                  901 	.db #0x36	; 54	'6'
   0359 34                  902 	.db #0x34	; 52	'4'
   035A 35                  903 	.db #0x35	; 53	'5'
   035B 36                  904 	.db #0x36	; 54	'6'
   035C 34                  905 	.db #0x34	; 52	'4'
   035D 35                  906 	.db #0x35	; 53	'5'
   035E 36                  907 	.db #0x36	; 54	'6'
   035F 34                  908 	.db #0x34	; 52	'4'
   0360 35                  909 	.db #0x35	; 53	'5'
   0361 36                  910 	.db #0x36	; 54	'6'
   0362 34                  911 	.db #0x34	; 52	'4'
   0363 35                  912 	.db #0x35	; 53	'5'
   0364 57                  913 	.db #0x57	; 87	'W'
   0365 58                  914 	.db #0x58	; 88	'X'
   0366 6B                  915 	.db #0x6b	; 107	'k'
   0367 6C                  916 	.db #0x6c	; 108	'l'
   0368 48                  917 	.db #0x48	; 72	'H'
   0369 49                  918 	.db #0x49	; 73	'I'
   036A 4A                  919 	.db #0x4a	; 74	'J'
   036B 48                  920 	.db #0x48	; 72	'H'
   036C 49                  921 	.db #0x49	; 73	'I'
   036D 4A                  922 	.db #0x4a	; 74	'J'
   036E 48                  923 	.db #0x48	; 72	'H'
   036F 49                  924 	.db #0x49	; 73	'I'
   0370 4A                  925 	.db #0x4a	; 74	'J'
   0371 48                  926 	.db #0x48	; 72	'H'
   0372 49                  927 	.db #0x49	; 73	'I'
   0373 4A                  928 	.db #0x4a	; 74	'J'
   0374 48                  929 	.db #0x48	; 72	'H'
   0375 49                  930 	.db #0x49	; 73	'I'
   0376 4A                  931 	.db #0x4a	; 74	'J'
   0377 48                  932 	.db #0x48	; 72	'H'
   0378 49                  933 	.db #0x49	; 73	'I'
   0379 4A                  934 	.db #0x4a	; 74	'J'
   037A 48                  935 	.db #0x48	; 72	'H'
   037B 49                  936 	.db #0x49	; 73	'I'
   037C 4A                  937 	.db #0x4a	; 74	'J'
   037D 48                  938 	.db #0x48	; 72	'H'
   037E 49                  939 	.db #0x49	; 73	'I'
   037F 4A                  940 	.db #0x4a	; 74	'J'
   0380 48                  941 	.db #0x48	; 72	'H'
   0381 49                  942 	.db #0x49	; 73	'I'
   0382 6B                  943 	.db #0x6b	; 107	'k'
   0383 6C                  944 	.db #0x6c	; 108	'l'
   0384 2F                  945 	.db #0x2f	; 47
   0385 30                  946 	.db #0x30	; 48	'0'
   0386 34                  947 	.db #0x34	; 52	'4'
   0387 35                  948 	.db #0x35	; 53	'5'
   0388 36                  949 	.db #0x36	; 54	'6'
   0389 34                  950 	.db #0x34	; 52	'4'
   038A 35                  951 	.db #0x35	; 53	'5'
   038B 36                  952 	.db #0x36	; 54	'6'
   038C 34                  953 	.db #0x34	; 52	'4'
   038D 35                  954 	.db #0x35	; 53	'5'
   038E 36                  955 	.db #0x36	; 54	'6'
   038F 34                  956 	.db #0x34	; 52	'4'
   0390 35                  957 	.db #0x35	; 53	'5'
   0391 36                  958 	.db #0x36	; 54	'6'
   0392 34                  959 	.db #0x34	; 52	'4'
   0393 35                  960 	.db #0x35	; 53	'5'
   0394 36                  961 	.db #0x36	; 54	'6'
   0395 34                  962 	.db #0x34	; 52	'4'
   0396 35                  963 	.db #0x35	; 53	'5'
   0397 36                  964 	.db #0x36	; 54	'6'
   0398 34                  965 	.db #0x34	; 52	'4'
   0399 35                  966 	.db #0x35	; 53	'5'
   039A 36                  967 	.db #0x36	; 54	'6'
   039B 34                  968 	.db #0x34	; 52	'4'
   039C 35                  969 	.db #0x35	; 53	'5'
   039D 36                  970 	.db #0x36	; 54	'6'
   039E 34                  971 	.db #0x34	; 52	'4'
   039F 35                  972 	.db #0x35	; 53	'5'
   03A0 2F                  973 	.db #0x2f	; 47
   03A1 30                  974 	.db #0x30	; 48	'0'
   03A2 43                  975 	.db #0x43	; 67	'C'
   03A3 44                  976 	.db #0x44	; 68	'D'
   03A4 48                  977 	.db #0x48	; 72	'H'
   03A5 49                  978 	.db #0x49	; 73	'I'
   03A6 4A                  979 	.db #0x4a	; 74	'J'
   03A7 48                  980 	.db #0x48	; 72	'H'
   03A8 49                  981 	.db #0x49	; 73	'I'
   03A9 4A                  982 	.db #0x4a	; 74	'J'
   03AA 48                  983 	.db #0x48	; 72	'H'
   03AB 49                  984 	.db #0x49	; 73	'I'
   03AC 4A                  985 	.db #0x4a	; 74	'J'
   03AD 48                  986 	.db #0x48	; 72	'H'
   03AE 49                  987 	.db #0x49	; 73	'I'
   03AF 4A                  988 	.db #0x4a	; 74	'J'
   03B0 48                  989 	.db #0x48	; 72	'H'
   03B1 49                  990 	.db #0x49	; 73	'I'
   03B2 4A                  991 	.db #0x4a	; 74	'J'
   03B3 48                  992 	.db #0x48	; 72	'H'
   03B4 49                  993 	.db #0x49	; 73	'I'
   03B5 4A                  994 	.db #0x4a	; 74	'J'
   03B6 48                  995 	.db #0x48	; 72	'H'
   03B7 49                  996 	.db #0x49	; 73	'I'
   03B8 4A                  997 	.db #0x4a	; 74	'J'
   03B9 48                  998 	.db #0x48	; 72	'H'
   03BA 49                  999 	.db #0x49	; 73	'I'
   03BB 4A                 1000 	.db #0x4a	; 74	'J'
   03BC 48                 1001 	.db #0x48	; 72	'H'
   03BD 49                 1002 	.db #0x49	; 73	'I'
   03BE 43                 1003 	.db #0x43	; 67	'C'
   03BF 44                 1004 	.db #0x44	; 68	'D'
   03C0 57                 1005 	.db #0x57	; 87	'W'
   03C1 58                 1006 	.db #0x58	; 88	'X'
   03C2 34                 1007 	.db #0x34	; 52	'4'
   03C3 35                 1008 	.db #0x35	; 53	'5'
   03C4 36                 1009 	.db #0x36	; 54	'6'
   03C5 34                 1010 	.db #0x34	; 52	'4'
   03C6 35                 1011 	.db #0x35	; 53	'5'
   03C7 36                 1012 	.db #0x36	; 54	'6'
   03C8 34                 1013 	.db #0x34	; 52	'4'
   03C9 35                 1014 	.db #0x35	; 53	'5'
   03CA 36                 1015 	.db #0x36	; 54	'6'
   03CB 34                 1016 	.db #0x34	; 52	'4'
   03CC 35                 1017 	.db #0x35	; 53	'5'
   03CD 36                 1018 	.db #0x36	; 54	'6'
   03CE 34                 1019 	.db #0x34	; 52	'4'
   03CF 35                 1020 	.db #0x35	; 53	'5'
   03D0 36                 1021 	.db #0x36	; 54	'6'
   03D1 34                 1022 	.db #0x34	; 52	'4'
   03D2 35                 1023 	.db #0x35	; 53	'5'
   03D3 36                 1024 	.db #0x36	; 54	'6'
   03D4 34                 1025 	.db #0x34	; 52	'4'
   03D5 35                 1026 	.db #0x35	; 53	'5'
   03D6 36                 1027 	.db #0x36	; 54	'6'
   03D7 34                 1028 	.db #0x34	; 52	'4'
   03D8 35                 1029 	.db #0x35	; 53	'5'
   03D9 36                 1030 	.db #0x36	; 54	'6'
   03DA 34                 1031 	.db #0x34	; 52	'4'
   03DB 35                 1032 	.db #0x35	; 53	'5'
   03DC 57                 1033 	.db #0x57	; 87	'W'
   03DD 58                 1034 	.db #0x58	; 88	'X'
   03DE 6B                 1035 	.db #0x6b	; 107	'k'
   03DF 6C                 1036 	.db #0x6c	; 108	'l'
   03E0 48                 1037 	.db #0x48	; 72	'H'
   03E1 49                 1038 	.db #0x49	; 73	'I'
   03E2 4A                 1039 	.db #0x4a	; 74	'J'
   03E3 48                 1040 	.db #0x48	; 72	'H'
   03E4 49                 1041 	.db #0x49	; 73	'I'
   03E5 4A                 1042 	.db #0x4a	; 74	'J'
   03E6 48                 1043 	.db #0x48	; 72	'H'
   03E7 49                 1044 	.db #0x49	; 73	'I'
   03E8 4A                 1045 	.db #0x4a	; 74	'J'
   03E9 48                 1046 	.db #0x48	; 72	'H'
   03EA 49                 1047 	.db #0x49	; 73	'I'
   03EB 4A                 1048 	.db #0x4a	; 74	'J'
   03EC 48                 1049 	.db #0x48	; 72	'H'
   03ED 49                 1050 	.db #0x49	; 73	'I'
   03EE 4A                 1051 	.db #0x4a	; 74	'J'
   03EF 48                 1052 	.db #0x48	; 72	'H'
   03F0 49                 1053 	.db #0x49	; 73	'I'
   03F1 4A                 1054 	.db #0x4a	; 74	'J'
   03F2 48                 1055 	.db #0x48	; 72	'H'
   03F3 49                 1056 	.db #0x49	; 73	'I'
   03F4 4A                 1057 	.db #0x4a	; 74	'J'
   03F5 48                 1058 	.db #0x48	; 72	'H'
   03F6 49                 1059 	.db #0x49	; 73	'I'
   03F7 4A                 1060 	.db #0x4a	; 74	'J'
   03F8 48                 1061 	.db #0x48	; 72	'H'
   03F9 49                 1062 	.db #0x49	; 73	'I'
   03FA 6B                 1063 	.db #0x6b	; 107	'k'
   03FB 6C                 1064 	.db #0x6c	; 108	'l'
   03FC 2F                 1065 	.db #0x2f	; 47
   03FD 30                 1066 	.db #0x30	; 48	'0'
   03FE 34                 1067 	.db #0x34	; 52	'4'
   03FF 35                 1068 	.db #0x35	; 53	'5'
   0400 36                 1069 	.db #0x36	; 54	'6'
   0401 34                 1070 	.db #0x34	; 52	'4'
   0402 35                 1071 	.db #0x35	; 53	'5'
   0403 36                 1072 	.db #0x36	; 54	'6'
   0404 34                 1073 	.db #0x34	; 52	'4'
   0405 35                 1074 	.db #0x35	; 53	'5'
   0406 36                 1075 	.db #0x36	; 54	'6'
   0407 34                 1076 	.db #0x34	; 52	'4'
   0408 35                 1077 	.db #0x35	; 53	'5'
   0409 36                 1078 	.db #0x36	; 54	'6'
   040A 34                 1079 	.db #0x34	; 52	'4'
   040B 35                 1080 	.db #0x35	; 53	'5'
   040C 36                 1081 	.db #0x36	; 54	'6'
   040D 34                 1082 	.db #0x34	; 52	'4'
   040E 35                 1083 	.db #0x35	; 53	'5'
   040F 36                 1084 	.db #0x36	; 54	'6'
   0410 34                 1085 	.db #0x34	; 52	'4'
   0411 35                 1086 	.db #0x35	; 53	'5'
   0412 36                 1087 	.db #0x36	; 54	'6'
   0413 34                 1088 	.db #0x34	; 52	'4'
   0414 35                 1089 	.db #0x35	; 53	'5'
   0415 36                 1090 	.db #0x36	; 54	'6'
   0416 34                 1091 	.db #0x34	; 52	'4'
   0417 35                 1092 	.db #0x35	; 53	'5'
   0418 2F                 1093 	.db #0x2f	; 47
   0419 30                 1094 	.db #0x30	; 48	'0'
   041A 43                 1095 	.db #0x43	; 67	'C'
   041B 44                 1096 	.db #0x44	; 68	'D'
   041C 48                 1097 	.db #0x48	; 72	'H'
   041D 49                 1098 	.db #0x49	; 73	'I'
   041E 4A                 1099 	.db #0x4a	; 74	'J'
   041F 48                 1100 	.db #0x48	; 72	'H'
   0420 49                 1101 	.db #0x49	; 73	'I'
   0421 4A                 1102 	.db #0x4a	; 74	'J'
   0422 48                 1103 	.db #0x48	; 72	'H'
   0423 49                 1104 	.db #0x49	; 73	'I'
   0424 4A                 1105 	.db #0x4a	; 74	'J'
   0425 48                 1106 	.db #0x48	; 72	'H'
   0426 49                 1107 	.db #0x49	; 73	'I'
   0427 4A                 1108 	.db #0x4a	; 74	'J'
   0428 48                 1109 	.db #0x48	; 72	'H'
   0429 49                 1110 	.db #0x49	; 73	'I'
   042A 4A                 1111 	.db #0x4a	; 74	'J'
   042B 48                 1112 	.db #0x48	; 72	'H'
   042C 49                 1113 	.db #0x49	; 73	'I'
   042D 4A                 1114 	.db #0x4a	; 74	'J'
   042E 48                 1115 	.db #0x48	; 72	'H'
   042F 49                 1116 	.db #0x49	; 73	'I'
   0430 4A                 1117 	.db #0x4a	; 74	'J'
   0431 48                 1118 	.db #0x48	; 72	'H'
   0432 49                 1119 	.db #0x49	; 73	'I'
   0433 4A                 1120 	.db #0x4a	; 74	'J'
   0434 48                 1121 	.db #0x48	; 72	'H'
   0435 49                 1122 	.db #0x49	; 73	'I'
   0436 43                 1123 	.db #0x43	; 67	'C'
   0437 44                 1124 	.db #0x44	; 68	'D'
   0438 57                 1125 	.db #0x57	; 87	'W'
   0439 58                 1126 	.db #0x58	; 88	'X'
   043A 34                 1127 	.db #0x34	; 52	'4'
   043B 35                 1128 	.db #0x35	; 53	'5'
   043C 36                 1129 	.db #0x36	; 54	'6'
   043D 34                 1130 	.db #0x34	; 52	'4'
   043E 35                 1131 	.db #0x35	; 53	'5'
   043F 36                 1132 	.db #0x36	; 54	'6'
   0440 34                 1133 	.db #0x34	; 52	'4'
   0441 35                 1134 	.db #0x35	; 53	'5'
   0442 36                 1135 	.db #0x36	; 54	'6'
   0443 34                 1136 	.db #0x34	; 52	'4'
   0444 35                 1137 	.db #0x35	; 53	'5'
   0445 36                 1138 	.db #0x36	; 54	'6'
   0446 34                 1139 	.db #0x34	; 52	'4'
   0447 35                 1140 	.db #0x35	; 53	'5'
   0448 36                 1141 	.db #0x36	; 54	'6'
   0449 34                 1142 	.db #0x34	; 52	'4'
   044A 35                 1143 	.db #0x35	; 53	'5'
   044B 36                 1144 	.db #0x36	; 54	'6'
   044C 34                 1145 	.db #0x34	; 52	'4'
   044D 35                 1146 	.db #0x35	; 53	'5'
   044E 36                 1147 	.db #0x36	; 54	'6'
   044F 34                 1148 	.db #0x34	; 52	'4'
   0450 35                 1149 	.db #0x35	; 53	'5'
   0451 36                 1150 	.db #0x36	; 54	'6'
   0452 34                 1151 	.db #0x34	; 52	'4'
   0453 35                 1152 	.db #0x35	; 53	'5'
   0454 57                 1153 	.db #0x57	; 87	'W'
   0455 58                 1154 	.db #0x58	; 88	'X'
   0456 6B                 1155 	.db #0x6b	; 107	'k'
   0457 6C                 1156 	.db #0x6c	; 108	'l'
   0458 48                 1157 	.db #0x48	; 72	'H'
   0459 49                 1158 	.db #0x49	; 73	'I'
   045A 4A                 1159 	.db #0x4a	; 74	'J'
   045B 48                 1160 	.db #0x48	; 72	'H'
   045C 49                 1161 	.db #0x49	; 73	'I'
   045D 4A                 1162 	.db #0x4a	; 74	'J'
   045E 48                 1163 	.db #0x48	; 72	'H'
   045F 49                 1164 	.db #0x49	; 73	'I'
   0460 4A                 1165 	.db #0x4a	; 74	'J'
   0461 48                 1166 	.db #0x48	; 72	'H'
   0462 49                 1167 	.db #0x49	; 73	'I'
   0463 4A                 1168 	.db #0x4a	; 74	'J'
   0464 48                 1169 	.db #0x48	; 72	'H'
   0465 49                 1170 	.db #0x49	; 73	'I'
   0466 4A                 1171 	.db #0x4a	; 74	'J'
   0467 48                 1172 	.db #0x48	; 72	'H'
   0468 49                 1173 	.db #0x49	; 73	'I'
   0469 4A                 1174 	.db #0x4a	; 74	'J'
   046A 48                 1175 	.db #0x48	; 72	'H'
   046B 49                 1176 	.db #0x49	; 73	'I'
   046C 4A                 1177 	.db #0x4a	; 74	'J'
   046D 48                 1178 	.db #0x48	; 72	'H'
   046E 49                 1179 	.db #0x49	; 73	'I'
   046F 4A                 1180 	.db #0x4a	; 74	'J'
   0470 48                 1181 	.db #0x48	; 72	'H'
   0471 49                 1182 	.db #0x49	; 73	'I'
   0472 6B                 1183 	.db #0x6b	; 107	'k'
   0473 6C                 1184 	.db #0x6c	; 108	'l'
   0474 2F                 1185 	.db #0x2f	; 47
   0475 30                 1186 	.db #0x30	; 48	'0'
   0476 34                 1187 	.db #0x34	; 52	'4'
   0477 35                 1188 	.db #0x35	; 53	'5'
   0478 36                 1189 	.db #0x36	; 54	'6'
   0479 34                 1190 	.db #0x34	; 52	'4'
   047A 35                 1191 	.db #0x35	; 53	'5'
   047B 36                 1192 	.db #0x36	; 54	'6'
   047C 34                 1193 	.db #0x34	; 52	'4'
   047D 35                 1194 	.db #0x35	; 53	'5'
   047E 36                 1195 	.db #0x36	; 54	'6'
   047F 34                 1196 	.db #0x34	; 52	'4'
   0480 35                 1197 	.db #0x35	; 53	'5'
   0481 36                 1198 	.db #0x36	; 54	'6'
   0482 34                 1199 	.db #0x34	; 52	'4'
   0483 35                 1200 	.db #0x35	; 53	'5'
   0484 36                 1201 	.db #0x36	; 54	'6'
   0485 34                 1202 	.db #0x34	; 52	'4'
   0486 35                 1203 	.db #0x35	; 53	'5'
   0487 36                 1204 	.db #0x36	; 54	'6'
   0488 34                 1205 	.db #0x34	; 52	'4'
   0489 35                 1206 	.db #0x35	; 53	'5'
   048A 36                 1207 	.db #0x36	; 54	'6'
   048B 34                 1208 	.db #0x34	; 52	'4'
   048C 35                 1209 	.db #0x35	; 53	'5'
   048D 36                 1210 	.db #0x36	; 54	'6'
   048E 34                 1211 	.db #0x34	; 52	'4'
   048F 35                 1212 	.db #0x35	; 53	'5'
   0490 2F                 1213 	.db #0x2f	; 47
   0491 30                 1214 	.db #0x30	; 48	'0'
   0492 43                 1215 	.db #0x43	; 67	'C'
   0493 44                 1216 	.db #0x44	; 68	'D'
   0494 48                 1217 	.db #0x48	; 72	'H'
   0495 49                 1218 	.db #0x49	; 73	'I'
   0496 4A                 1219 	.db #0x4a	; 74	'J'
   0497 48                 1220 	.db #0x48	; 72	'H'
   0498 49                 1221 	.db #0x49	; 73	'I'
   0499 4A                 1222 	.db #0x4a	; 74	'J'
   049A 48                 1223 	.db #0x48	; 72	'H'
   049B 49                 1224 	.db #0x49	; 73	'I'
   049C 4A                 1225 	.db #0x4a	; 74	'J'
   049D 48                 1226 	.db #0x48	; 72	'H'
   049E 49                 1227 	.db #0x49	; 73	'I'
   049F 4A                 1228 	.db #0x4a	; 74	'J'
   04A0 48                 1229 	.db #0x48	; 72	'H'
   04A1 49                 1230 	.db #0x49	; 73	'I'
   04A2 4A                 1231 	.db #0x4a	; 74	'J'
   04A3 48                 1232 	.db #0x48	; 72	'H'
   04A4 49                 1233 	.db #0x49	; 73	'I'
   04A5 4A                 1234 	.db #0x4a	; 74	'J'
   04A6 48                 1235 	.db #0x48	; 72	'H'
   04A7 49                 1236 	.db #0x49	; 73	'I'
   04A8 4A                 1237 	.db #0x4a	; 74	'J'
   04A9 48                 1238 	.db #0x48	; 72	'H'
   04AA 49                 1239 	.db #0x49	; 73	'I'
   04AB 4A                 1240 	.db #0x4a	; 74	'J'
   04AC 48                 1241 	.db #0x48	; 72	'H'
   04AD 49                 1242 	.db #0x49	; 73	'I'
   04AE 43                 1243 	.db #0x43	; 67	'C'
   04AF 44                 1244 	.db #0x44	; 68	'D'
   04B0 57                 1245 	.db #0x57	; 87	'W'
   04B1 58                 1246 	.db #0x58	; 88	'X'
   04B2 34                 1247 	.db #0x34	; 52	'4'
   04B3 35                 1248 	.db #0x35	; 53	'5'
   04B4 36                 1249 	.db #0x36	; 54	'6'
   04B5 34                 1250 	.db #0x34	; 52	'4'
   04B6 35                 1251 	.db #0x35	; 53	'5'
   04B7 36                 1252 	.db #0x36	; 54	'6'
   04B8 34                 1253 	.db #0x34	; 52	'4'
   04B9 35                 1254 	.db #0x35	; 53	'5'
   04BA 36                 1255 	.db #0x36	; 54	'6'
   04BB 34                 1256 	.db #0x34	; 52	'4'
   04BC 35                 1257 	.db #0x35	; 53	'5'
   04BD 36                 1258 	.db #0x36	; 54	'6'
   04BE 34                 1259 	.db #0x34	; 52	'4'
   04BF 35                 1260 	.db #0x35	; 53	'5'
   04C0 36                 1261 	.db #0x36	; 54	'6'
   04C1 34                 1262 	.db #0x34	; 52	'4'
   04C2 35                 1263 	.db #0x35	; 53	'5'
   04C3 36                 1264 	.db #0x36	; 54	'6'
   04C4 34                 1265 	.db #0x34	; 52	'4'
   04C5 35                 1266 	.db #0x35	; 53	'5'
   04C6 36                 1267 	.db #0x36	; 54	'6'
   04C7 34                 1268 	.db #0x34	; 52	'4'
   04C8 35                 1269 	.db #0x35	; 53	'5'
   04C9 36                 1270 	.db #0x36	; 54	'6'
   04CA 34                 1271 	.db #0x34	; 52	'4'
   04CB 35                 1272 	.db #0x35	; 53	'5'
   04CC 57                 1273 	.db #0x57	; 87	'W'
   04CD 58                 1274 	.db #0x58	; 88	'X'
   04CE 6B                 1275 	.db #0x6b	; 107	'k'
   04CF 6C                 1276 	.db #0x6c	; 108	'l'
   04D0 48                 1277 	.db #0x48	; 72	'H'
   04D1 49                 1278 	.db #0x49	; 73	'I'
   04D2 4A                 1279 	.db #0x4a	; 74	'J'
   04D3 48                 1280 	.db #0x48	; 72	'H'
   04D4 49                 1281 	.db #0x49	; 73	'I'
   04D5 4A                 1282 	.db #0x4a	; 74	'J'
   04D6 48                 1283 	.db #0x48	; 72	'H'
   04D7 49                 1284 	.db #0x49	; 73	'I'
   04D8 4A                 1285 	.db #0x4a	; 74	'J'
   04D9 48                 1286 	.db #0x48	; 72	'H'
   04DA 49                 1287 	.db #0x49	; 73	'I'
   04DB 4A                 1288 	.db #0x4a	; 74	'J'
   04DC 48                 1289 	.db #0x48	; 72	'H'
   04DD 49                 1290 	.db #0x49	; 73	'I'
   04DE 4A                 1291 	.db #0x4a	; 74	'J'
   04DF 48                 1292 	.db #0x48	; 72	'H'
   04E0 49                 1293 	.db #0x49	; 73	'I'
   04E1 4A                 1294 	.db #0x4a	; 74	'J'
   04E2 48                 1295 	.db #0x48	; 72	'H'
   04E3 49                 1296 	.db #0x49	; 73	'I'
   04E4 4A                 1297 	.db #0x4a	; 74	'J'
   04E5 48                 1298 	.db #0x48	; 72	'H'
   04E6 49                 1299 	.db #0x49	; 73	'I'
   04E7 4A                 1300 	.db #0x4a	; 74	'J'
   04E8 48                 1301 	.db #0x48	; 72	'H'
   04E9 49                 1302 	.db #0x49	; 73	'I'
   04EA 6B                 1303 	.db #0x6b	; 107	'k'
   04EB 6C                 1304 	.db #0x6c	; 108	'l'
   04EC 2F                 1305 	.db #0x2f	; 47
   04ED 30                 1306 	.db #0x30	; 48	'0'
   04EE 34                 1307 	.db #0x34	; 52	'4'
   04EF 35                 1308 	.db #0x35	; 53	'5'
   04F0 36                 1309 	.db #0x36	; 54	'6'
   04F1 34                 1310 	.db #0x34	; 52	'4'
   04F2 35                 1311 	.db #0x35	; 53	'5'
   04F3 36                 1312 	.db #0x36	; 54	'6'
   04F4 34                 1313 	.db #0x34	; 52	'4'
   04F5 35                 1314 	.db #0x35	; 53	'5'
   04F6 36                 1315 	.db #0x36	; 54	'6'
   04F7 34                 1316 	.db #0x34	; 52	'4'
   04F8 35                 1317 	.db #0x35	; 53	'5'
   04F9 36                 1318 	.db #0x36	; 54	'6'
   04FA 34                 1319 	.db #0x34	; 52	'4'
   04FB 35                 1320 	.db #0x35	; 53	'5'
   04FC 36                 1321 	.db #0x36	; 54	'6'
   04FD 34                 1322 	.db #0x34	; 52	'4'
   04FE 35                 1323 	.db #0x35	; 53	'5'
   04FF 36                 1324 	.db #0x36	; 54	'6'
   0500 34                 1325 	.db #0x34	; 52	'4'
   0501 35                 1326 	.db #0x35	; 53	'5'
   0502 36                 1327 	.db #0x36	; 54	'6'
   0503 34                 1328 	.db #0x34	; 52	'4'
   0504 35                 1329 	.db #0x35	; 53	'5'
   0505 36                 1330 	.db #0x36	; 54	'6'
   0506 34                 1331 	.db #0x34	; 52	'4'
   0507 35                 1332 	.db #0x35	; 53	'5'
   0508 2F                 1333 	.db #0x2f	; 47
   0509 30                 1334 	.db #0x30	; 48	'0'
   050A 43                 1335 	.db #0x43	; 67	'C'
   050B 44                 1336 	.db #0x44	; 68	'D'
   050C 48                 1337 	.db #0x48	; 72	'H'
   050D 49                 1338 	.db #0x49	; 73	'I'
   050E 4A                 1339 	.db #0x4a	; 74	'J'
   050F 48                 1340 	.db #0x48	; 72	'H'
   0510 49                 1341 	.db #0x49	; 73	'I'
   0511 4A                 1342 	.db #0x4a	; 74	'J'
   0512 48                 1343 	.db #0x48	; 72	'H'
   0513 49                 1344 	.db #0x49	; 73	'I'
   0514 4A                 1345 	.db #0x4a	; 74	'J'
   0515 48                 1346 	.db #0x48	; 72	'H'
   0516 49                 1347 	.db #0x49	; 73	'I'
   0517 4A                 1348 	.db #0x4a	; 74	'J'
   0518 48                 1349 	.db #0x48	; 72	'H'
   0519 49                 1350 	.db #0x49	; 73	'I'
   051A 4A                 1351 	.db #0x4a	; 74	'J'
   051B 48                 1352 	.db #0x48	; 72	'H'
   051C 49                 1353 	.db #0x49	; 73	'I'
   051D 4A                 1354 	.db #0x4a	; 74	'J'
   051E 48                 1355 	.db #0x48	; 72	'H'
   051F 49                 1356 	.db #0x49	; 73	'I'
   0520 4A                 1357 	.db #0x4a	; 74	'J'
   0521 48                 1358 	.db #0x48	; 72	'H'
   0522 49                 1359 	.db #0x49	; 73	'I'
   0523 4A                 1360 	.db #0x4a	; 74	'J'
   0524 48                 1361 	.db #0x48	; 72	'H'
   0525 49                 1362 	.db #0x49	; 73	'I'
   0526 43                 1363 	.db #0x43	; 67	'C'
   0527 44                 1364 	.db #0x44	; 68	'D'
   0528 57                 1365 	.db #0x57	; 87	'W'
   0529 58                 1366 	.db #0x58	; 88	'X'
   052A 34                 1367 	.db #0x34	; 52	'4'
   052B 35                 1368 	.db #0x35	; 53	'5'
   052C 36                 1369 	.db #0x36	; 54	'6'
   052D 34                 1370 	.db #0x34	; 52	'4'
   052E 35                 1371 	.db #0x35	; 53	'5'
   052F 36                 1372 	.db #0x36	; 54	'6'
   0530 34                 1373 	.db #0x34	; 52	'4'
   0531 35                 1374 	.db #0x35	; 53	'5'
   0532 36                 1375 	.db #0x36	; 54	'6'
   0533 34                 1376 	.db #0x34	; 52	'4'
   0534 35                 1377 	.db #0x35	; 53	'5'
   0535 36                 1378 	.db #0x36	; 54	'6'
   0536 34                 1379 	.db #0x34	; 52	'4'
   0537 35                 1380 	.db #0x35	; 53	'5'
   0538 36                 1381 	.db #0x36	; 54	'6'
   0539 34                 1382 	.db #0x34	; 52	'4'
   053A 35                 1383 	.db #0x35	; 53	'5'
   053B 36                 1384 	.db #0x36	; 54	'6'
   053C 34                 1385 	.db #0x34	; 52	'4'
   053D 35                 1386 	.db #0x35	; 53	'5'
   053E 36                 1387 	.db #0x36	; 54	'6'
   053F 34                 1388 	.db #0x34	; 52	'4'
   0540 35                 1389 	.db #0x35	; 53	'5'
   0541 36                 1390 	.db #0x36	; 54	'6'
   0542 34                 1391 	.db #0x34	; 52	'4'
   0543 35                 1392 	.db #0x35	; 53	'5'
   0544 57                 1393 	.db #0x57	; 87	'W'
   0545 58                 1394 	.db #0x58	; 88	'X'
   0546 6B                 1395 	.db #0x6b	; 107	'k'
   0547 6C                 1396 	.db #0x6c	; 108	'l'
   0548 48                 1397 	.db #0x48	; 72	'H'
   0549 49                 1398 	.db #0x49	; 73	'I'
   054A 4A                 1399 	.db #0x4a	; 74	'J'
   054B 48                 1400 	.db #0x48	; 72	'H'
   054C 49                 1401 	.db #0x49	; 73	'I'
   054D 4A                 1402 	.db #0x4a	; 74	'J'
   054E 48                 1403 	.db #0x48	; 72	'H'
   054F 49                 1404 	.db #0x49	; 73	'I'
   0550 4A                 1405 	.db #0x4a	; 74	'J'
   0551 48                 1406 	.db #0x48	; 72	'H'
   0552 49                 1407 	.db #0x49	; 73	'I'
   0553 4A                 1408 	.db #0x4a	; 74	'J'
   0554 48                 1409 	.db #0x48	; 72	'H'
   0555 49                 1410 	.db #0x49	; 73	'I'
   0556 4A                 1411 	.db #0x4a	; 74	'J'
   0557 48                 1412 	.db #0x48	; 72	'H'
   0558 49                 1413 	.db #0x49	; 73	'I'
   0559 4A                 1414 	.db #0x4a	; 74	'J'
   055A 48                 1415 	.db #0x48	; 72	'H'
   055B 49                 1416 	.db #0x49	; 73	'I'
   055C 4A                 1417 	.db #0x4a	; 74	'J'
   055D 48                 1418 	.db #0x48	; 72	'H'
   055E 49                 1419 	.db #0x49	; 73	'I'
   055F 4A                 1420 	.db #0x4a	; 74	'J'
   0560 48                 1421 	.db #0x48	; 72	'H'
   0561 49                 1422 	.db #0x49	; 73	'I'
   0562 6B                 1423 	.db #0x6b	; 107	'k'
   0563 6C                 1424 	.db #0x6c	; 108	'l'
   0564 2F                 1425 	.db #0x2f	; 47
   0565 30                 1426 	.db #0x30	; 48	'0'
   0566 34                 1427 	.db #0x34	; 52	'4'
   0567 35                 1428 	.db #0x35	; 53	'5'
   0568 36                 1429 	.db #0x36	; 54	'6'
   0569 34                 1430 	.db #0x34	; 52	'4'
   056A 35                 1431 	.db #0x35	; 53	'5'
   056B 36                 1432 	.db #0x36	; 54	'6'
   056C 34                 1433 	.db #0x34	; 52	'4'
   056D 35                 1434 	.db #0x35	; 53	'5'
   056E 36                 1435 	.db #0x36	; 54	'6'
   056F 34                 1436 	.db #0x34	; 52	'4'
   0570 35                 1437 	.db #0x35	; 53	'5'
   0571 36                 1438 	.db #0x36	; 54	'6'
   0572 34                 1439 	.db #0x34	; 52	'4'
   0573 35                 1440 	.db #0x35	; 53	'5'
   0574 36                 1441 	.db #0x36	; 54	'6'
   0575 34                 1442 	.db #0x34	; 52	'4'
   0576 35                 1443 	.db #0x35	; 53	'5'
   0577 36                 1444 	.db #0x36	; 54	'6'
   0578 34                 1445 	.db #0x34	; 52	'4'
   0579 35                 1446 	.db #0x35	; 53	'5'
   057A 36                 1447 	.db #0x36	; 54	'6'
   057B 34                 1448 	.db #0x34	; 52	'4'
   057C 35                 1449 	.db #0x35	; 53	'5'
   057D 36                 1450 	.db #0x36	; 54	'6'
   057E 34                 1451 	.db #0x34	; 52	'4'
   057F 35                 1452 	.db #0x35	; 53	'5'
   0580 2F                 1453 	.db #0x2f	; 47
   0581 30                 1454 	.db #0x30	; 48	'0'
   0582 43                 1455 	.db #0x43	; 67	'C'
   0583 44                 1456 	.db #0x44	; 68	'D'
   0584 48                 1457 	.db #0x48	; 72	'H'
   0585 49                 1458 	.db #0x49	; 73	'I'
   0586 4A                 1459 	.db #0x4a	; 74	'J'
   0587 48                 1460 	.db #0x48	; 72	'H'
   0588 49                 1461 	.db #0x49	; 73	'I'
   0589 4A                 1462 	.db #0x4a	; 74	'J'
   058A 48                 1463 	.db #0x48	; 72	'H'
   058B 49                 1464 	.db #0x49	; 73	'I'
   058C 4A                 1465 	.db #0x4a	; 74	'J'
   058D 48                 1466 	.db #0x48	; 72	'H'
   058E 49                 1467 	.db #0x49	; 73	'I'
   058F 4A                 1468 	.db #0x4a	; 74	'J'
   0590 48                 1469 	.db #0x48	; 72	'H'
   0591 49                 1470 	.db #0x49	; 73	'I'
   0592 4A                 1471 	.db #0x4a	; 74	'J'
   0593 48                 1472 	.db #0x48	; 72	'H'
   0594 49                 1473 	.db #0x49	; 73	'I'
   0595 4A                 1474 	.db #0x4a	; 74	'J'
   0596 48                 1475 	.db #0x48	; 72	'H'
   0597 49                 1476 	.db #0x49	; 73	'I'
   0598 4A                 1477 	.db #0x4a	; 74	'J'
   0599 48                 1478 	.db #0x48	; 72	'H'
   059A 49                 1479 	.db #0x49	; 73	'I'
   059B 4A                 1480 	.db #0x4a	; 74	'J'
   059C 48                 1481 	.db #0x48	; 72	'H'
   059D 49                 1482 	.db #0x49	; 73	'I'
   059E 43                 1483 	.db #0x43	; 67	'C'
   059F 44                 1484 	.db #0x44	; 68	'D'
   05A0 57                 1485 	.db #0x57	; 87	'W'
   05A1 58                 1486 	.db #0x58	; 88	'X'
   05A2 34                 1487 	.db #0x34	; 52	'4'
   05A3 35                 1488 	.db #0x35	; 53	'5'
   05A4 36                 1489 	.db #0x36	; 54	'6'
   05A5 34                 1490 	.db #0x34	; 52	'4'
   05A6 35                 1491 	.db #0x35	; 53	'5'
   05A7 36                 1492 	.db #0x36	; 54	'6'
   05A8 34                 1493 	.db #0x34	; 52	'4'
   05A9 35                 1494 	.db #0x35	; 53	'5'
   05AA 36                 1495 	.db #0x36	; 54	'6'
   05AB 34                 1496 	.db #0x34	; 52	'4'
   05AC 35                 1497 	.db #0x35	; 53	'5'
   05AD 36                 1498 	.db #0x36	; 54	'6'
   05AE 34                 1499 	.db #0x34	; 52	'4'
   05AF 35                 1500 	.db #0x35	; 53	'5'
   05B0 36                 1501 	.db #0x36	; 54	'6'
   05B1 34                 1502 	.db #0x34	; 52	'4'
   05B2 35                 1503 	.db #0x35	; 53	'5'
   05B3 36                 1504 	.db #0x36	; 54	'6'
   05B4 34                 1505 	.db #0x34	; 52	'4'
   05B5 35                 1506 	.db #0x35	; 53	'5'
   05B6 36                 1507 	.db #0x36	; 54	'6'
   05B7 34                 1508 	.db #0x34	; 52	'4'
   05B8 35                 1509 	.db #0x35	; 53	'5'
   05B9 36                 1510 	.db #0x36	; 54	'6'
   05BA 34                 1511 	.db #0x34	; 52	'4'
   05BB 35                 1512 	.db #0x35	; 53	'5'
   05BC 57                 1513 	.db #0x57	; 87	'W'
   05BD 58                 1514 	.db #0x58	; 88	'X'
   05BE 6B                 1515 	.db #0x6b	; 107	'k'
   05BF 6C                 1516 	.db #0x6c	; 108	'l'
   05C0 48                 1517 	.db #0x48	; 72	'H'
   05C1 49                 1518 	.db #0x49	; 73	'I'
   05C2 4A                 1519 	.db #0x4a	; 74	'J'
   05C3 48                 1520 	.db #0x48	; 72	'H'
   05C4 49                 1521 	.db #0x49	; 73	'I'
   05C5 4A                 1522 	.db #0x4a	; 74	'J'
   05C6 48                 1523 	.db #0x48	; 72	'H'
   05C7 49                 1524 	.db #0x49	; 73	'I'
   05C8 4A                 1525 	.db #0x4a	; 74	'J'
   05C9 48                 1526 	.db #0x48	; 72	'H'
   05CA 49                 1527 	.db #0x49	; 73	'I'
   05CB 4A                 1528 	.db #0x4a	; 74	'J'
   05CC 48                 1529 	.db #0x48	; 72	'H'
   05CD 49                 1530 	.db #0x49	; 73	'I'
   05CE 4A                 1531 	.db #0x4a	; 74	'J'
   05CF 48                 1532 	.db #0x48	; 72	'H'
   05D0 49                 1533 	.db #0x49	; 73	'I'
   05D1 4A                 1534 	.db #0x4a	; 74	'J'
   05D2 48                 1535 	.db #0x48	; 72	'H'
   05D3 49                 1536 	.db #0x49	; 73	'I'
   05D4 4A                 1537 	.db #0x4a	; 74	'J'
   05D5 48                 1538 	.db #0x48	; 72	'H'
   05D6 49                 1539 	.db #0x49	; 73	'I'
   05D7 4A                 1540 	.db #0x4a	; 74	'J'
   05D8 48                 1541 	.db #0x48	; 72	'H'
   05D9 49                 1542 	.db #0x49	; 73	'I'
   05DA 6B                 1543 	.db #0x6b	; 107	'k'
   05DB 6C                 1544 	.db #0x6c	; 108	'l'
                           1545 	.area _INITIALIZER
                           1546 	.area _CABS (ABS)
