                              1 ;--------------------------------------------------------
                              2 ; File Created by SDCC : free open source ANSI-C Compiler
                              3 ; Version 3.6.8 #9946 (Linux)
                              4 ;--------------------------------------------------------
                              5 	.module level_01_background
                              6 	.optsdcc -mz80
                              7 	
                              8 ;--------------------------------------------------------
                              9 ; Public variables in this module
                             10 ;--------------------------------------------------------
                             11 	.globl _g_tilemap_l01_background
                             12 ;--------------------------------------------------------
                             13 ; special function registers
                             14 ;--------------------------------------------------------
                             15 ;--------------------------------------------------------
                             16 ; ram data
                             17 ;--------------------------------------------------------
                             18 	.area _DATA
                             19 ;--------------------------------------------------------
                             20 ; ram data
                             21 ;--------------------------------------------------------
                             22 	.area _INITIALIZED
                             23 ;--------------------------------------------------------
                             24 ; absolute external ram data
                             25 ;--------------------------------------------------------
                             26 	.area _DABS (ABS)
                             27 ;--------------------------------------------------------
                             28 ; global & static initialisations
                             29 ;--------------------------------------------------------
                             30 	.area _HOME
                             31 	.area _GSINIT
                             32 	.area _GSFINAL
                             33 	.area _GSINIT
                             34 ;--------------------------------------------------------
                             35 ; Home
                             36 ;--------------------------------------------------------
                             37 	.area _HOME
                             38 	.area _HOME
                             39 ;--------------------------------------------------------
                             40 ; code
                             41 ;--------------------------------------------------------
                             42 	.area _CODE
                             43 	.area _CODE
   0000                      44 _g_tilemap_l01_background:
   0000 28                   45 	.db #0x28	; 40
   0001 29                   46 	.db #0x29	; 41
   0002 2A                   47 	.db #0x2a	; 42
   0003 2A                   48 	.db #0x2a	; 42
   0004 2A                   49 	.db #0x2a	; 42
   0005 2A                   50 	.db #0x2a	; 42
   0006 2A                   51 	.db #0x2a	; 42
   0007 2A                   52 	.db #0x2a	; 42
   0008 2A                   53 	.db #0x2a	; 42
   0009 2A                   54 	.db #0x2a	; 42
   000A 2A                   55 	.db #0x2a	; 42
   000B 2A                   56 	.db #0x2a	; 42
   000C 2A                   57 	.db #0x2a	; 42
   000D 2A                   58 	.db #0x2a	; 42
   000E 2A                   59 	.db #0x2a	; 42
   000F 2A                   60 	.db #0x2a	; 42
   0010 2A                   61 	.db #0x2a	; 42
   0011 2A                   62 	.db #0x2a	; 42
   0012 2A                   63 	.db #0x2a	; 42
   0013 2A                   64 	.db #0x2a	; 42
   0014 2A                   65 	.db #0x2a	; 42
   0015 2A                   66 	.db #0x2a	; 42
   0016 2A                   67 	.db #0x2a	; 42
   0017 2A                   68 	.db #0x2a	; 42
   0018 2A                   69 	.db #0x2a	; 42
   0019 2A                   70 	.db #0x2a	; 42
   001A 2A                   71 	.db #0x2a	; 42
   001B 2A                   72 	.db #0x2a	; 42
   001C 2B                   73 	.db #0x2b	; 43
   001D 2C                   74 	.db #0x2c	; 44
   001E 3C                   75 	.db #0x3c	; 60
   001F 3D                   76 	.db #0x3d	; 61
   0020 3E                   77 	.db #0x3e	; 62
   0021 3E                   78 	.db #0x3e	; 62
   0022 3E                   79 	.db #0x3e	; 62
   0023 3E                   80 	.db #0x3e	; 62
   0024 3E                   81 	.db #0x3e	; 62
   0025 3E                   82 	.db #0x3e	; 62
   0026 3E                   83 	.db #0x3e	; 62
   0027 3E                   84 	.db #0x3e	; 62
   0028 3E                   85 	.db #0x3e	; 62
   0029 3E                   86 	.db #0x3e	; 62
   002A 3E                   87 	.db #0x3e	; 62
   002B 3E                   88 	.db #0x3e	; 62
   002C 3E                   89 	.db #0x3e	; 62
   002D 3E                   90 	.db #0x3e	; 62
   002E 3E                   91 	.db #0x3e	; 62
   002F 3E                   92 	.db #0x3e	; 62
   0030 3E                   93 	.db #0x3e	; 62
   0031 3E                   94 	.db #0x3e	; 62
   0032 3E                   95 	.db #0x3e	; 62
   0033 3E                   96 	.db #0x3e	; 62
   0034 3E                   97 	.db #0x3e	; 62
   0035 3E                   98 	.db #0x3e	; 62
   0036 3E                   99 	.db #0x3e	; 62
   0037 3E                  100 	.db #0x3e	; 62
   0038 3E                  101 	.db #0x3e	; 62
   0039 3E                  102 	.db #0x3e	; 62
   003A 3F                  103 	.db #0x3f	; 63
   003B 40                  104 	.db #0x40	; 64
   003C 2D                  105 	.db #0x2d	; 45
   003D 2E                  106 	.db #0x2e	; 46
   003E 33                  107 	.db #0x33	; 51	'3'
   003F 31                  108 	.db #0x31	; 49	'1'
   0040 32                  109 	.db #0x32	; 50	'2'
   0041 33                  110 	.db #0x33	; 51	'3'
   0042 31                  111 	.db #0x31	; 49	'1'
   0043 32                  112 	.db #0x32	; 50	'2'
   0044 33                  113 	.db #0x33	; 51	'3'
   0045 31                  114 	.db #0x31	; 49	'1'
   0046 32                  115 	.db #0x32	; 50	'2'
   0047 33                  116 	.db #0x33	; 51	'3'
   0048 31                  117 	.db #0x31	; 49	'1'
   0049 32                  118 	.db #0x32	; 50	'2'
   004A 33                  119 	.db #0x33	; 51	'3'
   004B 31                  120 	.db #0x31	; 49	'1'
   004C 32                  121 	.db #0x32	; 50	'2'
   004D 33                  122 	.db #0x33	; 51	'3'
   004E 31                  123 	.db #0x31	; 49	'1'
   004F 32                  124 	.db #0x32	; 50	'2'
   0050 33                  125 	.db #0x33	; 51	'3'
   0051 31                  126 	.db #0x31	; 49	'1'
   0052 32                  127 	.db #0x32	; 50	'2'
   0053 33                  128 	.db #0x33	; 51	'3'
   0054 31                  129 	.db #0x31	; 49	'1'
   0055 32                  130 	.db #0x32	; 50	'2'
   0056 33                  131 	.db #0x33	; 51	'3'
   0057 31                  132 	.db #0x31	; 49	'1'
   0058 2D                  133 	.db #0x2d	; 45
   0059 2E                  134 	.db #0x2e	; 46
   005A 2D                  135 	.db #0x2d	; 45
   005B 2E                  136 	.db #0x2e	; 46
   005C 47                  137 	.db #0x47	; 71	'G'
   005D 45                  138 	.db #0x45	; 69	'E'
   005E 46                  139 	.db #0x46	; 70	'F'
   005F 47                  140 	.db #0x47	; 71	'G'
   0060 45                  141 	.db #0x45	; 69	'E'
   0061 46                  142 	.db #0x46	; 70	'F'
   0062 47                  143 	.db #0x47	; 71	'G'
   0063 45                  144 	.db #0x45	; 69	'E'
   0064 46                  145 	.db #0x46	; 70	'F'
   0065 47                  146 	.db #0x47	; 71	'G'
   0066 45                  147 	.db #0x45	; 69	'E'
   0067 46                  148 	.db #0x46	; 70	'F'
   0068 47                  149 	.db #0x47	; 71	'G'
   0069 45                  150 	.db #0x45	; 69	'E'
   006A 46                  151 	.db #0x46	; 70	'F'
   006B 47                  152 	.db #0x47	; 71	'G'
   006C 45                  153 	.db #0x45	; 69	'E'
   006D 46                  154 	.db #0x46	; 70	'F'
   006E 47                  155 	.db #0x47	; 71	'G'
   006F 45                  156 	.db #0x45	; 69	'E'
   0070 46                  157 	.db #0x46	; 70	'F'
   0071 47                  158 	.db #0x47	; 71	'G'
   0072 45                  159 	.db #0x45	; 69	'E'
   0073 46                  160 	.db #0x46	; 70	'F'
   0074 47                  161 	.db #0x47	; 71	'G'
   0075 45                  162 	.db #0x45	; 69	'E'
   0076 2D                  163 	.db #0x2d	; 45
   0077 2E                  164 	.db #0x2e	; 46
   0078 2D                  165 	.db #0x2d	; 45
   0079 2E                  166 	.db #0x2e	; 46
   007A 33                  167 	.db #0x33	; 51	'3'
   007B 31                  168 	.db #0x31	; 49	'1'
   007C 32                  169 	.db #0x32	; 50	'2'
   007D 33                  170 	.db #0x33	; 51	'3'
   007E 31                  171 	.db #0x31	; 49	'1'
   007F 32                  172 	.db #0x32	; 50	'2'
   0080 33                  173 	.db #0x33	; 51	'3'
   0081 31                  174 	.db #0x31	; 49	'1'
   0082 32                  175 	.db #0x32	; 50	'2'
   0083 33                  176 	.db #0x33	; 51	'3'
   0084 31                  177 	.db #0x31	; 49	'1'
   0085 32                  178 	.db #0x32	; 50	'2'
   0086 33                  179 	.db #0x33	; 51	'3'
   0087 31                  180 	.db #0x31	; 49	'1'
   0088 32                  181 	.db #0x32	; 50	'2'
   0089 33                  182 	.db #0x33	; 51	'3'
   008A 31                  183 	.db #0x31	; 49	'1'
   008B 32                  184 	.db #0x32	; 50	'2'
   008C 33                  185 	.db #0x33	; 51	'3'
   008D 31                  186 	.db #0x31	; 49	'1'
   008E 32                  187 	.db #0x32	; 50	'2'
   008F 33                  188 	.db #0x33	; 51	'3'
   0090 31                  189 	.db #0x31	; 49	'1'
   0091 32                  190 	.db #0x32	; 50	'2'
   0092 33                  191 	.db #0x33	; 51	'3'
   0093 31                  192 	.db #0x31	; 49	'1'
   0094 2D                  193 	.db #0x2d	; 45
   0095 2E                  194 	.db #0x2e	; 46
   0096 2D                  195 	.db #0x2d	; 45
   0097 2E                  196 	.db #0x2e	; 46
   0098 47                  197 	.db #0x47	; 71	'G'
   0099 45                  198 	.db #0x45	; 69	'E'
   009A 46                  199 	.db #0x46	; 70	'F'
   009B 47                  200 	.db #0x47	; 71	'G'
   009C 45                  201 	.db #0x45	; 69	'E'
   009D 46                  202 	.db #0x46	; 70	'F'
   009E 47                  203 	.db #0x47	; 71	'G'
   009F 45                  204 	.db #0x45	; 69	'E'
   00A0 46                  205 	.db #0x46	; 70	'F'
   00A1 47                  206 	.db #0x47	; 71	'G'
   00A2 45                  207 	.db #0x45	; 69	'E'
   00A3 46                  208 	.db #0x46	; 70	'F'
   00A4 47                  209 	.db #0x47	; 71	'G'
   00A5 45                  210 	.db #0x45	; 69	'E'
   00A6 46                  211 	.db #0x46	; 70	'F'
   00A7 47                  212 	.db #0x47	; 71	'G'
   00A8 45                  213 	.db #0x45	; 69	'E'
   00A9 46                  214 	.db #0x46	; 70	'F'
   00AA 47                  215 	.db #0x47	; 71	'G'
   00AB 45                  216 	.db #0x45	; 69	'E'
   00AC 46                  217 	.db #0x46	; 70	'F'
   00AD 47                  218 	.db #0x47	; 71	'G'
   00AE 45                  219 	.db #0x45	; 69	'E'
   00AF 46                  220 	.db #0x46	; 70	'F'
   00B0 47                  221 	.db #0x47	; 71	'G'
   00B1 45                  222 	.db #0x45	; 69	'E'
   00B2 2D                  223 	.db #0x2d	; 45
   00B3 2E                  224 	.db #0x2e	; 46
   00B4 2D                  225 	.db #0x2d	; 45
   00B5 2E                  226 	.db #0x2e	; 46
   00B6 33                  227 	.db #0x33	; 51	'3'
   00B7 31                  228 	.db #0x31	; 49	'1'
   00B8 32                  229 	.db #0x32	; 50	'2'
   00B9 33                  230 	.db #0x33	; 51	'3'
   00BA 31                  231 	.db #0x31	; 49	'1'
   00BB 32                  232 	.db #0x32	; 50	'2'
   00BC 33                  233 	.db #0x33	; 51	'3'
   00BD 31                  234 	.db #0x31	; 49	'1'
   00BE 32                  235 	.db #0x32	; 50	'2'
   00BF 33                  236 	.db #0x33	; 51	'3'
   00C0 31                  237 	.db #0x31	; 49	'1'
   00C1 32                  238 	.db #0x32	; 50	'2'
   00C2 33                  239 	.db #0x33	; 51	'3'
   00C3 31                  240 	.db #0x31	; 49	'1'
   00C4 32                  241 	.db #0x32	; 50	'2'
   00C5 33                  242 	.db #0x33	; 51	'3'
   00C6 31                  243 	.db #0x31	; 49	'1'
   00C7 32                  244 	.db #0x32	; 50	'2'
   00C8 33                  245 	.db #0x33	; 51	'3'
   00C9 31                  246 	.db #0x31	; 49	'1'
   00CA 32                  247 	.db #0x32	; 50	'2'
   00CB 33                  248 	.db #0x33	; 51	'3'
   00CC 31                  249 	.db #0x31	; 49	'1'
   00CD 32                  250 	.db #0x32	; 50	'2'
   00CE 33                  251 	.db #0x33	; 51	'3'
   00CF 31                  252 	.db #0x31	; 49	'1'
   00D0 2D                  253 	.db #0x2d	; 45
   00D1 2E                  254 	.db #0x2e	; 46
   00D2 2D                  255 	.db #0x2d	; 45
   00D3 2E                  256 	.db #0x2e	; 46
   00D4 47                  257 	.db #0x47	; 71	'G'
   00D5 45                  258 	.db #0x45	; 69	'E'
   00D6 46                  259 	.db #0x46	; 70	'F'
   00D7 47                  260 	.db #0x47	; 71	'G'
   00D8 45                  261 	.db #0x45	; 69	'E'
   00D9 46                  262 	.db #0x46	; 70	'F'
   00DA 47                  263 	.db #0x47	; 71	'G'
   00DB 45                  264 	.db #0x45	; 69	'E'
   00DC 46                  265 	.db #0x46	; 70	'F'
   00DD 47                  266 	.db #0x47	; 71	'G'
   00DE 45                  267 	.db #0x45	; 69	'E'
   00DF 46                  268 	.db #0x46	; 70	'F'
   00E0 47                  269 	.db #0x47	; 71	'G'
   00E1 45                  270 	.db #0x45	; 69	'E'
   00E2 46                  271 	.db #0x46	; 70	'F'
   00E3 47                  272 	.db #0x47	; 71	'G'
   00E4 45                  273 	.db #0x45	; 69	'E'
   00E5 46                  274 	.db #0x46	; 70	'F'
   00E6 47                  275 	.db #0x47	; 71	'G'
   00E7 45                  276 	.db #0x45	; 69	'E'
   00E8 46                  277 	.db #0x46	; 70	'F'
   00E9 47                  278 	.db #0x47	; 71	'G'
   00EA 45                  279 	.db #0x45	; 69	'E'
   00EB 46                  280 	.db #0x46	; 70	'F'
   00EC 47                  281 	.db #0x47	; 71	'G'
   00ED 45                  282 	.db #0x45	; 69	'E'
   00EE 2D                  283 	.db #0x2d	; 45
   00EF 2E                  284 	.db #0x2e	; 46
   00F0 2D                  285 	.db #0x2d	; 45
   00F1 2E                  286 	.db #0x2e	; 46
   00F2 33                  287 	.db #0x33	; 51	'3'
   00F3 31                  288 	.db #0x31	; 49	'1'
   00F4 32                  289 	.db #0x32	; 50	'2'
   00F5 33                  290 	.db #0x33	; 51	'3'
   00F6 31                  291 	.db #0x31	; 49	'1'
   00F7 32                  292 	.db #0x32	; 50	'2'
   00F8 33                  293 	.db #0x33	; 51	'3'
   00F9 31                  294 	.db #0x31	; 49	'1'
   00FA 32                  295 	.db #0x32	; 50	'2'
   00FB 33                  296 	.db #0x33	; 51	'3'
   00FC 31                  297 	.db #0x31	; 49	'1'
   00FD 32                  298 	.db #0x32	; 50	'2'
   00FE 33                  299 	.db #0x33	; 51	'3'
   00FF 31                  300 	.db #0x31	; 49	'1'
   0100 32                  301 	.db #0x32	; 50	'2'
   0101 33                  302 	.db #0x33	; 51	'3'
   0102 31                  303 	.db #0x31	; 49	'1'
   0103 32                  304 	.db #0x32	; 50	'2'
   0104 33                  305 	.db #0x33	; 51	'3'
   0105 31                  306 	.db #0x31	; 49	'1'
   0106 32                  307 	.db #0x32	; 50	'2'
   0107 33                  308 	.db #0x33	; 51	'3'
   0108 31                  309 	.db #0x31	; 49	'1'
   0109 32                  310 	.db #0x32	; 50	'2'
   010A 33                  311 	.db #0x33	; 51	'3'
   010B 31                  312 	.db #0x31	; 49	'1'
   010C 2D                  313 	.db #0x2d	; 45
   010D 2E                  314 	.db #0x2e	; 46
   010E 2D                  315 	.db #0x2d	; 45
   010F 2E                  316 	.db #0x2e	; 46
   0110 47                  317 	.db #0x47	; 71	'G'
   0111 45                  318 	.db #0x45	; 69	'E'
   0112 46                  319 	.db #0x46	; 70	'F'
   0113 47                  320 	.db #0x47	; 71	'G'
   0114 45                  321 	.db #0x45	; 69	'E'
   0115 46                  322 	.db #0x46	; 70	'F'
   0116 47                  323 	.db #0x47	; 71	'G'
   0117 45                  324 	.db #0x45	; 69	'E'
   0118 46                  325 	.db #0x46	; 70	'F'
   0119 47                  326 	.db #0x47	; 71	'G'
   011A 45                  327 	.db #0x45	; 69	'E'
   011B 46                  328 	.db #0x46	; 70	'F'
   011C 47                  329 	.db #0x47	; 71	'G'
   011D 45                  330 	.db #0x45	; 69	'E'
   011E 46                  331 	.db #0x46	; 70	'F'
   011F 47                  332 	.db #0x47	; 71	'G'
   0120 45                  333 	.db #0x45	; 69	'E'
   0121 46                  334 	.db #0x46	; 70	'F'
   0122 47                  335 	.db #0x47	; 71	'G'
   0123 45                  336 	.db #0x45	; 69	'E'
   0124 46                  337 	.db #0x46	; 70	'F'
   0125 47                  338 	.db #0x47	; 71	'G'
   0126 45                  339 	.db #0x45	; 69	'E'
   0127 46                  340 	.db #0x46	; 70	'F'
   0128 47                  341 	.db #0x47	; 71	'G'
   0129 45                  342 	.db #0x45	; 69	'E'
   012A 2D                  343 	.db #0x2d	; 45
   012B 2E                  344 	.db #0x2e	; 46
   012C 2D                  345 	.db #0x2d	; 45
   012D 2E                  346 	.db #0x2e	; 46
   012E 33                  347 	.db #0x33	; 51	'3'
   012F 31                  348 	.db #0x31	; 49	'1'
   0130 32                  349 	.db #0x32	; 50	'2'
   0131 33                  350 	.db #0x33	; 51	'3'
   0132 31                  351 	.db #0x31	; 49	'1'
   0133 32                  352 	.db #0x32	; 50	'2'
   0134 33                  353 	.db #0x33	; 51	'3'
   0135 31                  354 	.db #0x31	; 49	'1'
   0136 32                  355 	.db #0x32	; 50	'2'
   0137 33                  356 	.db #0x33	; 51	'3'
   0138 31                  357 	.db #0x31	; 49	'1'
   0139 32                  358 	.db #0x32	; 50	'2'
   013A 33                  359 	.db #0x33	; 51	'3'
   013B 31                  360 	.db #0x31	; 49	'1'
   013C 32                  361 	.db #0x32	; 50	'2'
   013D 33                  362 	.db #0x33	; 51	'3'
   013E 31                  363 	.db #0x31	; 49	'1'
   013F 32                  364 	.db #0x32	; 50	'2'
   0140 33                  365 	.db #0x33	; 51	'3'
   0141 31                  366 	.db #0x31	; 49	'1'
   0142 32                  367 	.db #0x32	; 50	'2'
   0143 33                  368 	.db #0x33	; 51	'3'
   0144 31                  369 	.db #0x31	; 49	'1'
   0145 32                  370 	.db #0x32	; 50	'2'
   0146 33                  371 	.db #0x33	; 51	'3'
   0147 31                  372 	.db #0x31	; 49	'1'
   0148 2D                  373 	.db #0x2d	; 45
   0149 2E                  374 	.db #0x2e	; 46
   014A 2D                  375 	.db #0x2d	; 45
   014B 2E                  376 	.db #0x2e	; 46
   014C 47                  377 	.db #0x47	; 71	'G'
   014D 45                  378 	.db #0x45	; 69	'E'
   014E 46                  379 	.db #0x46	; 70	'F'
   014F 47                  380 	.db #0x47	; 71	'G'
   0150 45                  381 	.db #0x45	; 69	'E'
   0151 46                  382 	.db #0x46	; 70	'F'
   0152 47                  383 	.db #0x47	; 71	'G'
   0153 45                  384 	.db #0x45	; 69	'E'
   0154 46                  385 	.db #0x46	; 70	'F'
   0155 47                  386 	.db #0x47	; 71	'G'
   0156 45                  387 	.db #0x45	; 69	'E'
   0157 46                  388 	.db #0x46	; 70	'F'
   0158 47                  389 	.db #0x47	; 71	'G'
   0159 45                  390 	.db #0x45	; 69	'E'
   015A 46                  391 	.db #0x46	; 70	'F'
   015B 47                  392 	.db #0x47	; 71	'G'
   015C 45                  393 	.db #0x45	; 69	'E'
   015D 46                  394 	.db #0x46	; 70	'F'
   015E 47                  395 	.db #0x47	; 71	'G'
   015F 45                  396 	.db #0x45	; 69	'E'
   0160 46                  397 	.db #0x46	; 70	'F'
   0161 47                  398 	.db #0x47	; 71	'G'
   0162 45                  399 	.db #0x45	; 69	'E'
   0163 46                  400 	.db #0x46	; 70	'F'
   0164 47                  401 	.db #0x47	; 71	'G'
   0165 45                  402 	.db #0x45	; 69	'E'
   0166 2D                  403 	.db #0x2d	; 45
   0167 2E                  404 	.db #0x2e	; 46
   0168 2D                  405 	.db #0x2d	; 45
   0169 2E                  406 	.db #0x2e	; 46
   016A 33                  407 	.db #0x33	; 51	'3'
   016B 31                  408 	.db #0x31	; 49	'1'
   016C 32                  409 	.db #0x32	; 50	'2'
   016D 33                  410 	.db #0x33	; 51	'3'
   016E 31                  411 	.db #0x31	; 49	'1'
   016F 32                  412 	.db #0x32	; 50	'2'
   0170 33                  413 	.db #0x33	; 51	'3'
   0171 31                  414 	.db #0x31	; 49	'1'
   0172 32                  415 	.db #0x32	; 50	'2'
   0173 33                  416 	.db #0x33	; 51	'3'
   0174 31                  417 	.db #0x31	; 49	'1'
   0175 32                  418 	.db #0x32	; 50	'2'
   0176 33                  419 	.db #0x33	; 51	'3'
   0177 31                  420 	.db #0x31	; 49	'1'
   0178 32                  421 	.db #0x32	; 50	'2'
   0179 33                  422 	.db #0x33	; 51	'3'
   017A 31                  423 	.db #0x31	; 49	'1'
   017B 32                  424 	.db #0x32	; 50	'2'
   017C 33                  425 	.db #0x33	; 51	'3'
   017D 31                  426 	.db #0x31	; 49	'1'
   017E 32                  427 	.db #0x32	; 50	'2'
   017F 33                  428 	.db #0x33	; 51	'3'
   0180 31                  429 	.db #0x31	; 49	'1'
   0181 32                  430 	.db #0x32	; 50	'2'
   0182 33                  431 	.db #0x33	; 51	'3'
   0183 31                  432 	.db #0x31	; 49	'1'
   0184 2D                  433 	.db #0x2d	; 45
   0185 2E                  434 	.db #0x2e	; 46
   0186 2D                  435 	.db #0x2d	; 45
   0187 2E                  436 	.db #0x2e	; 46
   0188 47                  437 	.db #0x47	; 71	'G'
   0189 45                  438 	.db #0x45	; 69	'E'
   018A 46                  439 	.db #0x46	; 70	'F'
   018B 47                  440 	.db #0x47	; 71	'G'
   018C 45                  441 	.db #0x45	; 69	'E'
   018D 46                  442 	.db #0x46	; 70	'F'
   018E 47                  443 	.db #0x47	; 71	'G'
   018F 45                  444 	.db #0x45	; 69	'E'
   0190 46                  445 	.db #0x46	; 70	'F'
   0191 47                  446 	.db #0x47	; 71	'G'
   0192 45                  447 	.db #0x45	; 69	'E'
   0193 46                  448 	.db #0x46	; 70	'F'
   0194 47                  449 	.db #0x47	; 71	'G'
   0195 45                  450 	.db #0x45	; 69	'E'
   0196 46                  451 	.db #0x46	; 70	'F'
   0197 47                  452 	.db #0x47	; 71	'G'
   0198 45                  453 	.db #0x45	; 69	'E'
   0199 46                  454 	.db #0x46	; 70	'F'
   019A 47                  455 	.db #0x47	; 71	'G'
   019B 45                  456 	.db #0x45	; 69	'E'
   019C 46                  457 	.db #0x46	; 70	'F'
   019D 47                  458 	.db #0x47	; 71	'G'
   019E 45                  459 	.db #0x45	; 69	'E'
   019F 46                  460 	.db #0x46	; 70	'F'
   01A0 47                  461 	.db #0x47	; 71	'G'
   01A1 45                  462 	.db #0x45	; 69	'E'
   01A2 2D                  463 	.db #0x2d	; 45
   01A3 2E                  464 	.db #0x2e	; 46
   01A4 2D                  465 	.db #0x2d	; 45
   01A5 2E                  466 	.db #0x2e	; 46
   01A6 33                  467 	.db #0x33	; 51	'3'
   01A7 31                  468 	.db #0x31	; 49	'1'
   01A8 32                  469 	.db #0x32	; 50	'2'
   01A9 33                  470 	.db #0x33	; 51	'3'
   01AA 31                  471 	.db #0x31	; 49	'1'
   01AB 32                  472 	.db #0x32	; 50	'2'
   01AC 33                  473 	.db #0x33	; 51	'3'
   01AD 31                  474 	.db #0x31	; 49	'1'
   01AE 32                  475 	.db #0x32	; 50	'2'
   01AF 33                  476 	.db #0x33	; 51	'3'
   01B0 31                  477 	.db #0x31	; 49	'1'
   01B1 32                  478 	.db #0x32	; 50	'2'
   01B2 33                  479 	.db #0x33	; 51	'3'
   01B3 31                  480 	.db #0x31	; 49	'1'
   01B4 32                  481 	.db #0x32	; 50	'2'
   01B5 33                  482 	.db #0x33	; 51	'3'
   01B6 31                  483 	.db #0x31	; 49	'1'
   01B7 32                  484 	.db #0x32	; 50	'2'
   01B8 33                  485 	.db #0x33	; 51	'3'
   01B9 31                  486 	.db #0x31	; 49	'1'
   01BA 32                  487 	.db #0x32	; 50	'2'
   01BB 33                  488 	.db #0x33	; 51	'3'
   01BC 31                  489 	.db #0x31	; 49	'1'
   01BD 32                  490 	.db #0x32	; 50	'2'
   01BE 33                  491 	.db #0x33	; 51	'3'
   01BF 31                  492 	.db #0x31	; 49	'1'
   01C0 2D                  493 	.db #0x2d	; 45
   01C1 2E                  494 	.db #0x2e	; 46
   01C2 2D                  495 	.db #0x2d	; 45
   01C3 2E                  496 	.db #0x2e	; 46
   01C4 47                  497 	.db #0x47	; 71	'G'
   01C5 45                  498 	.db #0x45	; 69	'E'
   01C6 46                  499 	.db #0x46	; 70	'F'
   01C7 47                  500 	.db #0x47	; 71	'G'
   01C8 45                  501 	.db #0x45	; 69	'E'
   01C9 46                  502 	.db #0x46	; 70	'F'
   01CA 47                  503 	.db #0x47	; 71	'G'
   01CB 45                  504 	.db #0x45	; 69	'E'
   01CC 46                  505 	.db #0x46	; 70	'F'
   01CD 47                  506 	.db #0x47	; 71	'G'
   01CE 45                  507 	.db #0x45	; 69	'E'
   01CF 46                  508 	.db #0x46	; 70	'F'
   01D0 47                  509 	.db #0x47	; 71	'G'
   01D1 45                  510 	.db #0x45	; 69	'E'
   01D2 46                  511 	.db #0x46	; 70	'F'
   01D3 47                  512 	.db #0x47	; 71	'G'
   01D4 45                  513 	.db #0x45	; 69	'E'
   01D5 46                  514 	.db #0x46	; 70	'F'
   01D6 47                  515 	.db #0x47	; 71	'G'
   01D7 45                  516 	.db #0x45	; 69	'E'
   01D8 46                  517 	.db #0x46	; 70	'F'
   01D9 47                  518 	.db #0x47	; 71	'G'
   01DA 45                  519 	.db #0x45	; 69	'E'
   01DB 46                  520 	.db #0x46	; 70	'F'
   01DC 47                  521 	.db #0x47	; 71	'G'
   01DD 45                  522 	.db #0x45	; 69	'E'
   01DE 2D                  523 	.db #0x2d	; 45
   01DF 2E                  524 	.db #0x2e	; 46
   01E0 2D                  525 	.db #0x2d	; 45
   01E1 2E                  526 	.db #0x2e	; 46
   01E2 33                  527 	.db #0x33	; 51	'3'
   01E3 31                  528 	.db #0x31	; 49	'1'
   01E4 32                  529 	.db #0x32	; 50	'2'
   01E5 33                  530 	.db #0x33	; 51	'3'
   01E6 31                  531 	.db #0x31	; 49	'1'
   01E7 32                  532 	.db #0x32	; 50	'2'
   01E8 33                  533 	.db #0x33	; 51	'3'
   01E9 31                  534 	.db #0x31	; 49	'1'
   01EA 32                  535 	.db #0x32	; 50	'2'
   01EB 33                  536 	.db #0x33	; 51	'3'
   01EC 31                  537 	.db #0x31	; 49	'1'
   01ED 32                  538 	.db #0x32	; 50	'2'
   01EE 33                  539 	.db #0x33	; 51	'3'
   01EF 31                  540 	.db #0x31	; 49	'1'
   01F0 32                  541 	.db #0x32	; 50	'2'
   01F1 33                  542 	.db #0x33	; 51	'3'
   01F2 31                  543 	.db #0x31	; 49	'1'
   01F3 32                  544 	.db #0x32	; 50	'2'
   01F4 33                  545 	.db #0x33	; 51	'3'
   01F5 31                  546 	.db #0x31	; 49	'1'
   01F6 32                  547 	.db #0x32	; 50	'2'
   01F7 33                  548 	.db #0x33	; 51	'3'
   01F8 31                  549 	.db #0x31	; 49	'1'
   01F9 32                  550 	.db #0x32	; 50	'2'
   01FA 33                  551 	.db #0x33	; 51	'3'
   01FB 31                  552 	.db #0x31	; 49	'1'
   01FC 2D                  553 	.db #0x2d	; 45
   01FD 2E                  554 	.db #0x2e	; 46
   01FE 2D                  555 	.db #0x2d	; 45
   01FF 2E                  556 	.db #0x2e	; 46
   0200 47                  557 	.db #0x47	; 71	'G'
   0201 45                  558 	.db #0x45	; 69	'E'
   0202 46                  559 	.db #0x46	; 70	'F'
   0203 47                  560 	.db #0x47	; 71	'G'
   0204 45                  561 	.db #0x45	; 69	'E'
   0205 46                  562 	.db #0x46	; 70	'F'
   0206 47                  563 	.db #0x47	; 71	'G'
   0207 45                  564 	.db #0x45	; 69	'E'
   0208 46                  565 	.db #0x46	; 70	'F'
   0209 47                  566 	.db #0x47	; 71	'G'
   020A 45                  567 	.db #0x45	; 69	'E'
   020B 46                  568 	.db #0x46	; 70	'F'
   020C 47                  569 	.db #0x47	; 71	'G'
   020D 45                  570 	.db #0x45	; 69	'E'
   020E 46                  571 	.db #0x46	; 70	'F'
   020F 47                  572 	.db #0x47	; 71	'G'
   0210 45                  573 	.db #0x45	; 69	'E'
   0211 46                  574 	.db #0x46	; 70	'F'
   0212 47                  575 	.db #0x47	; 71	'G'
   0213 45                  576 	.db #0x45	; 69	'E'
   0214 46                  577 	.db #0x46	; 70	'F'
   0215 47                  578 	.db #0x47	; 71	'G'
   0216 45                  579 	.db #0x45	; 69	'E'
   0217 46                  580 	.db #0x46	; 70	'F'
   0218 47                  581 	.db #0x47	; 71	'G'
   0219 45                  582 	.db #0x45	; 69	'E'
   021A 2D                  583 	.db #0x2d	; 45
   021B 2E                  584 	.db #0x2e	; 46
   021C 2D                  585 	.db #0x2d	; 45
   021D 2E                  586 	.db #0x2e	; 46
   021E 33                  587 	.db #0x33	; 51	'3'
   021F 31                  588 	.db #0x31	; 49	'1'
   0220 32                  589 	.db #0x32	; 50	'2'
   0221 33                  590 	.db #0x33	; 51	'3'
   0222 31                  591 	.db #0x31	; 49	'1'
   0223 32                  592 	.db #0x32	; 50	'2'
   0224 33                  593 	.db #0x33	; 51	'3'
   0225 31                  594 	.db #0x31	; 49	'1'
   0226 32                  595 	.db #0x32	; 50	'2'
   0227 33                  596 	.db #0x33	; 51	'3'
   0228 31                  597 	.db #0x31	; 49	'1'
   0229 32                  598 	.db #0x32	; 50	'2'
   022A 33                  599 	.db #0x33	; 51	'3'
   022B 31                  600 	.db #0x31	; 49	'1'
   022C 32                  601 	.db #0x32	; 50	'2'
   022D 33                  602 	.db #0x33	; 51	'3'
   022E 31                  603 	.db #0x31	; 49	'1'
   022F 32                  604 	.db #0x32	; 50	'2'
   0230 33                  605 	.db #0x33	; 51	'3'
   0231 31                  606 	.db #0x31	; 49	'1'
   0232 32                  607 	.db #0x32	; 50	'2'
   0233 33                  608 	.db #0x33	; 51	'3'
   0234 31                  609 	.db #0x31	; 49	'1'
   0235 32                  610 	.db #0x32	; 50	'2'
   0236 33                  611 	.db #0x33	; 51	'3'
   0237 31                  612 	.db #0x31	; 49	'1'
   0238 2D                  613 	.db #0x2d	; 45
   0239 2E                  614 	.db #0x2e	; 46
   023A 2D                  615 	.db #0x2d	; 45
   023B 2E                  616 	.db #0x2e	; 46
   023C 47                  617 	.db #0x47	; 71	'G'
   023D 45                  618 	.db #0x45	; 69	'E'
   023E 46                  619 	.db #0x46	; 70	'F'
   023F 47                  620 	.db #0x47	; 71	'G'
   0240 45                  621 	.db #0x45	; 69	'E'
   0241 46                  622 	.db #0x46	; 70	'F'
   0242 47                  623 	.db #0x47	; 71	'G'
   0243 45                  624 	.db #0x45	; 69	'E'
   0244 46                  625 	.db #0x46	; 70	'F'
   0245 47                  626 	.db #0x47	; 71	'G'
   0246 45                  627 	.db #0x45	; 69	'E'
   0247 46                  628 	.db #0x46	; 70	'F'
   0248 47                  629 	.db #0x47	; 71	'G'
   0249 45                  630 	.db #0x45	; 69	'E'
   024A 46                  631 	.db #0x46	; 70	'F'
   024B 47                  632 	.db #0x47	; 71	'G'
   024C 45                  633 	.db #0x45	; 69	'E'
   024D 46                  634 	.db #0x46	; 70	'F'
   024E 47                  635 	.db #0x47	; 71	'G'
   024F 45                  636 	.db #0x45	; 69	'E'
   0250 46                  637 	.db #0x46	; 70	'F'
   0251 47                  638 	.db #0x47	; 71	'G'
   0252 45                  639 	.db #0x45	; 69	'E'
   0253 46                  640 	.db #0x46	; 70	'F'
   0254 47                  641 	.db #0x47	; 71	'G'
   0255 45                  642 	.db #0x45	; 69	'E'
   0256 2D                  643 	.db #0x2d	; 45
   0257 2E                  644 	.db #0x2e	; 46
   0258 2D                  645 	.db #0x2d	; 45
   0259 2E                  646 	.db #0x2e	; 46
   025A 33                  647 	.db #0x33	; 51	'3'
   025B 31                  648 	.db #0x31	; 49	'1'
   025C 32                  649 	.db #0x32	; 50	'2'
   025D 33                  650 	.db #0x33	; 51	'3'
   025E 31                  651 	.db #0x31	; 49	'1'
   025F 32                  652 	.db #0x32	; 50	'2'
   0260 33                  653 	.db #0x33	; 51	'3'
   0261 31                  654 	.db #0x31	; 49	'1'
   0262 32                  655 	.db #0x32	; 50	'2'
   0263 33                  656 	.db #0x33	; 51	'3'
   0264 31                  657 	.db #0x31	; 49	'1'
   0265 32                  658 	.db #0x32	; 50	'2'
   0266 33                  659 	.db #0x33	; 51	'3'
   0267 31                  660 	.db #0x31	; 49	'1'
   0268 32                  661 	.db #0x32	; 50	'2'
   0269 33                  662 	.db #0x33	; 51	'3'
   026A 31                  663 	.db #0x31	; 49	'1'
   026B 32                  664 	.db #0x32	; 50	'2'
   026C 33                  665 	.db #0x33	; 51	'3'
   026D 31                  666 	.db #0x31	; 49	'1'
   026E 32                  667 	.db #0x32	; 50	'2'
   026F 33                  668 	.db #0x33	; 51	'3'
   0270 31                  669 	.db #0x31	; 49	'1'
   0271 32                  670 	.db #0x32	; 50	'2'
   0272 33                  671 	.db #0x33	; 51	'3'
   0273 31                  672 	.db #0x31	; 49	'1'
   0274 2D                  673 	.db #0x2d	; 45
   0275 2E                  674 	.db #0x2e	; 46
   0276 2D                  675 	.db #0x2d	; 45
   0277 2E                  676 	.db #0x2e	; 46
   0278 47                  677 	.db #0x47	; 71	'G'
   0279 45                  678 	.db #0x45	; 69	'E'
   027A 46                  679 	.db #0x46	; 70	'F'
   027B 47                  680 	.db #0x47	; 71	'G'
   027C 45                  681 	.db #0x45	; 69	'E'
   027D 46                  682 	.db #0x46	; 70	'F'
   027E 47                  683 	.db #0x47	; 71	'G'
   027F 45                  684 	.db #0x45	; 69	'E'
   0280 46                  685 	.db #0x46	; 70	'F'
   0281 47                  686 	.db #0x47	; 71	'G'
   0282 45                  687 	.db #0x45	; 69	'E'
   0283 46                  688 	.db #0x46	; 70	'F'
   0284 47                  689 	.db #0x47	; 71	'G'
   0285 45                  690 	.db #0x45	; 69	'E'
   0286 46                  691 	.db #0x46	; 70	'F'
   0287 47                  692 	.db #0x47	; 71	'G'
   0288 45                  693 	.db #0x45	; 69	'E'
   0289 46                  694 	.db #0x46	; 70	'F'
   028A 47                  695 	.db #0x47	; 71	'G'
   028B 45                  696 	.db #0x45	; 69	'E'
   028C 46                  697 	.db #0x46	; 70	'F'
   028D 47                  698 	.db #0x47	; 71	'G'
   028E 45                  699 	.db #0x45	; 69	'E'
   028F 46                  700 	.db #0x46	; 70	'F'
   0290 47                  701 	.db #0x47	; 71	'G'
   0291 45                  702 	.db #0x45	; 69	'E'
   0292 2D                  703 	.db #0x2d	; 45
   0293 2E                  704 	.db #0x2e	; 46
   0294 2D                  705 	.db #0x2d	; 45
   0295 2E                  706 	.db #0x2e	; 46
   0296 33                  707 	.db #0x33	; 51	'3'
   0297 31                  708 	.db #0x31	; 49	'1'
   0298 32                  709 	.db #0x32	; 50	'2'
   0299 33                  710 	.db #0x33	; 51	'3'
   029A 31                  711 	.db #0x31	; 49	'1'
   029B 32                  712 	.db #0x32	; 50	'2'
   029C 33                  713 	.db #0x33	; 51	'3'
   029D 31                  714 	.db #0x31	; 49	'1'
   029E 32                  715 	.db #0x32	; 50	'2'
   029F 33                  716 	.db #0x33	; 51	'3'
   02A0 31                  717 	.db #0x31	; 49	'1'
   02A1 32                  718 	.db #0x32	; 50	'2'
   02A2 33                  719 	.db #0x33	; 51	'3'
   02A3 31                  720 	.db #0x31	; 49	'1'
   02A4 32                  721 	.db #0x32	; 50	'2'
   02A5 33                  722 	.db #0x33	; 51	'3'
   02A6 31                  723 	.db #0x31	; 49	'1'
   02A7 32                  724 	.db #0x32	; 50	'2'
   02A8 33                  725 	.db #0x33	; 51	'3'
   02A9 31                  726 	.db #0x31	; 49	'1'
   02AA 32                  727 	.db #0x32	; 50	'2'
   02AB 33                  728 	.db #0x33	; 51	'3'
   02AC 31                  729 	.db #0x31	; 49	'1'
   02AD 32                  730 	.db #0x32	; 50	'2'
   02AE 33                  731 	.db #0x33	; 51	'3'
   02AF 31                  732 	.db #0x31	; 49	'1'
   02B0 2D                  733 	.db #0x2d	; 45
   02B1 2E                  734 	.db #0x2e	; 46
   02B2 2D                  735 	.db #0x2d	; 45
   02B3 2E                  736 	.db #0x2e	; 46
   02B4 47                  737 	.db #0x47	; 71	'G'
   02B5 45                  738 	.db #0x45	; 69	'E'
   02B6 46                  739 	.db #0x46	; 70	'F'
   02B7 47                  740 	.db #0x47	; 71	'G'
   02B8 45                  741 	.db #0x45	; 69	'E'
   02B9 46                  742 	.db #0x46	; 70	'F'
   02BA 47                  743 	.db #0x47	; 71	'G'
   02BB 45                  744 	.db #0x45	; 69	'E'
   02BC 46                  745 	.db #0x46	; 70	'F'
   02BD 47                  746 	.db #0x47	; 71	'G'
   02BE 45                  747 	.db #0x45	; 69	'E'
   02BF 46                  748 	.db #0x46	; 70	'F'
   02C0 47                  749 	.db #0x47	; 71	'G'
   02C1 45                  750 	.db #0x45	; 69	'E'
   02C2 46                  751 	.db #0x46	; 70	'F'
   02C3 47                  752 	.db #0x47	; 71	'G'
   02C4 45                  753 	.db #0x45	; 69	'E'
   02C5 46                  754 	.db #0x46	; 70	'F'
   02C6 47                  755 	.db #0x47	; 71	'G'
   02C7 45                  756 	.db #0x45	; 69	'E'
   02C8 46                  757 	.db #0x46	; 70	'F'
   02C9 47                  758 	.db #0x47	; 71	'G'
   02CA 45                  759 	.db #0x45	; 69	'E'
   02CB 46                  760 	.db #0x46	; 70	'F'
   02CC 47                  761 	.db #0x47	; 71	'G'
   02CD 45                  762 	.db #0x45	; 69	'E'
   02CE 2D                  763 	.db #0x2d	; 45
   02CF 2E                  764 	.db #0x2e	; 46
   02D0 2D                  765 	.db #0x2d	; 45
   02D1 2E                  766 	.db #0x2e	; 46
   02D2 33                  767 	.db #0x33	; 51	'3'
   02D3 31                  768 	.db #0x31	; 49	'1'
   02D4 32                  769 	.db #0x32	; 50	'2'
   02D5 33                  770 	.db #0x33	; 51	'3'
   02D6 31                  771 	.db #0x31	; 49	'1'
   02D7 32                  772 	.db #0x32	; 50	'2'
   02D8 33                  773 	.db #0x33	; 51	'3'
   02D9 31                  774 	.db #0x31	; 49	'1'
   02DA 32                  775 	.db #0x32	; 50	'2'
   02DB 33                  776 	.db #0x33	; 51	'3'
   02DC 31                  777 	.db #0x31	; 49	'1'
   02DD 32                  778 	.db #0x32	; 50	'2'
   02DE 33                  779 	.db #0x33	; 51	'3'
   02DF 31                  780 	.db #0x31	; 49	'1'
   02E0 32                  781 	.db #0x32	; 50	'2'
   02E1 33                  782 	.db #0x33	; 51	'3'
   02E2 31                  783 	.db #0x31	; 49	'1'
   02E3 32                  784 	.db #0x32	; 50	'2'
   02E4 33                  785 	.db #0x33	; 51	'3'
   02E5 31                  786 	.db #0x31	; 49	'1'
   02E6 32                  787 	.db #0x32	; 50	'2'
   02E7 33                  788 	.db #0x33	; 51	'3'
   02E8 31                  789 	.db #0x31	; 49	'1'
   02E9 32                  790 	.db #0x32	; 50	'2'
   02EA 33                  791 	.db #0x33	; 51	'3'
   02EB 31                  792 	.db #0x31	; 49	'1'
   02EC 2D                  793 	.db #0x2d	; 45
   02ED 2E                  794 	.db #0x2e	; 46
   02EE 2D                  795 	.db #0x2d	; 45
   02EF 2E                  796 	.db #0x2e	; 46
   02F0 47                  797 	.db #0x47	; 71	'G'
   02F1 45                  798 	.db #0x45	; 69	'E'
   02F2 46                  799 	.db #0x46	; 70	'F'
   02F3 47                  800 	.db #0x47	; 71	'G'
   02F4 45                  801 	.db #0x45	; 69	'E'
   02F5 46                  802 	.db #0x46	; 70	'F'
   02F6 47                  803 	.db #0x47	; 71	'G'
   02F7 45                  804 	.db #0x45	; 69	'E'
   02F8 46                  805 	.db #0x46	; 70	'F'
   02F9 47                  806 	.db #0x47	; 71	'G'
   02FA 45                  807 	.db #0x45	; 69	'E'
   02FB 46                  808 	.db #0x46	; 70	'F'
   02FC 47                  809 	.db #0x47	; 71	'G'
   02FD 45                  810 	.db #0x45	; 69	'E'
   02FE 46                  811 	.db #0x46	; 70	'F'
   02FF 47                  812 	.db #0x47	; 71	'G'
   0300 45                  813 	.db #0x45	; 69	'E'
   0301 46                  814 	.db #0x46	; 70	'F'
   0302 47                  815 	.db #0x47	; 71	'G'
   0303 45                  816 	.db #0x45	; 69	'E'
   0304 46                  817 	.db #0x46	; 70	'F'
   0305 47                  818 	.db #0x47	; 71	'G'
   0306 45                  819 	.db #0x45	; 69	'E'
   0307 46                  820 	.db #0x46	; 70	'F'
   0308 47                  821 	.db #0x47	; 71	'G'
   0309 45                  822 	.db #0x45	; 69	'E'
   030A 2D                  823 	.db #0x2d	; 45
   030B 2E                  824 	.db #0x2e	; 46
   030C 2D                  825 	.db #0x2d	; 45
   030D 2E                  826 	.db #0x2e	; 46
   030E 33                  827 	.db #0x33	; 51	'3'
   030F 31                  828 	.db #0x31	; 49	'1'
   0310 32                  829 	.db #0x32	; 50	'2'
   0311 33                  830 	.db #0x33	; 51	'3'
   0312 31                  831 	.db #0x31	; 49	'1'
   0313 32                  832 	.db #0x32	; 50	'2'
   0314 33                  833 	.db #0x33	; 51	'3'
   0315 31                  834 	.db #0x31	; 49	'1'
   0316 32                  835 	.db #0x32	; 50	'2'
   0317 33                  836 	.db #0x33	; 51	'3'
   0318 31                  837 	.db #0x31	; 49	'1'
   0319 32                  838 	.db #0x32	; 50	'2'
   031A 33                  839 	.db #0x33	; 51	'3'
   031B 31                  840 	.db #0x31	; 49	'1'
   031C 32                  841 	.db #0x32	; 50	'2'
   031D 33                  842 	.db #0x33	; 51	'3'
   031E 31                  843 	.db #0x31	; 49	'1'
   031F 32                  844 	.db #0x32	; 50	'2'
   0320 33                  845 	.db #0x33	; 51	'3'
   0321 31                  846 	.db #0x31	; 49	'1'
   0322 32                  847 	.db #0x32	; 50	'2'
   0323 33                  848 	.db #0x33	; 51	'3'
   0324 31                  849 	.db #0x31	; 49	'1'
   0325 32                  850 	.db #0x32	; 50	'2'
   0326 33                  851 	.db #0x33	; 51	'3'
   0327 31                  852 	.db #0x31	; 49	'1'
   0328 2D                  853 	.db #0x2d	; 45
   0329 2E                  854 	.db #0x2e	; 46
   032A 2D                  855 	.db #0x2d	; 45
   032B 2E                  856 	.db #0x2e	; 46
   032C 47                  857 	.db #0x47	; 71	'G'
   032D 45                  858 	.db #0x45	; 69	'E'
   032E 46                  859 	.db #0x46	; 70	'F'
   032F 47                  860 	.db #0x47	; 71	'G'
   0330 45                  861 	.db #0x45	; 69	'E'
   0331 46                  862 	.db #0x46	; 70	'F'
   0332 47                  863 	.db #0x47	; 71	'G'
   0333 45                  864 	.db #0x45	; 69	'E'
   0334 46                  865 	.db #0x46	; 70	'F'
   0335 47                  866 	.db #0x47	; 71	'G'
   0336 45                  867 	.db #0x45	; 69	'E'
   0337 46                  868 	.db #0x46	; 70	'F'
   0338 47                  869 	.db #0x47	; 71	'G'
   0339 45                  870 	.db #0x45	; 69	'E'
   033A 46                  871 	.db #0x46	; 70	'F'
   033B 47                  872 	.db #0x47	; 71	'G'
   033C 45                  873 	.db #0x45	; 69	'E'
   033D 46                  874 	.db #0x46	; 70	'F'
   033E 47                  875 	.db #0x47	; 71	'G'
   033F 45                  876 	.db #0x45	; 69	'E'
   0340 46                  877 	.db #0x46	; 70	'F'
   0341 47                  878 	.db #0x47	; 71	'G'
   0342 45                  879 	.db #0x45	; 69	'E'
   0343 46                  880 	.db #0x46	; 70	'F'
   0344 47                  881 	.db #0x47	; 71	'G'
   0345 45                  882 	.db #0x45	; 69	'E'
   0346 2D                  883 	.db #0x2d	; 45
   0347 2E                  884 	.db #0x2e	; 46
   0348 2D                  885 	.db #0x2d	; 45
   0349 2E                  886 	.db #0x2e	; 46
   034A 33                  887 	.db #0x33	; 51	'3'
   034B 31                  888 	.db #0x31	; 49	'1'
   034C 32                  889 	.db #0x32	; 50	'2'
   034D 33                  890 	.db #0x33	; 51	'3'
   034E 31                  891 	.db #0x31	; 49	'1'
   034F 32                  892 	.db #0x32	; 50	'2'
   0350 33                  893 	.db #0x33	; 51	'3'
   0351 31                  894 	.db #0x31	; 49	'1'
   0352 32                  895 	.db #0x32	; 50	'2'
   0353 33                  896 	.db #0x33	; 51	'3'
   0354 31                  897 	.db #0x31	; 49	'1'
   0355 32                  898 	.db #0x32	; 50	'2'
   0356 33                  899 	.db #0x33	; 51	'3'
   0357 31                  900 	.db #0x31	; 49	'1'
   0358 32                  901 	.db #0x32	; 50	'2'
   0359 33                  902 	.db #0x33	; 51	'3'
   035A 31                  903 	.db #0x31	; 49	'1'
   035B 32                  904 	.db #0x32	; 50	'2'
   035C 33                  905 	.db #0x33	; 51	'3'
   035D 31                  906 	.db #0x31	; 49	'1'
   035E 32                  907 	.db #0x32	; 50	'2'
   035F 33                  908 	.db #0x33	; 51	'3'
   0360 31                  909 	.db #0x31	; 49	'1'
   0361 32                  910 	.db #0x32	; 50	'2'
   0362 33                  911 	.db #0x33	; 51	'3'
   0363 31                  912 	.db #0x31	; 49	'1'
   0364 2D                  913 	.db #0x2d	; 45
   0365 2E                  914 	.db #0x2e	; 46
   0366 2D                  915 	.db #0x2d	; 45
   0367 2E                  916 	.db #0x2e	; 46
   0368 47                  917 	.db #0x47	; 71	'G'
   0369 45                  918 	.db #0x45	; 69	'E'
   036A 46                  919 	.db #0x46	; 70	'F'
   036B 47                  920 	.db #0x47	; 71	'G'
   036C 45                  921 	.db #0x45	; 69	'E'
   036D 46                  922 	.db #0x46	; 70	'F'
   036E 47                  923 	.db #0x47	; 71	'G'
   036F 45                  924 	.db #0x45	; 69	'E'
   0370 46                  925 	.db #0x46	; 70	'F'
   0371 47                  926 	.db #0x47	; 71	'G'
   0372 45                  927 	.db #0x45	; 69	'E'
   0373 46                  928 	.db #0x46	; 70	'F'
   0374 47                  929 	.db #0x47	; 71	'G'
   0375 45                  930 	.db #0x45	; 69	'E'
   0376 46                  931 	.db #0x46	; 70	'F'
   0377 47                  932 	.db #0x47	; 71	'G'
   0378 45                  933 	.db #0x45	; 69	'E'
   0379 46                  934 	.db #0x46	; 70	'F'
   037A 47                  935 	.db #0x47	; 71	'G'
   037B 45                  936 	.db #0x45	; 69	'E'
   037C 46                  937 	.db #0x46	; 70	'F'
   037D 47                  938 	.db #0x47	; 71	'G'
   037E 45                  939 	.db #0x45	; 69	'E'
   037F 46                  940 	.db #0x46	; 70	'F'
   0380 47                  941 	.db #0x47	; 71	'G'
   0381 45                  942 	.db #0x45	; 69	'E'
   0382 2D                  943 	.db #0x2d	; 45
   0383 2E                  944 	.db #0x2e	; 46
   0384 2D                  945 	.db #0x2d	; 45
   0385 2E                  946 	.db #0x2e	; 46
   0386 33                  947 	.db #0x33	; 51	'3'
   0387 31                  948 	.db #0x31	; 49	'1'
   0388 32                  949 	.db #0x32	; 50	'2'
   0389 33                  950 	.db #0x33	; 51	'3'
   038A 31                  951 	.db #0x31	; 49	'1'
   038B 32                  952 	.db #0x32	; 50	'2'
   038C 33                  953 	.db #0x33	; 51	'3'
   038D 31                  954 	.db #0x31	; 49	'1'
   038E 32                  955 	.db #0x32	; 50	'2'
   038F 33                  956 	.db #0x33	; 51	'3'
   0390 31                  957 	.db #0x31	; 49	'1'
   0391 32                  958 	.db #0x32	; 50	'2'
   0392 33                  959 	.db #0x33	; 51	'3'
   0393 31                  960 	.db #0x31	; 49	'1'
   0394 32                  961 	.db #0x32	; 50	'2'
   0395 33                  962 	.db #0x33	; 51	'3'
   0396 31                  963 	.db #0x31	; 49	'1'
   0397 32                  964 	.db #0x32	; 50	'2'
   0398 33                  965 	.db #0x33	; 51	'3'
   0399 31                  966 	.db #0x31	; 49	'1'
   039A 32                  967 	.db #0x32	; 50	'2'
   039B 33                  968 	.db #0x33	; 51	'3'
   039C 31                  969 	.db #0x31	; 49	'1'
   039D 32                  970 	.db #0x32	; 50	'2'
   039E 33                  971 	.db #0x33	; 51	'3'
   039F 31                  972 	.db #0x31	; 49	'1'
   03A0 2D                  973 	.db #0x2d	; 45
   03A1 2E                  974 	.db #0x2e	; 46
   03A2 2D                  975 	.db #0x2d	; 45
   03A3 2E                  976 	.db #0x2e	; 46
   03A4 47                  977 	.db #0x47	; 71	'G'
   03A5 45                  978 	.db #0x45	; 69	'E'
   03A6 46                  979 	.db #0x46	; 70	'F'
   03A7 47                  980 	.db #0x47	; 71	'G'
   03A8 45                  981 	.db #0x45	; 69	'E'
   03A9 46                  982 	.db #0x46	; 70	'F'
   03AA 47                  983 	.db #0x47	; 71	'G'
   03AB 45                  984 	.db #0x45	; 69	'E'
   03AC 46                  985 	.db #0x46	; 70	'F'
   03AD 47                  986 	.db #0x47	; 71	'G'
   03AE 45                  987 	.db #0x45	; 69	'E'
   03AF 46                  988 	.db #0x46	; 70	'F'
   03B0 47                  989 	.db #0x47	; 71	'G'
   03B1 45                  990 	.db #0x45	; 69	'E'
   03B2 46                  991 	.db #0x46	; 70	'F'
   03B3 47                  992 	.db #0x47	; 71	'G'
   03B4 45                  993 	.db #0x45	; 69	'E'
   03B5 46                  994 	.db #0x46	; 70	'F'
   03B6 47                  995 	.db #0x47	; 71	'G'
   03B7 45                  996 	.db #0x45	; 69	'E'
   03B8 46                  997 	.db #0x46	; 70	'F'
   03B9 47                  998 	.db #0x47	; 71	'G'
   03BA 45                  999 	.db #0x45	; 69	'E'
   03BB 46                 1000 	.db #0x46	; 70	'F'
   03BC 47                 1001 	.db #0x47	; 71	'G'
   03BD 45                 1002 	.db #0x45	; 69	'E'
   03BE 2D                 1003 	.db #0x2d	; 45
   03BF 2E                 1004 	.db #0x2e	; 46
   03C0 2D                 1005 	.db #0x2d	; 45
   03C1 2E                 1006 	.db #0x2e	; 46
   03C2 33                 1007 	.db #0x33	; 51	'3'
   03C3 31                 1008 	.db #0x31	; 49	'1'
   03C4 32                 1009 	.db #0x32	; 50	'2'
   03C5 33                 1010 	.db #0x33	; 51	'3'
   03C6 31                 1011 	.db #0x31	; 49	'1'
   03C7 32                 1012 	.db #0x32	; 50	'2'
   03C8 33                 1013 	.db #0x33	; 51	'3'
   03C9 31                 1014 	.db #0x31	; 49	'1'
   03CA 32                 1015 	.db #0x32	; 50	'2'
   03CB 33                 1016 	.db #0x33	; 51	'3'
   03CC 31                 1017 	.db #0x31	; 49	'1'
   03CD 32                 1018 	.db #0x32	; 50	'2'
   03CE 33                 1019 	.db #0x33	; 51	'3'
   03CF 31                 1020 	.db #0x31	; 49	'1'
   03D0 32                 1021 	.db #0x32	; 50	'2'
   03D1 33                 1022 	.db #0x33	; 51	'3'
   03D2 31                 1023 	.db #0x31	; 49	'1'
   03D3 32                 1024 	.db #0x32	; 50	'2'
   03D4 33                 1025 	.db #0x33	; 51	'3'
   03D5 31                 1026 	.db #0x31	; 49	'1'
   03D6 32                 1027 	.db #0x32	; 50	'2'
   03D7 33                 1028 	.db #0x33	; 51	'3'
   03D8 31                 1029 	.db #0x31	; 49	'1'
   03D9 32                 1030 	.db #0x32	; 50	'2'
   03DA 33                 1031 	.db #0x33	; 51	'3'
   03DB 31                 1032 	.db #0x31	; 49	'1'
   03DC 2D                 1033 	.db #0x2d	; 45
   03DD 2E                 1034 	.db #0x2e	; 46
   03DE 2D                 1035 	.db #0x2d	; 45
   03DF 2E                 1036 	.db #0x2e	; 46
   03E0 47                 1037 	.db #0x47	; 71	'G'
   03E1 45                 1038 	.db #0x45	; 69	'E'
   03E2 46                 1039 	.db #0x46	; 70	'F'
   03E3 47                 1040 	.db #0x47	; 71	'G'
   03E4 45                 1041 	.db #0x45	; 69	'E'
   03E5 46                 1042 	.db #0x46	; 70	'F'
   03E6 47                 1043 	.db #0x47	; 71	'G'
   03E7 45                 1044 	.db #0x45	; 69	'E'
   03E8 46                 1045 	.db #0x46	; 70	'F'
   03E9 47                 1046 	.db #0x47	; 71	'G'
   03EA 45                 1047 	.db #0x45	; 69	'E'
   03EB 46                 1048 	.db #0x46	; 70	'F'
   03EC 47                 1049 	.db #0x47	; 71	'G'
   03ED 45                 1050 	.db #0x45	; 69	'E'
   03EE 46                 1051 	.db #0x46	; 70	'F'
   03EF 47                 1052 	.db #0x47	; 71	'G'
   03F0 45                 1053 	.db #0x45	; 69	'E'
   03F1 46                 1054 	.db #0x46	; 70	'F'
   03F2 47                 1055 	.db #0x47	; 71	'G'
   03F3 45                 1056 	.db #0x45	; 69	'E'
   03F4 46                 1057 	.db #0x46	; 70	'F'
   03F5 47                 1058 	.db #0x47	; 71	'G'
   03F6 45                 1059 	.db #0x45	; 69	'E'
   03F7 46                 1060 	.db #0x46	; 70	'F'
   03F8 47                 1061 	.db #0x47	; 71	'G'
   03F9 45                 1062 	.db #0x45	; 69	'E'
   03FA 2D                 1063 	.db #0x2d	; 45
   03FB 2E                 1064 	.db #0x2e	; 46
   03FC 2D                 1065 	.db #0x2d	; 45
   03FD 2E                 1066 	.db #0x2e	; 46
   03FE 33                 1067 	.db #0x33	; 51	'3'
   03FF 31                 1068 	.db #0x31	; 49	'1'
   0400 32                 1069 	.db #0x32	; 50	'2'
   0401 33                 1070 	.db #0x33	; 51	'3'
   0402 31                 1071 	.db #0x31	; 49	'1'
   0403 32                 1072 	.db #0x32	; 50	'2'
   0404 33                 1073 	.db #0x33	; 51	'3'
   0405 31                 1074 	.db #0x31	; 49	'1'
   0406 32                 1075 	.db #0x32	; 50	'2'
   0407 33                 1076 	.db #0x33	; 51	'3'
   0408 31                 1077 	.db #0x31	; 49	'1'
   0409 32                 1078 	.db #0x32	; 50	'2'
   040A 33                 1079 	.db #0x33	; 51	'3'
   040B 31                 1080 	.db #0x31	; 49	'1'
   040C 32                 1081 	.db #0x32	; 50	'2'
   040D 33                 1082 	.db #0x33	; 51	'3'
   040E 31                 1083 	.db #0x31	; 49	'1'
   040F 32                 1084 	.db #0x32	; 50	'2'
   0410 33                 1085 	.db #0x33	; 51	'3'
   0411 31                 1086 	.db #0x31	; 49	'1'
   0412 32                 1087 	.db #0x32	; 50	'2'
   0413 33                 1088 	.db #0x33	; 51	'3'
   0414 31                 1089 	.db #0x31	; 49	'1'
   0415 32                 1090 	.db #0x32	; 50	'2'
   0416 33                 1091 	.db #0x33	; 51	'3'
   0417 31                 1092 	.db #0x31	; 49	'1'
   0418 2D                 1093 	.db #0x2d	; 45
   0419 2E                 1094 	.db #0x2e	; 46
   041A 2D                 1095 	.db #0x2d	; 45
   041B 2E                 1096 	.db #0x2e	; 46
   041C 47                 1097 	.db #0x47	; 71	'G'
   041D 45                 1098 	.db #0x45	; 69	'E'
   041E 46                 1099 	.db #0x46	; 70	'F'
   041F 47                 1100 	.db #0x47	; 71	'G'
   0420 45                 1101 	.db #0x45	; 69	'E'
   0421 46                 1102 	.db #0x46	; 70	'F'
   0422 47                 1103 	.db #0x47	; 71	'G'
   0423 45                 1104 	.db #0x45	; 69	'E'
   0424 46                 1105 	.db #0x46	; 70	'F'
   0425 47                 1106 	.db #0x47	; 71	'G'
   0426 45                 1107 	.db #0x45	; 69	'E'
   0427 46                 1108 	.db #0x46	; 70	'F'
   0428 47                 1109 	.db #0x47	; 71	'G'
   0429 45                 1110 	.db #0x45	; 69	'E'
   042A 46                 1111 	.db #0x46	; 70	'F'
   042B 47                 1112 	.db #0x47	; 71	'G'
   042C 45                 1113 	.db #0x45	; 69	'E'
   042D 46                 1114 	.db #0x46	; 70	'F'
   042E 47                 1115 	.db #0x47	; 71	'G'
   042F 45                 1116 	.db #0x45	; 69	'E'
   0430 46                 1117 	.db #0x46	; 70	'F'
   0431 47                 1118 	.db #0x47	; 71	'G'
   0432 45                 1119 	.db #0x45	; 69	'E'
   0433 46                 1120 	.db #0x46	; 70	'F'
   0434 47                 1121 	.db #0x47	; 71	'G'
   0435 45                 1122 	.db #0x45	; 69	'E'
   0436 2D                 1123 	.db #0x2d	; 45
   0437 2E                 1124 	.db #0x2e	; 46
   0438 2D                 1125 	.db #0x2d	; 45
   0439 2E                 1126 	.db #0x2e	; 46
   043A 33                 1127 	.db #0x33	; 51	'3'
   043B 31                 1128 	.db #0x31	; 49	'1'
   043C 32                 1129 	.db #0x32	; 50	'2'
   043D 33                 1130 	.db #0x33	; 51	'3'
   043E 31                 1131 	.db #0x31	; 49	'1'
   043F 32                 1132 	.db #0x32	; 50	'2'
   0440 33                 1133 	.db #0x33	; 51	'3'
   0441 31                 1134 	.db #0x31	; 49	'1'
   0442 32                 1135 	.db #0x32	; 50	'2'
   0443 33                 1136 	.db #0x33	; 51	'3'
   0444 31                 1137 	.db #0x31	; 49	'1'
   0445 32                 1138 	.db #0x32	; 50	'2'
   0446 33                 1139 	.db #0x33	; 51	'3'
   0447 31                 1140 	.db #0x31	; 49	'1'
   0448 32                 1141 	.db #0x32	; 50	'2'
   0449 33                 1142 	.db #0x33	; 51	'3'
   044A 31                 1143 	.db #0x31	; 49	'1'
   044B 32                 1144 	.db #0x32	; 50	'2'
   044C 33                 1145 	.db #0x33	; 51	'3'
   044D 31                 1146 	.db #0x31	; 49	'1'
   044E 32                 1147 	.db #0x32	; 50	'2'
   044F 33                 1148 	.db #0x33	; 51	'3'
   0450 31                 1149 	.db #0x31	; 49	'1'
   0451 32                 1150 	.db #0x32	; 50	'2'
   0452 33                 1151 	.db #0x33	; 51	'3'
   0453 31                 1152 	.db #0x31	; 49	'1'
   0454 2D                 1153 	.db #0x2d	; 45
   0455 2E                 1154 	.db #0x2e	; 46
   0456 2D                 1155 	.db #0x2d	; 45
   0457 2E                 1156 	.db #0x2e	; 46
   0458 47                 1157 	.db #0x47	; 71	'G'
   0459 45                 1158 	.db #0x45	; 69	'E'
   045A 46                 1159 	.db #0x46	; 70	'F'
   045B 47                 1160 	.db #0x47	; 71	'G'
   045C 45                 1161 	.db #0x45	; 69	'E'
   045D 46                 1162 	.db #0x46	; 70	'F'
   045E 47                 1163 	.db #0x47	; 71	'G'
   045F 45                 1164 	.db #0x45	; 69	'E'
   0460 46                 1165 	.db #0x46	; 70	'F'
   0461 47                 1166 	.db #0x47	; 71	'G'
   0462 45                 1167 	.db #0x45	; 69	'E'
   0463 46                 1168 	.db #0x46	; 70	'F'
   0464 47                 1169 	.db #0x47	; 71	'G'
   0465 45                 1170 	.db #0x45	; 69	'E'
   0466 46                 1171 	.db #0x46	; 70	'F'
   0467 47                 1172 	.db #0x47	; 71	'G'
   0468 45                 1173 	.db #0x45	; 69	'E'
   0469 46                 1174 	.db #0x46	; 70	'F'
   046A 47                 1175 	.db #0x47	; 71	'G'
   046B 45                 1176 	.db #0x45	; 69	'E'
   046C 46                 1177 	.db #0x46	; 70	'F'
   046D 47                 1178 	.db #0x47	; 71	'G'
   046E 45                 1179 	.db #0x45	; 69	'E'
   046F 46                 1180 	.db #0x46	; 70	'F'
   0470 47                 1181 	.db #0x47	; 71	'G'
   0471 45                 1182 	.db #0x45	; 69	'E'
   0472 2D                 1183 	.db #0x2d	; 45
   0473 2E                 1184 	.db #0x2e	; 46
   0474 2D                 1185 	.db #0x2d	; 45
   0475 2E                 1186 	.db #0x2e	; 46
   0476 33                 1187 	.db #0x33	; 51	'3'
   0477 31                 1188 	.db #0x31	; 49	'1'
   0478 32                 1189 	.db #0x32	; 50	'2'
   0479 33                 1190 	.db #0x33	; 51	'3'
   047A 31                 1191 	.db #0x31	; 49	'1'
   047B 32                 1192 	.db #0x32	; 50	'2'
   047C 33                 1193 	.db #0x33	; 51	'3'
   047D 31                 1194 	.db #0x31	; 49	'1'
   047E 32                 1195 	.db #0x32	; 50	'2'
   047F 33                 1196 	.db #0x33	; 51	'3'
   0480 31                 1197 	.db #0x31	; 49	'1'
   0481 32                 1198 	.db #0x32	; 50	'2'
   0482 33                 1199 	.db #0x33	; 51	'3'
   0483 31                 1200 	.db #0x31	; 49	'1'
   0484 32                 1201 	.db #0x32	; 50	'2'
   0485 33                 1202 	.db #0x33	; 51	'3'
   0486 31                 1203 	.db #0x31	; 49	'1'
   0487 32                 1204 	.db #0x32	; 50	'2'
   0488 33                 1205 	.db #0x33	; 51	'3'
   0489 31                 1206 	.db #0x31	; 49	'1'
   048A 32                 1207 	.db #0x32	; 50	'2'
   048B 33                 1208 	.db #0x33	; 51	'3'
   048C 31                 1209 	.db #0x31	; 49	'1'
   048D 32                 1210 	.db #0x32	; 50	'2'
   048E 33                 1211 	.db #0x33	; 51	'3'
   048F 31                 1212 	.db #0x31	; 49	'1'
   0490 2D                 1213 	.db #0x2d	; 45
   0491 2E                 1214 	.db #0x2e	; 46
   0492 2D                 1215 	.db #0x2d	; 45
   0493 2E                 1216 	.db #0x2e	; 46
   0494 47                 1217 	.db #0x47	; 71	'G'
   0495 45                 1218 	.db #0x45	; 69	'E'
   0496 46                 1219 	.db #0x46	; 70	'F'
   0497 47                 1220 	.db #0x47	; 71	'G'
   0498 45                 1221 	.db #0x45	; 69	'E'
   0499 46                 1222 	.db #0x46	; 70	'F'
   049A 47                 1223 	.db #0x47	; 71	'G'
   049B 45                 1224 	.db #0x45	; 69	'E'
   049C 46                 1225 	.db #0x46	; 70	'F'
   049D 47                 1226 	.db #0x47	; 71	'G'
   049E 45                 1227 	.db #0x45	; 69	'E'
   049F 46                 1228 	.db #0x46	; 70	'F'
   04A0 47                 1229 	.db #0x47	; 71	'G'
   04A1 45                 1230 	.db #0x45	; 69	'E'
   04A2 46                 1231 	.db #0x46	; 70	'F'
   04A3 47                 1232 	.db #0x47	; 71	'G'
   04A4 45                 1233 	.db #0x45	; 69	'E'
   04A5 46                 1234 	.db #0x46	; 70	'F'
   04A6 47                 1235 	.db #0x47	; 71	'G'
   04A7 45                 1236 	.db #0x45	; 69	'E'
   04A8 46                 1237 	.db #0x46	; 70	'F'
   04A9 47                 1238 	.db #0x47	; 71	'G'
   04AA 45                 1239 	.db #0x45	; 69	'E'
   04AB 46                 1240 	.db #0x46	; 70	'F'
   04AC 47                 1241 	.db #0x47	; 71	'G'
   04AD 45                 1242 	.db #0x45	; 69	'E'
   04AE 2D                 1243 	.db #0x2d	; 45
   04AF 2E                 1244 	.db #0x2e	; 46
   04B0 2D                 1245 	.db #0x2d	; 45
   04B1 2E                 1246 	.db #0x2e	; 46
   04B2 33                 1247 	.db #0x33	; 51	'3'
   04B3 31                 1248 	.db #0x31	; 49	'1'
   04B4 32                 1249 	.db #0x32	; 50	'2'
   04B5 33                 1250 	.db #0x33	; 51	'3'
   04B6 31                 1251 	.db #0x31	; 49	'1'
   04B7 32                 1252 	.db #0x32	; 50	'2'
   04B8 33                 1253 	.db #0x33	; 51	'3'
   04B9 31                 1254 	.db #0x31	; 49	'1'
   04BA 32                 1255 	.db #0x32	; 50	'2'
   04BB 33                 1256 	.db #0x33	; 51	'3'
   04BC 31                 1257 	.db #0x31	; 49	'1'
   04BD 32                 1258 	.db #0x32	; 50	'2'
   04BE 33                 1259 	.db #0x33	; 51	'3'
   04BF 31                 1260 	.db #0x31	; 49	'1'
   04C0 32                 1261 	.db #0x32	; 50	'2'
   04C1 33                 1262 	.db #0x33	; 51	'3'
   04C2 31                 1263 	.db #0x31	; 49	'1'
   04C3 32                 1264 	.db #0x32	; 50	'2'
   04C4 33                 1265 	.db #0x33	; 51	'3'
   04C5 31                 1266 	.db #0x31	; 49	'1'
   04C6 32                 1267 	.db #0x32	; 50	'2'
   04C7 33                 1268 	.db #0x33	; 51	'3'
   04C8 31                 1269 	.db #0x31	; 49	'1'
   04C9 32                 1270 	.db #0x32	; 50	'2'
   04CA 33                 1271 	.db #0x33	; 51	'3'
   04CB 31                 1272 	.db #0x31	; 49	'1'
   04CC 2D                 1273 	.db #0x2d	; 45
   04CD 2E                 1274 	.db #0x2e	; 46
   04CE 2D                 1275 	.db #0x2d	; 45
   04CF 2E                 1276 	.db #0x2e	; 46
   04D0 47                 1277 	.db #0x47	; 71	'G'
   04D1 45                 1278 	.db #0x45	; 69	'E'
   04D2 46                 1279 	.db #0x46	; 70	'F'
   04D3 47                 1280 	.db #0x47	; 71	'G'
   04D4 45                 1281 	.db #0x45	; 69	'E'
   04D5 46                 1282 	.db #0x46	; 70	'F'
   04D6 47                 1283 	.db #0x47	; 71	'G'
   04D7 45                 1284 	.db #0x45	; 69	'E'
   04D8 46                 1285 	.db #0x46	; 70	'F'
   04D9 47                 1286 	.db #0x47	; 71	'G'
   04DA 45                 1287 	.db #0x45	; 69	'E'
   04DB 46                 1288 	.db #0x46	; 70	'F'
   04DC 47                 1289 	.db #0x47	; 71	'G'
   04DD 45                 1290 	.db #0x45	; 69	'E'
   04DE 46                 1291 	.db #0x46	; 70	'F'
   04DF 47                 1292 	.db #0x47	; 71	'G'
   04E0 45                 1293 	.db #0x45	; 69	'E'
   04E1 46                 1294 	.db #0x46	; 70	'F'
   04E2 47                 1295 	.db #0x47	; 71	'G'
   04E3 45                 1296 	.db #0x45	; 69	'E'
   04E4 46                 1297 	.db #0x46	; 70	'F'
   04E5 47                 1298 	.db #0x47	; 71	'G'
   04E6 45                 1299 	.db #0x45	; 69	'E'
   04E7 46                 1300 	.db #0x46	; 70	'F'
   04E8 47                 1301 	.db #0x47	; 71	'G'
   04E9 45                 1302 	.db #0x45	; 69	'E'
   04EA 2D                 1303 	.db #0x2d	; 45
   04EB 2E                 1304 	.db #0x2e	; 46
   04EC 2D                 1305 	.db #0x2d	; 45
   04ED 2E                 1306 	.db #0x2e	; 46
   04EE 33                 1307 	.db #0x33	; 51	'3'
   04EF 31                 1308 	.db #0x31	; 49	'1'
   04F0 32                 1309 	.db #0x32	; 50	'2'
   04F1 33                 1310 	.db #0x33	; 51	'3'
   04F2 31                 1311 	.db #0x31	; 49	'1'
   04F3 32                 1312 	.db #0x32	; 50	'2'
   04F4 33                 1313 	.db #0x33	; 51	'3'
   04F5 31                 1314 	.db #0x31	; 49	'1'
   04F6 32                 1315 	.db #0x32	; 50	'2'
   04F7 33                 1316 	.db #0x33	; 51	'3'
   04F8 31                 1317 	.db #0x31	; 49	'1'
   04F9 32                 1318 	.db #0x32	; 50	'2'
   04FA 33                 1319 	.db #0x33	; 51	'3'
   04FB 31                 1320 	.db #0x31	; 49	'1'
   04FC 32                 1321 	.db #0x32	; 50	'2'
   04FD 33                 1322 	.db #0x33	; 51	'3'
   04FE 31                 1323 	.db #0x31	; 49	'1'
   04FF 32                 1324 	.db #0x32	; 50	'2'
   0500 33                 1325 	.db #0x33	; 51	'3'
   0501 31                 1326 	.db #0x31	; 49	'1'
   0502 32                 1327 	.db #0x32	; 50	'2'
   0503 33                 1328 	.db #0x33	; 51	'3'
   0504 31                 1329 	.db #0x31	; 49	'1'
   0505 32                 1330 	.db #0x32	; 50	'2'
   0506 33                 1331 	.db #0x33	; 51	'3'
   0507 31                 1332 	.db #0x31	; 49	'1'
   0508 2D                 1333 	.db #0x2d	; 45
   0509 2E                 1334 	.db #0x2e	; 46
   050A 2D                 1335 	.db #0x2d	; 45
   050B 2E                 1336 	.db #0x2e	; 46
   050C 47                 1337 	.db #0x47	; 71	'G'
   050D 45                 1338 	.db #0x45	; 69	'E'
   050E 46                 1339 	.db #0x46	; 70	'F'
   050F 47                 1340 	.db #0x47	; 71	'G'
   0510 45                 1341 	.db #0x45	; 69	'E'
   0511 46                 1342 	.db #0x46	; 70	'F'
   0512 47                 1343 	.db #0x47	; 71	'G'
   0513 45                 1344 	.db #0x45	; 69	'E'
   0514 46                 1345 	.db #0x46	; 70	'F'
   0515 47                 1346 	.db #0x47	; 71	'G'
   0516 45                 1347 	.db #0x45	; 69	'E'
   0517 46                 1348 	.db #0x46	; 70	'F'
   0518 47                 1349 	.db #0x47	; 71	'G'
   0519 45                 1350 	.db #0x45	; 69	'E'
   051A 46                 1351 	.db #0x46	; 70	'F'
   051B 47                 1352 	.db #0x47	; 71	'G'
   051C 45                 1353 	.db #0x45	; 69	'E'
   051D 46                 1354 	.db #0x46	; 70	'F'
   051E 47                 1355 	.db #0x47	; 71	'G'
   051F 45                 1356 	.db #0x45	; 69	'E'
   0520 46                 1357 	.db #0x46	; 70	'F'
   0521 47                 1358 	.db #0x47	; 71	'G'
   0522 45                 1359 	.db #0x45	; 69	'E'
   0523 46                 1360 	.db #0x46	; 70	'F'
   0524 47                 1361 	.db #0x47	; 71	'G'
   0525 45                 1362 	.db #0x45	; 69	'E'
   0526 2D                 1363 	.db #0x2d	; 45
   0527 2E                 1364 	.db #0x2e	; 46
   0528 2D                 1365 	.db #0x2d	; 45
   0529 2E                 1366 	.db #0x2e	; 46
   052A 33                 1367 	.db #0x33	; 51	'3'
   052B 31                 1368 	.db #0x31	; 49	'1'
   052C 32                 1369 	.db #0x32	; 50	'2'
   052D 33                 1370 	.db #0x33	; 51	'3'
   052E 31                 1371 	.db #0x31	; 49	'1'
   052F 32                 1372 	.db #0x32	; 50	'2'
   0530 33                 1373 	.db #0x33	; 51	'3'
   0531 31                 1374 	.db #0x31	; 49	'1'
   0532 32                 1375 	.db #0x32	; 50	'2'
   0533 33                 1376 	.db #0x33	; 51	'3'
   0534 31                 1377 	.db #0x31	; 49	'1'
   0535 32                 1378 	.db #0x32	; 50	'2'
   0536 33                 1379 	.db #0x33	; 51	'3'
   0537 31                 1380 	.db #0x31	; 49	'1'
   0538 32                 1381 	.db #0x32	; 50	'2'
   0539 33                 1382 	.db #0x33	; 51	'3'
   053A 31                 1383 	.db #0x31	; 49	'1'
   053B 32                 1384 	.db #0x32	; 50	'2'
   053C 33                 1385 	.db #0x33	; 51	'3'
   053D 31                 1386 	.db #0x31	; 49	'1'
   053E 32                 1387 	.db #0x32	; 50	'2'
   053F 33                 1388 	.db #0x33	; 51	'3'
   0540 31                 1389 	.db #0x31	; 49	'1'
   0541 32                 1390 	.db #0x32	; 50	'2'
   0542 33                 1391 	.db #0x33	; 51	'3'
   0543 31                 1392 	.db #0x31	; 49	'1'
   0544 2D                 1393 	.db #0x2d	; 45
   0545 2E                 1394 	.db #0x2e	; 46
   0546 2D                 1395 	.db #0x2d	; 45
   0547 2E                 1396 	.db #0x2e	; 46
   0548 47                 1397 	.db #0x47	; 71	'G'
   0549 45                 1398 	.db #0x45	; 69	'E'
   054A 46                 1399 	.db #0x46	; 70	'F'
   054B 47                 1400 	.db #0x47	; 71	'G'
   054C 45                 1401 	.db #0x45	; 69	'E'
   054D 46                 1402 	.db #0x46	; 70	'F'
   054E 47                 1403 	.db #0x47	; 71	'G'
   054F 45                 1404 	.db #0x45	; 69	'E'
   0550 46                 1405 	.db #0x46	; 70	'F'
   0551 47                 1406 	.db #0x47	; 71	'G'
   0552 45                 1407 	.db #0x45	; 69	'E'
   0553 46                 1408 	.db #0x46	; 70	'F'
   0554 47                 1409 	.db #0x47	; 71	'G'
   0555 45                 1410 	.db #0x45	; 69	'E'
   0556 46                 1411 	.db #0x46	; 70	'F'
   0557 47                 1412 	.db #0x47	; 71	'G'
   0558 45                 1413 	.db #0x45	; 69	'E'
   0559 46                 1414 	.db #0x46	; 70	'F'
   055A 47                 1415 	.db #0x47	; 71	'G'
   055B 45                 1416 	.db #0x45	; 69	'E'
   055C 46                 1417 	.db #0x46	; 70	'F'
   055D 47                 1418 	.db #0x47	; 71	'G'
   055E 45                 1419 	.db #0x45	; 69	'E'
   055F 46                 1420 	.db #0x46	; 70	'F'
   0560 47                 1421 	.db #0x47	; 71	'G'
   0561 45                 1422 	.db #0x45	; 69	'E'
   0562 2D                 1423 	.db #0x2d	; 45
   0563 2E                 1424 	.db #0x2e	; 46
   0564 2D                 1425 	.db #0x2d	; 45
   0565 2E                 1426 	.db #0x2e	; 46
   0566 33                 1427 	.db #0x33	; 51	'3'
   0567 31                 1428 	.db #0x31	; 49	'1'
   0568 32                 1429 	.db #0x32	; 50	'2'
   0569 33                 1430 	.db #0x33	; 51	'3'
   056A 31                 1431 	.db #0x31	; 49	'1'
   056B 32                 1432 	.db #0x32	; 50	'2'
   056C 33                 1433 	.db #0x33	; 51	'3'
   056D 31                 1434 	.db #0x31	; 49	'1'
   056E 32                 1435 	.db #0x32	; 50	'2'
   056F 33                 1436 	.db #0x33	; 51	'3'
   0570 31                 1437 	.db #0x31	; 49	'1'
   0571 32                 1438 	.db #0x32	; 50	'2'
   0572 33                 1439 	.db #0x33	; 51	'3'
   0573 31                 1440 	.db #0x31	; 49	'1'
   0574 32                 1441 	.db #0x32	; 50	'2'
   0575 33                 1442 	.db #0x33	; 51	'3'
   0576 31                 1443 	.db #0x31	; 49	'1'
   0577 32                 1444 	.db #0x32	; 50	'2'
   0578 33                 1445 	.db #0x33	; 51	'3'
   0579 31                 1446 	.db #0x31	; 49	'1'
   057A 32                 1447 	.db #0x32	; 50	'2'
   057B 33                 1448 	.db #0x33	; 51	'3'
   057C 31                 1449 	.db #0x31	; 49	'1'
   057D 32                 1450 	.db #0x32	; 50	'2'
   057E 33                 1451 	.db #0x33	; 51	'3'
   057F 31                 1452 	.db #0x31	; 49	'1'
   0580 2D                 1453 	.db #0x2d	; 45
   0581 2E                 1454 	.db #0x2e	; 46
   0582 2D                 1455 	.db #0x2d	; 45
   0583 2E                 1456 	.db #0x2e	; 46
   0584 47                 1457 	.db #0x47	; 71	'G'
   0585 45                 1458 	.db #0x45	; 69	'E'
   0586 46                 1459 	.db #0x46	; 70	'F'
   0587 47                 1460 	.db #0x47	; 71	'G'
   0588 45                 1461 	.db #0x45	; 69	'E'
   0589 46                 1462 	.db #0x46	; 70	'F'
   058A 47                 1463 	.db #0x47	; 71	'G'
   058B 45                 1464 	.db #0x45	; 69	'E'
   058C 46                 1465 	.db #0x46	; 70	'F'
   058D 47                 1466 	.db #0x47	; 71	'G'
   058E 45                 1467 	.db #0x45	; 69	'E'
   058F 46                 1468 	.db #0x46	; 70	'F'
   0590 47                 1469 	.db #0x47	; 71	'G'
   0591 45                 1470 	.db #0x45	; 69	'E'
   0592 46                 1471 	.db #0x46	; 70	'F'
   0593 47                 1472 	.db #0x47	; 71	'G'
   0594 45                 1473 	.db #0x45	; 69	'E'
   0595 46                 1474 	.db #0x46	; 70	'F'
   0596 47                 1475 	.db #0x47	; 71	'G'
   0597 45                 1476 	.db #0x45	; 69	'E'
   0598 46                 1477 	.db #0x46	; 70	'F'
   0599 47                 1478 	.db #0x47	; 71	'G'
   059A 45                 1479 	.db #0x45	; 69	'E'
   059B 46                 1480 	.db #0x46	; 70	'F'
   059C 47                 1481 	.db #0x47	; 71	'G'
   059D 45                 1482 	.db #0x45	; 69	'E'
   059E 2D                 1483 	.db #0x2d	; 45
   059F 2E                 1484 	.db #0x2e	; 46
   05A0 2D                 1485 	.db #0x2d	; 45
   05A1 2E                 1486 	.db #0x2e	; 46
   05A2 33                 1487 	.db #0x33	; 51	'3'
   05A3 31                 1488 	.db #0x31	; 49	'1'
   05A4 32                 1489 	.db #0x32	; 50	'2'
   05A5 33                 1490 	.db #0x33	; 51	'3'
   05A6 31                 1491 	.db #0x31	; 49	'1'
   05A7 32                 1492 	.db #0x32	; 50	'2'
   05A8 33                 1493 	.db #0x33	; 51	'3'
   05A9 31                 1494 	.db #0x31	; 49	'1'
   05AA 32                 1495 	.db #0x32	; 50	'2'
   05AB 33                 1496 	.db #0x33	; 51	'3'
   05AC 31                 1497 	.db #0x31	; 49	'1'
   05AD 32                 1498 	.db #0x32	; 50	'2'
   05AE 33                 1499 	.db #0x33	; 51	'3'
   05AF 31                 1500 	.db #0x31	; 49	'1'
   05B0 32                 1501 	.db #0x32	; 50	'2'
   05B1 33                 1502 	.db #0x33	; 51	'3'
   05B2 31                 1503 	.db #0x31	; 49	'1'
   05B3 32                 1504 	.db #0x32	; 50	'2'
   05B4 33                 1505 	.db #0x33	; 51	'3'
   05B5 31                 1506 	.db #0x31	; 49	'1'
   05B6 32                 1507 	.db #0x32	; 50	'2'
   05B7 33                 1508 	.db #0x33	; 51	'3'
   05B8 31                 1509 	.db #0x31	; 49	'1'
   05B9 32                 1510 	.db #0x32	; 50	'2'
   05BA 33                 1511 	.db #0x33	; 51	'3'
   05BB 31                 1512 	.db #0x31	; 49	'1'
   05BC 2D                 1513 	.db #0x2d	; 45
   05BD 2E                 1514 	.db #0x2e	; 46
   05BE 41                 1515 	.db #0x41	; 65	'A'
   05BF 42                 1516 	.db #0x42	; 66	'B'
   05C0 47                 1517 	.db #0x47	; 71	'G'
   05C1 45                 1518 	.db #0x45	; 69	'E'
   05C2 46                 1519 	.db #0x46	; 70	'F'
   05C3 47                 1520 	.db #0x47	; 71	'G'
   05C4 45                 1521 	.db #0x45	; 69	'E'
   05C5 46                 1522 	.db #0x46	; 70	'F'
   05C6 47                 1523 	.db #0x47	; 71	'G'
   05C7 45                 1524 	.db #0x45	; 69	'E'
   05C8 46                 1525 	.db #0x46	; 70	'F'
   05C9 47                 1526 	.db #0x47	; 71	'G'
   05CA 45                 1527 	.db #0x45	; 69	'E'
   05CB 46                 1528 	.db #0x46	; 70	'F'
   05CC 47                 1529 	.db #0x47	; 71	'G'
   05CD 45                 1530 	.db #0x45	; 69	'E'
   05CE 46                 1531 	.db #0x46	; 70	'F'
   05CF 47                 1532 	.db #0x47	; 71	'G'
   05D0 45                 1533 	.db #0x45	; 69	'E'
   05D1 46                 1534 	.db #0x46	; 70	'F'
   05D2 47                 1535 	.db #0x47	; 71	'G'
   05D3 45                 1536 	.db #0x45	; 69	'E'
   05D4 46                 1537 	.db #0x46	; 70	'F'
   05D5 47                 1538 	.db #0x47	; 71	'G'
   05D6 45                 1539 	.db #0x45	; 69	'E'
   05D7 46                 1540 	.db #0x46	; 70	'F'
   05D8 47                 1541 	.db #0x47	; 71	'G'
   05D9 45                 1542 	.db #0x45	; 69	'E'
   05DA 41                 1543 	.db #0x41	; 65	'A'
   05DB 42                 1544 	.db #0x42	; 66	'B'
                           1545 	.area _INITIALIZER
                           1546 	.area _CABS (ABS)
