                              1 ;--------------------------------------------------------
                              2 ; File Created by SDCC : free open source ANSI-C Compiler
                              3 ; Version 3.6.8 #9946 (Linux)
                              4 ;--------------------------------------------------------
                              5 	.module level_01_blocks
                              6 	.optsdcc -mz80
                              7 	
                              8 ;--------------------------------------------------------
                              9 ; Public variables in this module
                             10 ;--------------------------------------------------------
                             11 	.globl _g_tilemap_l01_blocks
                             12 ;--------------------------------------------------------
                             13 ; special function registers
                             14 ;--------------------------------------------------------
                             15 ;--------------------------------------------------------
                             16 ; ram data
                             17 ;--------------------------------------------------------
                             18 	.area _DATA
                             19 ;--------------------------------------------------------
                             20 ; ram data
                             21 ;--------------------------------------------------------
                             22 	.area _INITIALIZED
                             23 ;--------------------------------------------------------
                             24 ; absolute external ram data
                             25 ;--------------------------------------------------------
                             26 	.area _DABS (ABS)
                             27 ;--------------------------------------------------------
                             28 ; global & static initialisations
                             29 ;--------------------------------------------------------
                             30 	.area _HOME
                             31 	.area _GSINIT
                             32 	.area _GSFINAL
                             33 	.area _GSINIT
                             34 ;--------------------------------------------------------
                             35 ; Home
                             36 ;--------------------------------------------------------
                             37 	.area _HOME
                             38 	.area _HOME
                             39 ;--------------------------------------------------------
                             40 ; code
                             41 ;--------------------------------------------------------
                             42 	.area _CODE
                             43 	.area _CODE
   0000                      44 _g_tilemap_l01_blocks:
   0000 10                   45 	.db #0x10	; 16
   0001 11                   46 	.db #0x11	; 17
   0002 10                   47 	.db #0x10	; 16
   0003 11                   48 	.db #0x11	; 17
   0004 10                   49 	.db #0x10	; 16
   0005 11                   50 	.db #0x11	; 17
   0006 10                   51 	.db #0x10	; 16
   0007 11                   52 	.db #0x11	; 17
   0008 10                   53 	.db #0x10	; 16
   0009 11                   54 	.db #0x11	; 17
   000A 10                   55 	.db #0x10	; 16
   000B 11                   56 	.db #0x11	; 17
   000C 10                   57 	.db #0x10	; 16
   000D 11                   58 	.db #0x11	; 17
   000E 10                   59 	.db #0x10	; 16
   000F 11                   60 	.db #0x11	; 17
   0010 10                   61 	.db #0x10	; 16
   0011 11                   62 	.db #0x11	; 17
   0012 10                   63 	.db #0x10	; 16
   0013 11                   64 	.db #0x11	; 17
   0014 10                   65 	.db #0x10	; 16
   0015 11                   66 	.db #0x11	; 17
   0016 10                   67 	.db #0x10	; 16
   0017 11                   68 	.db #0x11	; 17
   0018 10                   69 	.db #0x10	; 16
   0019 11                   70 	.db #0x11	; 17
   001A 24                   71 	.db #0x24	; 36
   001B 25                   72 	.db #0x25	; 37
   001C 24                   73 	.db #0x24	; 36
   001D 25                   74 	.db #0x25	; 37
   001E 24                   75 	.db #0x24	; 36
   001F 25                   76 	.db #0x25	; 37
   0020 24                   77 	.db #0x24	; 36
   0021 25                   78 	.db #0x25	; 37
   0022 24                   79 	.db #0x24	; 36
   0023 25                   80 	.db #0x25	; 37
   0024 24                   81 	.db #0x24	; 36
   0025 25                   82 	.db #0x25	; 37
   0026 24                   83 	.db #0x24	; 36
   0027 25                   84 	.db #0x25	; 37
   0028 24                   85 	.db #0x24	; 36
   0029 25                   86 	.db #0x25	; 37
   002A 24                   87 	.db #0x24	; 36
   002B 25                   88 	.db #0x25	; 37
   002C 24                   89 	.db #0x24	; 36
   002D 25                   90 	.db #0x25	; 37
   002E 24                   91 	.db #0x24	; 36
   002F 25                   92 	.db #0x25	; 37
   0030 24                   93 	.db #0x24	; 36
   0031 25                   94 	.db #0x25	; 37
   0032 24                   95 	.db #0x24	; 36
   0033 25                   96 	.db #0x25	; 37
   0034 08                   97 	.db #0x08	; 8
   0035 09                   98 	.db #0x09	; 9
   0036 08                   99 	.db #0x08	; 8
   0037 09                  100 	.db #0x09	; 9
   0038 08                  101 	.db #0x08	; 8
   0039 09                  102 	.db #0x09	; 9
   003A 08                  103 	.db #0x08	; 8
   003B 09                  104 	.db #0x09	; 9
   003C 08                  105 	.db #0x08	; 8
   003D 09                  106 	.db #0x09	; 9
   003E 08                  107 	.db #0x08	; 8
   003F 09                  108 	.db #0x09	; 9
   0040 08                  109 	.db #0x08	; 8
   0041 09                  110 	.db #0x09	; 9
   0042 08                  111 	.db #0x08	; 8
   0043 09                  112 	.db #0x09	; 9
   0044 08                  113 	.db #0x08	; 8
   0045 09                  114 	.db #0x09	; 9
   0046 08                  115 	.db #0x08	; 8
   0047 09                  116 	.db #0x09	; 9
   0048 08                  117 	.db #0x08	; 8
   0049 09                  118 	.db #0x09	; 9
   004A 08                  119 	.db #0x08	; 8
   004B 09                  120 	.db #0x09	; 9
   004C 08                  121 	.db #0x08	; 8
   004D 09                  122 	.db #0x09	; 9
   004E 1C                  123 	.db #0x1c	; 28
   004F 1D                  124 	.db #0x1d	; 29
   0050 1C                  125 	.db #0x1c	; 28
   0051 1D                  126 	.db #0x1d	; 29
   0052 1C                  127 	.db #0x1c	; 28
   0053 1D                  128 	.db #0x1d	; 29
   0054 1C                  129 	.db #0x1c	; 28
   0055 1D                  130 	.db #0x1d	; 29
   0056 1C                  131 	.db #0x1c	; 28
   0057 1D                  132 	.db #0x1d	; 29
   0058 1C                  133 	.db #0x1c	; 28
   0059 1D                  134 	.db #0x1d	; 29
   005A 1C                  135 	.db #0x1c	; 28
   005B 1D                  136 	.db #0x1d	; 29
   005C 1C                  137 	.db #0x1c	; 28
   005D 1D                  138 	.db #0x1d	; 29
   005E 1C                  139 	.db #0x1c	; 28
   005F 1D                  140 	.db #0x1d	; 29
   0060 1C                  141 	.db #0x1c	; 28
   0061 1D                  142 	.db #0x1d	; 29
   0062 1C                  143 	.db #0x1c	; 28
   0063 1D                  144 	.db #0x1d	; 29
   0064 1C                  145 	.db #0x1c	; 28
   0065 1D                  146 	.db #0x1d	; 29
   0066 1C                  147 	.db #0x1c	; 28
   0067 1D                  148 	.db #0x1d	; 29
   0068 0A                  149 	.db #0x0a	; 10
   0069 0B                  150 	.db #0x0b	; 11
   006A 0A                  151 	.db #0x0a	; 10
   006B 0B                  152 	.db #0x0b	; 11
   006C 0A                  153 	.db #0x0a	; 10
   006D 0B                  154 	.db #0x0b	; 11
   006E 0A                  155 	.db #0x0a	; 10
   006F 0B                  156 	.db #0x0b	; 11
   0070 0A                  157 	.db #0x0a	; 10
   0071 0B                  158 	.db #0x0b	; 11
   0072 0A                  159 	.db #0x0a	; 10
   0073 0B                  160 	.db #0x0b	; 11
   0074 0A                  161 	.db #0x0a	; 10
   0075 0B                  162 	.db #0x0b	; 11
   0076 0A                  163 	.db #0x0a	; 10
   0077 0B                  164 	.db #0x0b	; 11
   0078 0A                  165 	.db #0x0a	; 10
   0079 0B                  166 	.db #0x0b	; 11
   007A 0A                  167 	.db #0x0a	; 10
   007B 0B                  168 	.db #0x0b	; 11
   007C 0A                  169 	.db #0x0a	; 10
   007D 0B                  170 	.db #0x0b	; 11
   007E 0A                  171 	.db #0x0a	; 10
   007F 0B                  172 	.db #0x0b	; 11
   0080 0A                  173 	.db #0x0a	; 10
   0081 0B                  174 	.db #0x0b	; 11
   0082 1E                  175 	.db #0x1e	; 30
   0083 1F                  176 	.db #0x1f	; 31
   0084 1E                  177 	.db #0x1e	; 30
   0085 1F                  178 	.db #0x1f	; 31
   0086 1E                  179 	.db #0x1e	; 30
   0087 1F                  180 	.db #0x1f	; 31
   0088 1E                  181 	.db #0x1e	; 30
   0089 1F                  182 	.db #0x1f	; 31
   008A 1E                  183 	.db #0x1e	; 30
   008B 1F                  184 	.db #0x1f	; 31
   008C 1E                  185 	.db #0x1e	; 30
   008D 1F                  186 	.db #0x1f	; 31
   008E 1E                  187 	.db #0x1e	; 30
   008F 1F                  188 	.db #0x1f	; 31
   0090 1E                  189 	.db #0x1e	; 30
   0091 1F                  190 	.db #0x1f	; 31
   0092 1E                  191 	.db #0x1e	; 30
   0093 1F                  192 	.db #0x1f	; 31
   0094 1E                  193 	.db #0x1e	; 30
   0095 1F                  194 	.db #0x1f	; 31
   0096 1E                  195 	.db #0x1e	; 30
   0097 1F                  196 	.db #0x1f	; 31
   0098 1E                  197 	.db #0x1e	; 30
   0099 1F                  198 	.db #0x1f	; 31
   009A 1E                  199 	.db #0x1e	; 30
   009B 1F                  200 	.db #0x1f	; 31
   009C 02                  201 	.db #0x02	; 2
   009D 03                  202 	.db #0x03	; 3
   009E 02                  203 	.db #0x02	; 2
   009F 03                  204 	.db #0x03	; 3
   00A0 02                  205 	.db #0x02	; 2
   00A1 03                  206 	.db #0x03	; 3
   00A2 02                  207 	.db #0x02	; 2
   00A3 03                  208 	.db #0x03	; 3
   00A4 02                  209 	.db #0x02	; 2
   00A5 03                  210 	.db #0x03	; 3
   00A6 02                  211 	.db #0x02	; 2
   00A7 03                  212 	.db #0x03	; 3
   00A8 02                  213 	.db #0x02	; 2
   00A9 03                  214 	.db #0x03	; 3
   00AA 02                  215 	.db #0x02	; 2
   00AB 03                  216 	.db #0x03	; 3
   00AC 02                  217 	.db #0x02	; 2
   00AD 03                  218 	.db #0x03	; 3
   00AE 02                  219 	.db #0x02	; 2
   00AF 03                  220 	.db #0x03	; 3
   00B0 02                  221 	.db #0x02	; 2
   00B1 03                  222 	.db #0x03	; 3
   00B2 02                  223 	.db #0x02	; 2
   00B3 03                  224 	.db #0x03	; 3
   00B4 02                  225 	.db #0x02	; 2
   00B5 03                  226 	.db #0x03	; 3
   00B6 16                  227 	.db #0x16	; 22
   00B7 17                  228 	.db #0x17	; 23
   00B8 16                  229 	.db #0x16	; 22
   00B9 17                  230 	.db #0x17	; 23
   00BA 16                  231 	.db #0x16	; 22
   00BB 17                  232 	.db #0x17	; 23
   00BC 16                  233 	.db #0x16	; 22
   00BD 17                  234 	.db #0x17	; 23
   00BE 16                  235 	.db #0x16	; 22
   00BF 17                  236 	.db #0x17	; 23
   00C0 16                  237 	.db #0x16	; 22
   00C1 17                  238 	.db #0x17	; 23
   00C2 16                  239 	.db #0x16	; 22
   00C3 17                  240 	.db #0x17	; 23
   00C4 16                  241 	.db #0x16	; 22
   00C5 17                  242 	.db #0x17	; 23
   00C6 16                  243 	.db #0x16	; 22
   00C7 17                  244 	.db #0x17	; 23
   00C8 16                  245 	.db #0x16	; 22
   00C9 17                  246 	.db #0x17	; 23
   00CA 16                  247 	.db #0x16	; 22
   00CB 17                  248 	.db #0x17	; 23
   00CC 16                  249 	.db #0x16	; 22
   00CD 17                  250 	.db #0x17	; 23
   00CE 16                  251 	.db #0x16	; 22
   00CF 17                  252 	.db #0x17	; 23
   00D0 0C                  253 	.db #0x0c	; 12
   00D1 0D                  254 	.db #0x0d	; 13
   00D2 0C                  255 	.db #0x0c	; 12
   00D3 0D                  256 	.db #0x0d	; 13
   00D4 0C                  257 	.db #0x0c	; 12
   00D5 0D                  258 	.db #0x0d	; 13
   00D6 0C                  259 	.db #0x0c	; 12
   00D7 0D                  260 	.db #0x0d	; 13
   00D8 0C                  261 	.db #0x0c	; 12
   00D9 0D                  262 	.db #0x0d	; 13
   00DA 0C                  263 	.db #0x0c	; 12
   00DB 0D                  264 	.db #0x0d	; 13
   00DC 0C                  265 	.db #0x0c	; 12
   00DD 0D                  266 	.db #0x0d	; 13
   00DE 0C                  267 	.db #0x0c	; 12
   00DF 0D                  268 	.db #0x0d	; 13
   00E0 0C                  269 	.db #0x0c	; 12
   00E1 0D                  270 	.db #0x0d	; 13
   00E2 0C                  271 	.db #0x0c	; 12
   00E3 0D                  272 	.db #0x0d	; 13
   00E4 0C                  273 	.db #0x0c	; 12
   00E5 0D                  274 	.db #0x0d	; 13
   00E6 0C                  275 	.db #0x0c	; 12
   00E7 0D                  276 	.db #0x0d	; 13
   00E8 0C                  277 	.db #0x0c	; 12
   00E9 0D                  278 	.db #0x0d	; 13
   00EA 20                  279 	.db #0x20	; 32
   00EB 21                  280 	.db #0x21	; 33
   00EC 20                  281 	.db #0x20	; 32
   00ED 21                  282 	.db #0x21	; 33
   00EE 20                  283 	.db #0x20	; 32
   00EF 21                  284 	.db #0x21	; 33
   00F0 20                  285 	.db #0x20	; 32
   00F1 21                  286 	.db #0x21	; 33
   00F2 20                  287 	.db #0x20	; 32
   00F3 21                  288 	.db #0x21	; 33
   00F4 20                  289 	.db #0x20	; 32
   00F5 21                  290 	.db #0x21	; 33
   00F6 20                  291 	.db #0x20	; 32
   00F7 21                  292 	.db #0x21	; 33
   00F8 20                  293 	.db #0x20	; 32
   00F9 21                  294 	.db #0x21	; 33
   00FA 20                  295 	.db #0x20	; 32
   00FB 21                  296 	.db #0x21	; 33
   00FC 20                  297 	.db #0x20	; 32
   00FD 21                  298 	.db #0x21	; 33
   00FE 20                  299 	.db #0x20	; 32
   00FF 21                  300 	.db #0x21	; 33
   0100 20                  301 	.db #0x20	; 32
   0101 21                  302 	.db #0x21	; 33
   0102 20                  303 	.db #0x20	; 32
   0103 21                  304 	.db #0x21	; 33
   0104 06                  305 	.db #0x06	; 6
   0105 07                  306 	.db #0x07	; 7
   0106 06                  307 	.db #0x06	; 6
   0107 07                  308 	.db #0x07	; 7
   0108 06                  309 	.db #0x06	; 6
   0109 07                  310 	.db #0x07	; 7
   010A 06                  311 	.db #0x06	; 6
   010B 07                  312 	.db #0x07	; 7
   010C 06                  313 	.db #0x06	; 6
   010D 07                  314 	.db #0x07	; 7
   010E 06                  315 	.db #0x06	; 6
   010F 07                  316 	.db #0x07	; 7
   0110 06                  317 	.db #0x06	; 6
   0111 07                  318 	.db #0x07	; 7
   0112 06                  319 	.db #0x06	; 6
   0113 07                  320 	.db #0x07	; 7
   0114 06                  321 	.db #0x06	; 6
   0115 07                  322 	.db #0x07	; 7
   0116 06                  323 	.db #0x06	; 6
   0117 07                  324 	.db #0x07	; 7
   0118 06                  325 	.db #0x06	; 6
   0119 07                  326 	.db #0x07	; 7
   011A 06                  327 	.db #0x06	; 6
   011B 07                  328 	.db #0x07	; 7
   011C 06                  329 	.db #0x06	; 6
   011D 07                  330 	.db #0x07	; 7
   011E 1A                  331 	.db #0x1a	; 26
   011F 1B                  332 	.db #0x1b	; 27
   0120 1A                  333 	.db #0x1a	; 26
   0121 1B                  334 	.db #0x1b	; 27
   0122 1A                  335 	.db #0x1a	; 26
   0123 1B                  336 	.db #0x1b	; 27
   0124 1A                  337 	.db #0x1a	; 26
   0125 1B                  338 	.db #0x1b	; 27
   0126 1A                  339 	.db #0x1a	; 26
   0127 1B                  340 	.db #0x1b	; 27
   0128 1A                  341 	.db #0x1a	; 26
   0129 1B                  342 	.db #0x1b	; 27
   012A 1A                  343 	.db #0x1a	; 26
   012B 1B                  344 	.db #0x1b	; 27
   012C 1A                  345 	.db #0x1a	; 26
   012D 1B                  346 	.db #0x1b	; 27
   012E 1A                  347 	.db #0x1a	; 26
   012F 1B                  348 	.db #0x1b	; 27
   0130 1A                  349 	.db #0x1a	; 26
   0131 1B                  350 	.db #0x1b	; 27
   0132 1A                  351 	.db #0x1a	; 26
   0133 1B                  352 	.db #0x1b	; 27
   0134 1A                  353 	.db #0x1a	; 26
   0135 1B                  354 	.db #0x1b	; 27
   0136 1A                  355 	.db #0x1a	; 26
   0137 1B                  356 	.db #0x1b	; 27
   0138 33                  357 	.db #0x33	; 51	'3'
   0139 31                  358 	.db #0x31	; 49	'1'
   013A 32                  359 	.db #0x32	; 50	'2'
   013B 33                  360 	.db #0x33	; 51	'3'
   013C 31                  361 	.db #0x31	; 49	'1'
   013D 32                  362 	.db #0x32	; 50	'2'
   013E 33                  363 	.db #0x33	; 51	'3'
   013F 31                  364 	.db #0x31	; 49	'1'
   0140 32                  365 	.db #0x32	; 50	'2'
   0141 33                  366 	.db #0x33	; 51	'3'
   0142 31                  367 	.db #0x31	; 49	'1'
   0143 32                  368 	.db #0x32	; 50	'2'
   0144 33                  369 	.db #0x33	; 51	'3'
   0145 31                  370 	.db #0x31	; 49	'1'
   0146 32                  371 	.db #0x32	; 50	'2'
   0147 33                  372 	.db #0x33	; 51	'3'
   0148 31                  373 	.db #0x31	; 49	'1'
   0149 32                  374 	.db #0x32	; 50	'2'
   014A 33                  375 	.db #0x33	; 51	'3'
   014B 31                  376 	.db #0x31	; 49	'1'
   014C 32                  377 	.db #0x32	; 50	'2'
   014D 33                  378 	.db #0x33	; 51	'3'
   014E 31                  379 	.db #0x31	; 49	'1'
   014F 32                  380 	.db #0x32	; 50	'2'
   0150 33                  381 	.db #0x33	; 51	'3'
   0151 31                  382 	.db #0x31	; 49	'1'
   0152 47                  383 	.db #0x47	; 71	'G'
   0153 45                  384 	.db #0x45	; 69	'E'
   0154 46                  385 	.db #0x46	; 70	'F'
   0155 47                  386 	.db #0x47	; 71	'G'
   0156 45                  387 	.db #0x45	; 69	'E'
   0157 46                  388 	.db #0x46	; 70	'F'
   0158 47                  389 	.db #0x47	; 71	'G'
   0159 45                  390 	.db #0x45	; 69	'E'
   015A 46                  391 	.db #0x46	; 70	'F'
   015B 47                  392 	.db #0x47	; 71	'G'
   015C 45                  393 	.db #0x45	; 69	'E'
   015D 46                  394 	.db #0x46	; 70	'F'
   015E 47                  395 	.db #0x47	; 71	'G'
   015F 45                  396 	.db #0x45	; 69	'E'
   0160 46                  397 	.db #0x46	; 70	'F'
   0161 47                  398 	.db #0x47	; 71	'G'
   0162 45                  399 	.db #0x45	; 69	'E'
   0163 46                  400 	.db #0x46	; 70	'F'
   0164 47                  401 	.db #0x47	; 71	'G'
   0165 45                  402 	.db #0x45	; 69	'E'
   0166 46                  403 	.db #0x46	; 70	'F'
   0167 47                  404 	.db #0x47	; 71	'G'
   0168 45                  405 	.db #0x45	; 69	'E'
   0169 46                  406 	.db #0x46	; 70	'F'
   016A 47                  407 	.db #0x47	; 71	'G'
   016B 45                  408 	.db #0x45	; 69	'E'
   016C 33                  409 	.db #0x33	; 51	'3'
   016D 31                  410 	.db #0x31	; 49	'1'
   016E 32                  411 	.db #0x32	; 50	'2'
   016F 33                  412 	.db #0x33	; 51	'3'
   0170 31                  413 	.db #0x31	; 49	'1'
   0171 32                  414 	.db #0x32	; 50	'2'
   0172 33                  415 	.db #0x33	; 51	'3'
   0173 31                  416 	.db #0x31	; 49	'1'
   0174 32                  417 	.db #0x32	; 50	'2'
   0175 33                  418 	.db #0x33	; 51	'3'
   0176 31                  419 	.db #0x31	; 49	'1'
   0177 32                  420 	.db #0x32	; 50	'2'
   0178 33                  421 	.db #0x33	; 51	'3'
   0179 31                  422 	.db #0x31	; 49	'1'
   017A 32                  423 	.db #0x32	; 50	'2'
   017B 33                  424 	.db #0x33	; 51	'3'
   017C 31                  425 	.db #0x31	; 49	'1'
   017D 32                  426 	.db #0x32	; 50	'2'
   017E 33                  427 	.db #0x33	; 51	'3'
   017F 31                  428 	.db #0x31	; 49	'1'
   0180 32                  429 	.db #0x32	; 50	'2'
   0181 33                  430 	.db #0x33	; 51	'3'
   0182 31                  431 	.db #0x31	; 49	'1'
   0183 32                  432 	.db #0x32	; 50	'2'
   0184 33                  433 	.db #0x33	; 51	'3'
   0185 31                  434 	.db #0x31	; 49	'1'
   0186 47                  435 	.db #0x47	; 71	'G'
   0187 45                  436 	.db #0x45	; 69	'E'
   0188 46                  437 	.db #0x46	; 70	'F'
   0189 47                  438 	.db #0x47	; 71	'G'
   018A 45                  439 	.db #0x45	; 69	'E'
   018B 46                  440 	.db #0x46	; 70	'F'
   018C 47                  441 	.db #0x47	; 71	'G'
   018D 45                  442 	.db #0x45	; 69	'E'
   018E 46                  443 	.db #0x46	; 70	'F'
   018F 47                  444 	.db #0x47	; 71	'G'
   0190 45                  445 	.db #0x45	; 69	'E'
   0191 46                  446 	.db #0x46	; 70	'F'
   0192 47                  447 	.db #0x47	; 71	'G'
   0193 45                  448 	.db #0x45	; 69	'E'
   0194 46                  449 	.db #0x46	; 70	'F'
   0195 47                  450 	.db #0x47	; 71	'G'
   0196 45                  451 	.db #0x45	; 69	'E'
   0197 46                  452 	.db #0x46	; 70	'F'
   0198 47                  453 	.db #0x47	; 71	'G'
   0199 45                  454 	.db #0x45	; 69	'E'
   019A 46                  455 	.db #0x46	; 70	'F'
   019B 47                  456 	.db #0x47	; 71	'G'
   019C 45                  457 	.db #0x45	; 69	'E'
   019D 46                  458 	.db #0x46	; 70	'F'
   019E 47                  459 	.db #0x47	; 71	'G'
   019F 45                  460 	.db #0x45	; 69	'E'
   01A0 33                  461 	.db #0x33	; 51	'3'
   01A1 31                  462 	.db #0x31	; 49	'1'
   01A2 32                  463 	.db #0x32	; 50	'2'
   01A3 33                  464 	.db #0x33	; 51	'3'
   01A4 31                  465 	.db #0x31	; 49	'1'
   01A5 32                  466 	.db #0x32	; 50	'2'
   01A6 33                  467 	.db #0x33	; 51	'3'
   01A7 31                  468 	.db #0x31	; 49	'1'
   01A8 32                  469 	.db #0x32	; 50	'2'
   01A9 33                  470 	.db #0x33	; 51	'3'
   01AA 31                  471 	.db #0x31	; 49	'1'
   01AB 32                  472 	.db #0x32	; 50	'2'
   01AC 33                  473 	.db #0x33	; 51	'3'
   01AD 31                  474 	.db #0x31	; 49	'1'
   01AE 32                  475 	.db #0x32	; 50	'2'
   01AF 33                  476 	.db #0x33	; 51	'3'
   01B0 31                  477 	.db #0x31	; 49	'1'
   01B1 32                  478 	.db #0x32	; 50	'2'
   01B2 33                  479 	.db #0x33	; 51	'3'
   01B3 31                  480 	.db #0x31	; 49	'1'
   01B4 32                  481 	.db #0x32	; 50	'2'
   01B5 33                  482 	.db #0x33	; 51	'3'
   01B6 31                  483 	.db #0x31	; 49	'1'
   01B7 32                  484 	.db #0x32	; 50	'2'
   01B8 33                  485 	.db #0x33	; 51	'3'
   01B9 31                  486 	.db #0x31	; 49	'1'
   01BA 47                  487 	.db #0x47	; 71	'G'
   01BB 45                  488 	.db #0x45	; 69	'E'
   01BC 46                  489 	.db #0x46	; 70	'F'
   01BD 47                  490 	.db #0x47	; 71	'G'
   01BE 45                  491 	.db #0x45	; 69	'E'
   01BF 46                  492 	.db #0x46	; 70	'F'
   01C0 47                  493 	.db #0x47	; 71	'G'
   01C1 45                  494 	.db #0x45	; 69	'E'
   01C2 46                  495 	.db #0x46	; 70	'F'
   01C3 47                  496 	.db #0x47	; 71	'G'
   01C4 45                  497 	.db #0x45	; 69	'E'
   01C5 46                  498 	.db #0x46	; 70	'F'
   01C6 47                  499 	.db #0x47	; 71	'G'
   01C7 45                  500 	.db #0x45	; 69	'E'
   01C8 46                  501 	.db #0x46	; 70	'F'
   01C9 47                  502 	.db #0x47	; 71	'G'
   01CA 45                  503 	.db #0x45	; 69	'E'
   01CB 46                  504 	.db #0x46	; 70	'F'
   01CC 47                  505 	.db #0x47	; 71	'G'
   01CD 45                  506 	.db #0x45	; 69	'E'
   01CE 46                  507 	.db #0x46	; 70	'F'
   01CF 47                  508 	.db #0x47	; 71	'G'
   01D0 45                  509 	.db #0x45	; 69	'E'
   01D1 46                  510 	.db #0x46	; 70	'F'
   01D2 47                  511 	.db #0x47	; 71	'G'
   01D3 45                  512 	.db #0x45	; 69	'E'
   01D4 33                  513 	.db #0x33	; 51	'3'
   01D5 31                  514 	.db #0x31	; 49	'1'
   01D6 32                  515 	.db #0x32	; 50	'2'
   01D7 33                  516 	.db #0x33	; 51	'3'
   01D8 31                  517 	.db #0x31	; 49	'1'
   01D9 32                  518 	.db #0x32	; 50	'2'
   01DA 33                  519 	.db #0x33	; 51	'3'
   01DB 31                  520 	.db #0x31	; 49	'1'
   01DC 32                  521 	.db #0x32	; 50	'2'
   01DD 33                  522 	.db #0x33	; 51	'3'
   01DE 31                  523 	.db #0x31	; 49	'1'
   01DF 32                  524 	.db #0x32	; 50	'2'
   01E0 33                  525 	.db #0x33	; 51	'3'
   01E1 31                  526 	.db #0x31	; 49	'1'
   01E2 32                  527 	.db #0x32	; 50	'2'
   01E3 33                  528 	.db #0x33	; 51	'3'
   01E4 31                  529 	.db #0x31	; 49	'1'
   01E5 32                  530 	.db #0x32	; 50	'2'
   01E6 33                  531 	.db #0x33	; 51	'3'
   01E7 31                  532 	.db #0x31	; 49	'1'
   01E8 32                  533 	.db #0x32	; 50	'2'
   01E9 33                  534 	.db #0x33	; 51	'3'
   01EA 31                  535 	.db #0x31	; 49	'1'
   01EB 32                  536 	.db #0x32	; 50	'2'
   01EC 33                  537 	.db #0x33	; 51	'3'
   01ED 31                  538 	.db #0x31	; 49	'1'
   01EE 47                  539 	.db #0x47	; 71	'G'
   01EF 45                  540 	.db #0x45	; 69	'E'
   01F0 46                  541 	.db #0x46	; 70	'F'
   01F1 47                  542 	.db #0x47	; 71	'G'
   01F2 45                  543 	.db #0x45	; 69	'E'
   01F3 46                  544 	.db #0x46	; 70	'F'
   01F4 47                  545 	.db #0x47	; 71	'G'
   01F5 45                  546 	.db #0x45	; 69	'E'
   01F6 46                  547 	.db #0x46	; 70	'F'
   01F7 47                  548 	.db #0x47	; 71	'G'
   01F8 45                  549 	.db #0x45	; 69	'E'
   01F9 46                  550 	.db #0x46	; 70	'F'
   01FA 47                  551 	.db #0x47	; 71	'G'
   01FB 45                  552 	.db #0x45	; 69	'E'
   01FC 46                  553 	.db #0x46	; 70	'F'
   01FD 47                  554 	.db #0x47	; 71	'G'
   01FE 45                  555 	.db #0x45	; 69	'E'
   01FF 46                  556 	.db #0x46	; 70	'F'
   0200 47                  557 	.db #0x47	; 71	'G'
   0201 45                  558 	.db #0x45	; 69	'E'
   0202 46                  559 	.db #0x46	; 70	'F'
   0203 47                  560 	.db #0x47	; 71	'G'
   0204 45                  561 	.db #0x45	; 69	'E'
   0205 46                  562 	.db #0x46	; 70	'F'
   0206 47                  563 	.db #0x47	; 71	'G'
   0207 45                  564 	.db #0x45	; 69	'E'
   0208 33                  565 	.db #0x33	; 51	'3'
   0209 31                  566 	.db #0x31	; 49	'1'
   020A 32                  567 	.db #0x32	; 50	'2'
   020B 33                  568 	.db #0x33	; 51	'3'
   020C 31                  569 	.db #0x31	; 49	'1'
   020D 32                  570 	.db #0x32	; 50	'2'
   020E 33                  571 	.db #0x33	; 51	'3'
   020F 31                  572 	.db #0x31	; 49	'1'
   0210 32                  573 	.db #0x32	; 50	'2'
   0211 33                  574 	.db #0x33	; 51	'3'
   0212 31                  575 	.db #0x31	; 49	'1'
   0213 32                  576 	.db #0x32	; 50	'2'
   0214 33                  577 	.db #0x33	; 51	'3'
   0215 31                  578 	.db #0x31	; 49	'1'
   0216 32                  579 	.db #0x32	; 50	'2'
   0217 33                  580 	.db #0x33	; 51	'3'
   0218 31                  581 	.db #0x31	; 49	'1'
   0219 32                  582 	.db #0x32	; 50	'2'
   021A 33                  583 	.db #0x33	; 51	'3'
   021B 31                  584 	.db #0x31	; 49	'1'
   021C 32                  585 	.db #0x32	; 50	'2'
   021D 33                  586 	.db #0x33	; 51	'3'
   021E 31                  587 	.db #0x31	; 49	'1'
   021F 32                  588 	.db #0x32	; 50	'2'
   0220 33                  589 	.db #0x33	; 51	'3'
   0221 31                  590 	.db #0x31	; 49	'1'
   0222 47                  591 	.db #0x47	; 71	'G'
   0223 45                  592 	.db #0x45	; 69	'E'
   0224 46                  593 	.db #0x46	; 70	'F'
   0225 47                  594 	.db #0x47	; 71	'G'
   0226 45                  595 	.db #0x45	; 69	'E'
   0227 46                  596 	.db #0x46	; 70	'F'
   0228 47                  597 	.db #0x47	; 71	'G'
   0229 45                  598 	.db #0x45	; 69	'E'
   022A 46                  599 	.db #0x46	; 70	'F'
   022B 47                  600 	.db #0x47	; 71	'G'
   022C 45                  601 	.db #0x45	; 69	'E'
   022D 46                  602 	.db #0x46	; 70	'F'
   022E 47                  603 	.db #0x47	; 71	'G'
   022F 45                  604 	.db #0x45	; 69	'E'
   0230 46                  605 	.db #0x46	; 70	'F'
   0231 47                  606 	.db #0x47	; 71	'G'
   0232 45                  607 	.db #0x45	; 69	'E'
   0233 46                  608 	.db #0x46	; 70	'F'
   0234 47                  609 	.db #0x47	; 71	'G'
   0235 45                  610 	.db #0x45	; 69	'E'
   0236 46                  611 	.db #0x46	; 70	'F'
   0237 47                  612 	.db #0x47	; 71	'G'
   0238 45                  613 	.db #0x45	; 69	'E'
   0239 46                  614 	.db #0x46	; 70	'F'
   023A 47                  615 	.db #0x47	; 71	'G'
   023B 45                  616 	.db #0x45	; 69	'E'
   023C 33                  617 	.db #0x33	; 51	'3'
   023D 31                  618 	.db #0x31	; 49	'1'
   023E 32                  619 	.db #0x32	; 50	'2'
   023F 33                  620 	.db #0x33	; 51	'3'
   0240 31                  621 	.db #0x31	; 49	'1'
   0241 32                  622 	.db #0x32	; 50	'2'
   0242 33                  623 	.db #0x33	; 51	'3'
   0243 31                  624 	.db #0x31	; 49	'1'
   0244 32                  625 	.db #0x32	; 50	'2'
   0245 33                  626 	.db #0x33	; 51	'3'
   0246 31                  627 	.db #0x31	; 49	'1'
   0247 32                  628 	.db #0x32	; 50	'2'
   0248 33                  629 	.db #0x33	; 51	'3'
   0249 31                  630 	.db #0x31	; 49	'1'
   024A 32                  631 	.db #0x32	; 50	'2'
   024B 33                  632 	.db #0x33	; 51	'3'
   024C 31                  633 	.db #0x31	; 49	'1'
   024D 32                  634 	.db #0x32	; 50	'2'
   024E 33                  635 	.db #0x33	; 51	'3'
   024F 31                  636 	.db #0x31	; 49	'1'
   0250 32                  637 	.db #0x32	; 50	'2'
   0251 33                  638 	.db #0x33	; 51	'3'
   0252 31                  639 	.db #0x31	; 49	'1'
   0253 32                  640 	.db #0x32	; 50	'2'
   0254 33                  641 	.db #0x33	; 51	'3'
   0255 31                  642 	.db #0x31	; 49	'1'
   0256 47                  643 	.db #0x47	; 71	'G'
   0257 45                  644 	.db #0x45	; 69	'E'
   0258 46                  645 	.db #0x46	; 70	'F'
   0259 47                  646 	.db #0x47	; 71	'G'
   025A 45                  647 	.db #0x45	; 69	'E'
   025B 46                  648 	.db #0x46	; 70	'F'
   025C 47                  649 	.db #0x47	; 71	'G'
   025D 45                  650 	.db #0x45	; 69	'E'
   025E 46                  651 	.db #0x46	; 70	'F'
   025F 47                  652 	.db #0x47	; 71	'G'
   0260 45                  653 	.db #0x45	; 69	'E'
   0261 46                  654 	.db #0x46	; 70	'F'
   0262 47                  655 	.db #0x47	; 71	'G'
   0263 45                  656 	.db #0x45	; 69	'E'
   0264 46                  657 	.db #0x46	; 70	'F'
   0265 47                  658 	.db #0x47	; 71	'G'
   0266 45                  659 	.db #0x45	; 69	'E'
   0267 46                  660 	.db #0x46	; 70	'F'
   0268 47                  661 	.db #0x47	; 71	'G'
   0269 45                  662 	.db #0x45	; 69	'E'
   026A 46                  663 	.db #0x46	; 70	'F'
   026B 47                  664 	.db #0x47	; 71	'G'
   026C 45                  665 	.db #0x45	; 69	'E'
   026D 46                  666 	.db #0x46	; 70	'F'
   026E 47                  667 	.db #0x47	; 71	'G'
   026F 45                  668 	.db #0x45	; 69	'E'
   0270 33                  669 	.db #0x33	; 51	'3'
   0271 31                  670 	.db #0x31	; 49	'1'
   0272 32                  671 	.db #0x32	; 50	'2'
   0273 33                  672 	.db #0x33	; 51	'3'
   0274 31                  673 	.db #0x31	; 49	'1'
   0275 32                  674 	.db #0x32	; 50	'2'
   0276 33                  675 	.db #0x33	; 51	'3'
   0277 31                  676 	.db #0x31	; 49	'1'
   0278 32                  677 	.db #0x32	; 50	'2'
   0279 33                  678 	.db #0x33	; 51	'3'
   027A 31                  679 	.db #0x31	; 49	'1'
   027B 32                  680 	.db #0x32	; 50	'2'
   027C 33                  681 	.db #0x33	; 51	'3'
   027D 31                  682 	.db #0x31	; 49	'1'
   027E 32                  683 	.db #0x32	; 50	'2'
   027F 33                  684 	.db #0x33	; 51	'3'
   0280 31                  685 	.db #0x31	; 49	'1'
   0281 32                  686 	.db #0x32	; 50	'2'
   0282 33                  687 	.db #0x33	; 51	'3'
   0283 31                  688 	.db #0x31	; 49	'1'
   0284 32                  689 	.db #0x32	; 50	'2'
   0285 33                  690 	.db #0x33	; 51	'3'
   0286 31                  691 	.db #0x31	; 49	'1'
   0287 32                  692 	.db #0x32	; 50	'2'
   0288 33                  693 	.db #0x33	; 51	'3'
   0289 31                  694 	.db #0x31	; 49	'1'
   028A 47                  695 	.db #0x47	; 71	'G'
   028B 45                  696 	.db #0x45	; 69	'E'
   028C 46                  697 	.db #0x46	; 70	'F'
   028D 47                  698 	.db #0x47	; 71	'G'
   028E 45                  699 	.db #0x45	; 69	'E'
   028F 46                  700 	.db #0x46	; 70	'F'
   0290 47                  701 	.db #0x47	; 71	'G'
   0291 45                  702 	.db #0x45	; 69	'E'
   0292 46                  703 	.db #0x46	; 70	'F'
   0293 47                  704 	.db #0x47	; 71	'G'
   0294 45                  705 	.db #0x45	; 69	'E'
   0295 46                  706 	.db #0x46	; 70	'F'
   0296 47                  707 	.db #0x47	; 71	'G'
   0297 45                  708 	.db #0x45	; 69	'E'
   0298 46                  709 	.db #0x46	; 70	'F'
   0299 47                  710 	.db #0x47	; 71	'G'
   029A 45                  711 	.db #0x45	; 69	'E'
   029B 46                  712 	.db #0x46	; 70	'F'
   029C 47                  713 	.db #0x47	; 71	'G'
   029D 45                  714 	.db #0x45	; 69	'E'
   029E 46                  715 	.db #0x46	; 70	'F'
   029F 47                  716 	.db #0x47	; 71	'G'
   02A0 45                  717 	.db #0x45	; 69	'E'
   02A1 46                  718 	.db #0x46	; 70	'F'
   02A2 47                  719 	.db #0x47	; 71	'G'
   02A3 45                  720 	.db #0x45	; 69	'E'
   02A4 33                  721 	.db #0x33	; 51	'3'
   02A5 31                  722 	.db #0x31	; 49	'1'
   02A6 32                  723 	.db #0x32	; 50	'2'
   02A7 33                  724 	.db #0x33	; 51	'3'
   02A8 31                  725 	.db #0x31	; 49	'1'
   02A9 32                  726 	.db #0x32	; 50	'2'
   02AA 33                  727 	.db #0x33	; 51	'3'
   02AB 31                  728 	.db #0x31	; 49	'1'
   02AC 32                  729 	.db #0x32	; 50	'2'
   02AD 33                  730 	.db #0x33	; 51	'3'
   02AE 31                  731 	.db #0x31	; 49	'1'
   02AF 32                  732 	.db #0x32	; 50	'2'
   02B0 33                  733 	.db #0x33	; 51	'3'
   02B1 31                  734 	.db #0x31	; 49	'1'
   02B2 32                  735 	.db #0x32	; 50	'2'
   02B3 33                  736 	.db #0x33	; 51	'3'
   02B4 31                  737 	.db #0x31	; 49	'1'
   02B5 32                  738 	.db #0x32	; 50	'2'
   02B6 33                  739 	.db #0x33	; 51	'3'
   02B7 31                  740 	.db #0x31	; 49	'1'
   02B8 32                  741 	.db #0x32	; 50	'2'
   02B9 33                  742 	.db #0x33	; 51	'3'
   02BA 31                  743 	.db #0x31	; 49	'1'
   02BB 32                  744 	.db #0x32	; 50	'2'
   02BC 33                  745 	.db #0x33	; 51	'3'
   02BD 31                  746 	.db #0x31	; 49	'1'
   02BE 47                  747 	.db #0x47	; 71	'G'
   02BF 45                  748 	.db #0x45	; 69	'E'
   02C0 46                  749 	.db #0x46	; 70	'F'
   02C1 47                  750 	.db #0x47	; 71	'G'
   02C2 45                  751 	.db #0x45	; 69	'E'
   02C3 46                  752 	.db #0x46	; 70	'F'
   02C4 47                  753 	.db #0x47	; 71	'G'
   02C5 45                  754 	.db #0x45	; 69	'E'
   02C6 46                  755 	.db #0x46	; 70	'F'
   02C7 47                  756 	.db #0x47	; 71	'G'
   02C8 45                  757 	.db #0x45	; 69	'E'
   02C9 46                  758 	.db #0x46	; 70	'F'
   02CA 47                  759 	.db #0x47	; 71	'G'
   02CB 45                  760 	.db #0x45	; 69	'E'
   02CC 46                  761 	.db #0x46	; 70	'F'
   02CD 47                  762 	.db #0x47	; 71	'G'
   02CE 45                  763 	.db #0x45	; 69	'E'
   02CF 46                  764 	.db #0x46	; 70	'F'
   02D0 47                  765 	.db #0x47	; 71	'G'
   02D1 45                  766 	.db #0x45	; 69	'E'
   02D2 46                  767 	.db #0x46	; 70	'F'
   02D3 47                  768 	.db #0x47	; 71	'G'
   02D4 45                  769 	.db #0x45	; 69	'E'
   02D5 46                  770 	.db #0x46	; 70	'F'
   02D6 47                  771 	.db #0x47	; 71	'G'
   02D7 45                  772 	.db #0x45	; 69	'E'
                            773 	.area _INITIALIZER
                            774 	.area _CABS (ABS)
