                              1 ;--------------------------------------------------------
                              2 ; File Created by SDCC : free open source ANSI-C Compiler
                              3 ; Version 3.6.8 #9946 (Linux)
                              4 ;--------------------------------------------------------
                              5 	.module level_02_blocks
                              6 	.optsdcc -mz80
                              7 	
                              8 ;--------------------------------------------------------
                              9 ; Public variables in this module
                             10 ;--------------------------------------------------------
                             11 	.globl _g_tilemap_l02_blocks
                             12 ;--------------------------------------------------------
                             13 ; special function registers
                             14 ;--------------------------------------------------------
                             15 ;--------------------------------------------------------
                             16 ; ram data
                             17 ;--------------------------------------------------------
                             18 	.area _DATA
                             19 ;--------------------------------------------------------
                             20 ; ram data
                             21 ;--------------------------------------------------------
                             22 	.area _INITIALIZED
                             23 ;--------------------------------------------------------
                             24 ; absolute external ram data
                             25 ;--------------------------------------------------------
                             26 	.area _DABS (ABS)
                             27 ;--------------------------------------------------------
                             28 ; global & static initialisations
                             29 ;--------------------------------------------------------
                             30 	.area _HOME
                             31 	.area _GSINIT
                             32 	.area _GSFINAL
                             33 	.area _GSINIT
                             34 ;--------------------------------------------------------
                             35 ; Home
                             36 ;--------------------------------------------------------
                             37 	.area _HOME
                             38 	.area _HOME
                             39 ;--------------------------------------------------------
                             40 ; code
                             41 ;--------------------------------------------------------
                             42 	.area _CODE
                             43 	.area _CODE
   0000                      44 _g_tilemap_l02_blocks:
   0000 00                   45 	.db #0x00	; 0
   0001 01                   46 	.db #0x01	; 1
   0002 63                   47 	.db #0x63	; 99	'c'
   0003 63                   48 	.db #0x63	; 99	'c'
   0004 63                   49 	.db #0x63	; 99	'c'
   0005 63                   50 	.db #0x63	; 99	'c'
   0006 63                   51 	.db #0x63	; 99	'c'
   0007 63                   52 	.db #0x63	; 99	'c'
   0008 63                   53 	.db #0x63	; 99	'c'
   0009 63                   54 	.db #0x63	; 99	'c'
   000A 63                   55 	.db #0x63	; 99	'c'
   000B 63                   56 	.db #0x63	; 99	'c'
   000C 63                   57 	.db #0x63	; 99	'c'
   000D 63                   58 	.db #0x63	; 99	'c'
   000E 63                   59 	.db #0x63	; 99	'c'
   000F 63                   60 	.db #0x63	; 99	'c'
   0010 63                   61 	.db #0x63	; 99	'c'
   0011 63                   62 	.db #0x63	; 99	'c'
   0012 63                   63 	.db #0x63	; 99	'c'
   0013 63                   64 	.db #0x63	; 99	'c'
   0014 63                   65 	.db #0x63	; 99	'c'
   0015 63                   66 	.db #0x63	; 99	'c'
   0016 63                   67 	.db #0x63	; 99	'c'
   0017 63                   68 	.db #0x63	; 99	'c'
   0018 63                   69 	.db #0x63	; 99	'c'
   0019 63                   70 	.db #0x63	; 99	'c'
   001A 14                   71 	.db #0x14	; 20
   001B 15                   72 	.db #0x15	; 21
   001C 63                   73 	.db #0x63	; 99	'c'
   001D 63                   74 	.db #0x63	; 99	'c'
   001E 63                   75 	.db #0x63	; 99	'c'
   001F 63                   76 	.db #0x63	; 99	'c'
   0020 63                   77 	.db #0x63	; 99	'c'
   0021 63                   78 	.db #0x63	; 99	'c'
   0022 63                   79 	.db #0x63	; 99	'c'
   0023 63                   80 	.db #0x63	; 99	'c'
   0024 63                   81 	.db #0x63	; 99	'c'
   0025 63                   82 	.db #0x63	; 99	'c'
   0026 63                   83 	.db #0x63	; 99	'c'
   0027 63                   84 	.db #0x63	; 99	'c'
   0028 63                   85 	.db #0x63	; 99	'c'
   0029 63                   86 	.db #0x63	; 99	'c'
   002A 63                   87 	.db #0x63	; 99	'c'
   002B 63                   88 	.db #0x63	; 99	'c'
   002C 63                   89 	.db #0x63	; 99	'c'
   002D 63                   90 	.db #0x63	; 99	'c'
   002E 63                   91 	.db #0x63	; 99	'c'
   002F 63                   92 	.db #0x63	; 99	'c'
   0030 63                   93 	.db #0x63	; 99	'c'
   0031 63                   94 	.db #0x63	; 99	'c'
   0032 63                   95 	.db #0x63	; 99	'c'
   0033 63                   96 	.db #0x63	; 99	'c'
   0034 00                   97 	.db #0x00	; 0
   0035 01                   98 	.db #0x01	; 1
   0036 02                   99 	.db #0x02	; 2
   0037 03                  100 	.db #0x03	; 3
   0038 63                  101 	.db #0x63	; 99	'c'
   0039 63                  102 	.db #0x63	; 99	'c'
   003A 63                  103 	.db #0x63	; 99	'c'
   003B 63                  104 	.db #0x63	; 99	'c'
   003C 63                  105 	.db #0x63	; 99	'c'
   003D 63                  106 	.db #0x63	; 99	'c'
   003E 63                  107 	.db #0x63	; 99	'c'
   003F 63                  108 	.db #0x63	; 99	'c'
   0040 63                  109 	.db #0x63	; 99	'c'
   0041 63                  110 	.db #0x63	; 99	'c'
   0042 63                  111 	.db #0x63	; 99	'c'
   0043 63                  112 	.db #0x63	; 99	'c'
   0044 63                  113 	.db #0x63	; 99	'c'
   0045 63                  114 	.db #0x63	; 99	'c'
   0046 63                  115 	.db #0x63	; 99	'c'
   0047 63                  116 	.db #0x63	; 99	'c'
   0048 63                  117 	.db #0x63	; 99	'c'
   0049 63                  118 	.db #0x63	; 99	'c'
   004A 63                  119 	.db #0x63	; 99	'c'
   004B 63                  120 	.db #0x63	; 99	'c'
   004C 63                  121 	.db #0x63	; 99	'c'
   004D 63                  122 	.db #0x63	; 99	'c'
   004E 14                  123 	.db #0x14	; 20
   004F 15                  124 	.db #0x15	; 21
   0050 16                  125 	.db #0x16	; 22
   0051 17                  126 	.db #0x17	; 23
   0052 63                  127 	.db #0x63	; 99	'c'
   0053 63                  128 	.db #0x63	; 99	'c'
   0054 63                  129 	.db #0x63	; 99	'c'
   0055 63                  130 	.db #0x63	; 99	'c'
   0056 63                  131 	.db #0x63	; 99	'c'
   0057 63                  132 	.db #0x63	; 99	'c'
   0058 63                  133 	.db #0x63	; 99	'c'
   0059 63                  134 	.db #0x63	; 99	'c'
   005A 63                  135 	.db #0x63	; 99	'c'
   005B 63                  136 	.db #0x63	; 99	'c'
   005C 63                  137 	.db #0x63	; 99	'c'
   005D 63                  138 	.db #0x63	; 99	'c'
   005E 63                  139 	.db #0x63	; 99	'c'
   005F 63                  140 	.db #0x63	; 99	'c'
   0060 63                  141 	.db #0x63	; 99	'c'
   0061 63                  142 	.db #0x63	; 99	'c'
   0062 63                  143 	.db #0x63	; 99	'c'
   0063 63                  144 	.db #0x63	; 99	'c'
   0064 63                  145 	.db #0x63	; 99	'c'
   0065 63                  146 	.db #0x63	; 99	'c'
   0066 63                  147 	.db #0x63	; 99	'c'
   0067 63                  148 	.db #0x63	; 99	'c'
   0068 00                  149 	.db #0x00	; 0
   0069 01                  150 	.db #0x01	; 1
   006A 02                  151 	.db #0x02	; 2
   006B 03                  152 	.db #0x03	; 3
   006C 04                  153 	.db #0x04	; 4
   006D 05                  154 	.db #0x05	; 5
   006E 63                  155 	.db #0x63	; 99	'c'
   006F 63                  156 	.db #0x63	; 99	'c'
   0070 63                  157 	.db #0x63	; 99	'c'
   0071 63                  158 	.db #0x63	; 99	'c'
   0072 63                  159 	.db #0x63	; 99	'c'
   0073 63                  160 	.db #0x63	; 99	'c'
   0074 63                  161 	.db #0x63	; 99	'c'
   0075 63                  162 	.db #0x63	; 99	'c'
   0076 63                  163 	.db #0x63	; 99	'c'
   0077 63                  164 	.db #0x63	; 99	'c'
   0078 63                  165 	.db #0x63	; 99	'c'
   0079 63                  166 	.db #0x63	; 99	'c'
   007A 63                  167 	.db #0x63	; 99	'c'
   007B 63                  168 	.db #0x63	; 99	'c'
   007C 63                  169 	.db #0x63	; 99	'c'
   007D 63                  170 	.db #0x63	; 99	'c'
   007E 63                  171 	.db #0x63	; 99	'c'
   007F 63                  172 	.db #0x63	; 99	'c'
   0080 63                  173 	.db #0x63	; 99	'c'
   0081 63                  174 	.db #0x63	; 99	'c'
   0082 14                  175 	.db #0x14	; 20
   0083 15                  176 	.db #0x15	; 21
   0084 16                  177 	.db #0x16	; 22
   0085 17                  178 	.db #0x17	; 23
   0086 18                  179 	.db #0x18	; 24
   0087 19                  180 	.db #0x19	; 25
   0088 63                  181 	.db #0x63	; 99	'c'
   0089 63                  182 	.db #0x63	; 99	'c'
   008A 63                  183 	.db #0x63	; 99	'c'
   008B 63                  184 	.db #0x63	; 99	'c'
   008C 63                  185 	.db #0x63	; 99	'c'
   008D 63                  186 	.db #0x63	; 99	'c'
   008E 63                  187 	.db #0x63	; 99	'c'
   008F 63                  188 	.db #0x63	; 99	'c'
   0090 63                  189 	.db #0x63	; 99	'c'
   0091 63                  190 	.db #0x63	; 99	'c'
   0092 63                  191 	.db #0x63	; 99	'c'
   0093 63                  192 	.db #0x63	; 99	'c'
   0094 63                  193 	.db #0x63	; 99	'c'
   0095 63                  194 	.db #0x63	; 99	'c'
   0096 63                  195 	.db #0x63	; 99	'c'
   0097 63                  196 	.db #0x63	; 99	'c'
   0098 63                  197 	.db #0x63	; 99	'c'
   0099 63                  198 	.db #0x63	; 99	'c'
   009A 63                  199 	.db #0x63	; 99	'c'
   009B 63                  200 	.db #0x63	; 99	'c'
   009C 00                  201 	.db #0x00	; 0
   009D 01                  202 	.db #0x01	; 1
   009E 02                  203 	.db #0x02	; 2
   009F 03                  204 	.db #0x03	; 3
   00A0 04                  205 	.db #0x04	; 4
   00A1 05                  206 	.db #0x05	; 5
   00A2 06                  207 	.db #0x06	; 6
   00A3 07                  208 	.db #0x07	; 7
   00A4 63                  209 	.db #0x63	; 99	'c'
   00A5 63                  210 	.db #0x63	; 99	'c'
   00A6 63                  211 	.db #0x63	; 99	'c'
   00A7 63                  212 	.db #0x63	; 99	'c'
   00A8 63                  213 	.db #0x63	; 99	'c'
   00A9 63                  214 	.db #0x63	; 99	'c'
   00AA 63                  215 	.db #0x63	; 99	'c'
   00AB 63                  216 	.db #0x63	; 99	'c'
   00AC 63                  217 	.db #0x63	; 99	'c'
   00AD 63                  218 	.db #0x63	; 99	'c'
   00AE 63                  219 	.db #0x63	; 99	'c'
   00AF 63                  220 	.db #0x63	; 99	'c'
   00B0 63                  221 	.db #0x63	; 99	'c'
   00B1 63                  222 	.db #0x63	; 99	'c'
   00B2 63                  223 	.db #0x63	; 99	'c'
   00B3 63                  224 	.db #0x63	; 99	'c'
   00B4 63                  225 	.db #0x63	; 99	'c'
   00B5 63                  226 	.db #0x63	; 99	'c'
   00B6 14                  227 	.db #0x14	; 20
   00B7 15                  228 	.db #0x15	; 21
   00B8 16                  229 	.db #0x16	; 22
   00B9 17                  230 	.db #0x17	; 23
   00BA 18                  231 	.db #0x18	; 24
   00BB 19                  232 	.db #0x19	; 25
   00BC 1A                  233 	.db #0x1a	; 26
   00BD 1B                  234 	.db #0x1b	; 27
   00BE 63                  235 	.db #0x63	; 99	'c'
   00BF 63                  236 	.db #0x63	; 99	'c'
   00C0 63                  237 	.db #0x63	; 99	'c'
   00C1 63                  238 	.db #0x63	; 99	'c'
   00C2 63                  239 	.db #0x63	; 99	'c'
   00C3 63                  240 	.db #0x63	; 99	'c'
   00C4 63                  241 	.db #0x63	; 99	'c'
   00C5 63                  242 	.db #0x63	; 99	'c'
   00C6 63                  243 	.db #0x63	; 99	'c'
   00C7 63                  244 	.db #0x63	; 99	'c'
   00C8 63                  245 	.db #0x63	; 99	'c'
   00C9 63                  246 	.db #0x63	; 99	'c'
   00CA 63                  247 	.db #0x63	; 99	'c'
   00CB 63                  248 	.db #0x63	; 99	'c'
   00CC 63                  249 	.db #0x63	; 99	'c'
   00CD 63                  250 	.db #0x63	; 99	'c'
   00CE 63                  251 	.db #0x63	; 99	'c'
   00CF 63                  252 	.db #0x63	; 99	'c'
   00D0 00                  253 	.db #0x00	; 0
   00D1 01                  254 	.db #0x01	; 1
   00D2 02                  255 	.db #0x02	; 2
   00D3 03                  256 	.db #0x03	; 3
   00D4 04                  257 	.db #0x04	; 4
   00D5 05                  258 	.db #0x05	; 5
   00D6 06                  259 	.db #0x06	; 6
   00D7 07                  260 	.db #0x07	; 7
   00D8 08                  261 	.db #0x08	; 8
   00D9 09                  262 	.db #0x09	; 9
   00DA 63                  263 	.db #0x63	; 99	'c'
   00DB 63                  264 	.db #0x63	; 99	'c'
   00DC 63                  265 	.db #0x63	; 99	'c'
   00DD 63                  266 	.db #0x63	; 99	'c'
   00DE 63                  267 	.db #0x63	; 99	'c'
   00DF 63                  268 	.db #0x63	; 99	'c'
   00E0 63                  269 	.db #0x63	; 99	'c'
   00E1 63                  270 	.db #0x63	; 99	'c'
   00E2 63                  271 	.db #0x63	; 99	'c'
   00E3 63                  272 	.db #0x63	; 99	'c'
   00E4 63                  273 	.db #0x63	; 99	'c'
   00E5 63                  274 	.db #0x63	; 99	'c'
   00E6 63                  275 	.db #0x63	; 99	'c'
   00E7 63                  276 	.db #0x63	; 99	'c'
   00E8 63                  277 	.db #0x63	; 99	'c'
   00E9 63                  278 	.db #0x63	; 99	'c'
   00EA 14                  279 	.db #0x14	; 20
   00EB 15                  280 	.db #0x15	; 21
   00EC 16                  281 	.db #0x16	; 22
   00ED 17                  282 	.db #0x17	; 23
   00EE 18                  283 	.db #0x18	; 24
   00EF 19                  284 	.db #0x19	; 25
   00F0 1A                  285 	.db #0x1a	; 26
   00F1 1B                  286 	.db #0x1b	; 27
   00F2 1C                  287 	.db #0x1c	; 28
   00F3 1D                  288 	.db #0x1d	; 29
   00F4 63                  289 	.db #0x63	; 99	'c'
   00F5 63                  290 	.db #0x63	; 99	'c'
   00F6 63                  291 	.db #0x63	; 99	'c'
   00F7 63                  292 	.db #0x63	; 99	'c'
   00F8 63                  293 	.db #0x63	; 99	'c'
   00F9 63                  294 	.db #0x63	; 99	'c'
   00FA 63                  295 	.db #0x63	; 99	'c'
   00FB 63                  296 	.db #0x63	; 99	'c'
   00FC 63                  297 	.db #0x63	; 99	'c'
   00FD 63                  298 	.db #0x63	; 99	'c'
   00FE 63                  299 	.db #0x63	; 99	'c'
   00FF 63                  300 	.db #0x63	; 99	'c'
   0100 63                  301 	.db #0x63	; 99	'c'
   0101 63                  302 	.db #0x63	; 99	'c'
   0102 63                  303 	.db #0x63	; 99	'c'
   0103 63                  304 	.db #0x63	; 99	'c'
   0104 00                  305 	.db #0x00	; 0
   0105 01                  306 	.db #0x01	; 1
   0106 02                  307 	.db #0x02	; 2
   0107 03                  308 	.db #0x03	; 3
   0108 04                  309 	.db #0x04	; 4
   0109 05                  310 	.db #0x05	; 5
   010A 06                  311 	.db #0x06	; 6
   010B 07                  312 	.db #0x07	; 7
   010C 08                  313 	.db #0x08	; 8
   010D 09                  314 	.db #0x09	; 9
   010E 0A                  315 	.db #0x0a	; 10
   010F 0B                  316 	.db #0x0b	; 11
   0110 63                  317 	.db #0x63	; 99	'c'
   0111 63                  318 	.db #0x63	; 99	'c'
   0112 63                  319 	.db #0x63	; 99	'c'
   0113 63                  320 	.db #0x63	; 99	'c'
   0114 63                  321 	.db #0x63	; 99	'c'
   0115 63                  322 	.db #0x63	; 99	'c'
   0116 63                  323 	.db #0x63	; 99	'c'
   0117 63                  324 	.db #0x63	; 99	'c'
   0118 63                  325 	.db #0x63	; 99	'c'
   0119 63                  326 	.db #0x63	; 99	'c'
   011A 63                  327 	.db #0x63	; 99	'c'
   011B 63                  328 	.db #0x63	; 99	'c'
   011C 63                  329 	.db #0x63	; 99	'c'
   011D 63                  330 	.db #0x63	; 99	'c'
   011E 14                  331 	.db #0x14	; 20
   011F 15                  332 	.db #0x15	; 21
   0120 16                  333 	.db #0x16	; 22
   0121 17                  334 	.db #0x17	; 23
   0122 18                  335 	.db #0x18	; 24
   0123 19                  336 	.db #0x19	; 25
   0124 1A                  337 	.db #0x1a	; 26
   0125 1B                  338 	.db #0x1b	; 27
   0126 1C                  339 	.db #0x1c	; 28
   0127 1D                  340 	.db #0x1d	; 29
   0128 1E                  341 	.db #0x1e	; 30
   0129 1F                  342 	.db #0x1f	; 31
   012A 63                  343 	.db #0x63	; 99	'c'
   012B 63                  344 	.db #0x63	; 99	'c'
   012C 63                  345 	.db #0x63	; 99	'c'
   012D 63                  346 	.db #0x63	; 99	'c'
   012E 63                  347 	.db #0x63	; 99	'c'
   012F 63                  348 	.db #0x63	; 99	'c'
   0130 63                  349 	.db #0x63	; 99	'c'
   0131 63                  350 	.db #0x63	; 99	'c'
   0132 63                  351 	.db #0x63	; 99	'c'
   0133 63                  352 	.db #0x63	; 99	'c'
   0134 63                  353 	.db #0x63	; 99	'c'
   0135 63                  354 	.db #0x63	; 99	'c'
   0136 63                  355 	.db #0x63	; 99	'c'
   0137 63                  356 	.db #0x63	; 99	'c'
   0138 00                  357 	.db #0x00	; 0
   0139 01                  358 	.db #0x01	; 1
   013A 02                  359 	.db #0x02	; 2
   013B 03                  360 	.db #0x03	; 3
   013C 04                  361 	.db #0x04	; 4
   013D 05                  362 	.db #0x05	; 5
   013E 06                  363 	.db #0x06	; 6
   013F 07                  364 	.db #0x07	; 7
   0140 08                  365 	.db #0x08	; 8
   0141 09                  366 	.db #0x09	; 9
   0142 0A                  367 	.db #0x0a	; 10
   0143 0B                  368 	.db #0x0b	; 11
   0144 0C                  369 	.db #0x0c	; 12
   0145 0D                  370 	.db #0x0d	; 13
   0146 63                  371 	.db #0x63	; 99	'c'
   0147 63                  372 	.db #0x63	; 99	'c'
   0148 63                  373 	.db #0x63	; 99	'c'
   0149 63                  374 	.db #0x63	; 99	'c'
   014A 63                  375 	.db #0x63	; 99	'c'
   014B 63                  376 	.db #0x63	; 99	'c'
   014C 63                  377 	.db #0x63	; 99	'c'
   014D 63                  378 	.db #0x63	; 99	'c'
   014E 63                  379 	.db #0x63	; 99	'c'
   014F 63                  380 	.db #0x63	; 99	'c'
   0150 63                  381 	.db #0x63	; 99	'c'
   0151 63                  382 	.db #0x63	; 99	'c'
   0152 14                  383 	.db #0x14	; 20
   0153 15                  384 	.db #0x15	; 21
   0154 16                  385 	.db #0x16	; 22
   0155 17                  386 	.db #0x17	; 23
   0156 18                  387 	.db #0x18	; 24
   0157 19                  388 	.db #0x19	; 25
   0158 1A                  389 	.db #0x1a	; 26
   0159 1B                  390 	.db #0x1b	; 27
   015A 1C                  391 	.db #0x1c	; 28
   015B 1D                  392 	.db #0x1d	; 29
   015C 1E                  393 	.db #0x1e	; 30
   015D 1F                  394 	.db #0x1f	; 31
   015E 20                  395 	.db #0x20	; 32
   015F 21                  396 	.db #0x21	; 33
   0160 63                  397 	.db #0x63	; 99	'c'
   0161 63                  398 	.db #0x63	; 99	'c'
   0162 63                  399 	.db #0x63	; 99	'c'
   0163 63                  400 	.db #0x63	; 99	'c'
   0164 63                  401 	.db #0x63	; 99	'c'
   0165 63                  402 	.db #0x63	; 99	'c'
   0166 63                  403 	.db #0x63	; 99	'c'
   0167 63                  404 	.db #0x63	; 99	'c'
   0168 63                  405 	.db #0x63	; 99	'c'
   0169 63                  406 	.db #0x63	; 99	'c'
   016A 63                  407 	.db #0x63	; 99	'c'
   016B 63                  408 	.db #0x63	; 99	'c'
   016C 00                  409 	.db #0x00	; 0
   016D 01                  410 	.db #0x01	; 1
   016E 02                  411 	.db #0x02	; 2
   016F 03                  412 	.db #0x03	; 3
   0170 04                  413 	.db #0x04	; 4
   0171 05                  414 	.db #0x05	; 5
   0172 06                  415 	.db #0x06	; 6
   0173 07                  416 	.db #0x07	; 7
   0174 08                  417 	.db #0x08	; 8
   0175 09                  418 	.db #0x09	; 9
   0176 0A                  419 	.db #0x0a	; 10
   0177 0B                  420 	.db #0x0b	; 11
   0178 0C                  421 	.db #0x0c	; 12
   0179 0D                  422 	.db #0x0d	; 13
   017A 0E                  423 	.db #0x0e	; 14
   017B 0F                  424 	.db #0x0f	; 15
   017C 63                  425 	.db #0x63	; 99	'c'
   017D 63                  426 	.db #0x63	; 99	'c'
   017E 63                  427 	.db #0x63	; 99	'c'
   017F 63                  428 	.db #0x63	; 99	'c'
   0180 63                  429 	.db #0x63	; 99	'c'
   0181 63                  430 	.db #0x63	; 99	'c'
   0182 63                  431 	.db #0x63	; 99	'c'
   0183 63                  432 	.db #0x63	; 99	'c'
   0184 63                  433 	.db #0x63	; 99	'c'
   0185 63                  434 	.db #0x63	; 99	'c'
   0186 14                  435 	.db #0x14	; 20
   0187 15                  436 	.db #0x15	; 21
   0188 16                  437 	.db #0x16	; 22
   0189 17                  438 	.db #0x17	; 23
   018A 18                  439 	.db #0x18	; 24
   018B 19                  440 	.db #0x19	; 25
   018C 1A                  441 	.db #0x1a	; 26
   018D 1B                  442 	.db #0x1b	; 27
   018E 1C                  443 	.db #0x1c	; 28
   018F 1D                  444 	.db #0x1d	; 29
   0190 1E                  445 	.db #0x1e	; 30
   0191 1F                  446 	.db #0x1f	; 31
   0192 20                  447 	.db #0x20	; 32
   0193 21                  448 	.db #0x21	; 33
   0194 22                  449 	.db #0x22	; 34
   0195 23                  450 	.db #0x23	; 35
   0196 63                  451 	.db #0x63	; 99	'c'
   0197 63                  452 	.db #0x63	; 99	'c'
   0198 63                  453 	.db #0x63	; 99	'c'
   0199 63                  454 	.db #0x63	; 99	'c'
   019A 63                  455 	.db #0x63	; 99	'c'
   019B 63                  456 	.db #0x63	; 99	'c'
   019C 63                  457 	.db #0x63	; 99	'c'
   019D 63                  458 	.db #0x63	; 99	'c'
   019E 63                  459 	.db #0x63	; 99	'c'
   019F 63                  460 	.db #0x63	; 99	'c'
   01A0 00                  461 	.db #0x00	; 0
   01A1 01                  462 	.db #0x01	; 1
   01A2 02                  463 	.db #0x02	; 2
   01A3 03                  464 	.db #0x03	; 3
   01A4 04                  465 	.db #0x04	; 4
   01A5 05                  466 	.db #0x05	; 5
   01A6 06                  467 	.db #0x06	; 6
   01A7 07                  468 	.db #0x07	; 7
   01A8 08                  469 	.db #0x08	; 8
   01A9 09                  470 	.db #0x09	; 9
   01AA 0A                  471 	.db #0x0a	; 10
   01AB 0B                  472 	.db #0x0b	; 11
   01AC 0C                  473 	.db #0x0c	; 12
   01AD 0D                  474 	.db #0x0d	; 13
   01AE 0E                  475 	.db #0x0e	; 14
   01AF 0F                  476 	.db #0x0f	; 15
   01B0 00                  477 	.db #0x00	; 0
   01B1 01                  478 	.db #0x01	; 1
   01B2 63                  479 	.db #0x63	; 99	'c'
   01B3 63                  480 	.db #0x63	; 99	'c'
   01B4 63                  481 	.db #0x63	; 99	'c'
   01B5 63                  482 	.db #0x63	; 99	'c'
   01B6 63                  483 	.db #0x63	; 99	'c'
   01B7 63                  484 	.db #0x63	; 99	'c'
   01B8 63                  485 	.db #0x63	; 99	'c'
   01B9 63                  486 	.db #0x63	; 99	'c'
   01BA 14                  487 	.db #0x14	; 20
   01BB 15                  488 	.db #0x15	; 21
   01BC 16                  489 	.db #0x16	; 22
   01BD 17                  490 	.db #0x17	; 23
   01BE 18                  491 	.db #0x18	; 24
   01BF 19                  492 	.db #0x19	; 25
   01C0 1A                  493 	.db #0x1a	; 26
   01C1 1B                  494 	.db #0x1b	; 27
   01C2 1C                  495 	.db #0x1c	; 28
   01C3 1D                  496 	.db #0x1d	; 29
   01C4 1E                  497 	.db #0x1e	; 30
   01C5 1F                  498 	.db #0x1f	; 31
   01C6 20                  499 	.db #0x20	; 32
   01C7 21                  500 	.db #0x21	; 33
   01C8 22                  501 	.db #0x22	; 34
   01C9 23                  502 	.db #0x23	; 35
   01CA 14                  503 	.db #0x14	; 20
   01CB 15                  504 	.db #0x15	; 21
   01CC 63                  505 	.db #0x63	; 99	'c'
   01CD 63                  506 	.db #0x63	; 99	'c'
   01CE 63                  507 	.db #0x63	; 99	'c'
   01CF 63                  508 	.db #0x63	; 99	'c'
   01D0 63                  509 	.db #0x63	; 99	'c'
   01D1 63                  510 	.db #0x63	; 99	'c'
   01D2 63                  511 	.db #0x63	; 99	'c'
   01D3 63                  512 	.db #0x63	; 99	'c'
   01D4 00                  513 	.db #0x00	; 0
   01D5 01                  514 	.db #0x01	; 1
   01D6 02                  515 	.db #0x02	; 2
   01D7 03                  516 	.db #0x03	; 3
   01D8 04                  517 	.db #0x04	; 4
   01D9 05                  518 	.db #0x05	; 5
   01DA 06                  519 	.db #0x06	; 6
   01DB 07                  520 	.db #0x07	; 7
   01DC 08                  521 	.db #0x08	; 8
   01DD 09                  522 	.db #0x09	; 9
   01DE 0A                  523 	.db #0x0a	; 10
   01DF 0B                  524 	.db #0x0b	; 11
   01E0 0C                  525 	.db #0x0c	; 12
   01E1 0D                  526 	.db #0x0d	; 13
   01E2 0E                  527 	.db #0x0e	; 14
   01E3 0F                  528 	.db #0x0f	; 15
   01E4 00                  529 	.db #0x00	; 0
   01E5 01                  530 	.db #0x01	; 1
   01E6 02                  531 	.db #0x02	; 2
   01E7 03                  532 	.db #0x03	; 3
   01E8 63                  533 	.db #0x63	; 99	'c'
   01E9 63                  534 	.db #0x63	; 99	'c'
   01EA 63                  535 	.db #0x63	; 99	'c'
   01EB 63                  536 	.db #0x63	; 99	'c'
   01EC 63                  537 	.db #0x63	; 99	'c'
   01ED 63                  538 	.db #0x63	; 99	'c'
   01EE 14                  539 	.db #0x14	; 20
   01EF 15                  540 	.db #0x15	; 21
   01F0 16                  541 	.db #0x16	; 22
   01F1 17                  542 	.db #0x17	; 23
   01F2 18                  543 	.db #0x18	; 24
   01F3 19                  544 	.db #0x19	; 25
   01F4 1A                  545 	.db #0x1a	; 26
   01F5 1B                  546 	.db #0x1b	; 27
   01F6 1C                  547 	.db #0x1c	; 28
   01F7 1D                  548 	.db #0x1d	; 29
   01F8 1E                  549 	.db #0x1e	; 30
   01F9 1F                  550 	.db #0x1f	; 31
   01FA 20                  551 	.db #0x20	; 32
   01FB 21                  552 	.db #0x21	; 33
   01FC 22                  553 	.db #0x22	; 34
   01FD 23                  554 	.db #0x23	; 35
   01FE 14                  555 	.db #0x14	; 20
   01FF 15                  556 	.db #0x15	; 21
   0200 16                  557 	.db #0x16	; 22
   0201 17                  558 	.db #0x17	; 23
   0202 63                  559 	.db #0x63	; 99	'c'
   0203 63                  560 	.db #0x63	; 99	'c'
   0204 63                  561 	.db #0x63	; 99	'c'
   0205 63                  562 	.db #0x63	; 99	'c'
   0206 63                  563 	.db #0x63	; 99	'c'
   0207 63                  564 	.db #0x63	; 99	'c'
   0208 00                  565 	.db #0x00	; 0
   0209 01                  566 	.db #0x01	; 1
   020A 02                  567 	.db #0x02	; 2
   020B 03                  568 	.db #0x03	; 3
   020C 04                  569 	.db #0x04	; 4
   020D 05                  570 	.db #0x05	; 5
   020E 06                  571 	.db #0x06	; 6
   020F 07                  572 	.db #0x07	; 7
   0210 08                  573 	.db #0x08	; 8
   0211 09                  574 	.db #0x09	; 9
   0212 0A                  575 	.db #0x0a	; 10
   0213 0B                  576 	.db #0x0b	; 11
   0214 0C                  577 	.db #0x0c	; 12
   0215 0D                  578 	.db #0x0d	; 13
   0216 0E                  579 	.db #0x0e	; 14
   0217 0F                  580 	.db #0x0f	; 15
   0218 00                  581 	.db #0x00	; 0
   0219 01                  582 	.db #0x01	; 1
   021A 02                  583 	.db #0x02	; 2
   021B 03                  584 	.db #0x03	; 3
   021C 04                  585 	.db #0x04	; 4
   021D 05                  586 	.db #0x05	; 5
   021E 63                  587 	.db #0x63	; 99	'c'
   021F 63                  588 	.db #0x63	; 99	'c'
   0220 63                  589 	.db #0x63	; 99	'c'
   0221 63                  590 	.db #0x63	; 99	'c'
   0222 14                  591 	.db #0x14	; 20
   0223 15                  592 	.db #0x15	; 21
   0224 16                  593 	.db #0x16	; 22
   0225 17                  594 	.db #0x17	; 23
   0226 18                  595 	.db #0x18	; 24
   0227 19                  596 	.db #0x19	; 25
   0228 1A                  597 	.db #0x1a	; 26
   0229 1B                  598 	.db #0x1b	; 27
   022A 1C                  599 	.db #0x1c	; 28
   022B 1D                  600 	.db #0x1d	; 29
   022C 1E                  601 	.db #0x1e	; 30
   022D 1F                  602 	.db #0x1f	; 31
   022E 20                  603 	.db #0x20	; 32
   022F 21                  604 	.db #0x21	; 33
   0230 22                  605 	.db #0x22	; 34
   0231 23                  606 	.db #0x23	; 35
   0232 14                  607 	.db #0x14	; 20
   0233 15                  608 	.db #0x15	; 21
   0234 16                  609 	.db #0x16	; 22
   0235 17                  610 	.db #0x17	; 23
   0236 18                  611 	.db #0x18	; 24
   0237 19                  612 	.db #0x19	; 25
   0238 63                  613 	.db #0x63	; 99	'c'
   0239 63                  614 	.db #0x63	; 99	'c'
   023A 63                  615 	.db #0x63	; 99	'c'
   023B 63                  616 	.db #0x63	; 99	'c'
   023C 00                  617 	.db #0x00	; 0
   023D 01                  618 	.db #0x01	; 1
   023E 02                  619 	.db #0x02	; 2
   023F 03                  620 	.db #0x03	; 3
   0240 04                  621 	.db #0x04	; 4
   0241 05                  622 	.db #0x05	; 5
   0242 06                  623 	.db #0x06	; 6
   0243 07                  624 	.db #0x07	; 7
   0244 08                  625 	.db #0x08	; 8
   0245 09                  626 	.db #0x09	; 9
   0246 0A                  627 	.db #0x0a	; 10
   0247 0B                  628 	.db #0x0b	; 11
   0248 0C                  629 	.db #0x0c	; 12
   0249 0D                  630 	.db #0x0d	; 13
   024A 0E                  631 	.db #0x0e	; 14
   024B 0F                  632 	.db #0x0f	; 15
   024C 00                  633 	.db #0x00	; 0
   024D 01                  634 	.db #0x01	; 1
   024E 02                  635 	.db #0x02	; 2
   024F 03                  636 	.db #0x03	; 3
   0250 04                  637 	.db #0x04	; 4
   0251 05                  638 	.db #0x05	; 5
   0252 06                  639 	.db #0x06	; 6
   0253 07                  640 	.db #0x07	; 7
   0254 63                  641 	.db #0x63	; 99	'c'
   0255 63                  642 	.db #0x63	; 99	'c'
   0256 14                  643 	.db #0x14	; 20
   0257 15                  644 	.db #0x15	; 21
   0258 16                  645 	.db #0x16	; 22
   0259 17                  646 	.db #0x17	; 23
   025A 18                  647 	.db #0x18	; 24
   025B 19                  648 	.db #0x19	; 25
   025C 1A                  649 	.db #0x1a	; 26
   025D 1B                  650 	.db #0x1b	; 27
   025E 1C                  651 	.db #0x1c	; 28
   025F 1D                  652 	.db #0x1d	; 29
   0260 1E                  653 	.db #0x1e	; 30
   0261 1F                  654 	.db #0x1f	; 31
   0262 20                  655 	.db #0x20	; 32
   0263 21                  656 	.db #0x21	; 33
   0264 22                  657 	.db #0x22	; 34
   0265 23                  658 	.db #0x23	; 35
   0266 14                  659 	.db #0x14	; 20
   0267 15                  660 	.db #0x15	; 21
   0268 16                  661 	.db #0x16	; 22
   0269 17                  662 	.db #0x17	; 23
   026A 18                  663 	.db #0x18	; 24
   026B 19                  664 	.db #0x19	; 25
   026C 1A                  665 	.db #0x1a	; 26
   026D 1B                  666 	.db #0x1b	; 27
   026E 63                  667 	.db #0x63	; 99	'c'
   026F 63                  668 	.db #0x63	; 99	'c'
   0270 10                  669 	.db #0x10	; 16
   0271 11                  670 	.db #0x11	; 17
   0272 10                  671 	.db #0x10	; 16
   0273 11                  672 	.db #0x11	; 17
   0274 10                  673 	.db #0x10	; 16
   0275 11                  674 	.db #0x11	; 17
   0276 10                  675 	.db #0x10	; 16
   0277 11                  676 	.db #0x11	; 17
   0278 10                  677 	.db #0x10	; 16
   0279 11                  678 	.db #0x11	; 17
   027A 10                  679 	.db #0x10	; 16
   027B 11                  680 	.db #0x11	; 17
   027C 10                  681 	.db #0x10	; 16
   027D 11                  682 	.db #0x11	; 17
   027E 10                  683 	.db #0x10	; 16
   027F 11                  684 	.db #0x11	; 17
   0280 10                  685 	.db #0x10	; 16
   0281 11                  686 	.db #0x11	; 17
   0282 10                  687 	.db #0x10	; 16
   0283 11                  688 	.db #0x11	; 17
   0284 10                  689 	.db #0x10	; 16
   0285 11                  690 	.db #0x11	; 17
   0286 10                  691 	.db #0x10	; 16
   0287 11                  692 	.db #0x11	; 17
   0288 10                  693 	.db #0x10	; 16
   0289 11                  694 	.db #0x11	; 17
   028A 24                  695 	.db #0x24	; 36
   028B 25                  696 	.db #0x25	; 37
   028C 24                  697 	.db #0x24	; 36
   028D 25                  698 	.db #0x25	; 37
   028E 24                  699 	.db #0x24	; 36
   028F 25                  700 	.db #0x25	; 37
   0290 24                  701 	.db #0x24	; 36
   0291 25                  702 	.db #0x25	; 37
   0292 24                  703 	.db #0x24	; 36
   0293 25                  704 	.db #0x25	; 37
   0294 24                  705 	.db #0x24	; 36
   0295 25                  706 	.db #0x25	; 37
   0296 24                  707 	.db #0x24	; 36
   0297 25                  708 	.db #0x25	; 37
   0298 24                  709 	.db #0x24	; 36
   0299 25                  710 	.db #0x25	; 37
   029A 24                  711 	.db #0x24	; 36
   029B 25                  712 	.db #0x25	; 37
   029C 24                  713 	.db #0x24	; 36
   029D 25                  714 	.db #0x25	; 37
   029E 24                  715 	.db #0x24	; 36
   029F 25                  716 	.db #0x25	; 37
   02A0 24                  717 	.db #0x24	; 36
   02A1 25                  718 	.db #0x25	; 37
   02A2 24                  719 	.db #0x24	; 36
   02A3 25                  720 	.db #0x25	; 37
   02A4 63                  721 	.db #0x63	; 99	'c'
   02A5 63                  722 	.db #0x63	; 99	'c'
   02A6 63                  723 	.db #0x63	; 99	'c'
   02A7 63                  724 	.db #0x63	; 99	'c'
   02A8 63                  725 	.db #0x63	; 99	'c'
   02A9 63                  726 	.db #0x63	; 99	'c'
   02AA 63                  727 	.db #0x63	; 99	'c'
   02AB 63                  728 	.db #0x63	; 99	'c'
   02AC 63                  729 	.db #0x63	; 99	'c'
   02AD 63                  730 	.db #0x63	; 99	'c'
   02AE 63                  731 	.db #0x63	; 99	'c'
   02AF 63                  732 	.db #0x63	; 99	'c'
   02B0 63                  733 	.db #0x63	; 99	'c'
   02B1 63                  734 	.db #0x63	; 99	'c'
   02B2 63                  735 	.db #0x63	; 99	'c'
   02B3 63                  736 	.db #0x63	; 99	'c'
   02B4 63                  737 	.db #0x63	; 99	'c'
   02B5 63                  738 	.db #0x63	; 99	'c'
   02B6 63                  739 	.db #0x63	; 99	'c'
   02B7 63                  740 	.db #0x63	; 99	'c'
   02B8 63                  741 	.db #0x63	; 99	'c'
   02B9 63                  742 	.db #0x63	; 99	'c'
   02BA 63                  743 	.db #0x63	; 99	'c'
   02BB 63                  744 	.db #0x63	; 99	'c'
   02BC 63                  745 	.db #0x63	; 99	'c'
   02BD 63                  746 	.db #0x63	; 99	'c'
   02BE 63                  747 	.db #0x63	; 99	'c'
   02BF 63                  748 	.db #0x63	; 99	'c'
   02C0 63                  749 	.db #0x63	; 99	'c'
   02C1 63                  750 	.db #0x63	; 99	'c'
   02C2 63                  751 	.db #0x63	; 99	'c'
   02C3 63                  752 	.db #0x63	; 99	'c'
   02C4 63                  753 	.db #0x63	; 99	'c'
   02C5 63                  754 	.db #0x63	; 99	'c'
   02C6 63                  755 	.db #0x63	; 99	'c'
   02C7 63                  756 	.db #0x63	; 99	'c'
   02C8 63                  757 	.db #0x63	; 99	'c'
   02C9 63                  758 	.db #0x63	; 99	'c'
   02CA 63                  759 	.db #0x63	; 99	'c'
   02CB 63                  760 	.db #0x63	; 99	'c'
   02CC 63                  761 	.db #0x63	; 99	'c'
   02CD 63                  762 	.db #0x63	; 99	'c'
   02CE 63                  763 	.db #0x63	; 99	'c'
   02CF 63                  764 	.db #0x63	; 99	'c'
   02D0 63                  765 	.db #0x63	; 99	'c'
   02D1 63                  766 	.db #0x63	; 99	'c'
   02D2 63                  767 	.db #0x63	; 99	'c'
   02D3 63                  768 	.db #0x63	; 99	'c'
   02D4 63                  769 	.db #0x63	; 99	'c'
   02D5 63                  770 	.db #0x63	; 99	'c'
   02D6 63                  771 	.db #0x63	; 99	'c'
   02D7 63                  772 	.db #0x63	; 99	'c'
                            773 	.area _INITIALIZER
                            774 	.area _CABS (ABS)
