                              1 ;--------------------------------------------------------
                              2 ; File Created by SDCC : free open source ANSI-C Compiler
                              3 ; Version 3.6.8 #9946 (Linux)
                              4 ;--------------------------------------------------------
                              5 	.module level_03_blocks
                              6 	.optsdcc -mz80
                              7 	
                              8 ;--------------------------------------------------------
                              9 ; Public variables in this module
                             10 ;--------------------------------------------------------
                             11 	.globl _g_tilemap_l03_blocks
                             12 ;--------------------------------------------------------
                             13 ; special function registers
                             14 ;--------------------------------------------------------
                             15 ;--------------------------------------------------------
                             16 ; ram data
                             17 ;--------------------------------------------------------
                             18 	.area _DATA
                             19 ;--------------------------------------------------------
                             20 ; ram data
                             21 ;--------------------------------------------------------
                             22 	.area _INITIALIZED
                             23 ;--------------------------------------------------------
                             24 ; absolute external ram data
                             25 ;--------------------------------------------------------
                             26 	.area _DABS (ABS)
                             27 ;--------------------------------------------------------
                             28 ; global & static initialisations
                             29 ;--------------------------------------------------------
                             30 	.area _HOME
                             31 	.area _GSINIT
                             32 	.area _GSFINAL
                             33 	.area _GSINIT
                             34 ;--------------------------------------------------------
                             35 ; Home
                             36 ;--------------------------------------------------------
                             37 	.area _HOME
                             38 	.area _HOME
                             39 ;--------------------------------------------------------
                             40 ; code
                             41 ;--------------------------------------------------------
                             42 	.area _CODE
                             43 	.area _CODE
   0000                      44 _g_tilemap_l03_blocks:
   0000 06                   45 	.db #0x06	; 6
   0001 07                   46 	.db #0x07	; 7
   0002 06                   47 	.db #0x06	; 6
   0003 07                   48 	.db #0x07	; 7
   0004 06                   49 	.db #0x06	; 6
   0005 07                   50 	.db #0x07	; 7
   0006 06                   51 	.db #0x06	; 6
   0007 07                   52 	.db #0x07	; 7
   0008 06                   53 	.db #0x06	; 6
   0009 07                   54 	.db #0x07	; 7
   000A 06                   55 	.db #0x06	; 6
   000B 07                   56 	.db #0x07	; 7
   000C 06                   57 	.db #0x06	; 6
   000D 07                   58 	.db #0x07	; 7
   000E 06                   59 	.db #0x06	; 6
   000F 07                   60 	.db #0x07	; 7
   0010 06                   61 	.db #0x06	; 6
   0011 07                   62 	.db #0x07	; 7
   0012 06                   63 	.db #0x06	; 6
   0013 07                   64 	.db #0x07	; 7
   0014 06                   65 	.db #0x06	; 6
   0015 07                   66 	.db #0x07	; 7
   0016 06                   67 	.db #0x06	; 6
   0017 07                   68 	.db #0x07	; 7
   0018 06                   69 	.db #0x06	; 6
   0019 07                   70 	.db #0x07	; 7
   001A 1A                   71 	.db #0x1a	; 26
   001B 1B                   72 	.db #0x1b	; 27
   001C 1A                   73 	.db #0x1a	; 26
   001D 1B                   74 	.db #0x1b	; 27
   001E 1A                   75 	.db #0x1a	; 26
   001F 1B                   76 	.db #0x1b	; 27
   0020 1A                   77 	.db #0x1a	; 26
   0021 1B                   78 	.db #0x1b	; 27
   0022 1A                   79 	.db #0x1a	; 26
   0023 1B                   80 	.db #0x1b	; 27
   0024 1A                   81 	.db #0x1a	; 26
   0025 1B                   82 	.db #0x1b	; 27
   0026 1A                   83 	.db #0x1a	; 26
   0027 1B                   84 	.db #0x1b	; 27
   0028 1A                   85 	.db #0x1a	; 26
   0029 1B                   86 	.db #0x1b	; 27
   002A 1A                   87 	.db #0x1a	; 26
   002B 1B                   88 	.db #0x1b	; 27
   002C 1A                   89 	.db #0x1a	; 26
   002D 1B                   90 	.db #0x1b	; 27
   002E 1A                   91 	.db #0x1a	; 26
   002F 1B                   92 	.db #0x1b	; 27
   0030 1A                   93 	.db #0x1a	; 26
   0031 1B                   94 	.db #0x1b	; 27
   0032 1A                   95 	.db #0x1a	; 26
   0033 1B                   96 	.db #0x1b	; 27
   0034 63                   97 	.db #0x63	; 99	'c'
   0035 63                   98 	.db #0x63	; 99	'c'
   0036 63                   99 	.db #0x63	; 99	'c'
   0037 63                  100 	.db #0x63	; 99	'c'
   0038 63                  101 	.db #0x63	; 99	'c'
   0039 63                  102 	.db #0x63	; 99	'c'
   003A 63                  103 	.db #0x63	; 99	'c'
   003B 63                  104 	.db #0x63	; 99	'c'
   003C 63                  105 	.db #0x63	; 99	'c'
   003D 63                  106 	.db #0x63	; 99	'c'
   003E 63                  107 	.db #0x63	; 99	'c'
   003F 63                  108 	.db #0x63	; 99	'c'
   0040 63                  109 	.db #0x63	; 99	'c'
   0041 63                  110 	.db #0x63	; 99	'c'
   0042 63                  111 	.db #0x63	; 99	'c'
   0043 63                  112 	.db #0x63	; 99	'c'
   0044 63                  113 	.db #0x63	; 99	'c'
   0045 63                  114 	.db #0x63	; 99	'c'
   0046 63                  115 	.db #0x63	; 99	'c'
   0047 63                  116 	.db #0x63	; 99	'c'
   0048 63                  117 	.db #0x63	; 99	'c'
   0049 63                  118 	.db #0x63	; 99	'c'
   004A 63                  119 	.db #0x63	; 99	'c'
   004B 63                  120 	.db #0x63	; 99	'c'
   004C 63                  121 	.db #0x63	; 99	'c'
   004D 63                  122 	.db #0x63	; 99	'c'
   004E 63                  123 	.db #0x63	; 99	'c'
   004F 63                  124 	.db #0x63	; 99	'c'
   0050 63                  125 	.db #0x63	; 99	'c'
   0051 63                  126 	.db #0x63	; 99	'c'
   0052 63                  127 	.db #0x63	; 99	'c'
   0053 63                  128 	.db #0x63	; 99	'c'
   0054 63                  129 	.db #0x63	; 99	'c'
   0055 63                  130 	.db #0x63	; 99	'c'
   0056 63                  131 	.db #0x63	; 99	'c'
   0057 63                  132 	.db #0x63	; 99	'c'
   0058 63                  133 	.db #0x63	; 99	'c'
   0059 63                  134 	.db #0x63	; 99	'c'
   005A 63                  135 	.db #0x63	; 99	'c'
   005B 63                  136 	.db #0x63	; 99	'c'
   005C 63                  137 	.db #0x63	; 99	'c'
   005D 63                  138 	.db #0x63	; 99	'c'
   005E 63                  139 	.db #0x63	; 99	'c'
   005F 63                  140 	.db #0x63	; 99	'c'
   0060 63                  141 	.db #0x63	; 99	'c'
   0061 63                  142 	.db #0x63	; 99	'c'
   0062 63                  143 	.db #0x63	; 99	'c'
   0063 63                  144 	.db #0x63	; 99	'c'
   0064 63                  145 	.db #0x63	; 99	'c'
   0065 63                  146 	.db #0x63	; 99	'c'
   0066 63                  147 	.db #0x63	; 99	'c'
   0067 63                  148 	.db #0x63	; 99	'c'
   0068 00                  149 	.db #0x00	; 0
   0069 01                  150 	.db #0x01	; 1
   006A 00                  151 	.db #0x00	; 0
   006B 01                  152 	.db #0x01	; 1
   006C 00                  153 	.db #0x00	; 0
   006D 01                  154 	.db #0x01	; 1
   006E 12                  155 	.db #0x12	; 18
   006F 13                  156 	.db #0x13	; 19
   0070 12                  157 	.db #0x12	; 18
   0071 13                  158 	.db #0x13	; 19
   0072 12                  159 	.db #0x12	; 18
   0073 13                  160 	.db #0x13	; 19
   0074 12                  161 	.db #0x12	; 18
   0075 13                  162 	.db #0x13	; 19
   0076 12                  163 	.db #0x12	; 18
   0077 13                  164 	.db #0x13	; 19
   0078 12                  165 	.db #0x12	; 18
   0079 13                  166 	.db #0x13	; 19
   007A 12                  167 	.db #0x12	; 18
   007B 13                  168 	.db #0x13	; 19
   007C 12                  169 	.db #0x12	; 18
   007D 13                  170 	.db #0x13	; 19
   007E 12                  171 	.db #0x12	; 18
   007F 13                  172 	.db #0x13	; 19
   0080 12                  173 	.db #0x12	; 18
   0081 13                  174 	.db #0x13	; 19
   0082 14                  175 	.db #0x14	; 20
   0083 15                  176 	.db #0x15	; 21
   0084 14                  177 	.db #0x14	; 20
   0085 15                  178 	.db #0x15	; 21
   0086 14                  179 	.db #0x14	; 20
   0087 15                  180 	.db #0x15	; 21
   0088 26                  181 	.db #0x26	; 38
   0089 27                  182 	.db #0x27	; 39
   008A 26                  183 	.db #0x26	; 38
   008B 27                  184 	.db #0x27	; 39
   008C 26                  185 	.db #0x26	; 38
   008D 27                  186 	.db #0x27	; 39
   008E 26                  187 	.db #0x26	; 38
   008F 27                  188 	.db #0x27	; 39
   0090 26                  189 	.db #0x26	; 38
   0091 27                  190 	.db #0x27	; 39
   0092 26                  191 	.db #0x26	; 38
   0093 27                  192 	.db #0x27	; 39
   0094 26                  193 	.db #0x26	; 38
   0095 27                  194 	.db #0x27	; 39
   0096 26                  195 	.db #0x26	; 38
   0097 27                  196 	.db #0x27	; 39
   0098 26                  197 	.db #0x26	; 38
   0099 27                  198 	.db #0x27	; 39
   009A 26                  199 	.db #0x26	; 38
   009B 27                  200 	.db #0x27	; 39
   009C 63                  201 	.db #0x63	; 99	'c'
   009D 63                  202 	.db #0x63	; 99	'c'
   009E 63                  203 	.db #0x63	; 99	'c'
   009F 63                  204 	.db #0x63	; 99	'c'
   00A0 63                  205 	.db #0x63	; 99	'c'
   00A1 63                  206 	.db #0x63	; 99	'c'
   00A2 63                  207 	.db #0x63	; 99	'c'
   00A3 63                  208 	.db #0x63	; 99	'c'
   00A4 63                  209 	.db #0x63	; 99	'c'
   00A5 63                  210 	.db #0x63	; 99	'c'
   00A6 63                  211 	.db #0x63	; 99	'c'
   00A7 63                  212 	.db #0x63	; 99	'c'
   00A8 63                  213 	.db #0x63	; 99	'c'
   00A9 63                  214 	.db #0x63	; 99	'c'
   00AA 63                  215 	.db #0x63	; 99	'c'
   00AB 63                  216 	.db #0x63	; 99	'c'
   00AC 63                  217 	.db #0x63	; 99	'c'
   00AD 63                  218 	.db #0x63	; 99	'c'
   00AE 63                  219 	.db #0x63	; 99	'c'
   00AF 63                  220 	.db #0x63	; 99	'c'
   00B0 63                  221 	.db #0x63	; 99	'c'
   00B1 63                  222 	.db #0x63	; 99	'c'
   00B2 63                  223 	.db #0x63	; 99	'c'
   00B3 63                  224 	.db #0x63	; 99	'c'
   00B4 63                  225 	.db #0x63	; 99	'c'
   00B5 63                  226 	.db #0x63	; 99	'c'
   00B6 63                  227 	.db #0x63	; 99	'c'
   00B7 63                  228 	.db #0x63	; 99	'c'
   00B8 63                  229 	.db #0x63	; 99	'c'
   00B9 63                  230 	.db #0x63	; 99	'c'
   00BA 63                  231 	.db #0x63	; 99	'c'
   00BB 63                  232 	.db #0x63	; 99	'c'
   00BC 63                  233 	.db #0x63	; 99	'c'
   00BD 63                  234 	.db #0x63	; 99	'c'
   00BE 63                  235 	.db #0x63	; 99	'c'
   00BF 63                  236 	.db #0x63	; 99	'c'
   00C0 63                  237 	.db #0x63	; 99	'c'
   00C1 63                  238 	.db #0x63	; 99	'c'
   00C2 63                  239 	.db #0x63	; 99	'c'
   00C3 63                  240 	.db #0x63	; 99	'c'
   00C4 63                  241 	.db #0x63	; 99	'c'
   00C5 63                  242 	.db #0x63	; 99	'c'
   00C6 63                  243 	.db #0x63	; 99	'c'
   00C7 63                  244 	.db #0x63	; 99	'c'
   00C8 63                  245 	.db #0x63	; 99	'c'
   00C9 63                  246 	.db #0x63	; 99	'c'
   00CA 63                  247 	.db #0x63	; 99	'c'
   00CB 63                  248 	.db #0x63	; 99	'c'
   00CC 63                  249 	.db #0x63	; 99	'c'
   00CD 63                  250 	.db #0x63	; 99	'c'
   00CE 63                  251 	.db #0x63	; 99	'c'
   00CF 63                  252 	.db #0x63	; 99	'c'
   00D0 08                  253 	.db #0x08	; 8
   00D1 09                  254 	.db #0x09	; 9
   00D2 08                  255 	.db #0x08	; 8
   00D3 09                  256 	.db #0x09	; 9
   00D4 08                  257 	.db #0x08	; 8
   00D5 09                  258 	.db #0x09	; 9
   00D6 08                  259 	.db #0x08	; 8
   00D7 09                  260 	.db #0x09	; 9
   00D8 08                  261 	.db #0x08	; 8
   00D9 09                  262 	.db #0x09	; 9
   00DA 08                  263 	.db #0x08	; 8
   00DB 09                  264 	.db #0x09	; 9
   00DC 08                  265 	.db #0x08	; 8
   00DD 09                  266 	.db #0x09	; 9
   00DE 08                  267 	.db #0x08	; 8
   00DF 09                  268 	.db #0x09	; 9
   00E0 08                  269 	.db #0x08	; 8
   00E1 09                  270 	.db #0x09	; 9
   00E2 08                  271 	.db #0x08	; 8
   00E3 09                  272 	.db #0x09	; 9
   00E4 08                  273 	.db #0x08	; 8
   00E5 09                  274 	.db #0x09	; 9
   00E6 08                  275 	.db #0x08	; 8
   00E7 09                  276 	.db #0x09	; 9
   00E8 08                  277 	.db #0x08	; 8
   00E9 09                  278 	.db #0x09	; 9
   00EA 1C                  279 	.db #0x1c	; 28
   00EB 1D                  280 	.db #0x1d	; 29
   00EC 1C                  281 	.db #0x1c	; 28
   00ED 1D                  282 	.db #0x1d	; 29
   00EE 1C                  283 	.db #0x1c	; 28
   00EF 1D                  284 	.db #0x1d	; 29
   00F0 1C                  285 	.db #0x1c	; 28
   00F1 1D                  286 	.db #0x1d	; 29
   00F2 1C                  287 	.db #0x1c	; 28
   00F3 1D                  288 	.db #0x1d	; 29
   00F4 1C                  289 	.db #0x1c	; 28
   00F5 1D                  290 	.db #0x1d	; 29
   00F6 1C                  291 	.db #0x1c	; 28
   00F7 1D                  292 	.db #0x1d	; 29
   00F8 1C                  293 	.db #0x1c	; 28
   00F9 1D                  294 	.db #0x1d	; 29
   00FA 1C                  295 	.db #0x1c	; 28
   00FB 1D                  296 	.db #0x1d	; 29
   00FC 1C                  297 	.db #0x1c	; 28
   00FD 1D                  298 	.db #0x1d	; 29
   00FE 1C                  299 	.db #0x1c	; 28
   00FF 1D                  300 	.db #0x1d	; 29
   0100 1C                  301 	.db #0x1c	; 28
   0101 1D                  302 	.db #0x1d	; 29
   0102 1C                  303 	.db #0x1c	; 28
   0103 1D                  304 	.db #0x1d	; 29
   0104 63                  305 	.db #0x63	; 99	'c'
   0105 63                  306 	.db #0x63	; 99	'c'
   0106 63                  307 	.db #0x63	; 99	'c'
   0107 63                  308 	.db #0x63	; 99	'c'
   0108 63                  309 	.db #0x63	; 99	'c'
   0109 63                  310 	.db #0x63	; 99	'c'
   010A 63                  311 	.db #0x63	; 99	'c'
   010B 63                  312 	.db #0x63	; 99	'c'
   010C 63                  313 	.db #0x63	; 99	'c'
   010D 63                  314 	.db #0x63	; 99	'c'
   010E 63                  315 	.db #0x63	; 99	'c'
   010F 63                  316 	.db #0x63	; 99	'c'
   0110 63                  317 	.db #0x63	; 99	'c'
   0111 63                  318 	.db #0x63	; 99	'c'
   0112 63                  319 	.db #0x63	; 99	'c'
   0113 63                  320 	.db #0x63	; 99	'c'
   0114 63                  321 	.db #0x63	; 99	'c'
   0115 63                  322 	.db #0x63	; 99	'c'
   0116 63                  323 	.db #0x63	; 99	'c'
   0117 63                  324 	.db #0x63	; 99	'c'
   0118 63                  325 	.db #0x63	; 99	'c'
   0119 63                  326 	.db #0x63	; 99	'c'
   011A 63                  327 	.db #0x63	; 99	'c'
   011B 63                  328 	.db #0x63	; 99	'c'
   011C 63                  329 	.db #0x63	; 99	'c'
   011D 63                  330 	.db #0x63	; 99	'c'
   011E 63                  331 	.db #0x63	; 99	'c'
   011F 63                  332 	.db #0x63	; 99	'c'
   0120 63                  333 	.db #0x63	; 99	'c'
   0121 63                  334 	.db #0x63	; 99	'c'
   0122 63                  335 	.db #0x63	; 99	'c'
   0123 63                  336 	.db #0x63	; 99	'c'
   0124 63                  337 	.db #0x63	; 99	'c'
   0125 63                  338 	.db #0x63	; 99	'c'
   0126 63                  339 	.db #0x63	; 99	'c'
   0127 63                  340 	.db #0x63	; 99	'c'
   0128 63                  341 	.db #0x63	; 99	'c'
   0129 63                  342 	.db #0x63	; 99	'c'
   012A 63                  343 	.db #0x63	; 99	'c'
   012B 63                  344 	.db #0x63	; 99	'c'
   012C 63                  345 	.db #0x63	; 99	'c'
   012D 63                  346 	.db #0x63	; 99	'c'
   012E 63                  347 	.db #0x63	; 99	'c'
   012F 63                  348 	.db #0x63	; 99	'c'
   0130 63                  349 	.db #0x63	; 99	'c'
   0131 63                  350 	.db #0x63	; 99	'c'
   0132 63                  351 	.db #0x63	; 99	'c'
   0133 63                  352 	.db #0x63	; 99	'c'
   0134 63                  353 	.db #0x63	; 99	'c'
   0135 63                  354 	.db #0x63	; 99	'c'
   0136 63                  355 	.db #0x63	; 99	'c'
   0137 63                  356 	.db #0x63	; 99	'c'
   0138 12                  357 	.db #0x12	; 18
   0139 13                  358 	.db #0x13	; 19
   013A 12                  359 	.db #0x12	; 18
   013B 13                  360 	.db #0x13	; 19
   013C 12                  361 	.db #0x12	; 18
   013D 13                  362 	.db #0x13	; 19
   013E 12                  363 	.db #0x12	; 18
   013F 13                  364 	.db #0x13	; 19
   0140 12                  365 	.db #0x12	; 18
   0141 13                  366 	.db #0x13	; 19
   0142 12                  367 	.db #0x12	; 18
   0143 13                  368 	.db #0x13	; 19
   0144 12                  369 	.db #0x12	; 18
   0145 13                  370 	.db #0x13	; 19
   0146 12                  371 	.db #0x12	; 18
   0147 13                  372 	.db #0x13	; 19
   0148 12                  373 	.db #0x12	; 18
   0149 13                  374 	.db #0x13	; 19
   014A 12                  375 	.db #0x12	; 18
   014B 13                  376 	.db #0x13	; 19
   014C 00                  377 	.db #0x00	; 0
   014D 01                  378 	.db #0x01	; 1
   014E 00                  379 	.db #0x00	; 0
   014F 01                  380 	.db #0x01	; 1
   0150 00                  381 	.db #0x00	; 0
   0151 01                  382 	.db #0x01	; 1
   0152 26                  383 	.db #0x26	; 38
   0153 27                  384 	.db #0x27	; 39
   0154 26                  385 	.db #0x26	; 38
   0155 27                  386 	.db #0x27	; 39
   0156 26                  387 	.db #0x26	; 38
   0157 27                  388 	.db #0x27	; 39
   0158 26                  389 	.db #0x26	; 38
   0159 27                  390 	.db #0x27	; 39
   015A 26                  391 	.db #0x26	; 38
   015B 27                  392 	.db #0x27	; 39
   015C 26                  393 	.db #0x26	; 38
   015D 27                  394 	.db #0x27	; 39
   015E 26                  395 	.db #0x26	; 38
   015F 27                  396 	.db #0x27	; 39
   0160 26                  397 	.db #0x26	; 38
   0161 27                  398 	.db #0x27	; 39
   0162 26                  399 	.db #0x26	; 38
   0163 27                  400 	.db #0x27	; 39
   0164 26                  401 	.db #0x26	; 38
   0165 27                  402 	.db #0x27	; 39
   0166 14                  403 	.db #0x14	; 20
   0167 15                  404 	.db #0x15	; 21
   0168 14                  405 	.db #0x14	; 20
   0169 15                  406 	.db #0x15	; 21
   016A 14                  407 	.db #0x14	; 20
   016B 15                  408 	.db #0x15	; 21
   016C 63                  409 	.db #0x63	; 99	'c'
   016D 63                  410 	.db #0x63	; 99	'c'
   016E 63                  411 	.db #0x63	; 99	'c'
   016F 63                  412 	.db #0x63	; 99	'c'
   0170 63                  413 	.db #0x63	; 99	'c'
   0171 63                  414 	.db #0x63	; 99	'c'
   0172 63                  415 	.db #0x63	; 99	'c'
   0173 63                  416 	.db #0x63	; 99	'c'
   0174 63                  417 	.db #0x63	; 99	'c'
   0175 63                  418 	.db #0x63	; 99	'c'
   0176 63                  419 	.db #0x63	; 99	'c'
   0177 63                  420 	.db #0x63	; 99	'c'
   0178 63                  421 	.db #0x63	; 99	'c'
   0179 63                  422 	.db #0x63	; 99	'c'
   017A 63                  423 	.db #0x63	; 99	'c'
   017B 63                  424 	.db #0x63	; 99	'c'
   017C 63                  425 	.db #0x63	; 99	'c'
   017D 63                  426 	.db #0x63	; 99	'c'
   017E 63                  427 	.db #0x63	; 99	'c'
   017F 63                  428 	.db #0x63	; 99	'c'
   0180 63                  429 	.db #0x63	; 99	'c'
   0181 63                  430 	.db #0x63	; 99	'c'
   0182 63                  431 	.db #0x63	; 99	'c'
   0183 63                  432 	.db #0x63	; 99	'c'
   0184 63                  433 	.db #0x63	; 99	'c'
   0185 63                  434 	.db #0x63	; 99	'c'
   0186 63                  435 	.db #0x63	; 99	'c'
   0187 63                  436 	.db #0x63	; 99	'c'
   0188 63                  437 	.db #0x63	; 99	'c'
   0189 63                  438 	.db #0x63	; 99	'c'
   018A 63                  439 	.db #0x63	; 99	'c'
   018B 63                  440 	.db #0x63	; 99	'c'
   018C 63                  441 	.db #0x63	; 99	'c'
   018D 63                  442 	.db #0x63	; 99	'c'
   018E 63                  443 	.db #0x63	; 99	'c'
   018F 63                  444 	.db #0x63	; 99	'c'
   0190 63                  445 	.db #0x63	; 99	'c'
   0191 63                  446 	.db #0x63	; 99	'c'
   0192 63                  447 	.db #0x63	; 99	'c'
   0193 63                  448 	.db #0x63	; 99	'c'
   0194 63                  449 	.db #0x63	; 99	'c'
   0195 63                  450 	.db #0x63	; 99	'c'
   0196 63                  451 	.db #0x63	; 99	'c'
   0197 63                  452 	.db #0x63	; 99	'c'
   0198 63                  453 	.db #0x63	; 99	'c'
   0199 63                  454 	.db #0x63	; 99	'c'
   019A 63                  455 	.db #0x63	; 99	'c'
   019B 63                  456 	.db #0x63	; 99	'c'
   019C 63                  457 	.db #0x63	; 99	'c'
   019D 63                  458 	.db #0x63	; 99	'c'
   019E 63                  459 	.db #0x63	; 99	'c'
   019F 63                  460 	.db #0x63	; 99	'c'
   01A0 0C                  461 	.db #0x0c	; 12
   01A1 0D                  462 	.db #0x0d	; 13
   01A2 0C                  463 	.db #0x0c	; 12
   01A3 0D                  464 	.db #0x0d	; 13
   01A4 0C                  465 	.db #0x0c	; 12
   01A5 0D                  466 	.db #0x0d	; 13
   01A6 0C                  467 	.db #0x0c	; 12
   01A7 0D                  468 	.db #0x0d	; 13
   01A8 0C                  469 	.db #0x0c	; 12
   01A9 0D                  470 	.db #0x0d	; 13
   01AA 0C                  471 	.db #0x0c	; 12
   01AB 0D                  472 	.db #0x0d	; 13
   01AC 0C                  473 	.db #0x0c	; 12
   01AD 0D                  474 	.db #0x0d	; 13
   01AE 0C                  475 	.db #0x0c	; 12
   01AF 0D                  476 	.db #0x0d	; 13
   01B0 0C                  477 	.db #0x0c	; 12
   01B1 0D                  478 	.db #0x0d	; 13
   01B2 0C                  479 	.db #0x0c	; 12
   01B3 0D                  480 	.db #0x0d	; 13
   01B4 0C                  481 	.db #0x0c	; 12
   01B5 0D                  482 	.db #0x0d	; 13
   01B6 0C                  483 	.db #0x0c	; 12
   01B7 0D                  484 	.db #0x0d	; 13
   01B8 0C                  485 	.db #0x0c	; 12
   01B9 0D                  486 	.db #0x0d	; 13
   01BA 20                  487 	.db #0x20	; 32
   01BB 21                  488 	.db #0x21	; 33
   01BC 20                  489 	.db #0x20	; 32
   01BD 21                  490 	.db #0x21	; 33
   01BE 20                  491 	.db #0x20	; 32
   01BF 21                  492 	.db #0x21	; 33
   01C0 20                  493 	.db #0x20	; 32
   01C1 21                  494 	.db #0x21	; 33
   01C2 20                  495 	.db #0x20	; 32
   01C3 21                  496 	.db #0x21	; 33
   01C4 20                  497 	.db #0x20	; 32
   01C5 21                  498 	.db #0x21	; 33
   01C6 20                  499 	.db #0x20	; 32
   01C7 21                  500 	.db #0x21	; 33
   01C8 20                  501 	.db #0x20	; 32
   01C9 21                  502 	.db #0x21	; 33
   01CA 20                  503 	.db #0x20	; 32
   01CB 21                  504 	.db #0x21	; 33
   01CC 20                  505 	.db #0x20	; 32
   01CD 21                  506 	.db #0x21	; 33
   01CE 20                  507 	.db #0x20	; 32
   01CF 21                  508 	.db #0x21	; 33
   01D0 20                  509 	.db #0x20	; 32
   01D1 21                  510 	.db #0x21	; 33
   01D2 20                  511 	.db #0x20	; 32
   01D3 21                  512 	.db #0x21	; 33
   01D4 63                  513 	.db #0x63	; 99	'c'
   01D5 63                  514 	.db #0x63	; 99	'c'
   01D6 63                  515 	.db #0x63	; 99	'c'
   01D7 63                  516 	.db #0x63	; 99	'c'
   01D8 63                  517 	.db #0x63	; 99	'c'
   01D9 63                  518 	.db #0x63	; 99	'c'
   01DA 63                  519 	.db #0x63	; 99	'c'
   01DB 63                  520 	.db #0x63	; 99	'c'
   01DC 63                  521 	.db #0x63	; 99	'c'
   01DD 63                  522 	.db #0x63	; 99	'c'
   01DE 63                  523 	.db #0x63	; 99	'c'
   01DF 63                  524 	.db #0x63	; 99	'c'
   01E0 63                  525 	.db #0x63	; 99	'c'
   01E1 63                  526 	.db #0x63	; 99	'c'
   01E2 63                  527 	.db #0x63	; 99	'c'
   01E3 63                  528 	.db #0x63	; 99	'c'
   01E4 63                  529 	.db #0x63	; 99	'c'
   01E5 63                  530 	.db #0x63	; 99	'c'
   01E6 63                  531 	.db #0x63	; 99	'c'
   01E7 63                  532 	.db #0x63	; 99	'c'
   01E8 63                  533 	.db #0x63	; 99	'c'
   01E9 63                  534 	.db #0x63	; 99	'c'
   01EA 63                  535 	.db #0x63	; 99	'c'
   01EB 63                  536 	.db #0x63	; 99	'c'
   01EC 63                  537 	.db #0x63	; 99	'c'
   01ED 63                  538 	.db #0x63	; 99	'c'
   01EE 63                  539 	.db #0x63	; 99	'c'
   01EF 63                  540 	.db #0x63	; 99	'c'
   01F0 63                  541 	.db #0x63	; 99	'c'
   01F1 63                  542 	.db #0x63	; 99	'c'
   01F2 63                  543 	.db #0x63	; 99	'c'
   01F3 63                  544 	.db #0x63	; 99	'c'
   01F4 63                  545 	.db #0x63	; 99	'c'
   01F5 63                  546 	.db #0x63	; 99	'c'
   01F6 63                  547 	.db #0x63	; 99	'c'
   01F7 63                  548 	.db #0x63	; 99	'c'
   01F8 63                  549 	.db #0x63	; 99	'c'
   01F9 63                  550 	.db #0x63	; 99	'c'
   01FA 63                  551 	.db #0x63	; 99	'c'
   01FB 63                  552 	.db #0x63	; 99	'c'
   01FC 63                  553 	.db #0x63	; 99	'c'
   01FD 63                  554 	.db #0x63	; 99	'c'
   01FE 63                  555 	.db #0x63	; 99	'c'
   01FF 63                  556 	.db #0x63	; 99	'c'
   0200 63                  557 	.db #0x63	; 99	'c'
   0201 63                  558 	.db #0x63	; 99	'c'
   0202 63                  559 	.db #0x63	; 99	'c'
   0203 63                  560 	.db #0x63	; 99	'c'
   0204 63                  561 	.db #0x63	; 99	'c'
   0205 63                  562 	.db #0x63	; 99	'c'
   0206 63                  563 	.db #0x63	; 99	'c'
   0207 63                  564 	.db #0x63	; 99	'c'
   0208 0C                  565 	.db #0x0c	; 12
   0209 0D                  566 	.db #0x0d	; 13
   020A 0C                  567 	.db #0x0c	; 12
   020B 0D                  568 	.db #0x0d	; 13
   020C 0C                  569 	.db #0x0c	; 12
   020D 0D                  570 	.db #0x0d	; 13
   020E 12                  571 	.db #0x12	; 18
   020F 13                  572 	.db #0x13	; 19
   0210 12                  573 	.db #0x12	; 18
   0211 13                  574 	.db #0x13	; 19
   0212 12                  575 	.db #0x12	; 18
   0213 13                  576 	.db #0x13	; 19
   0214 12                  577 	.db #0x12	; 18
   0215 13                  578 	.db #0x13	; 19
   0216 12                  579 	.db #0x12	; 18
   0217 13                  580 	.db #0x13	; 19
   0218 12                  581 	.db #0x12	; 18
   0219 13                  582 	.db #0x13	; 19
   021A 12                  583 	.db #0x12	; 18
   021B 13                  584 	.db #0x13	; 19
   021C 12                  585 	.db #0x12	; 18
   021D 13                  586 	.db #0x13	; 19
   021E 12                  587 	.db #0x12	; 18
   021F 13                  588 	.db #0x13	; 19
   0220 12                  589 	.db #0x12	; 18
   0221 13                  590 	.db #0x13	; 19
   0222 20                  591 	.db #0x20	; 32
   0223 21                  592 	.db #0x21	; 33
   0224 20                  593 	.db #0x20	; 32
   0225 21                  594 	.db #0x21	; 33
   0226 20                  595 	.db #0x20	; 32
   0227 21                  596 	.db #0x21	; 33
   0228 26                  597 	.db #0x26	; 38
   0229 27                  598 	.db #0x27	; 39
   022A 26                  599 	.db #0x26	; 38
   022B 27                  600 	.db #0x27	; 39
   022C 26                  601 	.db #0x26	; 38
   022D 27                  602 	.db #0x27	; 39
   022E 26                  603 	.db #0x26	; 38
   022F 27                  604 	.db #0x27	; 39
   0230 26                  605 	.db #0x26	; 38
   0231 27                  606 	.db #0x27	; 39
   0232 26                  607 	.db #0x26	; 38
   0233 27                  608 	.db #0x27	; 39
   0234 26                  609 	.db #0x26	; 38
   0235 27                  610 	.db #0x27	; 39
   0236 26                  611 	.db #0x26	; 38
   0237 27                  612 	.db #0x27	; 39
   0238 26                  613 	.db #0x26	; 38
   0239 27                  614 	.db #0x27	; 39
   023A 26                  615 	.db #0x26	; 38
   023B 27                  616 	.db #0x27	; 39
   023C 63                  617 	.db #0x63	; 99	'c'
   023D 63                  618 	.db #0x63	; 99	'c'
   023E 63                  619 	.db #0x63	; 99	'c'
   023F 63                  620 	.db #0x63	; 99	'c'
   0240 63                  621 	.db #0x63	; 99	'c'
   0241 63                  622 	.db #0x63	; 99	'c'
   0242 63                  623 	.db #0x63	; 99	'c'
   0243 63                  624 	.db #0x63	; 99	'c'
   0244 63                  625 	.db #0x63	; 99	'c'
   0245 63                  626 	.db #0x63	; 99	'c'
   0246 63                  627 	.db #0x63	; 99	'c'
   0247 63                  628 	.db #0x63	; 99	'c'
   0248 63                  629 	.db #0x63	; 99	'c'
   0249 63                  630 	.db #0x63	; 99	'c'
   024A 63                  631 	.db #0x63	; 99	'c'
   024B 63                  632 	.db #0x63	; 99	'c'
   024C 63                  633 	.db #0x63	; 99	'c'
   024D 63                  634 	.db #0x63	; 99	'c'
   024E 63                  635 	.db #0x63	; 99	'c'
   024F 63                  636 	.db #0x63	; 99	'c'
   0250 63                  637 	.db #0x63	; 99	'c'
   0251 63                  638 	.db #0x63	; 99	'c'
   0252 63                  639 	.db #0x63	; 99	'c'
   0253 63                  640 	.db #0x63	; 99	'c'
   0254 63                  641 	.db #0x63	; 99	'c'
   0255 63                  642 	.db #0x63	; 99	'c'
   0256 63                  643 	.db #0x63	; 99	'c'
   0257 63                  644 	.db #0x63	; 99	'c'
   0258 63                  645 	.db #0x63	; 99	'c'
   0259 63                  646 	.db #0x63	; 99	'c'
   025A 63                  647 	.db #0x63	; 99	'c'
   025B 63                  648 	.db #0x63	; 99	'c'
   025C 63                  649 	.db #0x63	; 99	'c'
   025D 63                  650 	.db #0x63	; 99	'c'
   025E 63                  651 	.db #0x63	; 99	'c'
   025F 63                  652 	.db #0x63	; 99	'c'
   0260 63                  653 	.db #0x63	; 99	'c'
   0261 63                  654 	.db #0x63	; 99	'c'
   0262 63                  655 	.db #0x63	; 99	'c'
   0263 63                  656 	.db #0x63	; 99	'c'
   0264 63                  657 	.db #0x63	; 99	'c'
   0265 63                  658 	.db #0x63	; 99	'c'
   0266 63                  659 	.db #0x63	; 99	'c'
   0267 63                  660 	.db #0x63	; 99	'c'
   0268 63                  661 	.db #0x63	; 99	'c'
   0269 63                  662 	.db #0x63	; 99	'c'
   026A 63                  663 	.db #0x63	; 99	'c'
   026B 63                  664 	.db #0x63	; 99	'c'
   026C 63                  665 	.db #0x63	; 99	'c'
   026D 63                  666 	.db #0x63	; 99	'c'
   026E 63                  667 	.db #0x63	; 99	'c'
   026F 63                  668 	.db #0x63	; 99	'c'
   0270 04                  669 	.db #0x04	; 4
   0271 05                  670 	.db #0x05	; 5
   0272 04                  671 	.db #0x04	; 4
   0273 05                  672 	.db #0x05	; 5
   0274 04                  673 	.db #0x04	; 4
   0275 05                  674 	.db #0x05	; 5
   0276 04                  675 	.db #0x04	; 4
   0277 05                  676 	.db #0x05	; 5
   0278 04                  677 	.db #0x04	; 4
   0279 05                  678 	.db #0x05	; 5
   027A 04                  679 	.db #0x04	; 4
   027B 05                  680 	.db #0x05	; 5
   027C 04                  681 	.db #0x04	; 4
   027D 05                  682 	.db #0x05	; 5
   027E 04                  683 	.db #0x04	; 4
   027F 05                  684 	.db #0x05	; 5
   0280 04                  685 	.db #0x04	; 4
   0281 05                  686 	.db #0x05	; 5
   0282 04                  687 	.db #0x04	; 4
   0283 05                  688 	.db #0x05	; 5
   0284 04                  689 	.db #0x04	; 4
   0285 05                  690 	.db #0x05	; 5
   0286 04                  691 	.db #0x04	; 4
   0287 05                  692 	.db #0x05	; 5
   0288 04                  693 	.db #0x04	; 4
   0289 05                  694 	.db #0x05	; 5
   028A 18                  695 	.db #0x18	; 24
   028B 19                  696 	.db #0x19	; 25
   028C 18                  697 	.db #0x18	; 24
   028D 19                  698 	.db #0x19	; 25
   028E 18                  699 	.db #0x18	; 24
   028F 19                  700 	.db #0x19	; 25
   0290 18                  701 	.db #0x18	; 24
   0291 19                  702 	.db #0x19	; 25
   0292 18                  703 	.db #0x18	; 24
   0293 19                  704 	.db #0x19	; 25
   0294 18                  705 	.db #0x18	; 24
   0295 19                  706 	.db #0x19	; 25
   0296 18                  707 	.db #0x18	; 24
   0297 19                  708 	.db #0x19	; 25
   0298 18                  709 	.db #0x18	; 24
   0299 19                  710 	.db #0x19	; 25
   029A 18                  711 	.db #0x18	; 24
   029B 19                  712 	.db #0x19	; 25
   029C 18                  713 	.db #0x18	; 24
   029D 19                  714 	.db #0x19	; 25
   029E 18                  715 	.db #0x18	; 24
   029F 19                  716 	.db #0x19	; 25
   02A0 18                  717 	.db #0x18	; 24
   02A1 19                  718 	.db #0x19	; 25
   02A2 18                  719 	.db #0x18	; 24
   02A3 19                  720 	.db #0x19	; 25
   02A4 63                  721 	.db #0x63	; 99	'c'
   02A5 63                  722 	.db #0x63	; 99	'c'
   02A6 63                  723 	.db #0x63	; 99	'c'
   02A7 63                  724 	.db #0x63	; 99	'c'
   02A8 63                  725 	.db #0x63	; 99	'c'
   02A9 63                  726 	.db #0x63	; 99	'c'
   02AA 63                  727 	.db #0x63	; 99	'c'
   02AB 63                  728 	.db #0x63	; 99	'c'
   02AC 63                  729 	.db #0x63	; 99	'c'
   02AD 63                  730 	.db #0x63	; 99	'c'
   02AE 63                  731 	.db #0x63	; 99	'c'
   02AF 63                  732 	.db #0x63	; 99	'c'
   02B0 63                  733 	.db #0x63	; 99	'c'
   02B1 63                  734 	.db #0x63	; 99	'c'
   02B2 63                  735 	.db #0x63	; 99	'c'
   02B3 63                  736 	.db #0x63	; 99	'c'
   02B4 63                  737 	.db #0x63	; 99	'c'
   02B5 63                  738 	.db #0x63	; 99	'c'
   02B6 63                  739 	.db #0x63	; 99	'c'
   02B7 63                  740 	.db #0x63	; 99	'c'
   02B8 63                  741 	.db #0x63	; 99	'c'
   02B9 63                  742 	.db #0x63	; 99	'c'
   02BA 63                  743 	.db #0x63	; 99	'c'
   02BB 63                  744 	.db #0x63	; 99	'c'
   02BC 63                  745 	.db #0x63	; 99	'c'
   02BD 63                  746 	.db #0x63	; 99	'c'
   02BE 63                  747 	.db #0x63	; 99	'c'
   02BF 63                  748 	.db #0x63	; 99	'c'
   02C0 63                  749 	.db #0x63	; 99	'c'
   02C1 63                  750 	.db #0x63	; 99	'c'
   02C2 63                  751 	.db #0x63	; 99	'c'
   02C3 63                  752 	.db #0x63	; 99	'c'
   02C4 63                  753 	.db #0x63	; 99	'c'
   02C5 63                  754 	.db #0x63	; 99	'c'
   02C6 63                  755 	.db #0x63	; 99	'c'
   02C7 63                  756 	.db #0x63	; 99	'c'
   02C8 63                  757 	.db #0x63	; 99	'c'
   02C9 63                  758 	.db #0x63	; 99	'c'
   02CA 63                  759 	.db #0x63	; 99	'c'
   02CB 63                  760 	.db #0x63	; 99	'c'
   02CC 63                  761 	.db #0x63	; 99	'c'
   02CD 63                  762 	.db #0x63	; 99	'c'
   02CE 63                  763 	.db #0x63	; 99	'c'
   02CF 63                  764 	.db #0x63	; 99	'c'
   02D0 63                  765 	.db #0x63	; 99	'c'
   02D1 63                  766 	.db #0x63	; 99	'c'
   02D2 63                  767 	.db #0x63	; 99	'c'
   02D3 63                  768 	.db #0x63	; 99	'c'
   02D4 63                  769 	.db #0x63	; 99	'c'
   02D5 63                  770 	.db #0x63	; 99	'c'
   02D6 63                  771 	.db #0x63	; 99	'c'
   02D7 63                  772 	.db #0x63	; 99	'c'
                            773 	.area _INITIALIZER
                            774 	.area _CABS (ABS)
