                              1 ;--------------------------------------------------------
                              2 ; File Created by SDCC : free open source ANSI-C Compiler
                              3 ; Version 3.6.8 #9946 (Linux)
                              4 ;--------------------------------------------------------
                              5 	.module level_01
                              6 	.optsdcc -mz80
                              7 	
                              8 ;--------------------------------------------------------
                              9 ; Public variables in this module
                             10 ;--------------------------------------------------------
                             11 	.globl _g_tilemap_l00
                             12 ;--------------------------------------------------------
                             13 ; special function registers
                             14 ;--------------------------------------------------------
                             15 ;--------------------------------------------------------
                             16 ; ram data
                             17 ;--------------------------------------------------------
                             18 	.area _DATA
                             19 ;--------------------------------------------------------
                             20 ; ram data
                             21 ;--------------------------------------------------------
                             22 	.area _INITIALIZED
                             23 ;--------------------------------------------------------
                             24 ; absolute external ram data
                             25 ;--------------------------------------------------------
                             26 	.area _DABS (ABS)
                             27 ;--------------------------------------------------------
                             28 ; global & static initialisations
                             29 ;--------------------------------------------------------
                             30 	.area _HOME
                             31 	.area _GSINIT
                             32 	.area _GSFINAL
                             33 	.area _GSINIT
                             34 ;--------------------------------------------------------
                             35 ; Home
                             36 ;--------------------------------------------------------
                             37 	.area _HOME
                             38 	.area _HOME
                             39 ;--------------------------------------------------------
                             40 ; code
                             41 ;--------------------------------------------------------
                             42 	.area _CODE
                             43 	.area _CODE
   0000                      44 _g_tilemap_l00:
   0000 60                   45 	.db #0x60	; 96
   0001 61                   46 	.db #0x61	; 97	'a'
   0002 62                   47 	.db #0x62	; 98	'b'
   0003 62                   48 	.db #0x62	; 98	'b'
   0004 62                   49 	.db #0x62	; 98	'b'
   0005 62                   50 	.db #0x62	; 98	'b'
   0006 62                   51 	.db #0x62	; 98	'b'
   0007 62                   52 	.db #0x62	; 98	'b'
   0008 62                   53 	.db #0x62	; 98	'b'
   0009 62                   54 	.db #0x62	; 98	'b'
   000A 62                   55 	.db #0x62	; 98	'b'
   000B 62                   56 	.db #0x62	; 98	'b'
   000C 62                   57 	.db #0x62	; 98	'b'
   000D 62                   58 	.db #0x62	; 98	'b'
   000E 62                   59 	.db #0x62	; 98	'b'
   000F 62                   60 	.db #0x62	; 98	'b'
   0010 62                   61 	.db #0x62	; 98	'b'
   0011 62                   62 	.db #0x62	; 98	'b'
   0012 62                   63 	.db #0x62	; 98	'b'
   0013 62                   64 	.db #0x62	; 98	'b'
   0014 62                   65 	.db #0x62	; 98	'b'
   0015 62                   66 	.db #0x62	; 98	'b'
   0016 62                   67 	.db #0x62	; 98	'b'
   0017 62                   68 	.db #0x62	; 98	'b'
   0018 62                   69 	.db #0x62	; 98	'b'
   0019 62                   70 	.db #0x62	; 98	'b'
   001A 62                   71 	.db #0x62	; 98	'b'
   001B 62                   72 	.db #0x62	; 98	'b'
   001C 62                   73 	.db #0x62	; 98	'b'
   001D 64                   74 	.db #0x64	; 100	'd'
   001E 65                   75 	.db #0x65	; 101	'e'
   001F 70                   76 	.db #0x70	; 112	'p'
   0020 71                   77 	.db #0x71	; 113	'q'
   0021 72                   78 	.db #0x72	; 114	'r'
   0022 72                   79 	.db #0x72	; 114	'r'
   0023 72                   80 	.db #0x72	; 114	'r'
   0024 72                   81 	.db #0x72	; 114	'r'
   0025 72                   82 	.db #0x72	; 114	'r'
   0026 72                   83 	.db #0x72	; 114	'r'
   0027 72                   84 	.db #0x72	; 114	'r'
   0028 72                   85 	.db #0x72	; 114	'r'
   0029 72                   86 	.db #0x72	; 114	'r'
   002A 72                   87 	.db #0x72	; 114	'r'
   002B 72                   88 	.db #0x72	; 114	'r'
   002C 72                   89 	.db #0x72	; 114	'r'
   002D 72                   90 	.db #0x72	; 114	'r'
   002E 72                   91 	.db #0x72	; 114	'r'
   002F 72                   92 	.db #0x72	; 114	'r'
   0030 72                   93 	.db #0x72	; 114	'r'
   0031 72                   94 	.db #0x72	; 114	'r'
   0032 72                   95 	.db #0x72	; 114	'r'
   0033 72                   96 	.db #0x72	; 114	'r'
   0034 72                   97 	.db #0x72	; 114	'r'
   0035 72                   98 	.db #0x72	; 114	'r'
   0036 72                   99 	.db #0x72	; 114	'r'
   0037 72                  100 	.db #0x72	; 114	'r'
   0038 72                  101 	.db #0x72	; 114	'r'
   0039 72                  102 	.db #0x72	; 114	'r'
   003A 72                  103 	.db #0x72	; 114	'r'
   003B 72                  104 	.db #0x72	; 114	'r'
   003C 74                  105 	.db #0x74	; 116	't'
   003D 75                  106 	.db #0x75	; 117	'u'
   003E 4A                  107 	.db #0x4a	; 74	'J'
   003F 4B                  108 	.db #0x4b	; 75	'K'
   0040 46                  109 	.db #0x46	; 70	'F'
   0041 47                  110 	.db #0x47	; 71	'G'
   0042 48                  111 	.db #0x48	; 72	'H'
   0043 49                  112 	.db #0x49	; 73	'I'
   0044 0C                  113 	.db #0x0c	; 12
   0045 0D                  114 	.db #0x0d	; 13
   0046 0E                  115 	.db #0x0e	; 14
   0047 0F                  116 	.db #0x0f	; 15
   0048 0C                  117 	.db #0x0c	; 12
   0049 0D                  118 	.db #0x0d	; 13
   004A 0E                  119 	.db #0x0e	; 14
   004B 0F                  120 	.db #0x0f	; 15
   004C 0C                  121 	.db #0x0c	; 12
   004D 0D                  122 	.db #0x0d	; 13
   004E 0E                  123 	.db #0x0e	; 14
   004F 0F                  124 	.db #0x0f	; 15
   0050 0C                  125 	.db #0x0c	; 12
   0051 0D                  126 	.db #0x0d	; 13
   0052 0E                  127 	.db #0x0e	; 14
   0053 0F                  128 	.db #0x0f	; 15
   0054 0C                  129 	.db #0x0c	; 12
   0055 0D                  130 	.db #0x0d	; 13
   0056 0E                  131 	.db #0x0e	; 14
   0057 0F                  132 	.db #0x0f	; 15
   0058 46                  133 	.db #0x46	; 70	'F'
   0059 47                  134 	.db #0x47	; 71	'G'
   005A 48                  135 	.db #0x48	; 72	'H'
   005B 4A                  136 	.db #0x4a	; 74	'J'
   005C 4B                  137 	.db #0x4b	; 75	'K'
   005D 4A                  138 	.db #0x4a	; 74	'J'
   005E 4B                  139 	.db #0x4b	; 75	'K'
   005F 56                  140 	.db #0x56	; 86	'V'
   0060 57                  141 	.db #0x57	; 87	'W'
   0061 58                  142 	.db #0x58	; 88	'X'
   0062 59                  143 	.db #0x59	; 89	'Y'
   0063 56                  144 	.db #0x56	; 86	'V'
   0064 57                  145 	.db #0x57	; 87	'W'
   0065 58                  146 	.db #0x58	; 88	'X'
   0066 59                  147 	.db #0x59	; 89	'Y'
   0067 56                  148 	.db #0x56	; 86	'V'
   0068 57                  149 	.db #0x57	; 87	'W'
   0069 58                  150 	.db #0x58	; 88	'X'
   006A 59                  151 	.db #0x59	; 89	'Y'
   006B 56                  152 	.db #0x56	; 86	'V'
   006C 57                  153 	.db #0x57	; 87	'W'
   006D 58                  154 	.db #0x58	; 88	'X'
   006E 59                  155 	.db #0x59	; 89	'Y'
   006F 56                  156 	.db #0x56	; 86	'V'
   0070 57                  157 	.db #0x57	; 87	'W'
   0071 58                  158 	.db #0x58	; 88	'X'
   0072 59                  159 	.db #0x59	; 89	'Y'
   0073 56                  160 	.db #0x56	; 86	'V'
   0074 57                  161 	.db #0x57	; 87	'W'
   0075 58                  162 	.db #0x58	; 88	'X'
   0076 59                  163 	.db #0x59	; 89	'Y'
   0077 56                  164 	.db #0x56	; 86	'V'
   0078 57                  165 	.db #0x57	; 87	'W'
   0079 58                  166 	.db #0x58	; 88	'X'
   007A 4A                  167 	.db #0x4a	; 74	'J'
   007B 4B                  168 	.db #0x4b	; 75	'K'
   007C 4A                  169 	.db #0x4a	; 74	'J'
   007D 4B                  170 	.db #0x4b	; 75	'K'
   007E 66                  171 	.db #0x66	; 102	'f'
   007F 67                  172 	.db #0x67	; 103	'g'
   0080 68                  173 	.db #0x68	; 104	'h'
   0081 69                  174 	.db #0x69	; 105	'i'
   0082 66                  175 	.db #0x66	; 102	'f'
   0083 67                  176 	.db #0x67	; 103	'g'
   0084 68                  177 	.db #0x68	; 104	'h'
   0085 69                  178 	.db #0x69	; 105	'i'
   0086 66                  179 	.db #0x66	; 102	'f'
   0087 67                  180 	.db #0x67	; 103	'g'
   0088 68                  181 	.db #0x68	; 104	'h'
   0089 69                  182 	.db #0x69	; 105	'i'
   008A 66                  183 	.db #0x66	; 102	'f'
   008B 67                  184 	.db #0x67	; 103	'g'
   008C 68                  185 	.db #0x68	; 104	'h'
   008D 69                  186 	.db #0x69	; 105	'i'
   008E 66                  187 	.db #0x66	; 102	'f'
   008F 67                  188 	.db #0x67	; 103	'g'
   0090 68                  189 	.db #0x68	; 104	'h'
   0091 69                  190 	.db #0x69	; 105	'i'
   0092 66                  191 	.db #0x66	; 102	'f'
   0093 67                  192 	.db #0x67	; 103	'g'
   0094 68                  193 	.db #0x68	; 104	'h'
   0095 69                  194 	.db #0x69	; 105	'i'
   0096 66                  195 	.db #0x66	; 102	'f'
   0097 67                  196 	.db #0x67	; 103	'g'
   0098 68                  197 	.db #0x68	; 104	'h'
   0099 4A                  198 	.db #0x4a	; 74	'J'
   009A 4B                  199 	.db #0x4b	; 75	'K'
   009B 4A                  200 	.db #0x4a	; 74	'J'
   009C 4B                  201 	.db #0x4b	; 75	'K'
   009D 26                  202 	.db #0x26	; 38
   009E 27                  203 	.db #0x27	; 39
   009F 28                  204 	.db #0x28	; 40
   00A0 26                  205 	.db #0x26	; 38
   00A1 27                  206 	.db #0x27	; 39
   00A2 28                  207 	.db #0x28	; 40
   00A3 26                  208 	.db #0x26	; 38
   00A4 27                  209 	.db #0x27	; 39
   00A5 28                  210 	.db #0x28	; 40
   00A6 26                  211 	.db #0x26	; 38
   00A7 27                  212 	.db #0x27	; 39
   00A8 28                  213 	.db #0x28	; 40
   00A9 26                  214 	.db #0x26	; 38
   00AA 27                  215 	.db #0x27	; 39
   00AB 28                  216 	.db #0x28	; 40
   00AC 26                  217 	.db #0x26	; 38
   00AD 27                  218 	.db #0x27	; 39
   00AE 28                  219 	.db #0x28	; 40
   00AF 26                  220 	.db #0x26	; 38
   00B0 27                  221 	.db #0x27	; 39
   00B1 28                  222 	.db #0x28	; 40
   00B2 26                  223 	.db #0x26	; 38
   00B3 27                  224 	.db #0x27	; 39
   00B4 28                  225 	.db #0x28	; 40
   00B5 26                  226 	.db #0x26	; 38
   00B6 27                  227 	.db #0x27	; 39
   00B7 28                  228 	.db #0x28	; 40
   00B8 4A                  229 	.db #0x4a	; 74	'J'
   00B9 4B                  230 	.db #0x4b	; 75	'K'
   00BA 4A                  231 	.db #0x4a	; 74	'J'
   00BB 4B                  232 	.db #0x4b	; 75	'K'
   00BC 36                  233 	.db #0x36	; 54	'6'
   00BD 37                  234 	.db #0x37	; 55	'7'
   00BE 38                  235 	.db #0x38	; 56	'8'
   00BF 36                  236 	.db #0x36	; 54	'6'
   00C0 37                  237 	.db #0x37	; 55	'7'
   00C1 38                  238 	.db #0x38	; 56	'8'
   00C2 36                  239 	.db #0x36	; 54	'6'
   00C3 37                  240 	.db #0x37	; 55	'7'
   00C4 38                  241 	.db #0x38	; 56	'8'
   00C5 36                  242 	.db #0x36	; 54	'6'
   00C6 37                  243 	.db #0x37	; 55	'7'
   00C7 38                  244 	.db #0x38	; 56	'8'
   00C8 36                  245 	.db #0x36	; 54	'6'
   00C9 37                  246 	.db #0x37	; 55	'7'
   00CA 38                  247 	.db #0x38	; 56	'8'
   00CB 36                  248 	.db #0x36	; 54	'6'
   00CC 37                  249 	.db #0x37	; 55	'7'
   00CD 38                  250 	.db #0x38	; 56	'8'
   00CE 36                  251 	.db #0x36	; 54	'6'
   00CF 37                  252 	.db #0x37	; 55	'7'
   00D0 38                  253 	.db #0x38	; 56	'8'
   00D1 36                  254 	.db #0x36	; 54	'6'
   00D2 37                  255 	.db #0x37	; 55	'7'
   00D3 38                  256 	.db #0x38	; 56	'8'
   00D4 36                  257 	.db #0x36	; 54	'6'
   00D5 37                  258 	.db #0x37	; 55	'7'
   00D6 38                  259 	.db #0x38	; 56	'8'
   00D7 4A                  260 	.db #0x4a	; 74	'J'
   00D8 4B                  261 	.db #0x4b	; 75	'K'
   00D9 4A                  262 	.db #0x4a	; 74	'J'
   00DA 4B                  263 	.db #0x4b	; 75	'K'
   00DB 06                  264 	.db #0x06	; 6
   00DC 07                  265 	.db #0x07	; 7
   00DD 08                  266 	.db #0x08	; 8
   00DE 06                  267 	.db #0x06	; 6
   00DF 07                  268 	.db #0x07	; 7
   00E0 08                  269 	.db #0x08	; 8
   00E1 06                  270 	.db #0x06	; 6
   00E2 07                  271 	.db #0x07	; 7
   00E3 08                  272 	.db #0x08	; 8
   00E4 06                  273 	.db #0x06	; 6
   00E5 07                  274 	.db #0x07	; 7
   00E6 08                  275 	.db #0x08	; 8
   00E7 06                  276 	.db #0x06	; 6
   00E8 07                  277 	.db #0x07	; 7
   00E9 08                  278 	.db #0x08	; 8
   00EA 06                  279 	.db #0x06	; 6
   00EB 07                  280 	.db #0x07	; 7
   00EC 08                  281 	.db #0x08	; 8
   00ED 06                  282 	.db #0x06	; 6
   00EE 07                  283 	.db #0x07	; 7
   00EF 08                  284 	.db #0x08	; 8
   00F0 06                  285 	.db #0x06	; 6
   00F1 07                  286 	.db #0x07	; 7
   00F2 08                  287 	.db #0x08	; 8
   00F3 06                  288 	.db #0x06	; 6
   00F4 07                  289 	.db #0x07	; 7
   00F5 08                  290 	.db #0x08	; 8
   00F6 4A                  291 	.db #0x4a	; 74	'J'
   00F7 4B                  292 	.db #0x4b	; 75	'K'
   00F8 4A                  293 	.db #0x4a	; 74	'J'
   00F9 4B                  294 	.db #0x4b	; 75	'K'
   00FA 16                  295 	.db #0x16	; 22
   00FB 17                  296 	.db #0x17	; 23
   00FC 18                  297 	.db #0x18	; 24
   00FD 16                  298 	.db #0x16	; 22
   00FE 17                  299 	.db #0x17	; 23
   00FF 18                  300 	.db #0x18	; 24
   0100 16                  301 	.db #0x16	; 22
   0101 17                  302 	.db #0x17	; 23
   0102 18                  303 	.db #0x18	; 24
   0103 16                  304 	.db #0x16	; 22
   0104 17                  305 	.db #0x17	; 23
   0105 18                  306 	.db #0x18	; 24
   0106 16                  307 	.db #0x16	; 22
   0107 17                  308 	.db #0x17	; 23
   0108 18                  309 	.db #0x18	; 24
   0109 16                  310 	.db #0x16	; 22
   010A 17                  311 	.db #0x17	; 23
   010B 18                  312 	.db #0x18	; 24
   010C 16                  313 	.db #0x16	; 22
   010D 17                  314 	.db #0x17	; 23
   010E 18                  315 	.db #0x18	; 24
   010F 16                  316 	.db #0x16	; 22
   0110 17                  317 	.db #0x17	; 23
   0111 18                  318 	.db #0x18	; 24
   0112 16                  319 	.db #0x16	; 22
   0113 17                  320 	.db #0x17	; 23
   0114 18                  321 	.db #0x18	; 24
   0115 4A                  322 	.db #0x4a	; 74	'J'
   0116 4B                  323 	.db #0x4b	; 75	'K'
   0117 4A                  324 	.db #0x4a	; 74	'J'
   0118 4B                  325 	.db #0x4b	; 75	'K'
   0119 09                  326 	.db #0x09	; 9
   011A 0A                  327 	.db #0x0a	; 10
   011B 0B                  328 	.db #0x0b	; 11
   011C 09                  329 	.db #0x09	; 9
   011D 0A                  330 	.db #0x0a	; 10
   011E 0B                  331 	.db #0x0b	; 11
   011F 09                  332 	.db #0x09	; 9
   0120 0A                  333 	.db #0x0a	; 10
   0121 0B                  334 	.db #0x0b	; 11
   0122 09                  335 	.db #0x09	; 9
   0123 0A                  336 	.db #0x0a	; 10
   0124 0B                  337 	.db #0x0b	; 11
   0125 09                  338 	.db #0x09	; 9
   0126 0A                  339 	.db #0x0a	; 10
   0127 0B                  340 	.db #0x0b	; 11
   0128 09                  341 	.db #0x09	; 9
   0129 0A                  342 	.db #0x0a	; 10
   012A 0B                  343 	.db #0x0b	; 11
   012B 09                  344 	.db #0x09	; 9
   012C 0A                  345 	.db #0x0a	; 10
   012D 0B                  346 	.db #0x0b	; 11
   012E 09                  347 	.db #0x09	; 9
   012F 0A                  348 	.db #0x0a	; 10
   0130 0B                  349 	.db #0x0b	; 11
   0131 09                  350 	.db #0x09	; 9
   0132 0A                  351 	.db #0x0a	; 10
   0133 0B                  352 	.db #0x0b	; 11
   0134 4A                  353 	.db #0x4a	; 74	'J'
   0135 4B                  354 	.db #0x4b	; 75	'K'
   0136 4A                  355 	.db #0x4a	; 74	'J'
   0137 4B                  356 	.db #0x4b	; 75	'K'
   0138 19                  357 	.db #0x19	; 25
   0139 1A                  358 	.db #0x1a	; 26
   013A 1B                  359 	.db #0x1b	; 27
   013B 19                  360 	.db #0x19	; 25
   013C 1A                  361 	.db #0x1a	; 26
   013D 1B                  362 	.db #0x1b	; 27
   013E 19                  363 	.db #0x19	; 25
   013F 1A                  364 	.db #0x1a	; 26
   0140 1B                  365 	.db #0x1b	; 27
   0141 19                  366 	.db #0x19	; 25
   0142 1A                  367 	.db #0x1a	; 26
   0143 1B                  368 	.db #0x1b	; 27
   0144 19                  369 	.db #0x19	; 25
   0145 1A                  370 	.db #0x1a	; 26
   0146 1B                  371 	.db #0x1b	; 27
   0147 19                  372 	.db #0x19	; 25
   0148 1A                  373 	.db #0x1a	; 26
   0149 1B                  374 	.db #0x1b	; 27
   014A 19                  375 	.db #0x19	; 25
   014B 1A                  376 	.db #0x1a	; 26
   014C 1B                  377 	.db #0x1b	; 27
   014D 19                  378 	.db #0x19	; 25
   014E 1A                  379 	.db #0x1a	; 26
   014F 1B                  380 	.db #0x1b	; 27
   0150 19                  381 	.db #0x19	; 25
   0151 1A                  382 	.db #0x1a	; 26
   0152 1B                  383 	.db #0x1b	; 27
   0153 4A                  384 	.db #0x4a	; 74	'J'
   0154 4B                  385 	.db #0x4b	; 75	'K'
   0155 4A                  386 	.db #0x4a	; 74	'J'
   0156 4B                  387 	.db #0x4b	; 75	'K'
   0157 20                  388 	.db #0x20	; 32
   0158 21                  389 	.db #0x21	; 33
   0159 22                  390 	.db #0x22	; 34
   015A 20                  391 	.db #0x20	; 32
   015B 21                  392 	.db #0x21	; 33
   015C 22                  393 	.db #0x22	; 34
   015D 20                  394 	.db #0x20	; 32
   015E 21                  395 	.db #0x21	; 33
   015F 22                  396 	.db #0x22	; 34
   0160 20                  397 	.db #0x20	; 32
   0161 21                  398 	.db #0x21	; 33
   0162 22                  399 	.db #0x22	; 34
   0163 20                  400 	.db #0x20	; 32
   0164 21                  401 	.db #0x21	; 33
   0165 22                  402 	.db #0x22	; 34
   0166 20                  403 	.db #0x20	; 32
   0167 21                  404 	.db #0x21	; 33
   0168 22                  405 	.db #0x22	; 34
   0169 20                  406 	.db #0x20	; 32
   016A 21                  407 	.db #0x21	; 33
   016B 22                  408 	.db #0x22	; 34
   016C 20                  409 	.db #0x20	; 32
   016D 21                  410 	.db #0x21	; 33
   016E 22                  411 	.db #0x22	; 34
   016F 20                  412 	.db #0x20	; 32
   0170 21                  413 	.db #0x21	; 33
   0171 22                  414 	.db #0x22	; 34
   0172 4A                  415 	.db #0x4a	; 74	'J'
   0173 4B                  416 	.db #0x4b	; 75	'K'
   0174 4A                  417 	.db #0x4a	; 74	'J'
   0175 4B                  418 	.db #0x4b	; 75	'K'
   0176 30                  419 	.db #0x30	; 48	'0'
   0177 31                  420 	.db #0x31	; 49	'1'
   0178 32                  421 	.db #0x32	; 50	'2'
   0179 30                  422 	.db #0x30	; 48	'0'
   017A 31                  423 	.db #0x31	; 49	'1'
   017B 32                  424 	.db #0x32	; 50	'2'
   017C 30                  425 	.db #0x30	; 48	'0'
   017D 31                  426 	.db #0x31	; 49	'1'
   017E 32                  427 	.db #0x32	; 50	'2'
   017F 30                  428 	.db #0x30	; 48	'0'
   0180 31                  429 	.db #0x31	; 49	'1'
   0181 32                  430 	.db #0x32	; 50	'2'
   0182 30                  431 	.db #0x30	; 48	'0'
   0183 31                  432 	.db #0x31	; 49	'1'
   0184 32                  433 	.db #0x32	; 50	'2'
   0185 30                  434 	.db #0x30	; 48	'0'
   0186 31                  435 	.db #0x31	; 49	'1'
   0187 32                  436 	.db #0x32	; 50	'2'
   0188 30                  437 	.db #0x30	; 48	'0'
   0189 31                  438 	.db #0x31	; 49	'1'
   018A 32                  439 	.db #0x32	; 50	'2'
   018B 30                  440 	.db #0x30	; 48	'0'
   018C 31                  441 	.db #0x31	; 49	'1'
   018D 32                  442 	.db #0x32	; 50	'2'
   018E 30                  443 	.db #0x30	; 48	'0'
   018F 31                  444 	.db #0x31	; 49	'1'
   0190 32                  445 	.db #0x32	; 50	'2'
   0191 4A                  446 	.db #0x4a	; 74	'J'
   0192 4B                  447 	.db #0x4b	; 75	'K'
   0193 4A                  448 	.db #0x4a	; 74	'J'
   0194 4B                  449 	.db #0x4b	; 75	'K'
   0195 76                  450 	.db #0x76	; 118	'v'
   0196 77                  451 	.db #0x77	; 119	'w'
   0197 78                  452 	.db #0x78	; 120	'x'
   0198 79                  453 	.db #0x79	; 121	'y'
   0199 76                  454 	.db #0x76	; 118	'v'
   019A 77                  455 	.db #0x77	; 119	'w'
   019B 78                  456 	.db #0x78	; 120	'x'
   019C 79                  457 	.db #0x79	; 121	'y'
   019D 76                  458 	.db #0x76	; 118	'v'
   019E 77                  459 	.db #0x77	; 119	'w'
   019F 78                  460 	.db #0x78	; 120	'x'
   01A0 79                  461 	.db #0x79	; 121	'y'
   01A1 76                  462 	.db #0x76	; 118	'v'
   01A2 77                  463 	.db #0x77	; 119	'w'
   01A3 78                  464 	.db #0x78	; 120	'x'
   01A4 79                  465 	.db #0x79	; 121	'y'
   01A5 76                  466 	.db #0x76	; 118	'v'
   01A6 77                  467 	.db #0x77	; 119	'w'
   01A7 78                  468 	.db #0x78	; 120	'x'
   01A8 79                  469 	.db #0x79	; 121	'y'
   01A9 76                  470 	.db #0x76	; 118	'v'
   01AA 77                  471 	.db #0x77	; 119	'w'
   01AB 78                  472 	.db #0x78	; 120	'x'
   01AC 79                  473 	.db #0x79	; 121	'y'
   01AD 76                  474 	.db #0x76	; 118	'v'
   01AE 77                  475 	.db #0x77	; 119	'w'
   01AF 78                  476 	.db #0x78	; 120	'x'
   01B0 4A                  477 	.db #0x4a	; 74	'J'
   01B1 4B                  478 	.db #0x4b	; 75	'K'
   01B2 4A                  479 	.db #0x4a	; 74	'J'
   01B3 4B                  480 	.db #0x4b	; 75	'K'
   01B4 46                  481 	.db #0x46	; 70	'F'
   01B5 47                  482 	.db #0x47	; 71	'G'
   01B6 48                  483 	.db #0x48	; 72	'H'
   01B7 49                  484 	.db #0x49	; 73	'I'
   01B8 46                  485 	.db #0x46	; 70	'F'
   01B9 47                  486 	.db #0x47	; 71	'G'
   01BA 48                  487 	.db #0x48	; 72	'H'
   01BB 49                  488 	.db #0x49	; 73	'I'
   01BC 46                  489 	.db #0x46	; 70	'F'
   01BD 47                  490 	.db #0x47	; 71	'G'
   01BE 48                  491 	.db #0x48	; 72	'H'
   01BF 49                  492 	.db #0x49	; 73	'I'
   01C0 46                  493 	.db #0x46	; 70	'F'
   01C1 47                  494 	.db #0x47	; 71	'G'
   01C2 48                  495 	.db #0x48	; 72	'H'
   01C3 49                  496 	.db #0x49	; 73	'I'
   01C4 46                  497 	.db #0x46	; 70	'F'
   01C5 47                  498 	.db #0x47	; 71	'G'
   01C6 48                  499 	.db #0x48	; 72	'H'
   01C7 49                  500 	.db #0x49	; 73	'I'
   01C8 46                  501 	.db #0x46	; 70	'F'
   01C9 47                  502 	.db #0x47	; 71	'G'
   01CA 48                  503 	.db #0x48	; 72	'H'
   01CB 49                  504 	.db #0x49	; 73	'I'
   01CC 46                  505 	.db #0x46	; 70	'F'
   01CD 47                  506 	.db #0x47	; 71	'G'
   01CE 48                  507 	.db #0x48	; 72	'H'
   01CF 4A                  508 	.db #0x4a	; 74	'J'
   01D0 4B                  509 	.db #0x4b	; 75	'K'
   01D1 4A                  510 	.db #0x4a	; 74	'J'
   01D2 4B                  511 	.db #0x4b	; 75	'K'
   01D3 56                  512 	.db #0x56	; 86	'V'
   01D4 57                  513 	.db #0x57	; 87	'W'
   01D5 58                  514 	.db #0x58	; 88	'X'
   01D6 59                  515 	.db #0x59	; 89	'Y'
   01D7 56                  516 	.db #0x56	; 86	'V'
   01D8 57                  517 	.db #0x57	; 87	'W'
   01D9 58                  518 	.db #0x58	; 88	'X'
   01DA 59                  519 	.db #0x59	; 89	'Y'
   01DB 56                  520 	.db #0x56	; 86	'V'
   01DC 57                  521 	.db #0x57	; 87	'W'
   01DD 58                  522 	.db #0x58	; 88	'X'
   01DE 59                  523 	.db #0x59	; 89	'Y'
   01DF 56                  524 	.db #0x56	; 86	'V'
   01E0 57                  525 	.db #0x57	; 87	'W'
   01E1 58                  526 	.db #0x58	; 88	'X'
   01E2 59                  527 	.db #0x59	; 89	'Y'
   01E3 56                  528 	.db #0x56	; 86	'V'
   01E4 57                  529 	.db #0x57	; 87	'W'
   01E5 58                  530 	.db #0x58	; 88	'X'
   01E6 59                  531 	.db #0x59	; 89	'Y'
   01E7 56                  532 	.db #0x56	; 86	'V'
   01E8 57                  533 	.db #0x57	; 87	'W'
   01E9 58                  534 	.db #0x58	; 88	'X'
   01EA 59                  535 	.db #0x59	; 89	'Y'
   01EB 56                  536 	.db #0x56	; 86	'V'
   01EC 57                  537 	.db #0x57	; 87	'W'
   01ED 58                  538 	.db #0x58	; 88	'X'
   01EE 4A                  539 	.db #0x4a	; 74	'J'
   01EF 4B                  540 	.db #0x4b	; 75	'K'
   01F0 4A                  541 	.db #0x4a	; 74	'J'
   01F1 4B                  542 	.db #0x4b	; 75	'K'
   01F2 66                  543 	.db #0x66	; 102	'f'
   01F3 67                  544 	.db #0x67	; 103	'g'
   01F4 68                  545 	.db #0x68	; 104	'h'
   01F5 69                  546 	.db #0x69	; 105	'i'
   01F6 66                  547 	.db #0x66	; 102	'f'
   01F7 67                  548 	.db #0x67	; 103	'g'
   01F8 68                  549 	.db #0x68	; 104	'h'
   01F9 69                  550 	.db #0x69	; 105	'i'
   01FA 66                  551 	.db #0x66	; 102	'f'
   01FB 67                  552 	.db #0x67	; 103	'g'
   01FC 68                  553 	.db #0x68	; 104	'h'
   01FD 69                  554 	.db #0x69	; 105	'i'
   01FE 66                  555 	.db #0x66	; 102	'f'
   01FF 67                  556 	.db #0x67	; 103	'g'
   0200 68                  557 	.db #0x68	; 104	'h'
   0201 69                  558 	.db #0x69	; 105	'i'
   0202 66                  559 	.db #0x66	; 102	'f'
   0203 67                  560 	.db #0x67	; 103	'g'
   0204 68                  561 	.db #0x68	; 104	'h'
   0205 69                  562 	.db #0x69	; 105	'i'
   0206 66                  563 	.db #0x66	; 102	'f'
   0207 67                  564 	.db #0x67	; 103	'g'
   0208 68                  565 	.db #0x68	; 104	'h'
   0209 69                  566 	.db #0x69	; 105	'i'
   020A 66                  567 	.db #0x66	; 102	'f'
   020B 67                  568 	.db #0x67	; 103	'g'
   020C 68                  569 	.db #0x68	; 104	'h'
   020D 4A                  570 	.db #0x4a	; 74	'J'
   020E 4B                  571 	.db #0x4b	; 75	'K'
   020F 4A                  572 	.db #0x4a	; 74	'J'
   0210 4B                  573 	.db #0x4b	; 75	'K'
   0211 76                  574 	.db #0x76	; 118	'v'
   0212 77                  575 	.db #0x77	; 119	'w'
   0213 78                  576 	.db #0x78	; 120	'x'
   0214 79                  577 	.db #0x79	; 121	'y'
   0215 76                  578 	.db #0x76	; 118	'v'
   0216 77                  579 	.db #0x77	; 119	'w'
   0217 78                  580 	.db #0x78	; 120	'x'
   0218 79                  581 	.db #0x79	; 121	'y'
   0219 76                  582 	.db #0x76	; 118	'v'
   021A 77                  583 	.db #0x77	; 119	'w'
   021B 78                  584 	.db #0x78	; 120	'x'
   021C 79                  585 	.db #0x79	; 121	'y'
   021D 76                  586 	.db #0x76	; 118	'v'
   021E 77                  587 	.db #0x77	; 119	'w'
   021F 78                  588 	.db #0x78	; 120	'x'
   0220 79                  589 	.db #0x79	; 121	'y'
   0221 76                  590 	.db #0x76	; 118	'v'
   0222 77                  591 	.db #0x77	; 119	'w'
   0223 78                  592 	.db #0x78	; 120	'x'
   0224 79                  593 	.db #0x79	; 121	'y'
   0225 76                  594 	.db #0x76	; 118	'v'
   0226 77                  595 	.db #0x77	; 119	'w'
   0227 78                  596 	.db #0x78	; 120	'x'
   0228 79                  597 	.db #0x79	; 121	'y'
   0229 76                  598 	.db #0x76	; 118	'v'
   022A 77                  599 	.db #0x77	; 119	'w'
   022B 78                  600 	.db #0x78	; 120	'x'
   022C 4A                  601 	.db #0x4a	; 74	'J'
   022D 4B                  602 	.db #0x4b	; 75	'K'
   022E 4A                  603 	.db #0x4a	; 74	'J'
   022F 4B                  604 	.db #0x4b	; 75	'K'
   0230 46                  605 	.db #0x46	; 70	'F'
   0231 47                  606 	.db #0x47	; 71	'G'
   0232 48                  607 	.db #0x48	; 72	'H'
   0233 49                  608 	.db #0x49	; 73	'I'
   0234 46                  609 	.db #0x46	; 70	'F'
   0235 47                  610 	.db #0x47	; 71	'G'
   0236 48                  611 	.db #0x48	; 72	'H'
   0237 49                  612 	.db #0x49	; 73	'I'
   0238 46                  613 	.db #0x46	; 70	'F'
   0239 47                  614 	.db #0x47	; 71	'G'
   023A 48                  615 	.db #0x48	; 72	'H'
   023B 49                  616 	.db #0x49	; 73	'I'
   023C 46                  617 	.db #0x46	; 70	'F'
   023D 47                  618 	.db #0x47	; 71	'G'
   023E 48                  619 	.db #0x48	; 72	'H'
   023F 49                  620 	.db #0x49	; 73	'I'
   0240 46                  621 	.db #0x46	; 70	'F'
   0241 47                  622 	.db #0x47	; 71	'G'
   0242 48                  623 	.db #0x48	; 72	'H'
   0243 49                  624 	.db #0x49	; 73	'I'
   0244 46                  625 	.db #0x46	; 70	'F'
   0245 47                  626 	.db #0x47	; 71	'G'
   0246 48                  627 	.db #0x48	; 72	'H'
   0247 49                  628 	.db #0x49	; 73	'I'
   0248 46                  629 	.db #0x46	; 70	'F'
   0249 47                  630 	.db #0x47	; 71	'G'
   024A 48                  631 	.db #0x48	; 72	'H'
   024B 4A                  632 	.db #0x4a	; 74	'J'
   024C 4B                  633 	.db #0x4b	; 75	'K'
   024D 4A                  634 	.db #0x4a	; 74	'J'
   024E 4B                  635 	.db #0x4b	; 75	'K'
   024F 56                  636 	.db #0x56	; 86	'V'
   0250 57                  637 	.db #0x57	; 87	'W'
   0251 58                  638 	.db #0x58	; 88	'X'
   0252 59                  639 	.db #0x59	; 89	'Y'
   0253 56                  640 	.db #0x56	; 86	'V'
   0254 57                  641 	.db #0x57	; 87	'W'
   0255 58                  642 	.db #0x58	; 88	'X'
   0256 59                  643 	.db #0x59	; 89	'Y'
   0257 56                  644 	.db #0x56	; 86	'V'
   0258 57                  645 	.db #0x57	; 87	'W'
   0259 58                  646 	.db #0x58	; 88	'X'
   025A 59                  647 	.db #0x59	; 89	'Y'
   025B 56                  648 	.db #0x56	; 86	'V'
   025C 57                  649 	.db #0x57	; 87	'W'
   025D 58                  650 	.db #0x58	; 88	'X'
   025E 59                  651 	.db #0x59	; 89	'Y'
   025F 56                  652 	.db #0x56	; 86	'V'
   0260 57                  653 	.db #0x57	; 87	'W'
   0261 58                  654 	.db #0x58	; 88	'X'
   0262 59                  655 	.db #0x59	; 89	'Y'
   0263 56                  656 	.db #0x56	; 86	'V'
   0264 57                  657 	.db #0x57	; 87	'W'
   0265 58                  658 	.db #0x58	; 88	'X'
   0266 59                  659 	.db #0x59	; 89	'Y'
   0267 56                  660 	.db #0x56	; 86	'V'
   0268 57                  661 	.db #0x57	; 87	'W'
   0269 58                  662 	.db #0x58	; 88	'X'
   026A 4A                  663 	.db #0x4a	; 74	'J'
   026B 4B                  664 	.db #0x4b	; 75	'K'
   026C 4A                  665 	.db #0x4a	; 74	'J'
   026D 4B                  666 	.db #0x4b	; 75	'K'
   026E 66                  667 	.db #0x66	; 102	'f'
   026F 67                  668 	.db #0x67	; 103	'g'
   0270 68                  669 	.db #0x68	; 104	'h'
   0271 69                  670 	.db #0x69	; 105	'i'
   0272 66                  671 	.db #0x66	; 102	'f'
   0273 67                  672 	.db #0x67	; 103	'g'
   0274 68                  673 	.db #0x68	; 104	'h'
   0275 69                  674 	.db #0x69	; 105	'i'
   0276 66                  675 	.db #0x66	; 102	'f'
   0277 67                  676 	.db #0x67	; 103	'g'
   0278 68                  677 	.db #0x68	; 104	'h'
   0279 69                  678 	.db #0x69	; 105	'i'
   027A 66                  679 	.db #0x66	; 102	'f'
   027B 67                  680 	.db #0x67	; 103	'g'
   027C 68                  681 	.db #0x68	; 104	'h'
   027D 69                  682 	.db #0x69	; 105	'i'
   027E 66                  683 	.db #0x66	; 102	'f'
   027F 67                  684 	.db #0x67	; 103	'g'
   0280 68                  685 	.db #0x68	; 104	'h'
   0281 69                  686 	.db #0x69	; 105	'i'
   0282 66                  687 	.db #0x66	; 102	'f'
   0283 67                  688 	.db #0x67	; 103	'g'
   0284 68                  689 	.db #0x68	; 104	'h'
   0285 69                  690 	.db #0x69	; 105	'i'
   0286 66                  691 	.db #0x66	; 102	'f'
   0287 67                  692 	.db #0x67	; 103	'g'
   0288 68                  693 	.db #0x68	; 104	'h'
   0289 4A                  694 	.db #0x4a	; 74	'J'
   028A 4B                  695 	.db #0x4b	; 75	'K'
   028B 4A                  696 	.db #0x4a	; 74	'J'
   028C 4B                  697 	.db #0x4b	; 75	'K'
   028D 76                  698 	.db #0x76	; 118	'v'
   028E 77                  699 	.db #0x77	; 119	'w'
   028F 78                  700 	.db #0x78	; 120	'x'
   0290 79                  701 	.db #0x79	; 121	'y'
   0291 76                  702 	.db #0x76	; 118	'v'
   0292 77                  703 	.db #0x77	; 119	'w'
   0293 78                  704 	.db #0x78	; 120	'x'
   0294 79                  705 	.db #0x79	; 121	'y'
   0295 76                  706 	.db #0x76	; 118	'v'
   0296 77                  707 	.db #0x77	; 119	'w'
   0297 78                  708 	.db #0x78	; 120	'x'
   0298 79                  709 	.db #0x79	; 121	'y'
   0299 76                  710 	.db #0x76	; 118	'v'
   029A 77                  711 	.db #0x77	; 119	'w'
   029B 78                  712 	.db #0x78	; 120	'x'
   029C 79                  713 	.db #0x79	; 121	'y'
   029D 76                  714 	.db #0x76	; 118	'v'
   029E 77                  715 	.db #0x77	; 119	'w'
   029F 78                  716 	.db #0x78	; 120	'x'
   02A0 79                  717 	.db #0x79	; 121	'y'
   02A1 76                  718 	.db #0x76	; 118	'v'
   02A2 77                  719 	.db #0x77	; 119	'w'
   02A3 78                  720 	.db #0x78	; 120	'x'
   02A4 79                  721 	.db #0x79	; 121	'y'
   02A5 76                  722 	.db #0x76	; 118	'v'
   02A6 77                  723 	.db #0x77	; 119	'w'
   02A7 78                  724 	.db #0x78	; 120	'x'
   02A8 4A                  725 	.db #0x4a	; 74	'J'
   02A9 4B                  726 	.db #0x4b	; 75	'K'
   02AA 4A                  727 	.db #0x4a	; 74	'J'
   02AB 4B                  728 	.db #0x4b	; 75	'K'
   02AC 46                  729 	.db #0x46	; 70	'F'
   02AD 47                  730 	.db #0x47	; 71	'G'
   02AE 48                  731 	.db #0x48	; 72	'H'
   02AF 49                  732 	.db #0x49	; 73	'I'
   02B0 46                  733 	.db #0x46	; 70	'F'
   02B1 47                  734 	.db #0x47	; 71	'G'
   02B2 48                  735 	.db #0x48	; 72	'H'
   02B3 49                  736 	.db #0x49	; 73	'I'
   02B4 46                  737 	.db #0x46	; 70	'F'
   02B5 47                  738 	.db #0x47	; 71	'G'
   02B6 48                  739 	.db #0x48	; 72	'H'
   02B7 49                  740 	.db #0x49	; 73	'I'
   02B8 46                  741 	.db #0x46	; 70	'F'
   02B9 47                  742 	.db #0x47	; 71	'G'
   02BA 48                  743 	.db #0x48	; 72	'H'
   02BB 49                  744 	.db #0x49	; 73	'I'
   02BC 46                  745 	.db #0x46	; 70	'F'
   02BD 47                  746 	.db #0x47	; 71	'G'
   02BE 48                  747 	.db #0x48	; 72	'H'
   02BF 49                  748 	.db #0x49	; 73	'I'
   02C0 46                  749 	.db #0x46	; 70	'F'
   02C1 47                  750 	.db #0x47	; 71	'G'
   02C2 48                  751 	.db #0x48	; 72	'H'
   02C3 49                  752 	.db #0x49	; 73	'I'
   02C4 46                  753 	.db #0x46	; 70	'F'
   02C5 47                  754 	.db #0x47	; 71	'G'
   02C6 48                  755 	.db #0x48	; 72	'H'
   02C7 4A                  756 	.db #0x4a	; 74	'J'
   02C8 4B                  757 	.db #0x4b	; 75	'K'
   02C9 4A                  758 	.db #0x4a	; 74	'J'
   02CA 4B                  759 	.db #0x4b	; 75	'K'
   02CB 56                  760 	.db #0x56	; 86	'V'
   02CC 57                  761 	.db #0x57	; 87	'W'
   02CD 58                  762 	.db #0x58	; 88	'X'
   02CE 59                  763 	.db #0x59	; 89	'Y'
   02CF 56                  764 	.db #0x56	; 86	'V'
   02D0 57                  765 	.db #0x57	; 87	'W'
   02D1 58                  766 	.db #0x58	; 88	'X'
   02D2 59                  767 	.db #0x59	; 89	'Y'
   02D3 56                  768 	.db #0x56	; 86	'V'
   02D4 57                  769 	.db #0x57	; 87	'W'
   02D5 58                  770 	.db #0x58	; 88	'X'
   02D6 59                  771 	.db #0x59	; 89	'Y'
   02D7 56                  772 	.db #0x56	; 86	'V'
   02D8 57                  773 	.db #0x57	; 87	'W'
   02D9 58                  774 	.db #0x58	; 88	'X'
   02DA 59                  775 	.db #0x59	; 89	'Y'
   02DB 56                  776 	.db #0x56	; 86	'V'
   02DC 57                  777 	.db #0x57	; 87	'W'
   02DD 58                  778 	.db #0x58	; 88	'X'
   02DE 59                  779 	.db #0x59	; 89	'Y'
   02DF 56                  780 	.db #0x56	; 86	'V'
   02E0 57                  781 	.db #0x57	; 87	'W'
   02E1 58                  782 	.db #0x58	; 88	'X'
   02E2 59                  783 	.db #0x59	; 89	'Y'
   02E3 56                  784 	.db #0x56	; 86	'V'
   02E4 57                  785 	.db #0x57	; 87	'W'
   02E5 58                  786 	.db #0x58	; 88	'X'
   02E6 4A                  787 	.db #0x4a	; 74	'J'
   02E7 4B                  788 	.db #0x4b	; 75	'K'
   02E8 4A                  789 	.db #0x4a	; 74	'J'
   02E9 4B                  790 	.db #0x4b	; 75	'K'
   02EA 66                  791 	.db #0x66	; 102	'f'
   02EB 67                  792 	.db #0x67	; 103	'g'
   02EC 68                  793 	.db #0x68	; 104	'h'
   02ED 69                  794 	.db #0x69	; 105	'i'
   02EE 66                  795 	.db #0x66	; 102	'f'
   02EF 67                  796 	.db #0x67	; 103	'g'
   02F0 68                  797 	.db #0x68	; 104	'h'
   02F1 69                  798 	.db #0x69	; 105	'i'
   02F2 66                  799 	.db #0x66	; 102	'f'
   02F3 67                  800 	.db #0x67	; 103	'g'
   02F4 68                  801 	.db #0x68	; 104	'h'
   02F5 69                  802 	.db #0x69	; 105	'i'
   02F6 66                  803 	.db #0x66	; 102	'f'
   02F7 67                  804 	.db #0x67	; 103	'g'
   02F8 68                  805 	.db #0x68	; 104	'h'
   02F9 69                  806 	.db #0x69	; 105	'i'
   02FA 66                  807 	.db #0x66	; 102	'f'
   02FB 67                  808 	.db #0x67	; 103	'g'
   02FC 68                  809 	.db #0x68	; 104	'h'
   02FD 69                  810 	.db #0x69	; 105	'i'
   02FE 66                  811 	.db #0x66	; 102	'f'
   02FF 67                  812 	.db #0x67	; 103	'g'
   0300 68                  813 	.db #0x68	; 104	'h'
   0301 69                  814 	.db #0x69	; 105	'i'
   0302 66                  815 	.db #0x66	; 102	'f'
   0303 67                  816 	.db #0x67	; 103	'g'
   0304 68                  817 	.db #0x68	; 104	'h'
   0305 4A                  818 	.db #0x4a	; 74	'J'
   0306 4B                  819 	.db #0x4b	; 75	'K'
   0307 4A                  820 	.db #0x4a	; 74	'J'
   0308 4B                  821 	.db #0x4b	; 75	'K'
   0309 76                  822 	.db #0x76	; 118	'v'
   030A 77                  823 	.db #0x77	; 119	'w'
   030B 78                  824 	.db #0x78	; 120	'x'
   030C 79                  825 	.db #0x79	; 121	'y'
   030D 76                  826 	.db #0x76	; 118	'v'
   030E 77                  827 	.db #0x77	; 119	'w'
   030F 78                  828 	.db #0x78	; 120	'x'
   0310 79                  829 	.db #0x79	; 121	'y'
   0311 76                  830 	.db #0x76	; 118	'v'
   0312 77                  831 	.db #0x77	; 119	'w'
   0313 78                  832 	.db #0x78	; 120	'x'
   0314 79                  833 	.db #0x79	; 121	'y'
   0315 76                  834 	.db #0x76	; 118	'v'
   0316 77                  835 	.db #0x77	; 119	'w'
   0317 78                  836 	.db #0x78	; 120	'x'
   0318 79                  837 	.db #0x79	; 121	'y'
   0319 76                  838 	.db #0x76	; 118	'v'
   031A 77                  839 	.db #0x77	; 119	'w'
   031B 78                  840 	.db #0x78	; 120	'x'
   031C 79                  841 	.db #0x79	; 121	'y'
   031D 76                  842 	.db #0x76	; 118	'v'
   031E 77                  843 	.db #0x77	; 119	'w'
   031F 78                  844 	.db #0x78	; 120	'x'
   0320 79                  845 	.db #0x79	; 121	'y'
   0321 76                  846 	.db #0x76	; 118	'v'
   0322 77                  847 	.db #0x77	; 119	'w'
   0323 78                  848 	.db #0x78	; 120	'x'
   0324 4A                  849 	.db #0x4a	; 74	'J'
   0325 4B                  850 	.db #0x4b	; 75	'K'
   0326 4A                  851 	.db #0x4a	; 74	'J'
   0327 4B                  852 	.db #0x4b	; 75	'K'
   0328 46                  853 	.db #0x46	; 70	'F'
   0329 47                  854 	.db #0x47	; 71	'G'
   032A 48                  855 	.db #0x48	; 72	'H'
   032B 49                  856 	.db #0x49	; 73	'I'
   032C 46                  857 	.db #0x46	; 70	'F'
   032D 47                  858 	.db #0x47	; 71	'G'
   032E 48                  859 	.db #0x48	; 72	'H'
   032F 49                  860 	.db #0x49	; 73	'I'
   0330 46                  861 	.db #0x46	; 70	'F'
   0331 47                  862 	.db #0x47	; 71	'G'
   0332 48                  863 	.db #0x48	; 72	'H'
   0333 49                  864 	.db #0x49	; 73	'I'
   0334 46                  865 	.db #0x46	; 70	'F'
   0335 47                  866 	.db #0x47	; 71	'G'
   0336 48                  867 	.db #0x48	; 72	'H'
   0337 49                  868 	.db #0x49	; 73	'I'
   0338 46                  869 	.db #0x46	; 70	'F'
   0339 47                  870 	.db #0x47	; 71	'G'
   033A 48                  871 	.db #0x48	; 72	'H'
   033B 49                  872 	.db #0x49	; 73	'I'
   033C 46                  873 	.db #0x46	; 70	'F'
   033D 47                  874 	.db #0x47	; 71	'G'
   033E 48                  875 	.db #0x48	; 72	'H'
   033F 49                  876 	.db #0x49	; 73	'I'
   0340 46                  877 	.db #0x46	; 70	'F'
   0341 47                  878 	.db #0x47	; 71	'G'
   0342 48                  879 	.db #0x48	; 72	'H'
   0343 4A                  880 	.db #0x4a	; 74	'J'
   0344 4B                  881 	.db #0x4b	; 75	'K'
   0345 4A                  882 	.db #0x4a	; 74	'J'
   0346 4B                  883 	.db #0x4b	; 75	'K'
   0347 56                  884 	.db #0x56	; 86	'V'
   0348 57                  885 	.db #0x57	; 87	'W'
   0349 58                  886 	.db #0x58	; 88	'X'
   034A 59                  887 	.db #0x59	; 89	'Y'
   034B 56                  888 	.db #0x56	; 86	'V'
   034C 57                  889 	.db #0x57	; 87	'W'
   034D 58                  890 	.db #0x58	; 88	'X'
   034E 59                  891 	.db #0x59	; 89	'Y'
   034F 56                  892 	.db #0x56	; 86	'V'
   0350 57                  893 	.db #0x57	; 87	'W'
   0351 58                  894 	.db #0x58	; 88	'X'
   0352 59                  895 	.db #0x59	; 89	'Y'
   0353 56                  896 	.db #0x56	; 86	'V'
   0354 57                  897 	.db #0x57	; 87	'W'
   0355 58                  898 	.db #0x58	; 88	'X'
   0356 59                  899 	.db #0x59	; 89	'Y'
   0357 56                  900 	.db #0x56	; 86	'V'
   0358 57                  901 	.db #0x57	; 87	'W'
   0359 58                  902 	.db #0x58	; 88	'X'
   035A 59                  903 	.db #0x59	; 89	'Y'
   035B 56                  904 	.db #0x56	; 86	'V'
   035C 57                  905 	.db #0x57	; 87	'W'
   035D 58                  906 	.db #0x58	; 88	'X'
   035E 59                  907 	.db #0x59	; 89	'Y'
   035F 56                  908 	.db #0x56	; 86	'V'
   0360 57                  909 	.db #0x57	; 87	'W'
   0361 58                  910 	.db #0x58	; 88	'X'
   0362 4A                  911 	.db #0x4a	; 74	'J'
   0363 4B                  912 	.db #0x4b	; 75	'K'
   0364 4A                  913 	.db #0x4a	; 74	'J'
   0365 4B                  914 	.db #0x4b	; 75	'K'
   0366 66                  915 	.db #0x66	; 102	'f'
   0367 67                  916 	.db #0x67	; 103	'g'
   0368 68                  917 	.db #0x68	; 104	'h'
   0369 69                  918 	.db #0x69	; 105	'i'
   036A 66                  919 	.db #0x66	; 102	'f'
   036B 67                  920 	.db #0x67	; 103	'g'
   036C 68                  921 	.db #0x68	; 104	'h'
   036D 69                  922 	.db #0x69	; 105	'i'
   036E 66                  923 	.db #0x66	; 102	'f'
   036F 67                  924 	.db #0x67	; 103	'g'
   0370 68                  925 	.db #0x68	; 104	'h'
   0371 69                  926 	.db #0x69	; 105	'i'
   0372 66                  927 	.db #0x66	; 102	'f'
   0373 67                  928 	.db #0x67	; 103	'g'
   0374 68                  929 	.db #0x68	; 104	'h'
   0375 69                  930 	.db #0x69	; 105	'i'
   0376 66                  931 	.db #0x66	; 102	'f'
   0377 67                  932 	.db #0x67	; 103	'g'
   0378 68                  933 	.db #0x68	; 104	'h'
   0379 69                  934 	.db #0x69	; 105	'i'
   037A 66                  935 	.db #0x66	; 102	'f'
   037B 67                  936 	.db #0x67	; 103	'g'
   037C 68                  937 	.db #0x68	; 104	'h'
   037D 69                  938 	.db #0x69	; 105	'i'
   037E 66                  939 	.db #0x66	; 102	'f'
   037F 67                  940 	.db #0x67	; 103	'g'
   0380 68                  941 	.db #0x68	; 104	'h'
   0381 4A                  942 	.db #0x4a	; 74	'J'
   0382 4B                  943 	.db #0x4b	; 75	'K'
   0383 4A                  944 	.db #0x4a	; 74	'J'
   0384 4B                  945 	.db #0x4b	; 75	'K'
   0385 76                  946 	.db #0x76	; 118	'v'
   0386 77                  947 	.db #0x77	; 119	'w'
   0387 78                  948 	.db #0x78	; 120	'x'
   0388 79                  949 	.db #0x79	; 121	'y'
   0389 76                  950 	.db #0x76	; 118	'v'
   038A 77                  951 	.db #0x77	; 119	'w'
   038B 78                  952 	.db #0x78	; 120	'x'
   038C 79                  953 	.db #0x79	; 121	'y'
   038D 76                  954 	.db #0x76	; 118	'v'
   038E 77                  955 	.db #0x77	; 119	'w'
   038F 78                  956 	.db #0x78	; 120	'x'
   0390 79                  957 	.db #0x79	; 121	'y'
   0391 76                  958 	.db #0x76	; 118	'v'
   0392 77                  959 	.db #0x77	; 119	'w'
   0393 78                  960 	.db #0x78	; 120	'x'
   0394 79                  961 	.db #0x79	; 121	'y'
   0395 76                  962 	.db #0x76	; 118	'v'
   0396 77                  963 	.db #0x77	; 119	'w'
   0397 78                  964 	.db #0x78	; 120	'x'
   0398 79                  965 	.db #0x79	; 121	'y'
   0399 76                  966 	.db #0x76	; 118	'v'
   039A 77                  967 	.db #0x77	; 119	'w'
   039B 78                  968 	.db #0x78	; 120	'x'
   039C 79                  969 	.db #0x79	; 121	'y'
   039D 76                  970 	.db #0x76	; 118	'v'
   039E 77                  971 	.db #0x77	; 119	'w'
   039F 78                  972 	.db #0x78	; 120	'x'
   03A0 4A                  973 	.db #0x4a	; 74	'J'
   03A1 4B                  974 	.db #0x4b	; 75	'K'
   03A2 4A                  975 	.db #0x4a	; 74	'J'
   03A3 4B                  976 	.db #0x4b	; 75	'K'
   03A4 46                  977 	.db #0x46	; 70	'F'
   03A5 47                  978 	.db #0x47	; 71	'G'
   03A6 48                  979 	.db #0x48	; 72	'H'
   03A7 49                  980 	.db #0x49	; 73	'I'
   03A8 46                  981 	.db #0x46	; 70	'F'
   03A9 47                  982 	.db #0x47	; 71	'G'
   03AA 48                  983 	.db #0x48	; 72	'H'
   03AB 49                  984 	.db #0x49	; 73	'I'
   03AC 46                  985 	.db #0x46	; 70	'F'
   03AD 47                  986 	.db #0x47	; 71	'G'
   03AE 48                  987 	.db #0x48	; 72	'H'
   03AF 49                  988 	.db #0x49	; 73	'I'
   03B0 46                  989 	.db #0x46	; 70	'F'
   03B1 47                  990 	.db #0x47	; 71	'G'
   03B2 48                  991 	.db #0x48	; 72	'H'
   03B3 49                  992 	.db #0x49	; 73	'I'
   03B4 46                  993 	.db #0x46	; 70	'F'
   03B5 47                  994 	.db #0x47	; 71	'G'
   03B6 48                  995 	.db #0x48	; 72	'H'
   03B7 49                  996 	.db #0x49	; 73	'I'
   03B8 46                  997 	.db #0x46	; 70	'F'
   03B9 47                  998 	.db #0x47	; 71	'G'
   03BA 48                  999 	.db #0x48	; 72	'H'
   03BB 49                 1000 	.db #0x49	; 73	'I'
   03BC 46                 1001 	.db #0x46	; 70	'F'
   03BD 47                 1002 	.db #0x47	; 71	'G'
   03BE 48                 1003 	.db #0x48	; 72	'H'
   03BF 4A                 1004 	.db #0x4a	; 74	'J'
   03C0 4B                 1005 	.db #0x4b	; 75	'K'
   03C1 4A                 1006 	.db #0x4a	; 74	'J'
   03C2 4B                 1007 	.db #0x4b	; 75	'K'
   03C3 56                 1008 	.db #0x56	; 86	'V'
   03C4 57                 1009 	.db #0x57	; 87	'W'
   03C5 58                 1010 	.db #0x58	; 88	'X'
   03C6 59                 1011 	.db #0x59	; 89	'Y'
   03C7 56                 1012 	.db #0x56	; 86	'V'
   03C8 57                 1013 	.db #0x57	; 87	'W'
   03C9 58                 1014 	.db #0x58	; 88	'X'
   03CA 59                 1015 	.db #0x59	; 89	'Y'
   03CB 56                 1016 	.db #0x56	; 86	'V'
   03CC 57                 1017 	.db #0x57	; 87	'W'
   03CD 58                 1018 	.db #0x58	; 88	'X'
   03CE 59                 1019 	.db #0x59	; 89	'Y'
   03CF 56                 1020 	.db #0x56	; 86	'V'
   03D0 57                 1021 	.db #0x57	; 87	'W'
   03D1 58                 1022 	.db #0x58	; 88	'X'
   03D2 59                 1023 	.db #0x59	; 89	'Y'
   03D3 56                 1024 	.db #0x56	; 86	'V'
   03D4 57                 1025 	.db #0x57	; 87	'W'
   03D5 58                 1026 	.db #0x58	; 88	'X'
   03D6 59                 1027 	.db #0x59	; 89	'Y'
   03D7 56                 1028 	.db #0x56	; 86	'V'
   03D8 57                 1029 	.db #0x57	; 87	'W'
   03D9 58                 1030 	.db #0x58	; 88	'X'
   03DA 59                 1031 	.db #0x59	; 89	'Y'
   03DB 56                 1032 	.db #0x56	; 86	'V'
   03DC 57                 1033 	.db #0x57	; 87	'W'
   03DD 58                 1034 	.db #0x58	; 88	'X'
   03DE 4A                 1035 	.db #0x4a	; 74	'J'
   03DF 4B                 1036 	.db #0x4b	; 75	'K'
   03E0 4A                 1037 	.db #0x4a	; 74	'J'
   03E1 4B                 1038 	.db #0x4b	; 75	'K'
   03E2 66                 1039 	.db #0x66	; 102	'f'
   03E3 67                 1040 	.db #0x67	; 103	'g'
   03E4 68                 1041 	.db #0x68	; 104	'h'
   03E5 69                 1042 	.db #0x69	; 105	'i'
   03E6 66                 1043 	.db #0x66	; 102	'f'
   03E7 67                 1044 	.db #0x67	; 103	'g'
   03E8 68                 1045 	.db #0x68	; 104	'h'
   03E9 69                 1046 	.db #0x69	; 105	'i'
   03EA 66                 1047 	.db #0x66	; 102	'f'
   03EB 67                 1048 	.db #0x67	; 103	'g'
   03EC 68                 1049 	.db #0x68	; 104	'h'
   03ED 69                 1050 	.db #0x69	; 105	'i'
   03EE 66                 1051 	.db #0x66	; 102	'f'
   03EF 67                 1052 	.db #0x67	; 103	'g'
   03F0 68                 1053 	.db #0x68	; 104	'h'
   03F1 69                 1054 	.db #0x69	; 105	'i'
   03F2 66                 1055 	.db #0x66	; 102	'f'
   03F3 67                 1056 	.db #0x67	; 103	'g'
   03F4 68                 1057 	.db #0x68	; 104	'h'
   03F5 69                 1058 	.db #0x69	; 105	'i'
   03F6 66                 1059 	.db #0x66	; 102	'f'
   03F7 67                 1060 	.db #0x67	; 103	'g'
   03F8 68                 1061 	.db #0x68	; 104	'h'
   03F9 69                 1062 	.db #0x69	; 105	'i'
   03FA 66                 1063 	.db #0x66	; 102	'f'
   03FB 67                 1064 	.db #0x67	; 103	'g'
   03FC 68                 1065 	.db #0x68	; 104	'h'
   03FD 4A                 1066 	.db #0x4a	; 74	'J'
   03FE 4B                 1067 	.db #0x4b	; 75	'K'
   03FF 4A                 1068 	.db #0x4a	; 74	'J'
   0400 4B                 1069 	.db #0x4b	; 75	'K'
   0401 76                 1070 	.db #0x76	; 118	'v'
   0402 77                 1071 	.db #0x77	; 119	'w'
   0403 78                 1072 	.db #0x78	; 120	'x'
   0404 79                 1073 	.db #0x79	; 121	'y'
   0405 76                 1074 	.db #0x76	; 118	'v'
   0406 77                 1075 	.db #0x77	; 119	'w'
   0407 78                 1076 	.db #0x78	; 120	'x'
   0408 79                 1077 	.db #0x79	; 121	'y'
   0409 76                 1078 	.db #0x76	; 118	'v'
   040A 77                 1079 	.db #0x77	; 119	'w'
   040B 78                 1080 	.db #0x78	; 120	'x'
   040C 79                 1081 	.db #0x79	; 121	'y'
   040D 76                 1082 	.db #0x76	; 118	'v'
   040E 77                 1083 	.db #0x77	; 119	'w'
   040F 78                 1084 	.db #0x78	; 120	'x'
   0410 79                 1085 	.db #0x79	; 121	'y'
   0411 76                 1086 	.db #0x76	; 118	'v'
   0412 77                 1087 	.db #0x77	; 119	'w'
   0413 78                 1088 	.db #0x78	; 120	'x'
   0414 79                 1089 	.db #0x79	; 121	'y'
   0415 76                 1090 	.db #0x76	; 118	'v'
   0416 77                 1091 	.db #0x77	; 119	'w'
   0417 78                 1092 	.db #0x78	; 120	'x'
   0418 79                 1093 	.db #0x79	; 121	'y'
   0419 76                 1094 	.db #0x76	; 118	'v'
   041A 77                 1095 	.db #0x77	; 119	'w'
   041B 78                 1096 	.db #0x78	; 120	'x'
   041C 4A                 1097 	.db #0x4a	; 74	'J'
   041D 4B                 1098 	.db #0x4b	; 75	'K'
   041E 4A                 1099 	.db #0x4a	; 74	'J'
   041F 4B                 1100 	.db #0x4b	; 75	'K'
   0420 46                 1101 	.db #0x46	; 70	'F'
   0421 47                 1102 	.db #0x47	; 71	'G'
   0422 48                 1103 	.db #0x48	; 72	'H'
   0423 49                 1104 	.db #0x49	; 73	'I'
   0424 46                 1105 	.db #0x46	; 70	'F'
   0425 47                 1106 	.db #0x47	; 71	'G'
   0426 48                 1107 	.db #0x48	; 72	'H'
   0427 49                 1108 	.db #0x49	; 73	'I'
   0428 46                 1109 	.db #0x46	; 70	'F'
   0429 47                 1110 	.db #0x47	; 71	'G'
   042A 48                 1111 	.db #0x48	; 72	'H'
   042B 49                 1112 	.db #0x49	; 73	'I'
   042C 46                 1113 	.db #0x46	; 70	'F'
   042D 47                 1114 	.db #0x47	; 71	'G'
   042E 48                 1115 	.db #0x48	; 72	'H'
   042F 49                 1116 	.db #0x49	; 73	'I'
   0430 46                 1117 	.db #0x46	; 70	'F'
   0431 47                 1118 	.db #0x47	; 71	'G'
   0432 48                 1119 	.db #0x48	; 72	'H'
   0433 49                 1120 	.db #0x49	; 73	'I'
   0434 46                 1121 	.db #0x46	; 70	'F'
   0435 47                 1122 	.db #0x47	; 71	'G'
   0436 48                 1123 	.db #0x48	; 72	'H'
   0437 49                 1124 	.db #0x49	; 73	'I'
   0438 46                 1125 	.db #0x46	; 70	'F'
   0439 47                 1126 	.db #0x47	; 71	'G'
   043A 48                 1127 	.db #0x48	; 72	'H'
   043B 4A                 1128 	.db #0x4a	; 74	'J'
   043C 4B                 1129 	.db #0x4b	; 75	'K'
   043D 4A                 1130 	.db #0x4a	; 74	'J'
   043E 4B                 1131 	.db #0x4b	; 75	'K'
   043F 56                 1132 	.db #0x56	; 86	'V'
   0440 57                 1133 	.db #0x57	; 87	'W'
   0441 58                 1134 	.db #0x58	; 88	'X'
   0442 59                 1135 	.db #0x59	; 89	'Y'
   0443 56                 1136 	.db #0x56	; 86	'V'
   0444 57                 1137 	.db #0x57	; 87	'W'
   0445 58                 1138 	.db #0x58	; 88	'X'
   0446 59                 1139 	.db #0x59	; 89	'Y'
   0447 56                 1140 	.db #0x56	; 86	'V'
   0448 57                 1141 	.db #0x57	; 87	'W'
   0449 58                 1142 	.db #0x58	; 88	'X'
   044A 59                 1143 	.db #0x59	; 89	'Y'
   044B 56                 1144 	.db #0x56	; 86	'V'
   044C 57                 1145 	.db #0x57	; 87	'W'
   044D 58                 1146 	.db #0x58	; 88	'X'
   044E 59                 1147 	.db #0x59	; 89	'Y'
   044F 56                 1148 	.db #0x56	; 86	'V'
   0450 57                 1149 	.db #0x57	; 87	'W'
   0451 58                 1150 	.db #0x58	; 88	'X'
   0452 59                 1151 	.db #0x59	; 89	'Y'
   0453 56                 1152 	.db #0x56	; 86	'V'
   0454 57                 1153 	.db #0x57	; 87	'W'
   0455 58                 1154 	.db #0x58	; 88	'X'
   0456 59                 1155 	.db #0x59	; 89	'Y'
   0457 56                 1156 	.db #0x56	; 86	'V'
   0458 57                 1157 	.db #0x57	; 87	'W'
   0459 58                 1158 	.db #0x58	; 88	'X'
   045A 4A                 1159 	.db #0x4a	; 74	'J'
   045B 4B                 1160 	.db #0x4b	; 75	'K'
   045C 4A                 1161 	.db #0x4a	; 74	'J'
   045D 4B                 1162 	.db #0x4b	; 75	'K'
   045E 66                 1163 	.db #0x66	; 102	'f'
   045F 67                 1164 	.db #0x67	; 103	'g'
   0460 68                 1165 	.db #0x68	; 104	'h'
   0461 69                 1166 	.db #0x69	; 105	'i'
   0462 66                 1167 	.db #0x66	; 102	'f'
   0463 67                 1168 	.db #0x67	; 103	'g'
   0464 68                 1169 	.db #0x68	; 104	'h'
   0465 69                 1170 	.db #0x69	; 105	'i'
   0466 66                 1171 	.db #0x66	; 102	'f'
   0467 67                 1172 	.db #0x67	; 103	'g'
   0468 68                 1173 	.db #0x68	; 104	'h'
   0469 69                 1174 	.db #0x69	; 105	'i'
   046A 66                 1175 	.db #0x66	; 102	'f'
   046B 67                 1176 	.db #0x67	; 103	'g'
   046C 68                 1177 	.db #0x68	; 104	'h'
   046D 69                 1178 	.db #0x69	; 105	'i'
   046E 66                 1179 	.db #0x66	; 102	'f'
   046F 67                 1180 	.db #0x67	; 103	'g'
   0470 68                 1181 	.db #0x68	; 104	'h'
   0471 69                 1182 	.db #0x69	; 105	'i'
   0472 66                 1183 	.db #0x66	; 102	'f'
   0473 67                 1184 	.db #0x67	; 103	'g'
   0474 68                 1185 	.db #0x68	; 104	'h'
   0475 69                 1186 	.db #0x69	; 105	'i'
   0476 66                 1187 	.db #0x66	; 102	'f'
   0477 67                 1188 	.db #0x67	; 103	'g'
   0478 68                 1189 	.db #0x68	; 104	'h'
   0479 4A                 1190 	.db #0x4a	; 74	'J'
   047A 4B                 1191 	.db #0x4b	; 75	'K'
   047B 4A                 1192 	.db #0x4a	; 74	'J'
   047C 4B                 1193 	.db #0x4b	; 75	'K'
   047D 76                 1194 	.db #0x76	; 118	'v'
   047E 77                 1195 	.db #0x77	; 119	'w'
   047F 78                 1196 	.db #0x78	; 120	'x'
   0480 79                 1197 	.db #0x79	; 121	'y'
   0481 76                 1198 	.db #0x76	; 118	'v'
   0482 77                 1199 	.db #0x77	; 119	'w'
   0483 78                 1200 	.db #0x78	; 120	'x'
   0484 79                 1201 	.db #0x79	; 121	'y'
   0485 76                 1202 	.db #0x76	; 118	'v'
   0486 77                 1203 	.db #0x77	; 119	'w'
   0487 78                 1204 	.db #0x78	; 120	'x'
   0488 79                 1205 	.db #0x79	; 121	'y'
   0489 76                 1206 	.db #0x76	; 118	'v'
   048A 77                 1207 	.db #0x77	; 119	'w'
   048B 78                 1208 	.db #0x78	; 120	'x'
   048C 79                 1209 	.db #0x79	; 121	'y'
   048D 76                 1210 	.db #0x76	; 118	'v'
   048E 77                 1211 	.db #0x77	; 119	'w'
   048F 78                 1212 	.db #0x78	; 120	'x'
   0490 79                 1213 	.db #0x79	; 121	'y'
   0491 76                 1214 	.db #0x76	; 118	'v'
   0492 77                 1215 	.db #0x77	; 119	'w'
   0493 78                 1216 	.db #0x78	; 120	'x'
   0494 79                 1217 	.db #0x79	; 121	'y'
   0495 76                 1218 	.db #0x76	; 118	'v'
   0496 77                 1219 	.db #0x77	; 119	'w'
   0497 78                 1220 	.db #0x78	; 120	'x'
   0498 4A                 1221 	.db #0x4a	; 74	'J'
   0499 4B                 1222 	.db #0x4b	; 75	'K'
   049A 4A                 1223 	.db #0x4a	; 74	'J'
   049B 4B                 1224 	.db #0x4b	; 75	'K'
   049C 46                 1225 	.db #0x46	; 70	'F'
   049D 47                 1226 	.db #0x47	; 71	'G'
   049E 48                 1227 	.db #0x48	; 72	'H'
   049F 49                 1228 	.db #0x49	; 73	'I'
   04A0 46                 1229 	.db #0x46	; 70	'F'
   04A1 47                 1230 	.db #0x47	; 71	'G'
   04A2 48                 1231 	.db #0x48	; 72	'H'
   04A3 49                 1232 	.db #0x49	; 73	'I'
   04A4 46                 1233 	.db #0x46	; 70	'F'
   04A5 47                 1234 	.db #0x47	; 71	'G'
   04A6 48                 1235 	.db #0x48	; 72	'H'
   04A7 49                 1236 	.db #0x49	; 73	'I'
   04A8 46                 1237 	.db #0x46	; 70	'F'
   04A9 47                 1238 	.db #0x47	; 71	'G'
   04AA 48                 1239 	.db #0x48	; 72	'H'
   04AB 49                 1240 	.db #0x49	; 73	'I'
   04AC 46                 1241 	.db #0x46	; 70	'F'
   04AD 47                 1242 	.db #0x47	; 71	'G'
   04AE 48                 1243 	.db #0x48	; 72	'H'
   04AF 49                 1244 	.db #0x49	; 73	'I'
   04B0 46                 1245 	.db #0x46	; 70	'F'
   04B1 47                 1246 	.db #0x47	; 71	'G'
   04B2 48                 1247 	.db #0x48	; 72	'H'
   04B3 49                 1248 	.db #0x49	; 73	'I'
   04B4 46                 1249 	.db #0x46	; 70	'F'
   04B5 47                 1250 	.db #0x47	; 71	'G'
   04B6 48                 1251 	.db #0x48	; 72	'H'
   04B7 4A                 1252 	.db #0x4a	; 74	'J'
   04B8 4B                 1253 	.db #0x4b	; 75	'K'
   04B9 4A                 1254 	.db #0x4a	; 74	'J'
   04BA 4B                 1255 	.db #0x4b	; 75	'K'
   04BB 56                 1256 	.db #0x56	; 86	'V'
   04BC 57                 1257 	.db #0x57	; 87	'W'
   04BD 58                 1258 	.db #0x58	; 88	'X'
   04BE 59                 1259 	.db #0x59	; 89	'Y'
   04BF 56                 1260 	.db #0x56	; 86	'V'
   04C0 57                 1261 	.db #0x57	; 87	'W'
   04C1 58                 1262 	.db #0x58	; 88	'X'
   04C2 59                 1263 	.db #0x59	; 89	'Y'
   04C3 56                 1264 	.db #0x56	; 86	'V'
   04C4 57                 1265 	.db #0x57	; 87	'W'
   04C5 58                 1266 	.db #0x58	; 88	'X'
   04C6 59                 1267 	.db #0x59	; 89	'Y'
   04C7 56                 1268 	.db #0x56	; 86	'V'
   04C8 57                 1269 	.db #0x57	; 87	'W'
   04C9 58                 1270 	.db #0x58	; 88	'X'
   04CA 59                 1271 	.db #0x59	; 89	'Y'
   04CB 56                 1272 	.db #0x56	; 86	'V'
   04CC 57                 1273 	.db #0x57	; 87	'W'
   04CD 58                 1274 	.db #0x58	; 88	'X'
   04CE 59                 1275 	.db #0x59	; 89	'Y'
   04CF 56                 1276 	.db #0x56	; 86	'V'
   04D0 57                 1277 	.db #0x57	; 87	'W'
   04D1 58                 1278 	.db #0x58	; 88	'X'
   04D2 59                 1279 	.db #0x59	; 89	'Y'
   04D3 56                 1280 	.db #0x56	; 86	'V'
   04D4 57                 1281 	.db #0x57	; 87	'W'
   04D5 58                 1282 	.db #0x58	; 88	'X'
   04D6 4A                 1283 	.db #0x4a	; 74	'J'
   04D7 4B                 1284 	.db #0x4b	; 75	'K'
   04D8 4A                 1285 	.db #0x4a	; 74	'J'
   04D9 4B                 1286 	.db #0x4b	; 75	'K'
   04DA 66                 1287 	.db #0x66	; 102	'f'
   04DB 67                 1288 	.db #0x67	; 103	'g'
   04DC 68                 1289 	.db #0x68	; 104	'h'
   04DD 69                 1290 	.db #0x69	; 105	'i'
   04DE 66                 1291 	.db #0x66	; 102	'f'
   04DF 67                 1292 	.db #0x67	; 103	'g'
   04E0 68                 1293 	.db #0x68	; 104	'h'
   04E1 69                 1294 	.db #0x69	; 105	'i'
   04E2 66                 1295 	.db #0x66	; 102	'f'
   04E3 67                 1296 	.db #0x67	; 103	'g'
   04E4 68                 1297 	.db #0x68	; 104	'h'
   04E5 69                 1298 	.db #0x69	; 105	'i'
   04E6 66                 1299 	.db #0x66	; 102	'f'
   04E7 67                 1300 	.db #0x67	; 103	'g'
   04E8 68                 1301 	.db #0x68	; 104	'h'
   04E9 69                 1302 	.db #0x69	; 105	'i'
   04EA 66                 1303 	.db #0x66	; 102	'f'
   04EB 67                 1304 	.db #0x67	; 103	'g'
   04EC 68                 1305 	.db #0x68	; 104	'h'
   04ED 69                 1306 	.db #0x69	; 105	'i'
   04EE 66                 1307 	.db #0x66	; 102	'f'
   04EF 67                 1308 	.db #0x67	; 103	'g'
   04F0 68                 1309 	.db #0x68	; 104	'h'
   04F1 69                 1310 	.db #0x69	; 105	'i'
   04F2 66                 1311 	.db #0x66	; 102	'f'
   04F3 67                 1312 	.db #0x67	; 103	'g'
   04F4 68                 1313 	.db #0x68	; 104	'h'
   04F5 4A                 1314 	.db #0x4a	; 74	'J'
   04F6 4B                 1315 	.db #0x4b	; 75	'K'
   04F7 4A                 1316 	.db #0x4a	; 74	'J'
   04F8 4B                 1317 	.db #0x4b	; 75	'K'
   04F9 76                 1318 	.db #0x76	; 118	'v'
   04FA 77                 1319 	.db #0x77	; 119	'w'
   04FB 78                 1320 	.db #0x78	; 120	'x'
   04FC 79                 1321 	.db #0x79	; 121	'y'
   04FD 76                 1322 	.db #0x76	; 118	'v'
   04FE 77                 1323 	.db #0x77	; 119	'w'
   04FF 78                 1324 	.db #0x78	; 120	'x'
   0500 79                 1325 	.db #0x79	; 121	'y'
   0501 76                 1326 	.db #0x76	; 118	'v'
   0502 77                 1327 	.db #0x77	; 119	'w'
   0503 78                 1328 	.db #0x78	; 120	'x'
   0504 79                 1329 	.db #0x79	; 121	'y'
   0505 76                 1330 	.db #0x76	; 118	'v'
   0506 77                 1331 	.db #0x77	; 119	'w'
   0507 78                 1332 	.db #0x78	; 120	'x'
   0508 79                 1333 	.db #0x79	; 121	'y'
   0509 76                 1334 	.db #0x76	; 118	'v'
   050A 77                 1335 	.db #0x77	; 119	'w'
   050B 78                 1336 	.db #0x78	; 120	'x'
   050C 79                 1337 	.db #0x79	; 121	'y'
   050D 76                 1338 	.db #0x76	; 118	'v'
   050E 77                 1339 	.db #0x77	; 119	'w'
   050F 78                 1340 	.db #0x78	; 120	'x'
   0510 79                 1341 	.db #0x79	; 121	'y'
   0511 76                 1342 	.db #0x76	; 118	'v'
   0512 77                 1343 	.db #0x77	; 119	'w'
   0513 78                 1344 	.db #0x78	; 120	'x'
   0514 4A                 1345 	.db #0x4a	; 74	'J'
   0515 4B                 1346 	.db #0x4b	; 75	'K'
   0516 4A                 1347 	.db #0x4a	; 74	'J'
   0517 4B                 1348 	.db #0x4b	; 75	'K'
   0518 46                 1349 	.db #0x46	; 70	'F'
   0519 47                 1350 	.db #0x47	; 71	'G'
   051A 48                 1351 	.db #0x48	; 72	'H'
   051B 49                 1352 	.db #0x49	; 73	'I'
   051C 46                 1353 	.db #0x46	; 70	'F'
   051D 47                 1354 	.db #0x47	; 71	'G'
   051E 48                 1355 	.db #0x48	; 72	'H'
   051F 49                 1356 	.db #0x49	; 73	'I'
   0520 46                 1357 	.db #0x46	; 70	'F'
   0521 47                 1358 	.db #0x47	; 71	'G'
   0522 48                 1359 	.db #0x48	; 72	'H'
   0523 49                 1360 	.db #0x49	; 73	'I'
   0524 46                 1361 	.db #0x46	; 70	'F'
   0525 47                 1362 	.db #0x47	; 71	'G'
   0526 48                 1363 	.db #0x48	; 72	'H'
   0527 49                 1364 	.db #0x49	; 73	'I'
   0528 46                 1365 	.db #0x46	; 70	'F'
   0529 47                 1366 	.db #0x47	; 71	'G'
   052A 48                 1367 	.db #0x48	; 72	'H'
   052B 49                 1368 	.db #0x49	; 73	'I'
   052C 46                 1369 	.db #0x46	; 70	'F'
   052D 47                 1370 	.db #0x47	; 71	'G'
   052E 48                 1371 	.db #0x48	; 72	'H'
   052F 49                 1372 	.db #0x49	; 73	'I'
   0530 46                 1373 	.db #0x46	; 70	'F'
   0531 47                 1374 	.db #0x47	; 71	'G'
   0532 48                 1375 	.db #0x48	; 72	'H'
   0533 4A                 1376 	.db #0x4a	; 74	'J'
   0534 4B                 1377 	.db #0x4b	; 75	'K'
   0535 4A                 1378 	.db #0x4a	; 74	'J'
   0536 4B                 1379 	.db #0x4b	; 75	'K'
   0537 56                 1380 	.db #0x56	; 86	'V'
   0538 57                 1381 	.db #0x57	; 87	'W'
   0539 58                 1382 	.db #0x58	; 88	'X'
   053A 59                 1383 	.db #0x59	; 89	'Y'
   053B 56                 1384 	.db #0x56	; 86	'V'
   053C 57                 1385 	.db #0x57	; 87	'W'
   053D 58                 1386 	.db #0x58	; 88	'X'
   053E 59                 1387 	.db #0x59	; 89	'Y'
   053F 56                 1388 	.db #0x56	; 86	'V'
   0540 57                 1389 	.db #0x57	; 87	'W'
   0541 58                 1390 	.db #0x58	; 88	'X'
   0542 59                 1391 	.db #0x59	; 89	'Y'
   0543 56                 1392 	.db #0x56	; 86	'V'
   0544 57                 1393 	.db #0x57	; 87	'W'
   0545 58                 1394 	.db #0x58	; 88	'X'
   0546 59                 1395 	.db #0x59	; 89	'Y'
   0547 56                 1396 	.db #0x56	; 86	'V'
   0548 57                 1397 	.db #0x57	; 87	'W'
   0549 58                 1398 	.db #0x58	; 88	'X'
   054A 59                 1399 	.db #0x59	; 89	'Y'
   054B 56                 1400 	.db #0x56	; 86	'V'
   054C 57                 1401 	.db #0x57	; 87	'W'
   054D 58                 1402 	.db #0x58	; 88	'X'
   054E 59                 1403 	.db #0x59	; 89	'Y'
   054F 56                 1404 	.db #0x56	; 86	'V'
   0550 57                 1405 	.db #0x57	; 87	'W'
   0551 58                 1406 	.db #0x58	; 88	'X'
   0552 4A                 1407 	.db #0x4a	; 74	'J'
   0553 4B                 1408 	.db #0x4b	; 75	'K'
   0554 4A                 1409 	.db #0x4a	; 74	'J'
   0555 4B                 1410 	.db #0x4b	; 75	'K'
   0556 66                 1411 	.db #0x66	; 102	'f'
   0557 67                 1412 	.db #0x67	; 103	'g'
   0558 68                 1413 	.db #0x68	; 104	'h'
   0559 69                 1414 	.db #0x69	; 105	'i'
   055A 66                 1415 	.db #0x66	; 102	'f'
   055B 67                 1416 	.db #0x67	; 103	'g'
   055C 68                 1417 	.db #0x68	; 104	'h'
   055D 69                 1418 	.db #0x69	; 105	'i'
   055E 66                 1419 	.db #0x66	; 102	'f'
   055F 67                 1420 	.db #0x67	; 103	'g'
   0560 68                 1421 	.db #0x68	; 104	'h'
   0561 69                 1422 	.db #0x69	; 105	'i'
   0562 66                 1423 	.db #0x66	; 102	'f'
   0563 67                 1424 	.db #0x67	; 103	'g'
   0564 68                 1425 	.db #0x68	; 104	'h'
   0565 69                 1426 	.db #0x69	; 105	'i'
   0566 66                 1427 	.db #0x66	; 102	'f'
   0567 67                 1428 	.db #0x67	; 103	'g'
   0568 68                 1429 	.db #0x68	; 104	'h'
   0569 69                 1430 	.db #0x69	; 105	'i'
   056A 66                 1431 	.db #0x66	; 102	'f'
   056B 67                 1432 	.db #0x67	; 103	'g'
   056C 68                 1433 	.db #0x68	; 104	'h'
   056D 69                 1434 	.db #0x69	; 105	'i'
   056E 66                 1435 	.db #0x66	; 102	'f'
   056F 67                 1436 	.db #0x67	; 103	'g'
   0570 68                 1437 	.db #0x68	; 104	'h'
   0571 4A                 1438 	.db #0x4a	; 74	'J'
   0572 4B                 1439 	.db #0x4b	; 75	'K'
   0573 7A                 1440 	.db #0x7a	; 122	'z'
   0574 7B                 1441 	.db #0x7b	; 123
   0575 76                 1442 	.db #0x76	; 118	'v'
   0576 77                 1443 	.db #0x77	; 119	'w'
   0577 78                 1444 	.db #0x78	; 120	'x'
   0578 79                 1445 	.db #0x79	; 121	'y'
   0579 76                 1446 	.db #0x76	; 118	'v'
   057A 77                 1447 	.db #0x77	; 119	'w'
   057B 78                 1448 	.db #0x78	; 120	'x'
   057C 79                 1449 	.db #0x79	; 121	'y'
   057D 76                 1450 	.db #0x76	; 118	'v'
   057E 77                 1451 	.db #0x77	; 119	'w'
   057F 78                 1452 	.db #0x78	; 120	'x'
   0580 79                 1453 	.db #0x79	; 121	'y'
   0581 76                 1454 	.db #0x76	; 118	'v'
   0582 77                 1455 	.db #0x77	; 119	'w'
   0583 78                 1456 	.db #0x78	; 120	'x'
   0584 79                 1457 	.db #0x79	; 121	'y'
   0585 76                 1458 	.db #0x76	; 118	'v'
   0586 77                 1459 	.db #0x77	; 119	'w'
   0587 78                 1460 	.db #0x78	; 120	'x'
   0588 79                 1461 	.db #0x79	; 121	'y'
   0589 76                 1462 	.db #0x76	; 118	'v'
   058A 77                 1463 	.db #0x77	; 119	'w'
   058B 78                 1464 	.db #0x78	; 120	'x'
   058C 79                 1465 	.db #0x79	; 121	'y'
   058D 76                 1466 	.db #0x76	; 118	'v'
   058E 77                 1467 	.db #0x77	; 119	'w'
   058F 78                 1468 	.db #0x78	; 120	'x'
   0590 7A                 1469 	.db #0x7a	; 122	'z'
   0591 7B                 1470 	.db #0x7b	; 123
                           1471 	.area _INITIALIZER
                           1472 	.area _CABS (ABS)
