                              1 ;--------------------------------------------------------
                              2 ; File Created by SDCC : free open source ANSI-C Compiler
                              3 ; Version 3.6.8 #9946 (Linux)
                              4 ;--------------------------------------------------------
                              5 	.module tiles
                              6 	.optsdcc -mz80
                              7 	
                              8 ;--------------------------------------------------------
                              9 ; Public variables in this module
                             10 ;--------------------------------------------------------
                             11 	.globl _g_tiles_31
                             12 	.globl _g_tiles_30
                             13 	.globl _g_tiles_29
                             14 	.globl _g_tiles_28
                             15 	.globl _g_tiles_27
                             16 	.globl _g_tiles_26
                             17 	.globl _g_tiles_25
                             18 	.globl _g_tiles_24
                             19 	.globl _g_tiles_23
                             20 	.globl _g_tiles_22
                             21 	.globl _g_tiles_21
                             22 	.globl _g_tiles_20
                             23 	.globl _g_tiles_19
                             24 	.globl _g_tiles_18
                             25 	.globl _g_tiles_17
                             26 	.globl _g_tiles_16
                             27 	.globl _g_tiles_15
                             28 	.globl _g_tiles_14
                             29 	.globl _g_tiles_13
                             30 	.globl _g_tiles_12
                             31 	.globl _g_tiles_11
                             32 	.globl _g_tiles_10
                             33 	.globl _g_tiles_09
                             34 	.globl _g_tiles_08
                             35 	.globl _g_tiles_07
                             36 	.globl _g_tiles_06
                             37 	.globl _g_tiles_05
                             38 	.globl _g_tiles_04
                             39 	.globl _g_tiles_03
                             40 	.globl _g_tiles_02
                             41 	.globl _g_tiles_01
                             42 	.globl _g_tiles_00
                             43 ;--------------------------------------------------------
                             44 ; special function registers
                             45 ;--------------------------------------------------------
                             46 ;--------------------------------------------------------
                             47 ; ram data
                             48 ;--------------------------------------------------------
                             49 	.area _DATA
                             50 ;--------------------------------------------------------
                             51 ; ram data
                             52 ;--------------------------------------------------------
                             53 	.area _INITIALIZED
                             54 ;--------------------------------------------------------
                             55 ; absolute external ram data
                             56 ;--------------------------------------------------------
                             57 	.area _DABS (ABS)
                             58 ;--------------------------------------------------------
                             59 ; global & static initialisations
                             60 ;--------------------------------------------------------
                             61 	.area _HOME
                             62 	.area _GSINIT
                             63 	.area _GSFINAL
                             64 	.area _GSINIT
                             65 ;--------------------------------------------------------
                             66 ; Home
                             67 ;--------------------------------------------------------
                             68 	.area _HOME
                             69 	.area _HOME
                             70 ;--------------------------------------------------------
                             71 ; code
                             72 ;--------------------------------------------------------
                             73 	.area _CODE
                             74 	.area _CODE
   0000                      75 _g_tiles_00:
   0000 C0                   76 	.db #0xc0	; 192
   0001 C0                   77 	.db #0xc0	; 192
   0002 C0                   78 	.db #0xc0	; 192
   0003 C0                   79 	.db #0xc0	; 192
   0004 60                   80 	.db #0x60	; 96
   0005 30                   81 	.db #0x30	; 48	'0'
   0006 30                   82 	.db #0x30	; 48	'0'
   0007 90                   83 	.db #0x90	; 144
   0008 90                   84 	.db #0x90	; 144
   0009 30                   85 	.db #0x30	; 48	'0'
   000A 30                   86 	.db #0x30	; 48	'0'
   000B 60                   87 	.db #0x60	; 96
   000C 60                   88 	.db #0x60	; 96
   000D 30                   89 	.db #0x30	; 48	'0'
   000E 30                   90 	.db #0x30	; 48	'0'
   000F 90                   91 	.db #0x90	; 144
   0010 90                   92 	.db #0x90	; 144
   0011 30                   93 	.db #0x30	; 48	'0'
   0012 30                   94 	.db #0x30	; 48	'0'
   0013 60                   95 	.db #0x60	; 96
   0014 C0                   96 	.db #0xc0	; 192
   0015 C0                   97 	.db #0xc0	; 192
   0016 C0                   98 	.db #0xc0	; 192
   0017 C0                   99 	.db #0xc0	; 192
   0018 90                  100 	.db #0x90	; 144
   0019 30                  101 	.db #0x30	; 48	'0'
   001A 30                  102 	.db #0x30	; 48	'0'
   001B 60                  103 	.db #0x60	; 96
   001C 60                  104 	.db #0x60	; 96
   001D 30                  105 	.db #0x30	; 48	'0'
   001E 30                  106 	.db #0x30	; 48	'0'
   001F 90                  107 	.db #0x90	; 144
   0020                     108 _g_tiles_01:
   0020 C0                  109 	.db #0xc0	; 192
   0021 C0                  110 	.db #0xc0	; 192
   0022 C0                  111 	.db #0xc0	; 192
   0023 C0                  112 	.db #0xc0	; 192
   0024 E2                  113 	.db #0xe2	; 226
   0025 F3                  114 	.db #0xf3	; 243
   0026 F3                  115 	.db #0xf3	; 243
   0027 D1                  116 	.db #0xd1	; 209
   0028 D1                  117 	.db #0xd1	; 209
   0029 F3                  118 	.db #0xf3	; 243
   002A F3                  119 	.db #0xf3	; 243
   002B E2                  120 	.db #0xe2	; 226
   002C E2                  121 	.db #0xe2	; 226
   002D F3                  122 	.db #0xf3	; 243
   002E F3                  123 	.db #0xf3	; 243
   002F D1                  124 	.db #0xd1	; 209
   0030 D1                  125 	.db #0xd1	; 209
   0031 F3                  126 	.db #0xf3	; 243
   0032 F3                  127 	.db #0xf3	; 243
   0033 E2                  128 	.db #0xe2	; 226
   0034 C0                  129 	.db #0xc0	; 192
   0035 C0                  130 	.db #0xc0	; 192
   0036 C0                  131 	.db #0xc0	; 192
   0037 C0                  132 	.db #0xc0	; 192
   0038 D1                  133 	.db #0xd1	; 209
   0039 F3                  134 	.db #0xf3	; 243
   003A F3                  135 	.db #0xf3	; 243
   003B E2                  136 	.db #0xe2	; 226
   003C E2                  137 	.db #0xe2	; 226
   003D F3                  138 	.db #0xf3	; 243
   003E F3                  139 	.db #0xf3	; 243
   003F D1                  140 	.db #0xd1	; 209
   0040                     141 _g_tiles_02:
   0040 C0                  142 	.db #0xc0	; 192
   0041 C0                  143 	.db #0xc0	; 192
   0042 C0                  144 	.db #0xc0	; 192
   0043 C0                  145 	.db #0xc0	; 192
   0044 68                  146 	.db #0x68	; 104	'h'
   0045 3C                  147 	.db #0x3c	; 60
   0046 3C                  148 	.db #0x3c	; 60
   0047 94                  149 	.db #0x94	; 148
   0048 94                  150 	.db #0x94	; 148
   0049 3C                  151 	.db #0x3c	; 60
   004A 3C                  152 	.db #0x3c	; 60
   004B 68                  153 	.db #0x68	; 104	'h'
   004C 68                  154 	.db #0x68	; 104	'h'
   004D 3C                  155 	.db #0x3c	; 60
   004E 3C                  156 	.db #0x3c	; 60
   004F 94                  157 	.db #0x94	; 148
   0050 94                  158 	.db #0x94	; 148
   0051 3C                  159 	.db #0x3c	; 60
   0052 3C                  160 	.db #0x3c	; 60
   0053 68                  161 	.db #0x68	; 104	'h'
   0054 C0                  162 	.db #0xc0	; 192
   0055 C0                  163 	.db #0xc0	; 192
   0056 C0                  164 	.db #0xc0	; 192
   0057 C0                  165 	.db #0xc0	; 192
   0058 94                  166 	.db #0x94	; 148
   0059 3C                  167 	.db #0x3c	; 60
   005A 3C                  168 	.db #0x3c	; 60
   005B 68                  169 	.db #0x68	; 104	'h'
   005C 68                  170 	.db #0x68	; 104	'h'
   005D 3C                  171 	.db #0x3c	; 60
   005E 3C                  172 	.db #0x3c	; 60
   005F 94                  173 	.db #0x94	; 148
   0060                     174 _g_tiles_03:
   0060 C0                  175 	.db #0xc0	; 192
   0061 C0                  176 	.db #0xc0	; 192
   0062 C0                  177 	.db #0xc0	; 192
   0063 C0                  178 	.db #0xc0	; 192
   0064 40                  179 	.db #0x40	; 64
   0065 00                  180 	.db #0x00	; 0
   0066 00                  181 	.db #0x00	; 0
   0067 80                  182 	.db #0x80	; 128
   0068 80                  183 	.db #0x80	; 128
   0069 00                  184 	.db #0x00	; 0
   006A 00                  185 	.db #0x00	; 0
   006B 40                  186 	.db #0x40	; 64
   006C 40                  187 	.db #0x40	; 64
   006D 00                  188 	.db #0x00	; 0
   006E 00                  189 	.db #0x00	; 0
   006F 80                  190 	.db #0x80	; 128
   0070 80                  191 	.db #0x80	; 128
   0071 00                  192 	.db #0x00	; 0
   0072 00                  193 	.db #0x00	; 0
   0073 40                  194 	.db #0x40	; 64
   0074 C0                  195 	.db #0xc0	; 192
   0075 C0                  196 	.db #0xc0	; 192
   0076 C0                  197 	.db #0xc0	; 192
   0077 C0                  198 	.db #0xc0	; 192
   0078 80                  199 	.db #0x80	; 128
   0079 00                  200 	.db #0x00	; 0
   007A 00                  201 	.db #0x00	; 0
   007B 40                  202 	.db #0x40	; 64
   007C 40                  203 	.db #0x40	; 64
   007D 00                  204 	.db #0x00	; 0
   007E 00                  205 	.db #0x00	; 0
   007F 80                  206 	.db #0x80	; 128
   0080                     207 _g_tiles_04:
   0080 C0                  208 	.db #0xc0	; 192
   0081 C0                  209 	.db #0xc0	; 192
   0082 C0                  210 	.db #0xc0	; 192
   0083 C0                  211 	.db #0xc0	; 192
   0084 40                  212 	.db #0x40	; 64
   0085 00                  213 	.db #0x00	; 0
   0086 00                  214 	.db #0x00	; 0
   0087 80                  215 	.db #0x80	; 128
   0088 80                  216 	.db #0x80	; 128
   0089 00                  217 	.db #0x00	; 0
   008A 00                  218 	.db #0x00	; 0
   008B 40                  219 	.db #0x40	; 64
   008C 40                  220 	.db #0x40	; 64
   008D 00                  221 	.db #0x00	; 0
   008E 00                  222 	.db #0x00	; 0
   008F 80                  223 	.db #0x80	; 128
   0090 80                  224 	.db #0x80	; 128
   0091 00                  225 	.db #0x00	; 0
   0092 00                  226 	.db #0x00	; 0
   0093 40                  227 	.db #0x40	; 64
   0094 C0                  228 	.db #0xc0	; 192
   0095 C0                  229 	.db #0xc0	; 192
   0096 C0                  230 	.db #0xc0	; 192
   0097 C0                  231 	.db #0xc0	; 192
   0098 80                  232 	.db #0x80	; 128
   0099 00                  233 	.db #0x00	; 0
   009A 00                  234 	.db #0x00	; 0
   009B 40                  235 	.db #0x40	; 64
   009C 40                  236 	.db #0x40	; 64
   009D 00                  237 	.db #0x00	; 0
   009E 00                  238 	.db #0x00	; 0
   009F 80                  239 	.db #0x80	; 128
   00A0                     240 _g_tiles_05:
   00A0 C0                  241 	.db #0xc0	; 192
   00A1 C0                  242 	.db #0xc0	; 192
   00A2 C0                  243 	.db #0xc0	; 192
   00A3 C0                  244 	.db #0xc0	; 192
   00A4 C0                  245 	.db #0xc0	; 192
   00A5 FF                  246 	.db #0xff	; 255
   00A6 FF                  247 	.db #0xff	; 255
   00A7 D5                  248 	.db #0xd5	; 213
   00A8 D5                  249 	.db #0xd5	; 213
   00A9 FF                  250 	.db #0xff	; 255
   00AA FF                  251 	.db #0xff	; 255
   00AB C0                  252 	.db #0xc0	; 192
   00AC C0                  253 	.db #0xc0	; 192
   00AD FF                  254 	.db #0xff	; 255
   00AE FF                  255 	.db #0xff	; 255
   00AF D5                  256 	.db #0xd5	; 213
   00B0 D5                  257 	.db #0xd5	; 213
   00B1 FF                  258 	.db #0xff	; 255
   00B2 FF                  259 	.db #0xff	; 255
   00B3 C0                  260 	.db #0xc0	; 192
   00B4 C0                  261 	.db #0xc0	; 192
   00B5 C0                  262 	.db #0xc0	; 192
   00B6 C0                  263 	.db #0xc0	; 192
   00B7 C0                  264 	.db #0xc0	; 192
   00B8 D5                  265 	.db #0xd5	; 213
   00B9 FF                  266 	.db #0xff	; 255
   00BA FF                  267 	.db #0xff	; 255
   00BB C0                  268 	.db #0xc0	; 192
   00BC C0                  269 	.db #0xc0	; 192
   00BD FF                  270 	.db #0xff	; 255
   00BE FF                  271 	.db #0xff	; 255
   00BF D5                  272 	.db #0xd5	; 213
   00C0                     273 _g_tiles_06:
   00C0 80                  274 	.db #0x80	; 128
   00C1 80                  275 	.db #0x80	; 128
   00C2 08                  276 	.db #0x08	; 8
   00C3 80                  277 	.db #0x80	; 128
   00C4 48                  278 	.db #0x48	; 72	'H'
   00C5 04                  279 	.db #0x04	; 4
   00C6 40                  280 	.db #0x40	; 64
   00C7 40                  281 	.db #0x40	; 64
   00C8 40                  282 	.db #0x40	; 64
   00C9 04                  283 	.db #0x04	; 4
   00CA 68                  284 	.db #0x68	; 104	'h'
   00CB 40                  285 	.db #0x40	; 64
   00CC 84                  286 	.db #0x84	; 132
   00CD 80                  287 	.db #0x80	; 128
   00CE 80                  288 	.db #0x80	; 128
   00CF 80                  289 	.db #0x80	; 128
   00D0 84                  290 	.db #0x84	; 132
   00D1 80                  291 	.db #0x80	; 128
   00D2 00                  292 	.db #0x00	; 0
   00D3 28                  293 	.db #0x28	; 40
   00D4 14                  294 	.db #0x14	; 20
   00D5 00                  295 	.db #0x00	; 0
   00D6 40                  296 	.db #0x40	; 64
   00D7 48                  297 	.db #0x48	; 72	'H'
   00D8 04                  298 	.db #0x04	; 4
   00D9 40                  299 	.db #0x40	; 64
   00DA 00                  300 	.db #0x00	; 0
   00DB 28                  301 	.db #0x28	; 40
   00DC 00                  302 	.db #0x00	; 0
   00DD 14                  303 	.db #0x14	; 20
   00DE 08                  304 	.db #0x08	; 8
   00DF 80                  305 	.db #0x80	; 128
   00E0                     306 _g_tiles_07:
   00E0 80                  307 	.db #0x80	; 128
   00E1 84                  308 	.db #0x84	; 132
   00E2 80                  309 	.db #0x80	; 128
   00E3 84                  310 	.db #0x84	; 132
   00E4 48                  311 	.db #0x48	; 72	'H'
   00E5 40                  312 	.db #0x40	; 64
   00E6 48                  313 	.db #0x48	; 72	'H'
   00E7 04                  314 	.db #0x04	; 4
   00E8 40                  315 	.db #0x40	; 64
   00E9 40                  316 	.db #0x40	; 64
   00EA 48                  317 	.db #0x48	; 72	'H'
   00EB 40                  318 	.db #0x40	; 64
   00EC 80                  319 	.db #0x80	; 128
   00ED 84                  320 	.db #0x84	; 132
   00EE 80                  321 	.db #0x80	; 128
   00EF 08                  322 	.db #0x08	; 8
   00F0 14                  323 	.db #0x14	; 20
   00F1 00                  324 	.db #0x00	; 0
   00F2 80                  325 	.db #0x80	; 128
   00F3 80                  326 	.db #0x80	; 128
   00F4 40                  327 	.db #0x40	; 64
   00F5 40                  328 	.db #0x40	; 64
   00F6 00                  329 	.db #0x00	; 0
   00F7 00                  330 	.db #0x00	; 0
   00F8 00                  331 	.db #0x00	; 0
   00F9 28                  332 	.db #0x28	; 40
   00FA 40                  333 	.db #0x40	; 64
   00FB 40                  334 	.db #0x40	; 64
   00FC 80                  335 	.db #0x80	; 128
   00FD 80                  336 	.db #0x80	; 128
   00FE 14                  337 	.db #0x14	; 20
   00FF 00                  338 	.db #0x00	; 0
   0100                     339 _g_tiles_08:
   0100 C0                  340 	.db #0xc0	; 192
   0101 C0                  341 	.db #0xc0	; 192
   0102 C0                  342 	.db #0xc0	; 192
   0103 C0                  343 	.db #0xc0	; 192
   0104 CA                  344 	.db #0xca	; 202
   0105 CF                  345 	.db #0xcf	; 207
   0106 CF                  346 	.db #0xcf	; 207
   0107 C5                  347 	.db #0xc5	; 197
   0108 C5                  348 	.db #0xc5	; 197
   0109 CF                  349 	.db #0xcf	; 207
   010A CF                  350 	.db #0xcf	; 207
   010B CA                  351 	.db #0xca	; 202
   010C CA                  352 	.db #0xca	; 202
   010D CF                  353 	.db #0xcf	; 207
   010E CF                  354 	.db #0xcf	; 207
   010F C5                  355 	.db #0xc5	; 197
   0110 C5                  356 	.db #0xc5	; 197
   0111 CF                  357 	.db #0xcf	; 207
   0112 CF                  358 	.db #0xcf	; 207
   0113 CA                  359 	.db #0xca	; 202
   0114 C0                  360 	.db #0xc0	; 192
   0115 C0                  361 	.db #0xc0	; 192
   0116 C0                  362 	.db #0xc0	; 192
   0117 C0                  363 	.db #0xc0	; 192
   0118 C5                  364 	.db #0xc5	; 197
   0119 CF                  365 	.db #0xcf	; 207
   011A CF                  366 	.db #0xcf	; 207
   011B CA                  367 	.db #0xca	; 202
   011C CA                  368 	.db #0xca	; 202
   011D CF                  369 	.db #0xcf	; 207
   011E CF                  370 	.db #0xcf	; 207
   011F C5                  371 	.db #0xc5	; 197
   0120                     372 _g_tiles_09:
   0120 C0                  373 	.db #0xc0	; 192
   0121 C0                  374 	.db #0xc0	; 192
   0122 C0                  375 	.db #0xc0	; 192
   0123 C0                  376 	.db #0xc0	; 192
   0124 E2                  377 	.db #0xe2	; 226
   0125 F3                  378 	.db #0xf3	; 243
   0126 F3                  379 	.db #0xf3	; 243
   0127 D1                  380 	.db #0xd1	; 209
   0128 D1                  381 	.db #0xd1	; 209
   0129 F3                  382 	.db #0xf3	; 243
   012A F3                  383 	.db #0xf3	; 243
   012B E2                  384 	.db #0xe2	; 226
   012C E2                  385 	.db #0xe2	; 226
   012D F3                  386 	.db #0xf3	; 243
   012E F3                  387 	.db #0xf3	; 243
   012F D1                  388 	.db #0xd1	; 209
   0130 D1                  389 	.db #0xd1	; 209
   0131 F3                  390 	.db #0xf3	; 243
   0132 F3                  391 	.db #0xf3	; 243
   0133 E2                  392 	.db #0xe2	; 226
   0134 C0                  393 	.db #0xc0	; 192
   0135 C0                  394 	.db #0xc0	; 192
   0136 C0                  395 	.db #0xc0	; 192
   0137 C0                  396 	.db #0xc0	; 192
   0138 D1                  397 	.db #0xd1	; 209
   0139 F3                  398 	.db #0xf3	; 243
   013A F3                  399 	.db #0xf3	; 243
   013B E2                  400 	.db #0xe2	; 226
   013C E2                  401 	.db #0xe2	; 226
   013D F3                  402 	.db #0xf3	; 243
   013E F3                  403 	.db #0xf3	; 243
   013F D1                  404 	.db #0xd1	; 209
   0140                     405 _g_tiles_10:
   0140 C0                  406 	.db #0xc0	; 192
   0141 C0                  407 	.db #0xc0	; 192
   0142 C0                  408 	.db #0xc0	; 192
   0143 C0                  409 	.db #0xc0	; 192
   0144 C0                  410 	.db #0xc0	; 192
   0145 C0                  411 	.db #0xc0	; 192
   0146 C0                  412 	.db #0xc0	; 192
   0147 C0                  413 	.db #0xc0	; 192
   0148 C0                  414 	.db #0xc0	; 192
   0149 C0                  415 	.db #0xc0	; 192
   014A C0                  416 	.db #0xc0	; 192
   014B C0                  417 	.db #0xc0	; 192
   014C C0                  418 	.db #0xc0	; 192
   014D C0                  419 	.db #0xc0	; 192
   014E C0                  420 	.db #0xc0	; 192
   014F C0                  421 	.db #0xc0	; 192
   0150 C0                  422 	.db #0xc0	; 192
   0151 C0                  423 	.db #0xc0	; 192
   0152 C0                  424 	.db #0xc0	; 192
   0153 C0                  425 	.db #0xc0	; 192
   0154 C0                  426 	.db #0xc0	; 192
   0155 C0                  427 	.db #0xc0	; 192
   0156 C0                  428 	.db #0xc0	; 192
   0157 C0                  429 	.db #0xc0	; 192
   0158 C0                  430 	.db #0xc0	; 192
   0159 C0                  431 	.db #0xc0	; 192
   015A C0                  432 	.db #0xc0	; 192
   015B C0                  433 	.db #0xc0	; 192
   015C C0                  434 	.db #0xc0	; 192
   015D C0                  435 	.db #0xc0	; 192
   015E C0                  436 	.db #0xc0	; 192
   015F C0                  437 	.db #0xc0	; 192
   0160                     438 _g_tiles_11:
   0160 C0                  439 	.db #0xc0	; 192
   0161 C0                  440 	.db #0xc0	; 192
   0162 C0                  441 	.db #0xc0	; 192
   0163 C0                  442 	.db #0xc0	; 192
   0164 C0                  443 	.db #0xc0	; 192
   0165 C0                  444 	.db #0xc0	; 192
   0166 C0                  445 	.db #0xc0	; 192
   0167 C0                  446 	.db #0xc0	; 192
   0168 C0                  447 	.db #0xc0	; 192
   0169 C0                  448 	.db #0xc0	; 192
   016A C0                  449 	.db #0xc0	; 192
   016B C0                  450 	.db #0xc0	; 192
   016C C0                  451 	.db #0xc0	; 192
   016D C0                  452 	.db #0xc0	; 192
   016E C0                  453 	.db #0xc0	; 192
   016F C0                  454 	.db #0xc0	; 192
   0170 C0                  455 	.db #0xc0	; 192
   0171 C0                  456 	.db #0xc0	; 192
   0172 C0                  457 	.db #0xc0	; 192
   0173 C0                  458 	.db #0xc0	; 192
   0174 C0                  459 	.db #0xc0	; 192
   0175 C0                  460 	.db #0xc0	; 192
   0176 C0                  461 	.db #0xc0	; 192
   0177 C0                  462 	.db #0xc0	; 192
   0178 C0                  463 	.db #0xc0	; 192
   0179 C0                  464 	.db #0xc0	; 192
   017A C0                  465 	.db #0xc0	; 192
   017B C0                  466 	.db #0xc0	; 192
   017C C0                  467 	.db #0xc0	; 192
   017D C0                  468 	.db #0xc0	; 192
   017E C0                  469 	.db #0xc0	; 192
   017F C0                  470 	.db #0xc0	; 192
   0180                     471 _g_tiles_12:
   0180 C0                  472 	.db #0xc0	; 192
   0181 C0                  473 	.db #0xc0	; 192
   0182 C0                  474 	.db #0xc0	; 192
   0183 C0                  475 	.db #0xc0	; 192
   0184 C0                  476 	.db #0xc0	; 192
   0185 C0                  477 	.db #0xc0	; 192
   0186 C0                  478 	.db #0xc0	; 192
   0187 C0                  479 	.db #0xc0	; 192
   0188 C0                  480 	.db #0xc0	; 192
   0189 C0                  481 	.db #0xc0	; 192
   018A C0                  482 	.db #0xc0	; 192
   018B C0                  483 	.db #0xc0	; 192
   018C C0                  484 	.db #0xc0	; 192
   018D C0                  485 	.db #0xc0	; 192
   018E C0                  486 	.db #0xc0	; 192
   018F C0                  487 	.db #0xc0	; 192
   0190 C0                  488 	.db #0xc0	; 192
   0191 C0                  489 	.db #0xc0	; 192
   0192 C0                  490 	.db #0xc0	; 192
   0193 C0                  491 	.db #0xc0	; 192
   0194 C0                  492 	.db #0xc0	; 192
   0195 C0                  493 	.db #0xc0	; 192
   0196 C0                  494 	.db #0xc0	; 192
   0197 C0                  495 	.db #0xc0	; 192
   0198 C0                  496 	.db #0xc0	; 192
   0199 C0                  497 	.db #0xc0	; 192
   019A C0                  498 	.db #0xc0	; 192
   019B C0                  499 	.db #0xc0	; 192
   019C C0                  500 	.db #0xc0	; 192
   019D C0                  501 	.db #0xc0	; 192
   019E C0                  502 	.db #0xc0	; 192
   019F C0                  503 	.db #0xc0	; 192
   01A0                     504 _g_tiles_13:
   01A0 C0                  505 	.db #0xc0	; 192
   01A1 C0                  506 	.db #0xc0	; 192
   01A2 C0                  507 	.db #0xc0	; 192
   01A3 C0                  508 	.db #0xc0	; 192
   01A4 C0                  509 	.db #0xc0	; 192
   01A5 C0                  510 	.db #0xc0	; 192
   01A6 C0                  511 	.db #0xc0	; 192
   01A7 C0                  512 	.db #0xc0	; 192
   01A8 C0                  513 	.db #0xc0	; 192
   01A9 C0                  514 	.db #0xc0	; 192
   01AA C0                  515 	.db #0xc0	; 192
   01AB C0                  516 	.db #0xc0	; 192
   01AC C0                  517 	.db #0xc0	; 192
   01AD C0                  518 	.db #0xc0	; 192
   01AE C0                  519 	.db #0xc0	; 192
   01AF C0                  520 	.db #0xc0	; 192
   01B0 C0                  521 	.db #0xc0	; 192
   01B1 C0                  522 	.db #0xc0	; 192
   01B2 C0                  523 	.db #0xc0	; 192
   01B3 C0                  524 	.db #0xc0	; 192
   01B4 C0                  525 	.db #0xc0	; 192
   01B5 C0                  526 	.db #0xc0	; 192
   01B6 C0                  527 	.db #0xc0	; 192
   01B7 C0                  528 	.db #0xc0	; 192
   01B8 C0                  529 	.db #0xc0	; 192
   01B9 C0                  530 	.db #0xc0	; 192
   01BA C0                  531 	.db #0xc0	; 192
   01BB C0                  532 	.db #0xc0	; 192
   01BC C0                  533 	.db #0xc0	; 192
   01BD C0                  534 	.db #0xc0	; 192
   01BE C0                  535 	.db #0xc0	; 192
   01BF C0                  536 	.db #0xc0	; 192
   01C0                     537 _g_tiles_14:
   01C0 80                  538 	.db #0x80	; 128
   01C1 80                  539 	.db #0x80	; 128
   01C2 00                  540 	.db #0x00	; 0
   01C3 00                  541 	.db #0x00	; 0
   01C4 28                  542 	.db #0x28	; 40
   01C5 00                  543 	.db #0x00	; 0
   01C6 40                  544 	.db #0x40	; 64
   01C7 40                  545 	.db #0x40	; 64
   01C8 40                  546 	.db #0x40	; 64
   01C9 40                  547 	.db #0x40	; 64
   01CA 28                  548 	.db #0x28	; 40
   01CB 00                  549 	.db #0x00	; 0
   01CC 00                  550 	.db #0x00	; 0
   01CD 14                  551 	.db #0x14	; 20
   01CE 80                  552 	.db #0x80	; 128
   01CF 80                  553 	.db #0x80	; 128
   01D0 84                  554 	.db #0x84	; 132
   01D1 80                  555 	.db #0x80	; 128
   01D2 84                  556 	.db #0x84	; 132
   01D3 08                  557 	.db #0x08	; 8
   01D4 40                  558 	.db #0x40	; 64
   01D5 48                  559 	.db #0x48	; 72	'H'
   01D6 40                  560 	.db #0x40	; 64
   01D7 48                  561 	.db #0x48	; 72	'H'
   01D8 40                  562 	.db #0x40	; 64
   01D9 48                  563 	.db #0x48	; 72	'H'
   01DA 40                  564 	.db #0x40	; 64
   01DB 04                  565 	.db #0x04	; 4
   01DC 80                  566 	.db #0x80	; 128
   01DD 80                  567 	.db #0x80	; 128
   01DE 84                  568 	.db #0x84	; 132
   01DF 80                  569 	.db #0x80	; 128
   01E0                     570 _g_tiles_15:
   01E0 28                  571 	.db #0x28	; 40
   01E1 00                  572 	.db #0x00	; 0
   01E2 80                  573 	.db #0x80	; 128
   01E3 84                  574 	.db #0x84	; 132
   01E4 48                  575 	.db #0x48	; 72	'H'
   01E5 40                  576 	.db #0x40	; 64
   01E6 00                  577 	.db #0x00	; 0
   01E7 14                  578 	.db #0x14	; 20
   01E8 00                  579 	.db #0x00	; 0
   01E9 28                  580 	.db #0x28	; 40
   01EA 04                  581 	.db #0x04	; 4
   01EB 40                  582 	.db #0x40	; 64
   01EC 08                  583 	.db #0x08	; 8
   01ED 80                  584 	.db #0x80	; 128
   01EE 00                  585 	.db #0x00	; 0
   01EF 14                  586 	.db #0x14	; 20
   01F0 84                  587 	.db #0x84	; 132
   01F1 08                  588 	.db #0x08	; 8
   01F2 80                  589 	.db #0x80	; 128
   01F3 80                  590 	.db #0x80	; 128
   01F4 40                  591 	.db #0x40	; 64
   01F5 40                  592 	.db #0x40	; 64
   01F6 04                  593 	.db #0x04	; 4
   01F7 40                  594 	.db #0x40	; 64
   01F8 48                  595 	.db #0x48	; 72	'H'
   01F9 40                  596 	.db #0x40	; 64
   01FA 40                  597 	.db #0x40	; 64
   01FB 40                  598 	.db #0x40	; 64
   01FC 80                  599 	.db #0x80	; 128
   01FD 08                  600 	.db #0x08	; 8
   01FE 94                  601 	.db #0x94	; 148
   01FF 80                  602 	.db #0x80	; 128
   0200                     603 _g_tiles_16:
   0200 FF                  604 	.db #0xff	; 255
   0201 FF                  605 	.db #0xff	; 255
   0202 FF                  606 	.db #0xff	; 255
   0203 EA                  607 	.db #0xea	; 234
   0204 42                  608 	.db #0x42	; 66	'B'
   0205 03                  609 	.db #0x03	; 3
   0206 03                  610 	.db #0x03	; 3
   0207 AB                  611 	.db #0xab	; 171
   0208 AB                  612 	.db #0xab	; 171
   0209 03                  613 	.db #0x03	; 3
   020A 03                  614 	.db #0x03	; 3
   020B 42                  615 	.db #0x42	; 66	'B'
   020C 42                  616 	.db #0x42	; 66	'B'
   020D 03                  617 	.db #0x03	; 3
   020E 03                  618 	.db #0x03	; 3
   020F AB                  619 	.db #0xab	; 171
   0210 AB                  620 	.db #0xab	; 171
   0211 03                  621 	.db #0x03	; 3
   0212 03                  622 	.db #0x03	; 3
   0213 42                  623 	.db #0x42	; 66	'B'
   0214 C0                  624 	.db #0xc0	; 192
   0215 C0                  625 	.db #0xc0	; 192
   0216 C0                  626 	.db #0xc0	; 192
   0217 42                  627 	.db #0x42	; 66	'B'
   0218 AB                  628 	.db #0xab	; 171
   0219 03                  629 	.db #0x03	; 3
   021A 03                  630 	.db #0x03	; 3
   021B 42                  631 	.db #0x42	; 66	'B'
   021C 42                  632 	.db #0x42	; 66	'B'
   021D 03                  633 	.db #0x03	; 3
   021E 03                  634 	.db #0x03	; 3
   021F AB                  635 	.db #0xab	; 171
   0220                     636 _g_tiles_17:
   0220 C0                  637 	.db #0xc0	; 192
   0221 C0                  638 	.db #0xc0	; 192
   0222 C0                  639 	.db #0xc0	; 192
   0223 C0                  640 	.db #0xc0	; 192
   0224 C0                  641 	.db #0xc0	; 192
   0225 C0                  642 	.db #0xc0	; 192
   0226 C0                  643 	.db #0xc0	; 192
   0227 C0                  644 	.db #0xc0	; 192
   0228 C0                  645 	.db #0xc0	; 192
   0229 C0                  646 	.db #0xc0	; 192
   022A C0                  647 	.db #0xc0	; 192
   022B C0                  648 	.db #0xc0	; 192
   022C C0                  649 	.db #0xc0	; 192
   022D C0                  650 	.db #0xc0	; 192
   022E C0                  651 	.db #0xc0	; 192
   022F C0                  652 	.db #0xc0	; 192
   0230 C0                  653 	.db #0xc0	; 192
   0231 C0                  654 	.db #0xc0	; 192
   0232 C0                  655 	.db #0xc0	; 192
   0233 C0                  656 	.db #0xc0	; 192
   0234 C0                  657 	.db #0xc0	; 192
   0235 C0                  658 	.db #0xc0	; 192
   0236 C0                  659 	.db #0xc0	; 192
   0237 C0                  660 	.db #0xc0	; 192
   0238 C0                  661 	.db #0xc0	; 192
   0239 C0                  662 	.db #0xc0	; 192
   023A C0                  663 	.db #0xc0	; 192
   023B C0                  664 	.db #0xc0	; 192
   023C C0                  665 	.db #0xc0	; 192
   023D C0                  666 	.db #0xc0	; 192
   023E C0                  667 	.db #0xc0	; 192
   023F C0                  668 	.db #0xc0	; 192
   0240                     669 _g_tiles_18:
   0240 C0                  670 	.db #0xc0	; 192
   0241 C0                  671 	.db #0xc0	; 192
   0242 C0                  672 	.db #0xc0	; 192
   0243 C0                  673 	.db #0xc0	; 192
   0244 C0                  674 	.db #0xc0	; 192
   0245 C0                  675 	.db #0xc0	; 192
   0246 C0                  676 	.db #0xc0	; 192
   0247 C0                  677 	.db #0xc0	; 192
   0248 C0                  678 	.db #0xc0	; 192
   0249 C0                  679 	.db #0xc0	; 192
   024A C0                  680 	.db #0xc0	; 192
   024B C0                  681 	.db #0xc0	; 192
   024C C0                  682 	.db #0xc0	; 192
   024D C0                  683 	.db #0xc0	; 192
   024E C0                  684 	.db #0xc0	; 192
   024F C0                  685 	.db #0xc0	; 192
   0250 C0                  686 	.db #0xc0	; 192
   0251 C0                  687 	.db #0xc0	; 192
   0252 C0                  688 	.db #0xc0	; 192
   0253 C0                  689 	.db #0xc0	; 192
   0254 C0                  690 	.db #0xc0	; 192
   0255 C0                  691 	.db #0xc0	; 192
   0256 C0                  692 	.db #0xc0	; 192
   0257 C0                  693 	.db #0xc0	; 192
   0258 C0                  694 	.db #0xc0	; 192
   0259 C0                  695 	.db #0xc0	; 192
   025A C0                  696 	.db #0xc0	; 192
   025B C0                  697 	.db #0xc0	; 192
   025C C0                  698 	.db #0xc0	; 192
   025D C0                  699 	.db #0xc0	; 192
   025E C0                  700 	.db #0xc0	; 192
   025F C0                  701 	.db #0xc0	; 192
   0260                     702 _g_tiles_19:
   0260 00                  703 	.db #0x00	; 0
   0261 00                  704 	.db #0x00	; 0
   0262 28                  705 	.db #0x28	; 40
   0263 00                  706 	.db #0x00	; 0
   0264 28                  707 	.db #0x28	; 40
   0265 14                  708 	.db #0x14	; 20
   0266 00                  709 	.db #0x00	; 0
   0267 00                  710 	.db #0x00	; 0
   0268 00                  711 	.db #0x00	; 0
   0269 14                  712 	.db #0x14	; 20
   026A 28                  713 	.db #0x28	; 40
   026B 00                  714 	.db #0x00	; 0
   026C 14                  715 	.db #0x14	; 20
   026D 00                  716 	.db #0x00	; 0
   026E 00                  717 	.db #0x00	; 0
   026F 00                  718 	.db #0x00	; 0
   0270 14                  719 	.db #0x14	; 20
   0271 00                  720 	.db #0x00	; 0
   0272 00                  721 	.db #0x00	; 0
   0273 28                  722 	.db #0x28	; 40
   0274 14                  723 	.db #0x14	; 20
   0275 00                  724 	.db #0x00	; 0
   0276 00                  725 	.db #0x00	; 0
   0277 28                  726 	.db #0x28	; 40
   0278 14                  727 	.db #0x14	; 20
   0279 00                  728 	.db #0x00	; 0
   027A 00                  729 	.db #0x00	; 0
   027B 28                  730 	.db #0x28	; 40
   027C 00                  731 	.db #0x00	; 0
   027D 14                  732 	.db #0x14	; 20
   027E 28                  733 	.db #0x28	; 40
   027F 00                  734 	.db #0x00	; 0
   0280                     735 _g_tiles_20:
   0280 00                  736 	.db #0x00	; 0
   0281 14                  737 	.db #0x14	; 20
   0282 00                  738 	.db #0x00	; 0
   0283 14                  739 	.db #0x14	; 20
   0284 28                  740 	.db #0x28	; 40
   0285 00                  741 	.db #0x00	; 0
   0286 28                  742 	.db #0x28	; 40
   0287 14                  743 	.db #0x14	; 20
   0288 00                  744 	.db #0x00	; 0
   0289 00                  745 	.db #0x00	; 0
   028A 28                  746 	.db #0x28	; 40
   028B 00                  747 	.db #0x00	; 0
   028C 00                  748 	.db #0x00	; 0
   028D 14                  749 	.db #0x14	; 20
   028E 00                  750 	.db #0x00	; 0
   028F 28                  751 	.db #0x28	; 40
   0290 14                  752 	.db #0x14	; 20
   0291 00                  753 	.db #0x00	; 0
   0292 00                  754 	.db #0x00	; 0
   0293 00                  755 	.db #0x00	; 0
   0294 00                  756 	.db #0x00	; 0
   0295 00                  757 	.db #0x00	; 0
   0296 00                  758 	.db #0x00	; 0
   0297 00                  759 	.db #0x00	; 0
   0298 00                  760 	.db #0x00	; 0
   0299 28                  761 	.db #0x28	; 40
   029A 00                  762 	.db #0x00	; 0
   029B 00                  763 	.db #0x00	; 0
   029C 00                  764 	.db #0x00	; 0
   029D 00                  765 	.db #0x00	; 0
   029E 14                  766 	.db #0x14	; 20
   029F 00                  767 	.db #0x00	; 0
   02A0                     768 _g_tiles_21:
   02A0 80                  769 	.db #0x80	; 128
   02A1 1C                  770 	.db #0x1c	; 28
   02A2 2C                  771 	.db #0x2c	; 44
   02A3 40                  772 	.db #0x40	; 64
   02A4 40                  773 	.db #0x40	; 64
   02A5 2C                  774 	.db #0x2c	; 44
   02A6 1C                  775 	.db #0x1c	; 28
   02A7 80                  776 	.db #0x80	; 128
   02A8 80                  777 	.db #0x80	; 128
   02A9 1C                  778 	.db #0x1c	; 28
   02AA 2C                  779 	.db #0x2c	; 44
   02AB 40                  780 	.db #0x40	; 64
   02AC 40                  781 	.db #0x40	; 64
   02AD 2C                  782 	.db #0x2c	; 44
   02AE 1C                  783 	.db #0x1c	; 28
   02AF 80                  784 	.db #0x80	; 128
   02B0 80                  785 	.db #0x80	; 128
   02B1 1C                  786 	.db #0x1c	; 28
   02B2 2C                  787 	.db #0x2c	; 44
   02B3 40                  788 	.db #0x40	; 64
   02B4 40                  789 	.db #0x40	; 64
   02B5 2C                  790 	.db #0x2c	; 44
   02B6 1C                  791 	.db #0x1c	; 28
   02B7 80                  792 	.db #0x80	; 128
   02B8 80                  793 	.db #0x80	; 128
   02B9 1C                  794 	.db #0x1c	; 28
   02BA 2C                  795 	.db #0x2c	; 44
   02BB 40                  796 	.db #0x40	; 64
   02BC 40                  797 	.db #0x40	; 64
   02BD 2C                  798 	.db #0x2c	; 44
   02BE 1C                  799 	.db #0x1c	; 28
   02BF 80                  800 	.db #0x80	; 128
   02C0                     801 _g_tiles_22:
   02C0 C0                  802 	.db #0xc0	; 192
   02C1 C0                  803 	.db #0xc0	; 192
   02C2 C0                  804 	.db #0xc0	; 192
   02C3 C0                  805 	.db #0xc0	; 192
   02C4 C0                  806 	.db #0xc0	; 192
   02C5 C0                  807 	.db #0xc0	; 192
   02C6 C0                  808 	.db #0xc0	; 192
   02C7 C0                  809 	.db #0xc0	; 192
   02C8 C0                  810 	.db #0xc0	; 192
   02C9 C0                  811 	.db #0xc0	; 192
   02CA C0                  812 	.db #0xc0	; 192
   02CB C0                  813 	.db #0xc0	; 192
   02CC C0                  814 	.db #0xc0	; 192
   02CD C0                  815 	.db #0xc0	; 192
   02CE C0                  816 	.db #0xc0	; 192
   02CF C0                  817 	.db #0xc0	; 192
   02D0 C0                  818 	.db #0xc0	; 192
   02D1 C0                  819 	.db #0xc0	; 192
   02D2 C0                  820 	.db #0xc0	; 192
   02D3 C0                  821 	.db #0xc0	; 192
   02D4 C0                  822 	.db #0xc0	; 192
   02D5 C0                  823 	.db #0xc0	; 192
   02D6 C0                  824 	.db #0xc0	; 192
   02D7 C0                  825 	.db #0xc0	; 192
   02D8 C0                  826 	.db #0xc0	; 192
   02D9 C0                  827 	.db #0xc0	; 192
   02DA C0                  828 	.db #0xc0	; 192
   02DB C0                  829 	.db #0xc0	; 192
   02DC C0                  830 	.db #0xc0	; 192
   02DD C0                  831 	.db #0xc0	; 192
   02DE C0                  832 	.db #0xc0	; 192
   02DF C0                  833 	.db #0xc0	; 192
   02E0                     834 _g_tiles_23:
   02E0 C0                  835 	.db #0xc0	; 192
   02E1 C0                  836 	.db #0xc0	; 192
   02E2 C0                  837 	.db #0xc0	; 192
   02E3 C0                  838 	.db #0xc0	; 192
   02E4 C0                  839 	.db #0xc0	; 192
   02E5 C0                  840 	.db #0xc0	; 192
   02E6 C0                  841 	.db #0xc0	; 192
   02E7 C0                  842 	.db #0xc0	; 192
   02E8 C0                  843 	.db #0xc0	; 192
   02E9 C0                  844 	.db #0xc0	; 192
   02EA C0                  845 	.db #0xc0	; 192
   02EB C0                  846 	.db #0xc0	; 192
   02EC C0                  847 	.db #0xc0	; 192
   02ED C0                  848 	.db #0xc0	; 192
   02EE C0                  849 	.db #0xc0	; 192
   02EF C0                  850 	.db #0xc0	; 192
   02F0 C0                  851 	.db #0xc0	; 192
   02F1 C0                  852 	.db #0xc0	; 192
   02F2 C0                  853 	.db #0xc0	; 192
   02F3 C0                  854 	.db #0xc0	; 192
   02F4 C0                  855 	.db #0xc0	; 192
   02F5 C0                  856 	.db #0xc0	; 192
   02F6 C0                  857 	.db #0xc0	; 192
   02F7 C0                  858 	.db #0xc0	; 192
   02F8 C0                  859 	.db #0xc0	; 192
   02F9 C0                  860 	.db #0xc0	; 192
   02FA C0                  861 	.db #0xc0	; 192
   02FB C0                  862 	.db #0xc0	; 192
   02FC C0                  863 	.db #0xc0	; 192
   02FD C0                  864 	.db #0xc0	; 192
   02FE C0                  865 	.db #0xc0	; 192
   02FF C0                  866 	.db #0xc0	; 192
   0300                     867 _g_tiles_24:
   0300 C0                  868 	.db #0xc0	; 192
   0301 C0                  869 	.db #0xc0	; 192
   0302 C0                  870 	.db #0xc0	; 192
   0303 C0                  871 	.db #0xc0	; 192
   0304 00                  872 	.db #0x00	; 0
   0305 00                  873 	.db #0x00	; 0
   0306 00                  874 	.db #0x00	; 0
   0307 80                  875 	.db #0x80	; 128
   0308 80                  876 	.db #0x80	; 128
   0309 1C                  877 	.db #0x1c	; 28
   030A 3C                  878 	.db #0x3c	; 60
   030B 3C                  879 	.db #0x3c	; 60
   030C 0C                  880 	.db #0x0c	; 12
   030D 0C                  881 	.db #0x0c	; 12
   030E 0C                  882 	.db #0x0c	; 12
   030F 80                  883 	.db #0x80	; 128
   0310 80                  884 	.db #0x80	; 128
   0311 1C                  885 	.db #0x1c	; 28
   0312 2C                  886 	.db #0x2c	; 44
   0313 00                  887 	.db #0x00	; 0
   0314 40                  888 	.db #0x40	; 64
   0315 2C                  889 	.db #0x2c	; 44
   0316 1C                  890 	.db #0x1c	; 28
   0317 80                  891 	.db #0x80	; 128
   0318 80                  892 	.db #0x80	; 128
   0319 1C                  893 	.db #0x1c	; 28
   031A 2C                  894 	.db #0x2c	; 44
   031B 0C                  895 	.db #0x0c	; 12
   031C 3C                  896 	.db #0x3c	; 60
   031D 3C                  897 	.db #0x3c	; 60
   031E 1C                  898 	.db #0x1c	; 28
   031F 80                  899 	.db #0x80	; 128
   0320                     900 _g_tiles_25:
   0320 C0                  901 	.db #0xc0	; 192
   0321 C0                  902 	.db #0xc0	; 192
   0322 C0                  903 	.db #0xc0	; 192
   0323 C0                  904 	.db #0xc0	; 192
   0324 00                  905 	.db #0x00	; 0
   0325 00                  906 	.db #0x00	; 0
   0326 00                  907 	.db #0x00	; 0
   0327 00                  908 	.db #0x00	; 0
   0328 3C                  909 	.db #0x3c	; 60
   0329 3C                  910 	.db #0x3c	; 60
   032A 3C                  911 	.db #0x3c	; 60
   032B 3C                  912 	.db #0x3c	; 60
   032C 0C                  913 	.db #0x0c	; 12
   032D 0C                  914 	.db #0x0c	; 12
   032E 0C                  915 	.db #0x0c	; 12
   032F 0C                  916 	.db #0x0c	; 12
   0330 00                  917 	.db #0x00	; 0
   0331 00                  918 	.db #0x00	; 0
   0332 00                  919 	.db #0x00	; 0
   0333 00                  920 	.db #0x00	; 0
   0334 C0                  921 	.db #0xc0	; 192
   0335 C0                  922 	.db #0xc0	; 192
   0336 C0                  923 	.db #0xc0	; 192
   0337 C0                  924 	.db #0xc0	; 192
   0338 0C                  925 	.db #0x0c	; 12
   0339 0C                  926 	.db #0x0c	; 12
   033A 0C                  927 	.db #0x0c	; 12
   033B 0C                  928 	.db #0x0c	; 12
   033C 3C                  929 	.db #0x3c	; 60
   033D 3C                  930 	.db #0x3c	; 60
   033E 3C                  931 	.db #0x3c	; 60
   033F 3C                  932 	.db #0x3c	; 60
   0340                     933 _g_tiles_26:
   0340 C0                  934 	.db #0xc0	; 192
   0341 C0                  935 	.db #0xc0	; 192
   0342 C0                  936 	.db #0xc0	; 192
   0343 C0                  937 	.db #0xc0	; 192
   0344 40                  938 	.db #0x40	; 64
   0345 00                  939 	.db #0x00	; 0
   0346 00                  940 	.db #0x00	; 0
   0347 00                  941 	.db #0x00	; 0
   0348 3C                  942 	.db #0x3c	; 60
   0349 3C                  943 	.db #0x3c	; 60
   034A 2C                  944 	.db #0x2c	; 44
   034B 40                  945 	.db #0x40	; 64
   034C 40                  946 	.db #0x40	; 64
   034D 0C                  947 	.db #0x0c	; 12
   034E 0C                  948 	.db #0x0c	; 12
   034F 0C                  949 	.db #0x0c	; 12
   0350 00                  950 	.db #0x00	; 0
   0351 1C                  951 	.db #0x1c	; 28
   0352 2C                  952 	.db #0x2c	; 44
   0353 40                  953 	.db #0x40	; 64
   0354 40                  954 	.db #0x40	; 64
   0355 2C                  955 	.db #0x2c	; 44
   0356 1C                  956 	.db #0x1c	; 28
   0357 80                  957 	.db #0x80	; 128
   0358 0C                  958 	.db #0x0c	; 12
   0359 1C                  959 	.db #0x1c	; 28
   035A 2C                  960 	.db #0x2c	; 44
   035B 40                  961 	.db #0x40	; 64
   035C 40                  962 	.db #0x40	; 64
   035D 2C                  963 	.db #0x2c	; 44
   035E 3C                  964 	.db #0x3c	; 60
   035F 3C                  965 	.db #0x3c	; 60
   0360                     966 _g_tiles_27:
   0360 00                  967 	.db #0x00	; 0
   0361 00                  968 	.db #0x00	; 0
   0362 00                  969 	.db #0x00	; 0
   0363 00                  970 	.db #0x00	; 0
   0364 28                  971 	.db #0x28	; 40
   0365 00                  972 	.db #0x00	; 0
   0366 00                  973 	.db #0x00	; 0
   0367 00                  974 	.db #0x00	; 0
   0368 00                  975 	.db #0x00	; 0
   0369 00                  976 	.db #0x00	; 0
   036A 28                  977 	.db #0x28	; 40
   036B 00                  978 	.db #0x00	; 0
   036C 00                  979 	.db #0x00	; 0
   036D 14                  980 	.db #0x14	; 20
   036E 00                  981 	.db #0x00	; 0
   036F 00                  982 	.db #0x00	; 0
   0370 14                  983 	.db #0x14	; 20
   0371 00                  984 	.db #0x00	; 0
   0372 14                  985 	.db #0x14	; 20
   0373 28                  986 	.db #0x28	; 40
   0374 00                  987 	.db #0x00	; 0
   0375 28                  988 	.db #0x28	; 40
   0376 00                  989 	.db #0x00	; 0
   0377 28                  990 	.db #0x28	; 40
   0378 00                  991 	.db #0x00	; 0
   0379 28                  992 	.db #0x28	; 40
   037A 00                  993 	.db #0x00	; 0
   037B 14                  994 	.db #0x14	; 20
   037C 00                  995 	.db #0x00	; 0
   037D 00                  996 	.db #0x00	; 0
   037E 14                  997 	.db #0x14	; 20
   037F 00                  998 	.db #0x00	; 0
   0380                     999 _g_tiles_28:
   0380 28                 1000 	.db #0x28	; 40
   0381 00                 1001 	.db #0x00	; 0
   0382 00                 1002 	.db #0x00	; 0
   0383 14                 1003 	.db #0x14	; 20
   0384 28                 1004 	.db #0x28	; 40
   0385 00                 1005 	.db #0x00	; 0
   0386 00                 1006 	.db #0x00	; 0
   0387 14                 1007 	.db #0x14	; 20
   0388 00                 1008 	.db #0x00	; 0
   0389 28                 1009 	.db #0x28	; 40
   038A 14                 1010 	.db #0x14	; 20
   038B 00                 1011 	.db #0x00	; 0
   038C 28                 1012 	.db #0x28	; 40
   038D 00                 1013 	.db #0x00	; 0
   038E 00                 1014 	.db #0x00	; 0
   038F 14                 1015 	.db #0x14	; 20
   0390 14                 1016 	.db #0x14	; 20
   0391 28                 1017 	.db #0x28	; 40
   0392 00                 1018 	.db #0x00	; 0
   0393 00                 1019 	.db #0x00	; 0
   0394 00                 1020 	.db #0x00	; 0
   0395 00                 1021 	.db #0x00	; 0
   0396 14                 1022 	.db #0x14	; 20
   0397 00                 1023 	.db #0x00	; 0
   0398 28                 1024 	.db #0x28	; 40
   0399 00                 1025 	.db #0x00	; 0
   039A 00                 1026 	.db #0x00	; 0
   039B 00                 1027 	.db #0x00	; 0
   039C 00                 1028 	.db #0x00	; 0
   039D 28                 1029 	.db #0x28	; 40
   039E 14                 1030 	.db #0x14	; 20
   039F 00                 1031 	.db #0x00	; 0
   03A0                    1032 _g_tiles_29:
   03A0 80                 1033 	.db #0x80	; 128
   03A1 1C                 1034 	.db #0x1c	; 28
   03A2 2C                 1035 	.db #0x2c	; 44
   03A3 40                 1036 	.db #0x40	; 64
   03A4 40                 1037 	.db #0x40	; 64
   03A5 2C                 1038 	.db #0x2c	; 44
   03A6 1C                 1039 	.db #0x1c	; 28
   03A7 80                 1040 	.db #0x80	; 128
   03A8 80                 1041 	.db #0x80	; 128
   03A9 1C                 1042 	.db #0x1c	; 28
   03AA 2C                 1043 	.db #0x2c	; 44
   03AB 40                 1044 	.db #0x40	; 64
   03AC 40                 1045 	.db #0x40	; 64
   03AD 2C                 1046 	.db #0x2c	; 44
   03AE 1C                 1047 	.db #0x1c	; 28
   03AF 80                 1048 	.db #0x80	; 128
   03B0 80                 1049 	.db #0x80	; 128
   03B1 00                 1050 	.db #0x00	; 0
   03B2 00                 1051 	.db #0x00	; 0
   03B3 40                 1052 	.db #0x40	; 64
   03B4 C0                 1053 	.db #0xc0	; 192
   03B5 C0                 1054 	.db #0xc0	; 192
   03B6 C0                 1055 	.db #0xc0	; 192
   03B7 C0                 1056 	.db #0xc0	; 192
   03B8 80                 1057 	.db #0x80	; 128
   03B9 0C                 1058 	.db #0x0c	; 12
   03BA 0C                 1059 	.db #0x0c	; 12
   03BB 40                 1060 	.db #0x40	; 64
   03BC 40                 1061 	.db #0x40	; 64
   03BD 2C                 1062 	.db #0x2c	; 44
   03BE 1C                 1063 	.db #0x1c	; 28
   03BF 80                 1064 	.db #0x80	; 128
   03C0                    1065 _g_tiles_30:
   03C0 C0                 1066 	.db #0xc0	; 192
   03C1 C0                 1067 	.db #0xc0	; 192
   03C2 C0                 1068 	.db #0xc0	; 192
   03C3 C0                 1069 	.db #0xc0	; 192
   03C4 C0                 1070 	.db #0xc0	; 192
   03C5 C0                 1071 	.db #0xc0	; 192
   03C6 C0                 1072 	.db #0xc0	; 192
   03C7 C0                 1073 	.db #0xc0	; 192
   03C8 C0                 1074 	.db #0xc0	; 192
   03C9 C0                 1075 	.db #0xc0	; 192
   03CA C0                 1076 	.db #0xc0	; 192
   03CB C0                 1077 	.db #0xc0	; 192
   03CC C0                 1078 	.db #0xc0	; 192
   03CD C0                 1079 	.db #0xc0	; 192
   03CE C0                 1080 	.db #0xc0	; 192
   03CF C0                 1081 	.db #0xc0	; 192
   03D0 C0                 1082 	.db #0xc0	; 192
   03D1 C0                 1083 	.db #0xc0	; 192
   03D2 C0                 1084 	.db #0xc0	; 192
   03D3 C0                 1085 	.db #0xc0	; 192
   03D4 C0                 1086 	.db #0xc0	; 192
   03D5 C0                 1087 	.db #0xc0	; 192
   03D6 C0                 1088 	.db #0xc0	; 192
   03D7 C0                 1089 	.db #0xc0	; 192
   03D8 C0                 1090 	.db #0xc0	; 192
   03D9 C0                 1091 	.db #0xc0	; 192
   03DA C0                 1092 	.db #0xc0	; 192
   03DB C0                 1093 	.db #0xc0	; 192
   03DC C0                 1094 	.db #0xc0	; 192
   03DD C0                 1095 	.db #0xc0	; 192
   03DE C0                 1096 	.db #0xc0	; 192
   03DF C0                 1097 	.db #0xc0	; 192
   03E0                    1098 _g_tiles_31:
   03E0 C0                 1099 	.db #0xc0	; 192
   03E1 C0                 1100 	.db #0xc0	; 192
   03E2 C0                 1101 	.db #0xc0	; 192
   03E3 C0                 1102 	.db #0xc0	; 192
   03E4 C0                 1103 	.db #0xc0	; 192
   03E5 C0                 1104 	.db #0xc0	; 192
   03E6 C0                 1105 	.db #0xc0	; 192
   03E7 C0                 1106 	.db #0xc0	; 192
   03E8 C0                 1107 	.db #0xc0	; 192
   03E9 C0                 1108 	.db #0xc0	; 192
   03EA C0                 1109 	.db #0xc0	; 192
   03EB C0                 1110 	.db #0xc0	; 192
   03EC C0                 1111 	.db #0xc0	; 192
   03ED C0                 1112 	.db #0xc0	; 192
   03EE C0                 1113 	.db #0xc0	; 192
   03EF C0                 1114 	.db #0xc0	; 192
   03F0 C0                 1115 	.db #0xc0	; 192
   03F1 C0                 1116 	.db #0xc0	; 192
   03F2 C0                 1117 	.db #0xc0	; 192
   03F3 C0                 1118 	.db #0xc0	; 192
   03F4 C0                 1119 	.db #0xc0	; 192
   03F5 C0                 1120 	.db #0xc0	; 192
   03F6 C0                 1121 	.db #0xc0	; 192
   03F7 C0                 1122 	.db #0xc0	; 192
   03F8 C0                 1123 	.db #0xc0	; 192
   03F9 C0                 1124 	.db #0xc0	; 192
   03FA C0                 1125 	.db #0xc0	; 192
   03FB C0                 1126 	.db #0xc0	; 192
   03FC C0                 1127 	.db #0xc0	; 192
   03FD C0                 1128 	.db #0xc0	; 192
   03FE C0                 1129 	.db #0xc0	; 192
   03FF C0                 1130 	.db #0xc0	; 192
                           1131 	.area _INITIALIZER
                           1132 	.area _CABS (ABS)
