                              1 ;--------------------------------------------------------
                              2 ; File Created by SDCC : free open source ANSI-C Compiler
                              3 ; Version 3.6.8 #9946 (Linux)
                              4 ;--------------------------------------------------------
                              5 	.module bat_right
                              6 	.optsdcc -mz80
                              7 	
                              8 ;--------------------------------------------------------
                              9 ; Public variables in this module
                             10 ;--------------------------------------------------------
                             11 	.globl _sp_bat_right
                             12 ;--------------------------------------------------------
                             13 ; special function registers
                             14 ;--------------------------------------------------------
                             15 ;--------------------------------------------------------
                             16 ; ram data
                             17 ;--------------------------------------------------------
                             18 	.area _DATA
                             19 ;--------------------------------------------------------
                             20 ; ram data
                             21 ;--------------------------------------------------------
                             22 	.area _INITIALIZED
                             23 ;--------------------------------------------------------
                             24 ; absolute external ram data
                             25 ;--------------------------------------------------------
                             26 	.area _DABS (ABS)
                             27 ;--------------------------------------------------------
                             28 ; global & static initialisations
                             29 ;--------------------------------------------------------
                             30 	.area _HOME
                             31 	.area _GSINIT
                             32 	.area _GSFINAL
                             33 	.area _GSINIT
                             34 ;--------------------------------------------------------
                             35 ; Home
                             36 ;--------------------------------------------------------
                             37 	.area _HOME
                             38 	.area _HOME
                             39 ;--------------------------------------------------------
                             40 ; code
                             41 ;--------------------------------------------------------
                             42 	.area _CODE
                             43 	.area _CODE
   0000                      44 _sp_bat_right:
   0000 00                   45 	.db #0x00	; 0
   0001 00                   46 	.db #0x00	; 0
   0002 F3                   47 	.db #0xf3	; 243
   0003 00                   48 	.db #0x00	; 0
   0004 0C                   49 	.db #0x0c	; 12
   0005 00                   50 	.db #0x00	; 0
   0006 C0                   51 	.db #0xc0	; 192
   0007 A0                   52 	.db #0xa0	; 160
   0008 0C                   53 	.db #0x0c	; 12
   0009 A0                   54 	.db #0xa0	; 160
   000A 0C                   55 	.db #0x0c	; 12
   000B 00                   56 	.db #0x00	; 0
   000C F3                   57 	.db #0xf3	; 243
   000D 00                   58 	.db #0x00	; 0
   000E 00                   59 	.db #0x00	; 0
   000F 00                   60 	.db #0x00	; 0
                             61 	.area _INITIALIZER
                             62 	.area _CABS (ABS)
