                              1 ;--------------------------------------------------------
                              2 ; File Created by SDCC : free open source ANSI-C Compiler
                              3 ; Version 3.6.8 #9946 (Linux)
                              4 ;--------------------------------------------------------
                              5 	.module font
                              6 	.optsdcc -mz80
                              7 	
                              8 ;--------------------------------------------------------
                              9 ; Public variables in this module
                             10 ;--------------------------------------------------------
                             11 	.globl _sp_font_40
                             12 	.globl _sp_font_39
                             13 	.globl _sp_font_38
                             14 	.globl _sp_font_37
                             15 	.globl _sp_font_36
                             16 	.globl _sp_font_35
                             17 	.globl _sp_font_34
                             18 	.globl _sp_font_33
                             19 	.globl _sp_font_32
                             20 	.globl _sp_font_31
                             21 	.globl _sp_font_30
                             22 	.globl _sp_font_29
                             23 	.globl _sp_font_28
                             24 	.globl _sp_font_27
                             25 	.globl _sp_font_26
                             26 	.globl _sp_font_25
                             27 	.globl _sp_font_24
                             28 	.globl _sp_font_23
                             29 	.globl _sp_font_22
                             30 	.globl _sp_font_21
                             31 	.globl _sp_font_20
                             32 	.globl _sp_font_19
                             33 	.globl _sp_font_18
                             34 	.globl _sp_font_17
                             35 	.globl _sp_font_16
                             36 	.globl _sp_font_15
                             37 	.globl _sp_font_14
                             38 	.globl _sp_font_13
                             39 	.globl _sp_font_12
                             40 	.globl _sp_font_11
                             41 	.globl _sp_font_10
                             42 	.globl _sp_font_09
                             43 	.globl _sp_font_08
                             44 	.globl _sp_font_07
                             45 	.globl _sp_font_06
                             46 	.globl _sp_font_05
                             47 	.globl _sp_font_04
                             48 	.globl _sp_font_03
                             49 	.globl _sp_font_02
                             50 	.globl _sp_font_01
                             51 	.globl _sp_font_00
                             52 ;--------------------------------------------------------
                             53 ; special function registers
                             54 ;--------------------------------------------------------
                             55 ;--------------------------------------------------------
                             56 ; ram data
                             57 ;--------------------------------------------------------
                             58 	.area _DATA
                             59 ;--------------------------------------------------------
                             60 ; ram data
                             61 ;--------------------------------------------------------
                             62 	.area _INITIALIZED
                             63 ;--------------------------------------------------------
                             64 ; absolute external ram data
                             65 ;--------------------------------------------------------
                             66 	.area _DABS (ABS)
                             67 ;--------------------------------------------------------
                             68 ; global & static initialisations
                             69 ;--------------------------------------------------------
                             70 	.area _HOME
                             71 	.area _GSINIT
                             72 	.area _GSFINAL
                             73 	.area _GSINIT
                             74 ;--------------------------------------------------------
                             75 ; Home
                             76 ;--------------------------------------------------------
                             77 	.area _HOME
                             78 	.area _HOME
                             79 ;--------------------------------------------------------
                             80 ; code
                             81 ;--------------------------------------------------------
                             82 	.area _CODE
                             83 	.area _CODE
   0000                      84 _sp_font_00:
   0000 00                   85 	.db #0x00	; 0
   0001 2A                   86 	.db #0x2a	; 42
   0002 15                   87 	.db #0x15	; 21
   0003 15                   88 	.db #0x15	; 21
   0004 15                   89 	.db #0x15	; 21
   0005 15                   90 	.db #0x15	; 21
   0006 40                   91 	.db #0x40	; 64
   0007 40                   92 	.db #0x40	; 64
   0008 40                   93 	.db #0x40	; 64
   0009 40                   94 	.db #0x40	; 64
   000A 40                   95 	.db #0x40	; 64
   000B 40                   96 	.db #0x40	; 64
   000C 00                   97 	.db #0x00	; 0
   000D 80                   98 	.db #0x80	; 128
   000E 00                   99 	.db #0x00	; 0
   000F 00                  100 	.db #0x00	; 0
   0010                     101 _sp_font_01:
   0010 15                  102 	.db #0x15	; 21
   0011 2A                  103 	.db #0x2a	; 42
   0012 00                  104 	.db #0x00	; 0
   0013 2A                  105 	.db #0x2a	; 42
   0014 00                  106 	.db #0x00	; 0
   0015 2A                  107 	.db #0x2a	; 42
   0016 00                  108 	.db #0x00	; 0
   0017 80                  109 	.db #0x80	; 128
   0018 00                  110 	.db #0x00	; 0
   0019 80                  111 	.db #0x80	; 128
   001A 00                  112 	.db #0x00	; 0
   001B 80                  113 	.db #0x80	; 128
   001C 40                  114 	.db #0x40	; 64
   001D C0                  115 	.db #0xc0	; 192
   001E 00                  116 	.db #0x00	; 0
   001F 00                  117 	.db #0x00	; 0
   0020                     118 _sp_font_02:
   0020 15                  119 	.db #0x15	; 21
   0021 3F                  120 	.db #0x3f	; 63
   0022 00                  121 	.db #0x00	; 0
   0023 15                  122 	.db #0x15	; 21
   0024 00                  123 	.db #0x00	; 0
   0025 15                  124 	.db #0x15	; 21
   0026 40                  125 	.db #0x40	; 64
   0027 C0                  126 	.db #0xc0	; 192
   0028 40                  127 	.db #0x40	; 64
   0029 00                  128 	.db #0x00	; 0
   002A 40                  129 	.db #0x40	; 64
   002B 00                  130 	.db #0x00	; 0
   002C 40                  131 	.db #0x40	; 64
   002D C0                  132 	.db #0xc0	; 192
   002E 00                  133 	.db #0x00	; 0
   002F 00                  134 	.db #0x00	; 0
   0030                     135 _sp_font_03:
   0030 15                  136 	.db #0x15	; 21
   0031 3F                  137 	.db #0x3f	; 63
   0032 00                  138 	.db #0x00	; 0
   0033 15                  139 	.db #0x15	; 21
   0034 00                  140 	.db #0x00	; 0
   0035 15                  141 	.db #0x15	; 21
   0036 40                  142 	.db #0x40	; 64
   0037 C0                  143 	.db #0xc0	; 192
   0038 00                  144 	.db #0x00	; 0
   0039 40                  145 	.db #0x40	; 64
   003A 00                  146 	.db #0x00	; 0
   003B 40                  147 	.db #0x40	; 64
   003C 40                  148 	.db #0x40	; 64
   003D C0                  149 	.db #0xc0	; 192
   003E 00                  150 	.db #0x00	; 0
   003F 00                  151 	.db #0x00	; 0
   0040                     152 _sp_font_04:
   0040 15                  153 	.db #0x15	; 21
   0041 15                  154 	.db #0x15	; 21
   0042 15                  155 	.db #0x15	; 21
   0043 15                  156 	.db #0x15	; 21
   0044 15                  157 	.db #0x15	; 21
   0045 15                  158 	.db #0x15	; 21
   0046 40                  159 	.db #0x40	; 64
   0047 C0                  160 	.db #0xc0	; 192
   0048 00                  161 	.db #0x00	; 0
   0049 40                  162 	.db #0x40	; 64
   004A 00                  163 	.db #0x00	; 0
   004B 40                  164 	.db #0x40	; 64
   004C 00                  165 	.db #0x00	; 0
   004D 40                  166 	.db #0x40	; 64
   004E 00                  167 	.db #0x00	; 0
   004F 00                  168 	.db #0x00	; 0
   0050                     169 _sp_font_05:
   0050 15                  170 	.db #0x15	; 21
   0051 3F                  171 	.db #0x3f	; 63
   0052 15                  172 	.db #0x15	; 21
   0053 00                  173 	.db #0x00	; 0
   0054 15                  174 	.db #0x15	; 21
   0055 00                  175 	.db #0x00	; 0
   0056 40                  176 	.db #0x40	; 64
   0057 C0                  177 	.db #0xc0	; 192
   0058 00                  178 	.db #0x00	; 0
   0059 40                  179 	.db #0x40	; 64
   005A 00                  180 	.db #0x00	; 0
   005B 40                  181 	.db #0x40	; 64
   005C 40                  182 	.db #0x40	; 64
   005D C0                  183 	.db #0xc0	; 192
   005E 00                  184 	.db #0x00	; 0
   005F 00                  185 	.db #0x00	; 0
   0060                     186 _sp_font_06:
   0060 15                  187 	.db #0x15	; 21
   0061 00                  188 	.db #0x00	; 0
   0062 15                  189 	.db #0x15	; 21
   0063 00                  190 	.db #0x00	; 0
   0064 15                  191 	.db #0x15	; 21
   0065 00                  192 	.db #0x00	; 0
   0066 40                  193 	.db #0x40	; 64
   0067 C0                  194 	.db #0xc0	; 192
   0068 40                  195 	.db #0x40	; 64
   0069 40                  196 	.db #0x40	; 64
   006A 40                  197 	.db #0x40	; 64
   006B 40                  198 	.db #0x40	; 64
   006C 40                  199 	.db #0x40	; 64
   006D C0                  200 	.db #0xc0	; 192
   006E 00                  201 	.db #0x00	; 0
   006F 00                  202 	.db #0x00	; 0
   0070                     203 _sp_font_07:
   0070 15                  204 	.db #0x15	; 21
   0071 3F                  205 	.db #0x3f	; 63
   0072 00                  206 	.db #0x00	; 0
   0073 15                  207 	.db #0x15	; 21
   0074 00                  208 	.db #0x00	; 0
   0075 15                  209 	.db #0x15	; 21
   0076 00                  210 	.db #0x00	; 0
   0077 40                  211 	.db #0x40	; 64
   0078 00                  212 	.db #0x00	; 0
   0079 40                  213 	.db #0x40	; 64
   007A 00                  214 	.db #0x00	; 0
   007B 40                  215 	.db #0x40	; 64
   007C 00                  216 	.db #0x00	; 0
   007D 40                  217 	.db #0x40	; 64
   007E 00                  218 	.db #0x00	; 0
   007F 00                  219 	.db #0x00	; 0
   0080                     220 _sp_font_08:
   0080 15                  221 	.db #0x15	; 21
   0081 3F                  222 	.db #0x3f	; 63
   0082 15                  223 	.db #0x15	; 21
   0083 15                  224 	.db #0x15	; 21
   0084 15                  225 	.db #0x15	; 21
   0085 15                  226 	.db #0x15	; 21
   0086 40                  227 	.db #0x40	; 64
   0087 C0                  228 	.db #0xc0	; 192
   0088 40                  229 	.db #0x40	; 64
   0089 40                  230 	.db #0x40	; 64
   008A 40                  231 	.db #0x40	; 64
   008B 40                  232 	.db #0x40	; 64
   008C 40                  233 	.db #0x40	; 64
   008D C0                  234 	.db #0xc0	; 192
   008E 00                  235 	.db #0x00	; 0
   008F 00                  236 	.db #0x00	; 0
   0090                     237 _sp_font_09:
   0090 15                  238 	.db #0x15	; 21
   0091 3F                  239 	.db #0x3f	; 63
   0092 15                  240 	.db #0x15	; 21
   0093 15                  241 	.db #0x15	; 21
   0094 15                  242 	.db #0x15	; 21
   0095 15                  243 	.db #0x15	; 21
   0096 40                  244 	.db #0x40	; 64
   0097 C0                  245 	.db #0xc0	; 192
   0098 00                  246 	.db #0x00	; 0
   0099 40                  247 	.db #0x40	; 64
   009A 00                  248 	.db #0x00	; 0
   009B 40                  249 	.db #0x40	; 64
   009C 00                  250 	.db #0x00	; 0
   009D 40                  251 	.db #0x40	; 64
   009E 00                  252 	.db #0x00	; 0
   009F 00                  253 	.db #0x00	; 0
   00A0                     254 _sp_font_10:
   00A0 15                  255 	.db #0x15	; 21
   00A1 3F                  256 	.db #0x3f	; 63
   00A2 15                  257 	.db #0x15	; 21
   00A3 15                  258 	.db #0x15	; 21
   00A4 15                  259 	.db #0x15	; 21
   00A5 15                  260 	.db #0x15	; 21
   00A6 40                  261 	.db #0x40	; 64
   00A7 C0                  262 	.db #0xc0	; 192
   00A8 40                  263 	.db #0x40	; 64
   00A9 40                  264 	.db #0x40	; 64
   00AA 40                  265 	.db #0x40	; 64
   00AB 40                  266 	.db #0x40	; 64
   00AC 40                  267 	.db #0x40	; 64
   00AD 40                  268 	.db #0x40	; 64
   00AE 00                  269 	.db #0x00	; 0
   00AF 00                  270 	.db #0x00	; 0
   00B0                     271 _sp_font_11:
   00B0 15                  272 	.db #0x15	; 21
   00B1 3F                  273 	.db #0x3f	; 63
   00B2 15                  274 	.db #0x15	; 21
   00B3 15                  275 	.db #0x15	; 21
   00B4 15                  276 	.db #0x15	; 21
   00B5 15                  277 	.db #0x15	; 21
   00B6 40                  278 	.db #0x40	; 64
   00B7 C0                  279 	.db #0xc0	; 192
   00B8 40                  280 	.db #0x40	; 64
   00B9 40                  281 	.db #0x40	; 64
   00BA 40                  282 	.db #0x40	; 64
   00BB 40                  283 	.db #0x40	; 64
   00BC 40                  284 	.db #0x40	; 64
   00BD C0                  285 	.db #0xc0	; 192
   00BE 00                  286 	.db #0x00	; 0
   00BF 00                  287 	.db #0x00	; 0
   00C0                     288 _sp_font_12:
   00C0 15                  289 	.db #0x15	; 21
   00C1 3F                  290 	.db #0x3f	; 63
   00C2 15                  291 	.db #0x15	; 21
   00C3 00                  292 	.db #0x00	; 0
   00C4 15                  293 	.db #0x15	; 21
   00C5 00                  294 	.db #0x00	; 0
   00C6 40                  295 	.db #0x40	; 64
   00C7 00                  296 	.db #0x00	; 0
   00C8 40                  297 	.db #0x40	; 64
   00C9 00                  298 	.db #0x00	; 0
   00CA 40                  299 	.db #0x40	; 64
   00CB 00                  300 	.db #0x00	; 0
   00CC 40                  301 	.db #0x40	; 64
   00CD C0                  302 	.db #0xc0	; 192
   00CE 00                  303 	.db #0x00	; 0
   00CF 00                  304 	.db #0x00	; 0
   00D0                     305 _sp_font_13:
   00D0 15                  306 	.db #0x15	; 21
   00D1 2A                  307 	.db #0x2a	; 42
   00D2 15                  308 	.db #0x15	; 21
   00D3 15                  309 	.db #0x15	; 21
   00D4 15                  310 	.db #0x15	; 21
   00D5 15                  311 	.db #0x15	; 21
   00D6 40                  312 	.db #0x40	; 64
   00D7 40                  313 	.db #0x40	; 64
   00D8 40                  314 	.db #0x40	; 64
   00D9 40                  315 	.db #0x40	; 64
   00DA 40                  316 	.db #0x40	; 64
   00DB 40                  317 	.db #0x40	; 64
   00DC 40                  318 	.db #0x40	; 64
   00DD 80                  319 	.db #0x80	; 128
   00DE 00                  320 	.db #0x00	; 0
   00DF 00                  321 	.db #0x00	; 0
   00E0                     322 _sp_font_14:
   00E0 15                  323 	.db #0x15	; 21
   00E1 3F                  324 	.db #0x3f	; 63
   00E2 15                  325 	.db #0x15	; 21
   00E3 00                  326 	.db #0x00	; 0
   00E4 15                  327 	.db #0x15	; 21
   00E5 00                  328 	.db #0x00	; 0
   00E6 40                  329 	.db #0x40	; 64
   00E7 C0                  330 	.db #0xc0	; 192
   00E8 40                  331 	.db #0x40	; 64
   00E9 00                  332 	.db #0x00	; 0
   00EA 40                  333 	.db #0x40	; 64
   00EB 00                  334 	.db #0x00	; 0
   00EC 40                  335 	.db #0x40	; 64
   00ED C0                  336 	.db #0xc0	; 192
   00EE 00                  337 	.db #0x00	; 0
   00EF 00                  338 	.db #0x00	; 0
   00F0                     339 _sp_font_15:
   00F0 15                  340 	.db #0x15	; 21
   00F1 3F                  341 	.db #0x3f	; 63
   00F2 15                  342 	.db #0x15	; 21
   00F3 00                  343 	.db #0x00	; 0
   00F4 15                  344 	.db #0x15	; 21
   00F5 00                  345 	.db #0x00	; 0
   00F6 40                  346 	.db #0x40	; 64
   00F7 C0                  347 	.db #0xc0	; 192
   00F8 40                  348 	.db #0x40	; 64
   00F9 00                  349 	.db #0x00	; 0
   00FA 40                  350 	.db #0x40	; 64
   00FB 00                  351 	.db #0x00	; 0
   00FC 40                  352 	.db #0x40	; 64
   00FD 00                  353 	.db #0x00	; 0
   00FE 00                  354 	.db #0x00	; 0
   00FF 00                  355 	.db #0x00	; 0
   0100                     356 _sp_font_16:
   0100 15                  357 	.db #0x15	; 21
   0101 3F                  358 	.db #0x3f	; 63
   0102 15                  359 	.db #0x15	; 21
   0103 00                  360 	.db #0x00	; 0
   0104 15                  361 	.db #0x15	; 21
   0105 00                  362 	.db #0x00	; 0
   0106 40                  363 	.db #0x40	; 64
   0107 C0                  364 	.db #0xc0	; 192
   0108 40                  365 	.db #0x40	; 64
   0109 40                  366 	.db #0x40	; 64
   010A 40                  367 	.db #0x40	; 64
   010B 40                  368 	.db #0x40	; 64
   010C 40                  369 	.db #0x40	; 64
   010D C0                  370 	.db #0xc0	; 192
   010E 00                  371 	.db #0x00	; 0
   010F 00                  372 	.db #0x00	; 0
   0110                     373 _sp_font_17:
   0110 15                  374 	.db #0x15	; 21
   0111 15                  375 	.db #0x15	; 21
   0112 15                  376 	.db #0x15	; 21
   0113 15                  377 	.db #0x15	; 21
   0114 15                  378 	.db #0x15	; 21
   0115 15                  379 	.db #0x15	; 21
   0116 40                  380 	.db #0x40	; 64
   0117 C0                  381 	.db #0xc0	; 192
   0118 40                  382 	.db #0x40	; 64
   0119 40                  383 	.db #0x40	; 64
   011A 40                  384 	.db #0x40	; 64
   011B 40                  385 	.db #0x40	; 64
   011C 40                  386 	.db #0x40	; 64
   011D 40                  387 	.db #0x40	; 64
   011E 00                  388 	.db #0x00	; 0
   011F 00                  389 	.db #0x00	; 0
   0120                     390 _sp_font_18:
   0120 15                  391 	.db #0x15	; 21
   0121 3F                  392 	.db #0x3f	; 63
   0122 00                  393 	.db #0x00	; 0
   0123 2A                  394 	.db #0x2a	; 42
   0124 00                  395 	.db #0x00	; 0
   0125 2A                  396 	.db #0x2a	; 42
   0126 00                  397 	.db #0x00	; 0
   0127 80                  398 	.db #0x80	; 128
   0128 00                  399 	.db #0x00	; 0
   0129 80                  400 	.db #0x80	; 128
   012A 00                  401 	.db #0x00	; 0
   012B 80                  402 	.db #0x80	; 128
   012C 40                  403 	.db #0x40	; 64
   012D C0                  404 	.db #0xc0	; 192
   012E 00                  405 	.db #0x00	; 0
   012F 00                  406 	.db #0x00	; 0
   0130                     407 _sp_font_19:
   0130 15                  408 	.db #0x15	; 21
   0131 3F                  409 	.db #0x3f	; 63
   0132 00                  410 	.db #0x00	; 0
   0133 15                  411 	.db #0x15	; 21
   0134 00                  412 	.db #0x00	; 0
   0135 15                  413 	.db #0x15	; 21
   0136 00                  414 	.db #0x00	; 0
   0137 40                  415 	.db #0x40	; 64
   0138 00                  416 	.db #0x00	; 0
   0139 40                  417 	.db #0x40	; 64
   013A 00                  418 	.db #0x00	; 0
   013B 40                  419 	.db #0x40	; 64
   013C 40                  420 	.db #0x40	; 64
   013D 80                  421 	.db #0x80	; 128
   013E 00                  422 	.db #0x00	; 0
   013F 00                  423 	.db #0x00	; 0
   0140                     424 _sp_font_20:
   0140 15                  425 	.db #0x15	; 21
   0141 15                  426 	.db #0x15	; 21
   0142 15                  427 	.db #0x15	; 21
   0143 15                  428 	.db #0x15	; 21
   0144 15                  429 	.db #0x15	; 21
   0145 15                  430 	.db #0x15	; 21
   0146 40                  431 	.db #0x40	; 64
   0147 80                  432 	.db #0x80	; 128
   0148 40                  433 	.db #0x40	; 64
   0149 40                  434 	.db #0x40	; 64
   014A 40                  435 	.db #0x40	; 64
   014B 40                  436 	.db #0x40	; 64
   014C 40                  437 	.db #0x40	; 64
   014D 40                  438 	.db #0x40	; 64
   014E 00                  439 	.db #0x00	; 0
   014F 00                  440 	.db #0x00	; 0
   0150                     441 _sp_font_21:
   0150 15                  442 	.db #0x15	; 21
   0151 00                  443 	.db #0x00	; 0
   0152 15                  444 	.db #0x15	; 21
   0153 00                  445 	.db #0x00	; 0
   0154 15                  446 	.db #0x15	; 21
   0155 00                  447 	.db #0x00	; 0
   0156 40                  448 	.db #0x40	; 64
   0157 00                  449 	.db #0x00	; 0
   0158 40                  450 	.db #0x40	; 64
   0159 00                  451 	.db #0x00	; 0
   015A 40                  452 	.db #0x40	; 64
   015B 00                  453 	.db #0x00	; 0
   015C 40                  454 	.db #0x40	; 64
   015D C0                  455 	.db #0xc0	; 192
   015E 00                  456 	.db #0x00	; 0
   015F 00                  457 	.db #0x00	; 0
   0160                     458 _sp_font_22:
   0160 15                  459 	.db #0x15	; 21
   0161 15                  460 	.db #0x15	; 21
   0162 15                  461 	.db #0x15	; 21
   0163 3F                  462 	.db #0x3f	; 63
   0164 15                  463 	.db #0x15	; 21
   0165 3F                  464 	.db #0x3f	; 63
   0166 40                  465 	.db #0x40	; 64
   0167 C0                  466 	.db #0xc0	; 192
   0168 40                  467 	.db #0x40	; 64
   0169 40                  468 	.db #0x40	; 64
   016A 40                  469 	.db #0x40	; 64
   016B 40                  470 	.db #0x40	; 64
   016C 40                  471 	.db #0x40	; 64
   016D 40                  472 	.db #0x40	; 64
   016E 00                  473 	.db #0x00	; 0
   016F 00                  474 	.db #0x00	; 0
   0170                     475 _sp_font_23:
   0170 15                  476 	.db #0x15	; 21
   0171 3F                  477 	.db #0x3f	; 63
   0172 15                  478 	.db #0x15	; 21
   0173 15                  479 	.db #0x15	; 21
   0174 15                  480 	.db #0x15	; 21
   0175 15                  481 	.db #0x15	; 21
   0176 40                  482 	.db #0x40	; 64
   0177 40                  483 	.db #0x40	; 64
   0178 40                  484 	.db #0x40	; 64
   0179 40                  485 	.db #0x40	; 64
   017A 40                  486 	.db #0x40	; 64
   017B 40                  487 	.db #0x40	; 64
   017C 40                  488 	.db #0x40	; 64
   017D 40                  489 	.db #0x40	; 64
   017E 00                  490 	.db #0x00	; 0
   017F 00                  491 	.db #0x00	; 0
   0180                     492 _sp_font_24:
   0180 15                  493 	.db #0x15	; 21
   0181 3F                  494 	.db #0x3f	; 63
   0182 15                  495 	.db #0x15	; 21
   0183 15                  496 	.db #0x15	; 21
   0184 15                  497 	.db #0x15	; 21
   0185 15                  498 	.db #0x15	; 21
   0186 40                  499 	.db #0x40	; 64
   0187 40                  500 	.db #0x40	; 64
   0188 40                  501 	.db #0x40	; 64
   0189 40                  502 	.db #0x40	; 64
   018A 40                  503 	.db #0x40	; 64
   018B 40                  504 	.db #0x40	; 64
   018C 40                  505 	.db #0x40	; 64
   018D C0                  506 	.db #0xc0	; 192
   018E 00                  507 	.db #0x00	; 0
   018F 00                  508 	.db #0x00	; 0
   0190                     509 _sp_font_25:
   0190 15                  510 	.db #0x15	; 21
   0191 3F                  511 	.db #0x3f	; 63
   0192 15                  512 	.db #0x15	; 21
   0193 15                  513 	.db #0x15	; 21
   0194 15                  514 	.db #0x15	; 21
   0195 15                  515 	.db #0x15	; 21
   0196 40                  516 	.db #0x40	; 64
   0197 C0                  517 	.db #0xc0	; 192
   0198 40                  518 	.db #0x40	; 64
   0199 00                  519 	.db #0x00	; 0
   019A 40                  520 	.db #0x40	; 64
   019B 00                  521 	.db #0x00	; 0
   019C 40                  522 	.db #0x40	; 64
   019D 00                  523 	.db #0x00	; 0
   019E 00                  524 	.db #0x00	; 0
   019F 00                  525 	.db #0x00	; 0
   01A0                     526 _sp_font_26:
   01A0 15                  527 	.db #0x15	; 21
   01A1 3F                  528 	.db #0x3f	; 63
   01A2 15                  529 	.db #0x15	; 21
   01A3 15                  530 	.db #0x15	; 21
   01A4 15                  531 	.db #0x15	; 21
   01A5 15                  532 	.db #0x15	; 21
   01A6 40                  533 	.db #0x40	; 64
   01A7 C0                  534 	.db #0xc0	; 192
   01A8 00                  535 	.db #0x00	; 0
   01A9 40                  536 	.db #0x40	; 64
   01AA 00                  537 	.db #0x00	; 0
   01AB 40                  538 	.db #0x40	; 64
   01AC 00                  539 	.db #0x00	; 0
   01AD 40                  540 	.db #0x40	; 64
   01AE 00                  541 	.db #0x00	; 0
   01AF 00                  542 	.db #0x00	; 0
   01B0                     543 _sp_font_27:
   01B0 15                  544 	.db #0x15	; 21
   01B1 3F                  545 	.db #0x3f	; 63
   01B2 15                  546 	.db #0x15	; 21
   01B3 15                  547 	.db #0x15	; 21
   01B4 15                  548 	.db #0x15	; 21
   01B5 15                  549 	.db #0x15	; 21
   01B6 40                  550 	.db #0x40	; 64
   01B7 80                  551 	.db #0x80	; 128
   01B8 40                  552 	.db #0x40	; 64
   01B9 40                  553 	.db #0x40	; 64
   01BA 40                  554 	.db #0x40	; 64
   01BB 40                  555 	.db #0x40	; 64
   01BC 40                  556 	.db #0x40	; 64
   01BD 40                  557 	.db #0x40	; 64
   01BE 00                  558 	.db #0x00	; 0
   01BF 00                  559 	.db #0x00	; 0
   01C0                     560 _sp_font_28:
   01C0 15                  561 	.db #0x15	; 21
   01C1 3F                  562 	.db #0x3f	; 63
   01C2 15                  563 	.db #0x15	; 21
   01C3 00                  564 	.db #0x00	; 0
   01C4 15                  565 	.db #0x15	; 21
   01C5 00                  566 	.db #0x00	; 0
   01C6 40                  567 	.db #0x40	; 64
   01C7 C0                  568 	.db #0xc0	; 192
   01C8 00                  569 	.db #0x00	; 0
   01C9 40                  570 	.db #0x40	; 64
   01CA 00                  571 	.db #0x00	; 0
   01CB 40                  572 	.db #0x40	; 64
   01CC 40                  573 	.db #0x40	; 64
   01CD C0                  574 	.db #0xc0	; 192
   01CE 00                  575 	.db #0x00	; 0
   01CF 00                  576 	.db #0x00	; 0
   01D0                     577 _sp_font_29:
   01D0 15                  578 	.db #0x15	; 21
   01D1 3F                  579 	.db #0x3f	; 63
   01D2 00                  580 	.db #0x00	; 0
   01D3 2A                  581 	.db #0x2a	; 42
   01D4 00                  582 	.db #0x00	; 0
   01D5 2A                  583 	.db #0x2a	; 42
   01D6 00                  584 	.db #0x00	; 0
   01D7 80                  585 	.db #0x80	; 128
   01D8 00                  586 	.db #0x00	; 0
   01D9 80                  587 	.db #0x80	; 128
   01DA 00                  588 	.db #0x00	; 0
   01DB 80                  589 	.db #0x80	; 128
   01DC 00                  590 	.db #0x00	; 0
   01DD 80                  591 	.db #0x80	; 128
   01DE 00                  592 	.db #0x00	; 0
   01DF 00                  593 	.db #0x00	; 0
   01E0                     594 _sp_font_30:
   01E0 15                  595 	.db #0x15	; 21
   01E1 15                  596 	.db #0x15	; 21
   01E2 15                  597 	.db #0x15	; 21
   01E3 15                  598 	.db #0x15	; 21
   01E4 15                  599 	.db #0x15	; 21
   01E5 15                  600 	.db #0x15	; 21
   01E6 40                  601 	.db #0x40	; 64
   01E7 40                  602 	.db #0x40	; 64
   01E8 40                  603 	.db #0x40	; 64
   01E9 40                  604 	.db #0x40	; 64
   01EA 40                  605 	.db #0x40	; 64
   01EB 40                  606 	.db #0x40	; 64
   01EC 40                  607 	.db #0x40	; 64
   01ED C0                  608 	.db #0xc0	; 192
   01EE 00                  609 	.db #0x00	; 0
   01EF 00                  610 	.db #0x00	; 0
   01F0                     611 _sp_font_31:
   01F0 15                  612 	.db #0x15	; 21
   01F1 15                  613 	.db #0x15	; 21
   01F2 15                  614 	.db #0x15	; 21
   01F3 15                  615 	.db #0x15	; 21
   01F4 15                  616 	.db #0x15	; 21
   01F5 15                  617 	.db #0x15	; 21
   01F6 40                  618 	.db #0x40	; 64
   01F7 40                  619 	.db #0x40	; 64
   01F8 40                  620 	.db #0x40	; 64
   01F9 40                  621 	.db #0x40	; 64
   01FA 40                  622 	.db #0x40	; 64
   01FB 40                  623 	.db #0x40	; 64
   01FC 00                  624 	.db #0x00	; 0
   01FD 80                  625 	.db #0x80	; 128
   01FE 00                  626 	.db #0x00	; 0
   01FF 00                  627 	.db #0x00	; 0
   0200                     628 _sp_font_32:
   0200 15                  629 	.db #0x15	; 21
   0201 15                  630 	.db #0x15	; 21
   0202 15                  631 	.db #0x15	; 21
   0203 15                  632 	.db #0x15	; 21
   0204 15                  633 	.db #0x15	; 21
   0205 15                  634 	.db #0x15	; 21
   0206 40                  635 	.db #0x40	; 64
   0207 C0                  636 	.db #0xc0	; 192
   0208 40                  637 	.db #0x40	; 64
   0209 C0                  638 	.db #0xc0	; 192
   020A 40                  639 	.db #0x40	; 64
   020B C0                  640 	.db #0xc0	; 192
   020C 40                  641 	.db #0x40	; 64
   020D 40                  642 	.db #0x40	; 64
   020E 00                  643 	.db #0x00	; 0
   020F 00                  644 	.db #0x00	; 0
   0210                     645 _sp_font_33:
   0210 15                  646 	.db #0x15	; 21
   0211 15                  647 	.db #0x15	; 21
   0212 15                  648 	.db #0x15	; 21
   0213 15                  649 	.db #0x15	; 21
   0214 15                  650 	.db #0x15	; 21
   0215 15                  651 	.db #0x15	; 21
   0216 00                  652 	.db #0x00	; 0
   0217 80                  653 	.db #0x80	; 128
   0218 40                  654 	.db #0x40	; 64
   0219 40                  655 	.db #0x40	; 64
   021A 40                  656 	.db #0x40	; 64
   021B 40                  657 	.db #0x40	; 64
   021C 40                  658 	.db #0x40	; 64
   021D 40                  659 	.db #0x40	; 64
   021E 00                  660 	.db #0x00	; 0
   021F 00                  661 	.db #0x00	; 0
   0220                     662 _sp_font_34:
   0220 15                  663 	.db #0x15	; 21
   0221 15                  664 	.db #0x15	; 21
   0222 15                  665 	.db #0x15	; 21
   0223 15                  666 	.db #0x15	; 21
   0224 15                  667 	.db #0x15	; 21
   0225 15                  668 	.db #0x15	; 21
   0226 40                  669 	.db #0x40	; 64
   0227 C0                  670 	.db #0xc0	; 192
   0228 00                  671 	.db #0x00	; 0
   0229 80                  672 	.db #0x80	; 128
   022A 00                  673 	.db #0x00	; 0
   022B 80                  674 	.db #0x80	; 128
   022C 00                  675 	.db #0x00	; 0
   022D 80                  676 	.db #0x80	; 128
   022E 00                  677 	.db #0x00	; 0
   022F 00                  678 	.db #0x00	; 0
   0230                     679 _sp_font_35:
   0230 15                  680 	.db #0x15	; 21
   0231 3F                  681 	.db #0x3f	; 63
   0232 00                  682 	.db #0x00	; 0
   0233 15                  683 	.db #0x15	; 21
   0234 00                  684 	.db #0x00	; 0
   0235 2A                  685 	.db #0x2a	; 42
   0236 00                  686 	.db #0x00	; 0
   0237 2A                  687 	.db #0x2a	; 42
   0238 40                  688 	.db #0x40	; 64
   0239 00                  689 	.db #0x00	; 0
   023A 40                  690 	.db #0x40	; 64
   023B 00                  691 	.db #0x00	; 0
   023C 40                  692 	.db #0x40	; 64
   023D C0                  693 	.db #0xc0	; 192
   023E 00                  694 	.db #0x00	; 0
   023F 00                  695 	.db #0x00	; 0
   0240                     696 _sp_font_36:
   0240 00                  697 	.db #0x00	; 0
   0241 00                  698 	.db #0x00	; 0
   0242 15                  699 	.db #0x15	; 21
   0243 2A                  700 	.db #0x2a	; 42
   0244 15                  701 	.db #0x15	; 21
   0245 2A                  702 	.db #0x2a	; 42
   0246 00                  703 	.db #0x00	; 0
   0247 00                  704 	.db #0x00	; 0
   0248 40                  705 	.db #0x40	; 64
   0249 80                  706 	.db #0x80	; 128
   024A 40                  707 	.db #0x40	; 64
   024B 80                  708 	.db #0x80	; 128
   024C 00                  709 	.db #0x00	; 0
   024D 00                  710 	.db #0x00	; 0
   024E 00                  711 	.db #0x00	; 0
   024F 00                  712 	.db #0x00	; 0
   0250                     713 _sp_font_37:
   0250 00                  714 	.db #0x00	; 0
   0251 2A                  715 	.db #0x2a	; 42
   0252 15                  716 	.db #0x15	; 21
   0253 15                  717 	.db #0x15	; 21
   0254 00                  718 	.db #0x00	; 0
   0255 15                  719 	.db #0x15	; 21
   0256 00                  720 	.db #0x00	; 0
   0257 2A                  721 	.db #0x2a	; 42
   0258 00                  722 	.db #0x00	; 0
   0259 80                  723 	.db #0x80	; 128
   025A 00                  724 	.db #0x00	; 0
   025B 00                  725 	.db #0x00	; 0
   025C 00                  726 	.db #0x00	; 0
   025D 80                  727 	.db #0x80	; 128
   025E 00                  728 	.db #0x00	; 0
   025F 00                  729 	.db #0x00	; 0
   0260                     730 _sp_font_38:
   0260 00                  731 	.db #0x00	; 0
   0261 00                  732 	.db #0x00	; 0
   0262 00                  733 	.db #0x00	; 0
   0263 00                  734 	.db #0x00	; 0
   0264 00                  735 	.db #0x00	; 0
   0265 00                  736 	.db #0x00	; 0
   0266 00                  737 	.db #0x00	; 0
   0267 00                  738 	.db #0x00	; 0
   0268 00                  739 	.db #0x00	; 0
   0269 00                  740 	.db #0x00	; 0
   026A 00                  741 	.db #0x00	; 0
   026B 00                  742 	.db #0x00	; 0
   026C 00                  743 	.db #0x00	; 0
   026D 00                  744 	.db #0x00	; 0
   026E 00                  745 	.db #0x00	; 0
   026F 00                  746 	.db #0x00	; 0
   0270                     747 _sp_font_39:
   0270 00                  748 	.db #0x00	; 0
   0271 00                  749 	.db #0x00	; 0
   0272 00                  750 	.db #0x00	; 0
   0273 00                  751 	.db #0x00	; 0
   0274 00                  752 	.db #0x00	; 0
   0275 00                  753 	.db #0x00	; 0
   0276 00                  754 	.db #0x00	; 0
   0277 00                  755 	.db #0x00	; 0
   0278 00                  756 	.db #0x00	; 0
   0279 00                  757 	.db #0x00	; 0
   027A 40                  758 	.db #0x40	; 64
   027B 80                  759 	.db #0x80	; 128
   027C 40                  760 	.db #0x40	; 64
   027D 80                  761 	.db #0x80	; 128
   027E 00                  762 	.db #0x00	; 0
   027F 00                  763 	.db #0x00	; 0
   0280                     764 _sp_font_40:
   0280 00                  765 	.db #0x00	; 0
   0281 00                  766 	.db #0x00	; 0
   0282 00                  767 	.db #0x00	; 0
   0283 00                  768 	.db #0x00	; 0
   0284 00                  769 	.db #0x00	; 0
   0285 00                  770 	.db #0x00	; 0
   0286 00                  771 	.db #0x00	; 0
   0287 00                  772 	.db #0x00	; 0
   0288 00                  773 	.db #0x00	; 0
   0289 00                  774 	.db #0x00	; 0
   028A 40                  775 	.db #0x40	; 64
   028B 80                  776 	.db #0x80	; 128
   028C 40                  777 	.db #0x40	; 64
   028D 80                  778 	.db #0x80	; 128
   028E 00                  779 	.db #0x00	; 0
   028F 80                  780 	.db #0x80	; 128
                            781 	.area _INITIALIZER
                            782 	.area _CABS (ABS)
