                              1 ;--------------------------------------------------------
                              2 ; File Created by SDCC : free open source ANSI-C Compiler
                              3 ; Version 3.6.8 #9946 (Linux)
                              4 ;--------------------------------------------------------
                              5 	.module hi
                              6 	.optsdcc -mz80
                              7 	
                              8 ;--------------------------------------------------------
                              9 ; Public variables in this module
                             10 ;--------------------------------------------------------
                             11 	.globl _sp_high
                             12 ;--------------------------------------------------------
                             13 ; special function registers
                             14 ;--------------------------------------------------------
                             15 ;--------------------------------------------------------
                             16 ; ram data
                             17 ;--------------------------------------------------------
                             18 	.area _DATA
                             19 ;--------------------------------------------------------
                             20 ; ram data
                             21 ;--------------------------------------------------------
                             22 	.area _INITIALIZED
                             23 ;--------------------------------------------------------
                             24 ; absolute external ram data
                             25 ;--------------------------------------------------------
                             26 	.area _DABS (ABS)
                             27 ;--------------------------------------------------------
                             28 ; global & static initialisations
                             29 ;--------------------------------------------------------
                             30 	.area _HOME
                             31 	.area _GSINIT
                             32 	.area _GSFINAL
                             33 	.area _GSINIT
                             34 ;--------------------------------------------------------
                             35 ; Home
                             36 ;--------------------------------------------------------
                             37 	.area _HOME
                             38 	.area _HOME
                             39 ;--------------------------------------------------------
                             40 ; code
                             41 ;--------------------------------------------------------
                             42 	.area _CODE
                             43 	.area _CODE
   0000                      44 _sp_high:
   0000 15                   45 	.db #0x15	; 21
   0001 15                   46 	.db #0x15	; 21
   0002 15                   47 	.db #0x15	; 21
   0003 3F                   48 	.db #0x3f	; 63
   0004 15                   49 	.db #0x15	; 21
   0005 3F                   50 	.db #0x3f	; 63
   0006 15                   51 	.db #0x15	; 21
   0007 15                   52 	.db #0x15	; 21
   0008 15                   53 	.db #0x15	; 21
   0009 15                   54 	.db #0x15	; 21
   000A 00                   55 	.db #0x00	; 0
   000B 2A                   56 	.db #0x2a	; 42
   000C 15                   57 	.db #0x15	; 21
   000D 00                   58 	.db #0x00	; 0
   000E 15                   59 	.db #0x15	; 21
   000F 15                   60 	.db #0x15	; 21
   0010 15                   61 	.db #0x15	; 21
   0011 15                   62 	.db #0x15	; 21
   0012 00                   63 	.db #0x00	; 0
   0013 2A                   64 	.db #0x2a	; 42
   0014 15                   65 	.db #0x15	; 21
   0015 00                   66 	.db #0x00	; 0
   0016 15                   67 	.db #0x15	; 21
   0017 15                   68 	.db #0x15	; 21
   0018 40                   69 	.db #0x40	; 64
   0019 C0                   70 	.db #0xc0	; 192
   001A 00                   71 	.db #0x00	; 0
   001B 80                   72 	.db #0x80	; 128
   001C 40                   73 	.db #0x40	; 64
   001D C0                   74 	.db #0xc0	; 192
   001E 40                   75 	.db #0x40	; 64
   001F C0                   76 	.db #0xc0	; 192
   0020 40                   77 	.db #0x40	; 64
   0021 40                   78 	.db #0x40	; 64
   0022 00                   79 	.db #0x00	; 0
   0023 80                   80 	.db #0x80	; 128
   0024 40                   81 	.db #0x40	; 64
   0025 40                   82 	.db #0x40	; 64
   0026 40                   83 	.db #0x40	; 64
   0027 40                   84 	.db #0x40	; 64
   0028 40                   85 	.db #0x40	; 64
   0029 40                   86 	.db #0x40	; 64
   002A 00                   87 	.db #0x00	; 0
   002B 80                   88 	.db #0x80	; 128
   002C 40                   89 	.db #0x40	; 64
   002D 40                   90 	.db #0x40	; 64
   002E 40                   91 	.db #0x40	; 64
   002F 40                   92 	.db #0x40	; 64
   0030 40                   93 	.db #0x40	; 64
   0031 40                   94 	.db #0x40	; 64
   0032 40                   95 	.db #0x40	; 64
   0033 C0                   96 	.db #0xc0	; 192
   0034 40                   97 	.db #0x40	; 64
   0035 C0                   98 	.db #0xc0	; 192
   0036 40                   99 	.db #0x40	; 64
   0037 40                  100 	.db #0x40	; 64
                            101 	.area _INITIALIZER
                            102 	.area _CABS (ABS)
