                              1 ;--------------------------------------------------------
                              2 ; File Created by SDCC : free open source ANSI-C Compiler
                              3 ; Version 3.6.8 #9946 (Linux)
                              4 ;--------------------------------------------------------
                              5 	.module level
                              6 	.optsdcc -mz80
                              7 	
                              8 ;--------------------------------------------------------
                              9 ; Public variables in this module
                             10 ;--------------------------------------------------------
                             11 	.globl _sp_level
                             12 ;--------------------------------------------------------
                             13 ; special function registers
                             14 ;--------------------------------------------------------
                             15 ;--------------------------------------------------------
                             16 ; ram data
                             17 ;--------------------------------------------------------
                             18 	.area _DATA
                             19 ;--------------------------------------------------------
                             20 ; ram data
                             21 ;--------------------------------------------------------
                             22 	.area _INITIALIZED
                             23 ;--------------------------------------------------------
                             24 ; absolute external ram data
                             25 ;--------------------------------------------------------
                             26 	.area _DABS (ABS)
                             27 ;--------------------------------------------------------
                             28 ; global & static initialisations
                             29 ;--------------------------------------------------------
                             30 	.area _HOME
                             31 	.area _GSINIT
                             32 	.area _GSFINAL
                             33 	.area _GSINIT
                             34 ;--------------------------------------------------------
                             35 ; Home
                             36 ;--------------------------------------------------------
                             37 	.area _HOME
                             38 	.area _HOME
                             39 ;--------------------------------------------------------
                             40 ; code
                             41 ;--------------------------------------------------------
                             42 	.area _CODE
                             43 	.area _CODE
   0000                      44 _sp_level:
   0000 15                   45 	.db #0x15	; 21
   0001 00                   46 	.db #0x00	; 0
   0002 15                   47 	.db #0x15	; 21
   0003 3F                   48 	.db #0x3f	; 63
   0004 15                   49 	.db #0x15	; 21
   0005 15                   50 	.db #0x15	; 21
   0006 15                   51 	.db #0x15	; 21
   0007 3F                   52 	.db #0x3f	; 63
   0008 15                   53 	.db #0x15	; 21
   0009 00                   54 	.db #0x00	; 0
   000A 15                   55 	.db #0x15	; 21
   000B 00                   56 	.db #0x00	; 0
   000C 15                   57 	.db #0x15	; 21
   000D 00                   58 	.db #0x00	; 0
   000E 15                   59 	.db #0x15	; 21
   000F 15                   60 	.db #0x15	; 21
   0010 15                   61 	.db #0x15	; 21
   0011 00                   62 	.db #0x00	; 0
   0012 15                   63 	.db #0x15	; 21
   0013 00                   64 	.db #0x00	; 0
   0014 15                   65 	.db #0x15	; 21
   0015 00                   66 	.db #0x00	; 0
   0016 15                   67 	.db #0x15	; 21
   0017 00                   68 	.db #0x00	; 0
   0018 15                   69 	.db #0x15	; 21
   0019 15                   70 	.db #0x15	; 21
   001A 15                   71 	.db #0x15	; 21
   001B 00                   72 	.db #0x00	; 0
   001C 15                   73 	.db #0x15	; 21
   001D 00                   74 	.db #0x00	; 0
   001E 40                   75 	.db #0x40	; 64
   001F 00                   76 	.db #0x00	; 0
   0020 40                   77 	.db #0x40	; 64
   0021 C0                   78 	.db #0xc0	; 192
   0022 40                   79 	.db #0x40	; 64
   0023 40                   80 	.db #0x40	; 64
   0024 40                   81 	.db #0x40	; 64
   0025 C0                   82 	.db #0xc0	; 192
   0026 40                   83 	.db #0x40	; 64
   0027 00                   84 	.db #0x00	; 0
   0028 40                   85 	.db #0x40	; 64
   0029 00                   86 	.db #0x00	; 0
   002A 40                   87 	.db #0x40	; 64
   002B 00                   88 	.db #0x00	; 0
   002C 40                   89 	.db #0x40	; 64
   002D 40                   90 	.db #0x40	; 64
   002E 40                   91 	.db #0x40	; 64
   002F 00                   92 	.db #0x00	; 0
   0030 40                   93 	.db #0x40	; 64
   0031 00                   94 	.db #0x00	; 0
   0032 40                   95 	.db #0x40	; 64
   0033 00                   96 	.db #0x00	; 0
   0034 40                   97 	.db #0x40	; 64
   0035 00                   98 	.db #0x00	; 0
   0036 40                   99 	.db #0x40	; 64
   0037 40                  100 	.db #0x40	; 64
   0038 40                  101 	.db #0x40	; 64
   0039 00                  102 	.db #0x00	; 0
   003A 40                  103 	.db #0x40	; 64
   003B 00                  104 	.db #0x00	; 0
   003C 40                  105 	.db #0x40	; 64
   003D C0                  106 	.db #0xc0	; 192
   003E 40                  107 	.db #0x40	; 64
   003F C0                  108 	.db #0xc0	; 192
   0040 00                  109 	.db #0x00	; 0
   0041 80                  110 	.db #0x80	; 128
   0042 40                  111 	.db #0x40	; 64
   0043 C0                  112 	.db #0xc0	; 192
   0044 40                  113 	.db #0x40	; 64
   0045 C0                  114 	.db #0xc0	; 192
                            115 	.area _INITIALIZER
                            116 	.area _CABS (ABS)
