                              1 ;--------------------------------------------------------
                              2 ; File Created by SDCC : free open source ANSI-C Compiler
                              3 ; Version 3.6.8 #9946 (Linux)
                              4 ;--------------------------------------------------------
                              5 	.module life_marker
                              6 	.optsdcc -mz80
                              7 	
                              8 ;--------------------------------------------------------
                              9 ; Public variables in this module
                             10 ;--------------------------------------------------------
                             11 	.globl _sp_life
                             12 ;--------------------------------------------------------
                             13 ; special function registers
                             14 ;--------------------------------------------------------
                             15 ;--------------------------------------------------------
                             16 ; ram data
                             17 ;--------------------------------------------------------
                             18 	.area _DATA
                             19 ;--------------------------------------------------------
                             20 ; ram data
                             21 ;--------------------------------------------------------
                             22 	.area _INITIALIZED
                             23 ;--------------------------------------------------------
                             24 ; absolute external ram data
                             25 ;--------------------------------------------------------
                             26 	.area _DABS (ABS)
                             27 ;--------------------------------------------------------
                             28 ; global & static initialisations
                             29 ;--------------------------------------------------------
                             30 	.area _HOME
                             31 	.area _GSINIT
                             32 	.area _GSFINAL
                             33 	.area _GSINIT
                             34 ;--------------------------------------------------------
                             35 ; Home
                             36 ;--------------------------------------------------------
                             37 	.area _HOME
                             38 	.area _HOME
                             39 ;--------------------------------------------------------
                             40 ; code
                             41 ;--------------------------------------------------------
                             42 	.area _CODE
                             43 	.area _CODE
   0000                      44 _sp_life:
   0000 51                   45 	.db #0x51	; 81	'Q'
   0001 A7                   46 	.db #0xa7	; 167
   0002 0F                   47 	.db #0x0f	; 15
   0003 5B                   48 	.db #0x5b	; 91
   0004 A2                   49 	.db #0xa2	; 162
   0005 04                   50 	.db #0x04	; 4
   0006 4D                   51 	.db #0x4d	; 77	'M'
   0007 CF                   52 	.db #0xcf	; 207
   0008 8E                   53 	.db #0x8e	; 142
   0009 08                   54 	.db #0x08	; 8
   000A E0                   55 	.db #0xe0	; 224
   000B C0                   56 	.db #0xc0	; 192
   000C C0                   57 	.db #0xc0	; 192
   000D C0                   58 	.db #0xc0	; 192
   000E D0                   59 	.db #0xd0	; 208
   000F A4                   60 	.db #0xa4	; 164
   0010 1C                   61 	.db #0x1c	; 28
   0011 3C                   62 	.db #0x3c	; 60
   0012 2C                   63 	.db #0x2c	; 44
   0013 58                   64 	.db #0x58	; 88	'X'
   0014 04                   65 	.db #0x04	; 4
   0015 4D                   66 	.db #0x4d	; 77	'M'
   0016 CF                   67 	.db #0xcf	; 207
   0017 8E                   68 	.db #0x8e	; 142
   0018 08                   69 	.db #0x08	; 8
   0019 51                   70 	.db #0x51	; 81	'Q'
   001A A7                   71 	.db #0xa7	; 167
   001B 0F                   72 	.db #0x0f	; 15
   001C 5B                   73 	.db #0x5b	; 91
   001D A2                   74 	.db #0xa2	; 162
                             75 	.area _INITIALIZER
                             76 	.area _CABS (ABS)
