                              1 ;--------------------------------------------------------
                              2 ; File Created by SDCC : free open source ANSI-C Compiler
                              3 ; Version 3.6.8 #9946 (Linux)
                              4 ;--------------------------------------------------------
                              5 	.module autoplay
                              6 	.optsdcc -mz80
                              7 	
                              8 ;--------------------------------------------------------
                              9 ; Public variables in this module
                             10 ;--------------------------------------------------------
                             11 	.globl _auto_update
                             12 	.globl _auto_initialize
                             13 	.globl _keys_resetAllKeys
                             14 	.globl _balls_get_first_active
                             15 	.globl _is_controling
                             16 ;--------------------------------------------------------
                             17 ; special function registers
                             18 ;--------------------------------------------------------
                             19 ;--------------------------------------------------------
                             20 ; ram data
                             21 ;--------------------------------------------------------
                             22 	.area _DATA
   0000                      23 _is_controling::
   0000                      24 	.ds 1
                             25 ;--------------------------------------------------------
                             26 ; ram data
                             27 ;--------------------------------------------------------
                             28 	.area _INITIALIZED
                             29 ;--------------------------------------------------------
                             30 ; absolute external ram data
                             31 ;--------------------------------------------------------
                             32 	.area _DABS (ABS)
                             33 ;--------------------------------------------------------
                             34 ; global & static initialisations
                             35 ;--------------------------------------------------------
                             36 	.area _HOME
                             37 	.area _GSINIT
                             38 	.area _GSFINAL
                             39 	.area _GSINIT
                             40 ;--------------------------------------------------------
                             41 ; Home
                             42 ;--------------------------------------------------------
                             43 	.area _HOME
                             44 	.area _HOME
                             45 ;--------------------------------------------------------
                             46 ; code
                             47 ;--------------------------------------------------------
                             48 	.area _CODE
                             49 ;src/autoplay.c:11: void auto_initialize() {
                             50 ;	---------------------------------
                             51 ; Function auto_initialize
                             52 ; ---------------------------------
   0000                      53 _auto_initialize::
                             54 ;src/autoplay.c:12: is_controling = 0;
   0000 21r00r00      [10]   55 	ld	hl,#_is_controling + 0
   0003 36 00         [10]   56 	ld	(hl), #0x00
   0005 C9            [10]   57 	ret
                             58 ;src/autoplay.c:15: void auto_update() {
                             59 ;	---------------------------------
                             60 ; Function auto_update
                             61 ; ---------------------------------
   0006                      62 _auto_update::
                             63 ;src/autoplay.c:18: if (key_auto_is_pressed) {
   0006 3Ar00r00      [13]   64 	ld	a,(#_key_auto_is_pressed + 0)
   0009 B7            [ 4]   65 	or	a, a
   000A 28 10         [12]   66 	jr	Z,00102$
                             67 ;src/autoplay.c:19: is_controling = is_controling ? 0 : 1;
   000C 3Ar00r00      [13]   68 	ld	a,(#_is_controling + 0)
   000F B7            [ 4]   69 	or	a, a
   0010 28 04         [12]   70 	jr	Z,00117$
   0012 0E 00         [ 7]   71 	ld	c, #0x00
   0014 18 02         [12]   72 	jr	00118$
   0016                      73 00117$:
   0016 0E 01         [ 7]   74 	ld	c, #0x01
   0018                      75 00118$:
   0018 21r00r00      [10]   76 	ld	hl,#_is_controling + 0
   001B 71            [ 7]   77 	ld	(hl), c
   001C                      78 00102$:
                             79 ;src/autoplay.c:22: if (is_controling) {
   001C 3Ar00r00      [13]   80 	ld	a,(#_is_controling + 0)
   001F B7            [ 4]   81 	or	a, a
   0020 C8            [11]   82 	ret	Z
                             83 ;src/autoplay.c:23: Ball* ball = balls_get_first_active();
   0021 CDr00r00      [17]   84 	call	_balls_get_first_active
                             85 ;src/autoplay.c:25: keys_resetAllKeys();
   0024 E5            [11]   86 	push	hl
   0025 CDr00r00      [17]   87 	call	_keys_resetAllKeys
   0028 C1            [10]   88 	pop	bc
                             89 ;src/autoplay.c:27: if (ball != NULL) {
   0029 78            [ 4]   90 	ld	a, b
   002A B1            [ 4]   91 	or	a,c
   002B C8            [11]   92 	ret	Z
                             93 ;src/autoplay.c:28: if (serving) {
   002C 3Ar00r00      [13]   94 	ld	a,(#_serving + 0)
   002F B7            [ 4]   95 	or	a, a
   0030 28 06         [12]   96 	jr	Z,00109$
                             97 ;src/autoplay.c:29: key_serve_is_pressed = 1;
   0032 21r00r00      [10]   98 	ld	hl,#_key_serve_is_pressed + 0
   0035 36 01         [10]   99 	ld	(hl), #0x01
   0037 C9            [10]  100 	ret
   0038                     101 00109$:
                            102 ;src/autoplay.c:30: } else if (batX < (ball->x + (SP_BALL_W / 2))) {
   0038 69            [ 4]  103 	ld	l, c
   0039 60            [ 4]  104 	ld	h, b
   003A 23            [ 6]  105 	inc	hl
   003B 4E            [ 7]  106 	ld	c, (hl)
   003C 06 00         [ 7]  107 	ld	b, #0x00
   003E 03            [ 6]  108 	inc	bc
   003F 21r00r00      [10]  109 	ld	hl,#_batX + 0
   0042 5E            [ 7]  110 	ld	e, (hl)
   0043 16 00         [ 7]  111 	ld	d, #0x00
   0045 7B            [ 4]  112 	ld	a, e
   0046 91            [ 4]  113 	sub	a, c
   0047 7A            [ 4]  114 	ld	a, d
   0048 98            [ 4]  115 	sbc	a, b
   0049 E2r4Er00      [10]  116 	jp	PO, 00147$
   004C EE 80         [ 7]  117 	xor	a, #0x80
   004E                     118 00147$:
   004E F2r57r00      [10]  119 	jp	P, 00106$
                            120 ;src/autoplay.c:31: key_right_is_pressed = 1;
   0051 21r00r00      [10]  121 	ld	hl,#_key_right_is_pressed + 0
   0054 36 01         [10]  122 	ld	(hl), #0x01
   0056 C9            [10]  123 	ret
   0057                     124 00106$:
                            125 ;src/autoplay.c:32: } else if (batX > (ball->x + (SP_BALL_W / 2))) {
   0057 79            [ 4]  126 	ld	a, c
   0058 93            [ 4]  127 	sub	a, e
   0059 78            [ 4]  128 	ld	a, b
   005A 9A            [ 4]  129 	sbc	a, d
   005B E2r60r00      [10]  130 	jp	PO, 00148$
   005E EE 80         [ 7]  131 	xor	a, #0x80
   0060                     132 00148$:
   0060 F0            [11]  133 	ret	P
                            134 ;src/autoplay.c:33: key_left_is_pressed = 1;
   0061 21r00r00      [10]  135 	ld	hl,#_key_left_is_pressed + 0
   0064 36 01         [10]  136 	ld	(hl), #0x01
   0066 C9            [10]  137 	ret
                            138 	.area _CODE
                            139 	.area _INITIALIZER
                            140 	.area _CABS (ABS)
