                              1 ;--------------------------------------------------------
                              2 ; File Created by SDCC : free open source ANSI-C Compiler
                              3 ; Version 3.6.8 #9946 (Linux)
                              4 ;--------------------------------------------------------
                              5 	.module background
                              6 	.optsdcc -mz80
                              7 	
                              8 ;--------------------------------------------------------
                              9 ; Public variables in this module
                             10 ;--------------------------------------------------------
                             11 	.globl _cpct_etm_setTileset2x4
                             12 	.globl _cpct_etm_drawTileBox2x4
                             13 	.globl _cpct_etm_drawTilemap2x4_f
                             14 	.globl _cpct_getScreenPtr
                             15 	.globl _pvmem
                             16 	.globl _background_initialize
                             17 	.globl _background_restore
                             18 ;--------------------------------------------------------
                             19 ; special function registers
                             20 ;--------------------------------------------------------
                             21 ;--------------------------------------------------------
                             22 ; ram data
                             23 ;--------------------------------------------------------
                             24 	.area _DATA
   0000                      25 _pvmem::
   0000                      26 	.ds 2
                             27 ;--------------------------------------------------------
                             28 ; ram data
                             29 ;--------------------------------------------------------
                             30 	.area _INITIALIZED
                             31 ;--------------------------------------------------------
                             32 ; absolute external ram data
                             33 ;--------------------------------------------------------
                             34 	.area _DABS (ABS)
                             35 ;--------------------------------------------------------
                             36 ; global & static initialisations
                             37 ;--------------------------------------------------------
                             38 	.area _HOME
                             39 	.area _GSINIT
                             40 	.area _GSFINAL
                             41 	.area _GSINIT
                             42 ;--------------------------------------------------------
                             43 ; Home
                             44 ;--------------------------------------------------------
                             45 	.area _HOME
                             46 	.area _HOME
                             47 ;--------------------------------------------------------
                             48 ; code
                             49 ;--------------------------------------------------------
                             50 	.area _CODE
                             51 ;src/background.c:11: void background_initialize()
                             52 ;	---------------------------------
                             53 ; Function background_initialize
                             54 ; ---------------------------------
   0000                      55 _background_initialize::
                             56 ;src/background.c:16: pvmem = cpct_getScreenPtr(CPCT_VMEM_START, TILE_MAP_SCREEN_BYTE_OFFSET_X, TILE_MAP_SCREEN_PIXEL_OFFSET_Y);
   0000 21 08 00      [10]   57 	ld	hl, #0x0008
   0003 E5            [11]   58 	push	hl
   0004 21 00 C0      [10]   59 	ld	hl, #0xc000
   0007 E5            [11]   60 	push	hl
   0008 CDr00r00      [17]   61 	call	_cpct_getScreenPtr
   000B 22r00r00      [16]   62 	ld	(_pvmem), hl
                             63 ;src/background.c:18: cpct_etm_setTileset2x4(g_tileset);
   000E 21r00r00      [10]   64 	ld	hl, #_g_tileset
   0011 CDr00r00      [17]   65 	call	_cpct_etm_setTileset2x4
                             66 ;src/background.c:21: cpct_etm_drawTilemap2x4_f(BACKGROUND_TILMAP_W, BACKGROUND_TILMAP_H, pvmem, current_level->background_tilemap);
   0014 2Ar00r00      [16]   67 	ld	hl, (_current_level)
   0017 4E            [ 7]   68 	ld	c, (hl)
   0018 23            [ 6]   69 	inc	hl
   0019 46            [ 7]   70 	ld	b, (hl)
   001A 2Ar00r00      [16]   71 	ld	hl, (_pvmem)
   001D C5            [11]   72 	push	bc
   001E E5            [11]   73 	push	hl
   001F 21 1E 32      [10]   74 	ld	hl, #0x321e
   0022 E5            [11]   75 	push	hl
   0023 CDr00r00      [17]   76 	call	_cpct_etm_drawTilemap2x4_f
   0026 C9            [10]   77 	ret
                             78 ;src/background.c:26: void background_restore(u8 screenX, u8 screenY, u8 bwidth, u8 pHeight)
                             79 ;	---------------------------------
                             80 ; Function background_restore
                             81 ; ---------------------------------
   0027                      82 _background_restore::
   0027 DD E5         [15]   83 	push	ix
   0029 DD 21 00 00   [14]   84 	ld	ix,#0
   002D DD 39         [15]   85 	add	ix,sp
   002F F5            [11]   86 	push	af
   0030 F5            [11]   87 	push	af
                             88 ;src/background.c:30: u8 tileX = (screenX - TILE_MAP_SCREEN_BYTE_OFFSET_X) / 2;
   0031 DD 4E 04      [19]   89 	ld	c, 4 (ix)
   0034 06 00         [ 7]   90 	ld	b, #0x00
   0036 79            [ 4]   91 	ld	a, c
   0037 C6 F8         [ 7]   92 	add	a, #0xf8
   0039 5F            [ 4]   93 	ld	e, a
   003A 78            [ 4]   94 	ld	a, b
   003B CE FF         [ 7]   95 	adc	a, #0xff
   003D 57            [ 4]   96 	ld	d, a
   003E 6B            [ 4]   97 	ld	l, e
   003F 62            [ 4]   98 	ld	h, d
   0040 CB 7A         [ 8]   99 	bit	7, d
   0042 28 04         [12]  100 	jr	Z,00109$
   0044 21 F9 FF      [10]  101 	ld	hl, #0xfff9
   0047 09            [11]  102 	add	hl, bc
   0048                     103 00109$:
   0048 4D            [ 4]  104 	ld	c, l
   0049 CB 2C         [ 8]  105 	sra	h
   004B CB 19         [ 8]  106 	rr	c
                            107 ;src/background.c:31: u8 tileY = (screenY - TILE_MAP_SCREEN_PIXEL_OFFSET_Y) / 4;
   004D DD 6E 05      [19]  108 	ld	l, 5 (ix)
   0050 26 00         [ 7]  109 	ld	h, #0x00
   0052 45            [ 4]  110 	ld	b, l
   0053 54            [ 4]  111 	ld	d, h
   0054 CB 7C         [ 8]  112 	bit	7, h
   0056 28 05         [12]  113 	jr	Z,00110$
   0058 23            [ 6]  114 	inc	hl
   0059 23            [ 6]  115 	inc	hl
   005A 23            [ 6]  116 	inc	hl
   005B 45            [ 4]  117 	ld	b, l
   005C 54            [ 4]  118 	ld	d, h
   005D                     119 00110$:
   005D 58            [ 4]  120 	ld	e, b
   005E CB 2A         [ 8]  121 	sra	d
   0060 CB 1B         [ 8]  122 	rr	e
   0062 CB 2A         [ 8]  123 	sra	d
   0064 CB 1B         [ 8]  124 	rr	e
                            125 ;src/background.c:32: u8 tileW = bwidth / 2;
   0066 DD 46 06      [19]  126 	ld	b, 6 (ix)
   0069 CB 38         [ 8]  127 	srl	b
                            128 ;src/background.c:33: u8 tileH = pHeight / 4;
   006B DD 56 07      [19]  129 	ld	d, 7 (ix)
   006E CB 3A         [ 8]  130 	srl	d
   0070 CB 3A         [ 8]  131 	srl	d
                            132 ;src/background.c:35: if (pHeight % 4 > 0)
   0072 DD 7E 07      [19]  133 	ld	a, 7 (ix)
   0075 E6 03         [ 7]  134 	and	a, #0x03
   0077 28 01         [12]  135 	jr	Z,00102$
                            136 ;src/background.c:37: tileH++;
   0079 14            [ 4]  137 	inc	d
   007A                     138 00102$:
                            139 ;src/background.c:40: if (bwidth % 2 > 0)
   007A DD CB 06 46   [20]  140 	bit	0, 6 (ix)
   007E 28 01         [12]  141 	jr	Z,00104$
                            142 ;src/background.c:42: tileW++;
   0080 04            [ 4]  143 	inc	b
   0081                     144 00104$:
                            145 ;src/background.c:45: if (screenX & 1 == 1)
   0081 DD CB 04 46   [20]  146 	bit	0, 4 (ix)
   0085 28 01         [12]  147 	jr	Z,00106$
                            148 ;src/background.c:47: tileW += 1;
   0087 04            [ 4]  149 	inc	b
   0088                     150 00106$:
                            151 ;src/background.c:50: cpct_etm_drawTileBox2x4(tileX, tileY, tileW, tileH, BACKGROUND_TILMAP_W, pvmem, current_level->background_tilemap);
   0088 2Ar00r00      [16]  152 	ld	hl, (_current_level)
   008B 7E            [ 7]  153 	ld	a, (hl)
   008C DD 77 FC      [19]  154 	ld	-4 (ix), a
   008F 23            [ 6]  155 	inc	hl
   0090 7E            [ 7]  156 	ld	a, (hl)
   0091 DD 77 FD      [19]  157 	ld	-3 (ix), a
   0094 2Ar00r00      [16]  158 	ld	hl, (_pvmem)
   0097 DD 75 FE      [19]  159 	ld	-2 (ix), l
   009A DD 74 FF      [19]  160 	ld	-1 (ix), h
   009D E1            [10]  161 	pop	hl
   009E E5            [11]  162 	push	hl
   009F E5            [11]  163 	push	hl
   00A0 DD 6E FE      [19]  164 	ld	l,-2 (ix)
   00A3 DD 66 FF      [19]  165 	ld	h,-1 (ix)
   00A6 E5            [11]  166 	push	hl
   00A7 3E 1E         [ 7]  167 	ld	a, #0x1e
   00A9 F5            [11]  168 	push	af
   00AA 33            [ 6]  169 	inc	sp
   00AB D5            [11]  170 	push	de
   00AC 33            [ 6]  171 	inc	sp
   00AD C5            [11]  172 	push	bc
   00AE 33            [ 6]  173 	inc	sp
   00AF 43            [ 4]  174 	ld	b, e
   00B0 C5            [11]  175 	push	bc
   00B1 CDr00r00      [17]  176 	call	_cpct_etm_drawTileBox2x4
   00B4 DD F9         [10]  177 	ld	sp, ix
   00B6 DD E1         [14]  178 	pop	ix
   00B8 C9            [10]  179 	ret
                            180 	.area _CODE
                            181 	.area _INITIALIZER
                            182 	.area _CABS (ABS)
