                              1 ;--------------------------------------------------------
                              2 ; File Created by SDCC : free open source ANSI-C Compiler
                              3 ; Version 3.6.8 #9946 (Linux)
                              4 ;--------------------------------------------------------
                              5 	.module game
                              6 	.optsdcc -mz80
                              7 	
                              8 ;--------------------------------------------------------
                              9 ; Public variables in this module
                             10 ;--------------------------------------------------------
                             11 	.globl _game_update
                             12 	.globl _game_draw
                             13 	.globl _game_initialize
                             14 	.globl _hud_draw
                             15 	.globl _hud_update
                             16 	.globl _hud_continue_from_death
                             17 	.globl _hud_initialize
                             18 	.globl _level_update
                             19 	.globl _level_draw
                             20 	.globl _level_continue_from_death
                             21 	.globl _level_initialize
                             22 	.globl _score
                             23 	.globl _lives_left
                             24 	.globl _current_level_num
                             25 	.globl _current_state
                             26 	.globl _scene_game
                             27 	.globl _module_game_initialize
                             28 	.globl _initialise_level
                             29 ;--------------------------------------------------------
                             30 ; special function registers
                             31 ;--------------------------------------------------------
                             32 ;--------------------------------------------------------
                             33 ; ram data
                             34 ;--------------------------------------------------------
                             35 	.area _DATA
   0000                      36 _scene_game::
   0000                      37 	.ds 6
   0006                      38 _current_state::
   0006                      39 	.ds 1
   0007                      40 _current_level_num::
   0007                      41 	.ds 1
   0008                      42 _lives_left::
   0008                      43 	.ds 1
   0009                      44 _score::
   0009                      45 	.ds 2
                             46 ;--------------------------------------------------------
                             47 ; ram data
                             48 ;--------------------------------------------------------
                             49 	.area _INITIALIZED
                             50 ;--------------------------------------------------------
                             51 ; absolute external ram data
                             52 ;--------------------------------------------------------
                             53 	.area _DABS (ABS)
                             54 ;--------------------------------------------------------
                             55 ; global & static initialisations
                             56 ;--------------------------------------------------------
                             57 	.area _HOME
                             58 	.area _GSINIT
                             59 	.area _GSFINAL
                             60 	.area _GSINIT
                             61 ;--------------------------------------------------------
                             62 ; Home
                             63 ;--------------------------------------------------------
                             64 	.area _HOME
                             65 	.area _HOME
                             66 ;--------------------------------------------------------
                             67 ; code
                             68 ;--------------------------------------------------------
                             69 	.area _CODE
                             70 ;src/game.c:17: void game_initialize()
                             71 ;	---------------------------------
                             72 ; Function game_initialize
                             73 ; ---------------------------------
   0000                      74 _game_initialize::
                             75 ;src/game.c:19: current_level_num = 0;
   0000 21r07r00      [10]   76 	ld	hl,#_current_level_num + 0
   0003 36 00         [10]   77 	ld	(hl), #0x00
                             78 ;src/game.c:20: lives_left = INITIAL_LIVES;
   0005 21r08r00      [10]   79 	ld	hl,#_lives_left + 0
   0008 36 06         [10]   80 	ld	(hl), #0x06
                             81 ;src/game.c:21: current_state = Continue;
   000A 21r06r00      [10]   82 	ld	hl,#_current_state + 0
   000D 36 00         [10]   83 	ld	(hl), #0x00
                             84 ;src/game.c:22: initialise_level();    
   000F C3r53r00      [10]   85 	jp  _initialise_level
                             86 ;src/game.c:25: void game_draw()
                             87 ;	---------------------------------
                             88 ; Function game_draw
                             89 ; ---------------------------------
   0012                      90 _game_draw::
                             91 ;src/game.c:27: level_draw();
   0012 CDr00r00      [17]   92 	call	_level_draw
                             93 ;src/game.c:29: hud_draw();
   0015 C3r00r00      [10]   94 	jp  _hud_draw
                             95 ;src/game.c:33: SceneState game_update()
                             96 ;	---------------------------------
                             97 ; Function game_update
                             98 ; ---------------------------------
   0018                      99 _game_update::
                            100 ;src/game.c:37: res = level_update();
   0018 CDr00r00      [17]  101 	call	_level_update
                            102 ;src/game.c:38: hud_update();
   001B E5            [11]  103 	push	hl
   001C CDr00r00      [17]  104 	call	_hud_update
   001F E1            [10]  105 	pop	hl
                            106 ;src/game.c:41: if (res == LevelCompleteSuccess) {
                            107 ;src/game.c:43: } else if (res == LevelCompleteFail) {
   0020 7D            [ 4]  108 	ld	a,l
   0021 FE 03         [ 7]  109 	cp	a,#0x03
   0023 C8            [11]  110 	ret	Z
   0024 D6 02         [ 7]  111 	sub	a, #0x02
   0026 C0            [11]  112 	ret	NZ
                            113 ;src/game.c:44: lives_left -= 1;
   0027 FD 21r08r00   [14]  114 	ld	iy, #_lives_left
   002B FD 35 00      [23]  115 	dec	0 (iy)
                            116 ;src/game.c:45: if (lives_left == 0) {
   002E FD 7E 00      [19]  117 	ld	a, 0 (iy)
   0031 B7            [ 4]  118 	or	a, a
   0032 20 03         [12]  119 	jr	NZ,00102$
                            120 ;src/game.c:46: return GameOver;
   0034 2E 04         [ 7]  121 	ld	l, #0x04
   0036 C9            [10]  122 	ret
   0037                     123 00102$:
                            124 ;src/game.c:48: level_continue_from_death();
   0037 CDr00r00      [17]  125 	call	_level_continue_from_death
                            126 ;src/game.c:49: hud_continue_from_death();
   003A CDr00r00      [17]  127 	call	_hud_continue_from_death
                            128 ;src/game.c:50: res = Continue;
   003D 2E 00         [ 7]  129 	ld	l, #0x00
                            130 ;src/game.c:54: return res;
   003F C9            [10]  131 	ret
                            132 ;src/game.c:57: void module_game_initialize()
                            133 ;	---------------------------------
                            134 ; Function module_game_initialize
                            135 ; ---------------------------------
   0040                     136 _module_game_initialize::
                            137 ;src/game.c:59: scene_game.initialize = game_initialize;
   0040 21r00r00      [10]  138 	ld	hl, #_game_initialize
   0043 22r00r00      [16]  139 	ld	(_scene_game), hl
                            140 ;src/game.c:60: scene_game.update = game_update;
   0046 21r18r00      [10]  141 	ld	hl, #_game_update
   0049 22r04r00      [16]  142 	ld	((_scene_game + 0x0004)), hl
                            143 ;src/game.c:61: scene_game.draw = game_draw;
   004C 21r12r00      [10]  144 	ld	hl, #_game_draw
   004F 22r02r00      [16]  145 	ld	((_scene_game + 0x0002)), hl
   0052 C9            [10]  146 	ret
                            147 ;src/game.c:64: void initialise_level() {
                            148 ;	---------------------------------
                            149 ; Function initialise_level
                            150 ; ---------------------------------
   0053                     151 _initialise_level::
                            152 ;src/game.c:65: current_level = level_definitions + current_level_num;
   0053 01r00r00      [10]  153 	ld	bc, #_level_definitions+0
   0056 ED 5Br07r00   [20]  154 	ld	de, (_current_level_num)
   005A 16 00         [ 7]  155 	ld	d, #0x00
   005C 6B            [ 4]  156 	ld	l, e
   005D 62            [ 4]  157 	ld	h, d
   005E 29            [11]  158 	add	hl, hl
   005F 19            [11]  159 	add	hl, de
   0060 29            [11]  160 	add	hl, hl
   0061 09            [11]  161 	add	hl, bc
   0062 22r00r00      [16]  162 	ld	(_current_level), hl
                            163 ;src/game.c:66: level_initialize();
   0065 CDr00r00      [17]  164 	call	_level_initialize
                            165 ;src/game.c:67: hud_initialize();
   0068 C3r00r00      [10]  166 	jp  _hud_initialize
                            167 	.area _CODE
                            168 	.area _INITIALIZER
                            169 	.area _CABS (ABS)
