                              1 ;--------------------------------------------------------
                              2 ; File Created by SDCC : free open source ANSI-C Compiler
                              3 ; Version 3.6.8 #9946 (Linux)
                              4 ;--------------------------------------------------------
                              5 	.module globals
                              6 	.optsdcc -mz80
                              7 	
                              8 ;--------------------------------------------------------
                              9 ; Public variables in this module
                             10 ;--------------------------------------------------------
                             11 	.globl _level_definitions
                             12 	.globl _current_level
                             13 ;--------------------------------------------------------
                             14 ; special function registers
                             15 ;--------------------------------------------------------
                             16 ;--------------------------------------------------------
                             17 ; ram data
                             18 ;--------------------------------------------------------
                             19 	.area _DATA
   0000                      20 _current_level::
   0000                      21 	.ds 2
                             22 ;--------------------------------------------------------
                             23 ; ram data
                             24 ;--------------------------------------------------------
                             25 	.area _INITIALIZED
                             26 ;--------------------------------------------------------
                             27 ; absolute external ram data
                             28 ;--------------------------------------------------------
                             29 	.area _DABS (ABS)
                             30 ;--------------------------------------------------------
                             31 ; global & static initialisations
                             32 ;--------------------------------------------------------
                             33 	.area _HOME
                             34 	.area _GSINIT
                             35 	.area _GSFINAL
                             36 	.area _GSINIT
                             37 ;--------------------------------------------------------
                             38 ; Home
                             39 ;--------------------------------------------------------
                             40 	.area _HOME
                             41 	.area _HOME
                             42 ;--------------------------------------------------------
                             43 ; code
                             44 ;--------------------------------------------------------
                             45 	.area _CODE
                             46 	.area _CODE
   0000                      47 _level_definitions:
   0000r00r00                48 	.dw _g_tilemap_l01_background
   0002r00r00                49 	.dw _g_tilemap_l01_blocks
   0004 32                   50 	.db #0x32	; 50	'2'
   0005 02                   51 	.db #0x02	; 2
   0006r00r00                52 	.dw _g_tilemap_l02_background
   0008r00r00                53 	.dw _g_tilemap_l02_blocks
   000A 64                   54 	.db #0x64	; 100	'd'
   000B 02                   55 	.db #0x02	; 2
                             56 	.area _INITIALIZER
                             57 	.area _CABS (ABS)
