                              1 ;--------------------------------------------------------
                              2 ; File Created by SDCC : free open source ANSI-C Compiler
                              3 ; Version 3.6.8 #9946 (Linux)
                              4 ;--------------------------------------------------------
                              5 	.module main
                              6 	.optsdcc -mz80
                              7 	
                              8 ;--------------------------------------------------------
                              9 ; Public variables in this module
                             10 ;--------------------------------------------------------
                             11 	.globl _main
                             12 	.globl _initializeCpc
                             13 	.globl _module_menu_initialize
                             14 	.globl _module_game_initialize
                             15 	.globl _cpct_setPALColour
                             16 	.globl _cpct_setPalette
                             17 	.globl _cpct_waitVSYNC
                             18 	.globl _cpct_setVideoMode
                             19 	.globl _cpct_disableFirmware
                             20 	.globl _play_scene
                             21 ;--------------------------------------------------------
                             22 ; special function registers
                             23 ;--------------------------------------------------------
                             24 ;--------------------------------------------------------
                             25 ; ram data
                             26 ;--------------------------------------------------------
                             27 	.area _DATA
                             28 ;--------------------------------------------------------
                             29 ; ram data
                             30 ;--------------------------------------------------------
                             31 	.area _INITIALIZED
                             32 ;--------------------------------------------------------
                             33 ; absolute external ram data
                             34 ;--------------------------------------------------------
                             35 	.area _DABS (ABS)
                             36 ;--------------------------------------------------------
                             37 ; global & static initialisations
                             38 ;--------------------------------------------------------
                             39 	.area _HOME
                             40 	.area _GSINIT
                             41 	.area _GSFINAL
                             42 	.area _GSINIT
                             43 ;--------------------------------------------------------
                             44 ; Home
                             45 ;--------------------------------------------------------
                             46 	.area _HOME
                             47 	.area _HOME
                             48 ;--------------------------------------------------------
                             49 ; code
                             50 ;--------------------------------------------------------
                             51 	.area _CODE
                             52 ;src/main.c:21: void initializeCpc()
                             53 ;	---------------------------------
                             54 ; Function initializeCpc
                             55 ; ---------------------------------
   0000                      56 _initializeCpc::
                             57 ;src/main.c:25: cpct_disableFirmware();
   0000 CDr00r00      [17]   58 	call	_cpct_disableFirmware
                             59 ;src/main.c:27: cpct_setBorder(HW_BLACK);
   0003 21 10 14      [10]   60 	ld	hl, #0x1410
   0006 E5            [11]   61 	push	hl
   0007 CDr00r00      [17]   62 	call	_cpct_setPALColour
                             63 ;src/main.c:31: cpct_setVideoMode(0);
   000A 2E 00         [ 7]   64 	ld	l, #0x00
   000C CDr00r00      [17]   65 	call	_cpct_setVideoMode
                             66 ;src/main.c:33: cpct_setPalette((u8 *)g_palette, 16);
   000F 21 10 00      [10]   67 	ld	hl, #0x0010
   0012 E5            [11]   68 	push	hl
   0013 21r00r00      [10]   69 	ld	hl, #_g_palette
   0016 E5            [11]   70 	push	hl
   0017 CDr00r00      [17]   71 	call	_cpct_setPalette
   001A C9            [10]   72 	ret
                             73 ;src/main.c:36: void main(void)
                             74 ;	---------------------------------
                             75 ; Function main
                             76 ; ---------------------------------
   001B                      77 _main::
                             78 ;src/main.c:38: high_score = 1000;
   001B 21 E8 03      [10]   79 	ld	hl, #0x03e8
   001E 22r00r00      [16]   80 	ld	(_high_score), hl
                             81 ;src/main.c:39: initializeCpc();
   0021 CDr00r00      [17]   82 	call	_initializeCpc
                             83 ;src/main.c:40: module_menu_initialize();
   0024 CDr00r00      [17]   84 	call	_module_menu_initialize
                             85 ;src/main.c:41: module_game_initialize();
   0027 CDr00r00      [17]   86 	call	_module_game_initialize
                             87 ;src/main.c:43: while (1)
   002A                      88 00102$:
                             89 ;src/main.c:45: play_scene(&scene_menu);
   002A 21r00r00      [10]   90 	ld	hl, #_scene_menu
   002D E5            [11]   91 	push	hl
   002E CDr3Br00      [17]   92 	call	_play_scene
                             93 ;src/main.c:46: play_scene(&scene_game);
   0031 21r00r00      [10]   94 	ld	hl, #_scene_game
   0034 E3            [19]   95 	ex	(sp),hl
   0035 CDr3Br00      [17]   96 	call	_play_scene
   0038 F1            [10]   97 	pop	af
   0039 18 EF         [12]   98 	jr	00102$
                             99 ;src/main.c:54: void play_scene(Scene *scene)
                            100 ;	---------------------------------
                            101 ; Function play_scene
                            102 ; ---------------------------------
   003B                     103 _play_scene::
   003B DD E5         [15]  104 	push	ix
   003D DD 21 00 00   [14]  105 	ld	ix,#0
   0041 DD 39         [15]  106 	add	ix,sp
   0043 F5            [11]  107 	push	af
                            108 ;src/main.c:58: scene->initialize();
   0044 DD 4E 04      [19]  109 	ld	c,4 (ix)
   0047 DD 46 05      [19]  110 	ld	b,5 (ix)
   004A 69            [ 4]  111 	ld	l, c
   004B 60            [ 4]  112 	ld	h, b
   004C 5E            [ 7]  113 	ld	e, (hl)
   004D 23            [ 6]  114 	inc	hl
   004E 66            [ 7]  115 	ld	h, (hl)
   004F C5            [11]  116 	push	bc
   0050 6B            [ 4]  117 	ld	l, e
   0051 CDr00r00      [17]  118 	call	___sdcc_call_hl
   0054 C1            [10]  119 	pop	bc
                            120 ;src/main.c:60: do
   0055 33            [ 6]  121 	inc	sp
   0056 33            [ 6]  122 	inc	sp
   0057 C5            [11]  123 	push	bc
   0058                     124 00102$:
                            125 ;src/main.c:65: cpct_waitVSYNC();
   0058 C5            [11]  126 	push	bc
   0059 CDr00r00      [17]  127 	call	_cpct_waitVSYNC
   005C C1            [10]  128 	pop	bc
                            129 ;src/main.c:67: scene->draw();
   005D E1            [10]  130 	pop	hl
   005E E5            [11]  131 	push	hl
   005F 23            [ 6]  132 	inc	hl
   0060 23            [ 6]  133 	inc	hl
   0061 5E            [ 7]  134 	ld	e, (hl)
   0062 23            [ 6]  135 	inc	hl
   0063 66            [ 7]  136 	ld	h, (hl)
   0064 C5            [11]  137 	push	bc
   0065 6B            [ 4]  138 	ld	l, e
   0066 CDr00r00      [17]  139 	call	___sdcc_call_hl
   0069 C1            [10]  140 	pop	bc
                            141 ;src/main.c:68: state = scene->update();
   006A 69            [ 4]  142 	ld	l, c
   006B 60            [ 4]  143 	ld	h, b
   006C 11 04 00      [10]  144 	ld	de, #0x0004
   006F 19            [11]  145 	add	hl, de
   0070 5E            [ 7]  146 	ld	e, (hl)
   0071 23            [ 6]  147 	inc	hl
   0072 66            [ 7]  148 	ld	h, (hl)
   0073 C5            [11]  149 	push	bc
   0074 6B            [ 4]  150 	ld	l, e
   0075 CDr00r00      [17]  151 	call	___sdcc_call_hl
   0078 C1            [10]  152 	pop	bc
                            153 ;src/main.c:73: for (i16 i = 0; i < t; i++)
   0079 11 00 00      [10]  154 	ld	de, #0x0000
   007C                     155 00106$:
   007C 7B            [ 4]  156 	ld	a, e
   007D D6 05         [ 7]  157 	sub	a, #0x05
   007F 7A            [ 4]  158 	ld	a, d
   0080 17            [ 4]  159 	rla
   0081 3F            [ 4]  160 	ccf
   0082 1F            [ 4]  161 	rra
   0083 DE 80         [ 7]  162 	sbc	a, #0x80
   0085 30 03         [12]  163 	jr	NC,00103$
   0087 13            [ 6]  164 	inc	de
   0088 18 F2         [12]  165 	jr	00106$
   008A                     166 00103$:
                            167 ;src/main.c:79: } while (state == Continue);
   008A 7D            [ 4]  168 	ld	a, l
   008B B7            [ 4]  169 	or	a, a
   008C 28 CA         [12]  170 	jr	Z,00102$
   008E DD F9         [10]  171 	ld	sp, ix
   0090 DD E1         [14]  172 	pop	ix
   0092 C9            [10]  173 	ret
                            174 	.area _CODE
                            175 	.area _INITIALIZER
                            176 	.area _CABS (ABS)
