                              1 ;--------------------------------------------------------
                              2 ; File Created by SDCC : free open source ANSI-C Compiler
                              3 ; Version 3.6.8 #9946 (Linux)
                              4 ;--------------------------------------------------------
                              5 	.module masked_sprites
                              6 	.optsdcc -mz80
                              7 	
                              8 ;--------------------------------------------------------
                              9 ; Public variables in this module
                             10 ;--------------------------------------------------------
                             11 	.globl _sp_masked_ball
                             12 	.globl _sp_masked_bat_right
                             13 	.globl _sp_masked_bat_left
                             14 ;--------------------------------------------------------
                             15 ; special function registers
                             16 ;--------------------------------------------------------
                             17 ;--------------------------------------------------------
                             18 ; ram data
                             19 ;--------------------------------------------------------
                             20 	.area _DATA
                             21 ;--------------------------------------------------------
                             22 ; ram data
                             23 ;--------------------------------------------------------
                             24 	.area _INITIALIZED
                             25 ;--------------------------------------------------------
                             26 ; absolute external ram data
                             27 ;--------------------------------------------------------
                             28 	.area _DABS (ABS)
                             29 ;--------------------------------------------------------
                             30 ; global & static initialisations
                             31 ;--------------------------------------------------------
                             32 	.area _HOME
                             33 	.area _GSINIT
                             34 	.area _GSFINAL
                             35 	.area _GSINIT
                             36 ;--------------------------------------------------------
                             37 ; Home
                             38 ;--------------------------------------------------------
                             39 	.area _HOME
                             40 	.area _HOME
                             41 ;--------------------------------------------------------
                             42 ; code
                             43 ;--------------------------------------------------------
                             44 	.area _CODE
                             45 	.area _CODE
   0000                      46 _sp_masked_bat_left:
   0000 FF                   47 	.db #0xff	; 255
   0001 00                   48 	.db #0x00	; 0
   0002 00                   49 	.db #0x00	; 0
   0003 00                   50 	.db #0x00	; 0
   0004 AA                   51 	.db #0xaa	; 170
   0005 00                   52 	.db #0x00	; 0
   0006 00                   53 	.db #0x00	; 0
   0007 F3                   54 	.db #0xf3	; 243
   0008 AA                   55 	.db #0xaa	; 170
   0009 00                   56 	.db #0x00	; 0
   000A 00                   57 	.db #0x00	; 0
   000B 0C                   58 	.db #0x0c	; 12
   000C 00                   59 	.db #0x00	; 0
   000D 50                   60 	.db #0x50	; 80	'P'
   000E 00                   61 	.db #0x00	; 0
   000F C0                   62 	.db #0xc0	; 192
   0010 00                   63 	.db #0x00	; 0
   0011 50                   64 	.db #0x50	; 80	'P'
   0012 00                   65 	.db #0x00	; 0
   0013 0C                   66 	.db #0x0c	; 12
   0014 AA                   67 	.db #0xaa	; 170
   0015 00                   68 	.db #0x00	; 0
   0016 00                   69 	.db #0x00	; 0
   0017 0C                   70 	.db #0x0c	; 12
   0018 AA                   71 	.db #0xaa	; 170
   0019 00                   72 	.db #0x00	; 0
   001A 00                   73 	.db #0x00	; 0
   001B F3                   74 	.db #0xf3	; 243
   001C FF                   75 	.db #0xff	; 255
   001D 00                   76 	.db #0x00	; 0
   001E 00                   77 	.db #0x00	; 0
   001F 00                   78 	.db #0x00	; 0
   0020                      79 _sp_masked_bat_right:
   0020 00                   80 	.db #0x00	; 0
   0021 00                   81 	.db #0x00	; 0
   0022 FF                   82 	.db #0xff	; 255
   0023 00                   83 	.db #0x00	; 0
   0024 00                   84 	.db #0x00	; 0
   0025 F3                   85 	.db #0xf3	; 243
   0026 55                   86 	.db #0x55	; 85	'U'
   0027 00                   87 	.db #0x00	; 0
   0028 00                   88 	.db #0x00	; 0
   0029 0C                   89 	.db #0x0c	; 12
   002A 55                   90 	.db #0x55	; 85	'U'
   002B 00                   91 	.db #0x00	; 0
   002C 00                   92 	.db #0x00	; 0
   002D C0                   93 	.db #0xc0	; 192
   002E 00                   94 	.db #0x00	; 0
   002F A0                   95 	.db #0xa0	; 160
   0030 00                   96 	.db #0x00	; 0
   0031 0C                   97 	.db #0x0c	; 12
   0032 00                   98 	.db #0x00	; 0
   0033 A0                   99 	.db #0xa0	; 160
   0034 00                  100 	.db #0x00	; 0
   0035 0C                  101 	.db #0x0c	; 12
   0036 55                  102 	.db #0x55	; 85	'U'
   0037 00                  103 	.db #0x00	; 0
   0038 00                  104 	.db #0x00	; 0
   0039 F3                  105 	.db #0xf3	; 243
   003A 55                  106 	.db #0x55	; 85	'U'
   003B 00                  107 	.db #0x00	; 0
   003C 00                  108 	.db #0x00	; 0
   003D 00                  109 	.db #0x00	; 0
   003E FF                  110 	.db #0xff	; 255
   003F 00                  111 	.db #0x00	; 0
   0040                     112 _sp_masked_ball:
   0040 FF                  113 	.db #0xff	; 255
   0041 00                  114 	.db #0x00	; 0
   0042 00                  115 	.db #0x00	; 0
   0043 00                  116 	.db #0x00	; 0
   0044 FF                  117 	.db #0xff	; 255
   0045 00                  118 	.db #0x00	; 0
   0046 AA                  119 	.db #0xaa	; 170
   0047 00                  120 	.db #0x00	; 0
   0048 00                  121 	.db #0x00	; 0
   0049 C0                  122 	.db #0xc0	; 192
   004A 55                  123 	.db #0x55	; 85	'U'
   004B 00                  124 	.db #0x00	; 0
   004C 00                  125 	.db #0x00	; 0
   004D 40                  126 	.db #0x40	; 64
   004E 00                  127 	.db #0x00	; 0
   004F CC                  128 	.db #0xcc	; 204
   0050 00                  129 	.db #0x00	; 0
   0051 80                  130 	.db #0x80	; 128
   0052 00                  131 	.db #0x00	; 0
   0053 40                  132 	.db #0x40	; 64
   0054 00                  133 	.db #0x00	; 0
   0055 CC                  134 	.db #0xcc	; 204
   0056 00                  135 	.db #0x00	; 0
   0057 80                  136 	.db #0x80	; 128
   0058 AA                  137 	.db #0xaa	; 170
   0059 00                  138 	.db #0x00	; 0
   005A 00                  139 	.db #0x00	; 0
   005B C0                  140 	.db #0xc0	; 192
   005C 55                  141 	.db #0x55	; 85	'U'
   005D 00                  142 	.db #0x00	; 0
   005E FF                  143 	.db #0xff	; 255
   005F 00                  144 	.db #0x00	; 0
   0060 00                  145 	.db #0x00	; 0
   0061 00                  146 	.db #0x00	; 0
   0062 FF                  147 	.db #0xff	; 255
   0063 00                  148 	.db #0x00	; 0
                            149 	.area _INITIALIZER
                            150 	.area _CABS (ABS)
