                              1 ;--------------------------------------------------------
                              2 ; File Created by SDCC : free open source ANSI-C Compiler
                              3 ; Version 3.6.8 #9946 (Linux)
                              4 ;--------------------------------------------------------
                              5 	.module strings
                              6 	.optsdcc -mz80
                              7 	
                              8 ;--------------------------------------------------------
                              9 ; Public variables in this module
                             10 ;--------------------------------------------------------
                             11 	.globl _strlen2
                             12 ;--------------------------------------------------------
                             13 ; special function registers
                             14 ;--------------------------------------------------------
                             15 ;--------------------------------------------------------
                             16 ; ram data
                             17 ;--------------------------------------------------------
                             18 	.area _DATA
                             19 ;--------------------------------------------------------
                             20 ; ram data
                             21 ;--------------------------------------------------------
                             22 	.area _INITIALIZED
                             23 ;--------------------------------------------------------
                             24 ; absolute external ram data
                             25 ;--------------------------------------------------------
                             26 	.area _DABS (ABS)
                             27 ;--------------------------------------------------------
                             28 ; global & static initialisations
                             29 ;--------------------------------------------------------
                             30 	.area _HOME
                             31 	.area _GSINIT
                             32 	.area _GSFINAL
                             33 	.area _GSINIT
                             34 ;--------------------------------------------------------
                             35 ; Home
                             36 ;--------------------------------------------------------
                             37 	.area _HOME
                             38 	.area _HOME
                             39 ;--------------------------------------------------------
                             40 ; code
                             41 ;--------------------------------------------------------
                             42 	.area _CODE
                             43 ;src/strings.c:4: u8 strlen2(char *str) {
                             44 ;	---------------------------------
                             45 ; Function strlen2
                             46 ; ---------------------------------
   0000                      47 _strlen2::
                             48 ;src/strings.c:6: while (*str) {
   0000 0E 00         [ 7]   49 	ld	c, #0x00
   0002 D1            [10]   50 	pop	de
   0003 E1            [10]   51 	pop	hl
   0004 E5            [11]   52 	push	hl
   0005 D5            [11]   53 	push	de
   0006                      54 00101$:
   0006 7E            [ 7]   55 	ld	a, (hl)
   0007 B7            [ 4]   56 	or	a, a
   0008 28 04         [12]   57 	jr	Z,00103$
                             58 ;src/strings.c:7: res++;
   000A 0C            [ 4]   59 	inc	c
                             60 ;src/strings.c:8: str++;
   000B 23            [ 6]   61 	inc	hl
   000C 18 F8         [12]   62 	jr	00101$
   000E                      63 00103$:
                             64 ;src/strings.c:10: return res;
   000E 69            [ 4]   65 	ld	l, c
   000F C9            [10]   66 	ret
                             67 	.area _CODE
                             68 	.area _INITIALIZER
                             69 	.area _CABS (ABS)
